ERROR - 2022-12-24 22:51:22 --> Unknown column 'document_list' in 'where clause'
CRITICAL - 2022-12-24 22:51:22 --> Call to a member function getResult() on bool
#0 /home/linuxmilcl/public_html/projects/pratap/system/BaseModel.php(584): CodeIgniter\Model->doFindAll(0, 0)
#1 /home/linuxmilcl/public_html/projects/pratap/app/Controllers/UserDashboardController.php(786): CodeIgniter\BaseModel->findAll()
#2 /home/linuxmilcl/public_html/projects/pratap/system/CodeIgniter.php(825): App\Controllers\UserDashboardController->get_document_list_data()
#3 /home/linuxmilcl/public_html/projects/pratap/system/CodeIgniter.php(412): CodeIgniter\CodeIgniter->runController(Object(App\Controllers\UserDashboardController))
#4 /home/linuxmilcl/public_html/projects/pratap/system/CodeIgniter.php(320): CodeIgniter\CodeIgniter->handleRequest(NULL, Object(Config\Cache), false)
#5 /home/linuxmilcl/public_html/projects/pratap/index.php(38): CodeIgniter\CodeIgniter->run()
#6 {main}
ERROR - 2022-12-24 22:55:35 --> Unknown column 'document_list' in 'where clause'
CRITICAL - 2022-12-24 22:55:35 --> Call to a member function getResult() on bool
#0 /home/linuxmilcl/public_html/projects/pratap/system/BaseModel.php(584): CodeIgniter\Model->doFindAll(0, 0)
#1 /home/linuxmilcl/public_html/projects/pratap/app/Controllers/UserDashboardController.php(786): CodeIgniter\BaseModel->findAll()
#2 /home/linuxmilcl/public_html/projects/pratap/system/CodeIgniter.php(825): App\Controllers\UserDashboardController->get_document_list_data()
#3 /home/linuxmilcl/public_html/projects/pratap/system/CodeIgniter.php(412): CodeIgniter\CodeIgniter->runController(Object(App\Controllers\UserDashboardController))
#4 /home/linuxmilcl/public_html/projects/pratap/system/CodeIgniter.php(320): CodeIgniter\CodeIgniter->handleRequest(NULL, Object(Config\Cache), false)
#5 /home/linuxmilcl/public_html/projects/pratap/index.php(38): CodeIgniter\CodeIgniter->run()
#6 {main}
ERROR - 2022-12-24 23:13:18 --> Unknown column 'document_list' in 'where clause'
CRITICAL - 2022-12-24 23:13:18 --> Call to a member function getResult() on bool
#0 /home/linuxmilcl/public_html/projects/pratap/system/BaseModel.php(584): CodeIgniter\Model->doFindAll(0, 0)
#1 /home/linuxmilcl/public_html/projects/pratap/app/Controllers/UserDashboardController.php(787): CodeIgniter\BaseModel->findAll()
#2 /home/linuxmilcl/public_html/projects/pratap/system/CodeIgniter.php(825): App\Controllers\UserDashboardController->get_document_list_data()
#3 /home/linuxmilcl/public_html/projects/pratap/system/CodeIgniter.php(412): CodeIgniter\CodeIgniter->runController(Object(App\Controllers\UserDashboardController))
#4 /home/linuxmilcl/public_html/projects/pratap/system/CodeIgniter.php(320): CodeIgniter\CodeIgniter->handleRequest(NULL, Object(Config\Cache), false)
#5 /home/linuxmilcl/public_html/projects/pratap/index.php(38): CodeIgniter\CodeIgniter->run()
#6 {main}
ERROR - 2022-12-24 23:13:35 --> Unknown column 'document_list' in 'where clause'
CRITICAL - 2022-12-24 23:13:35 --> Call to a member function getResult() on bool
#0 /home/linuxmilcl/public_html/projects/pratap/system/BaseModel.php(584): CodeIgniter\Model->doFindAll(0, 0)
#1 /home/linuxmilcl/public_html/projects/pratap/app/Controllers/UserDashboardController.php(787): CodeIgniter\BaseModel->findAll()
#2 /home/linuxmilcl/public_html/projects/pratap/system/CodeIgniter.php(825): App\Controllers\UserDashboardController->get_document_list_data()
#3 /home/linuxmilcl/public_html/projects/pratap/system/CodeIgniter.php(412): CodeIgniter\CodeIgniter->runController(Object(App\Controllers\UserDashboardController))
#4 /home/linuxmilcl/public_html/projects/pratap/system/CodeIgniter.php(320): CodeIgniter\CodeIgniter->handleRequest(NULL, Object(Config\Cache), false)
#5 /home/linuxmilcl/public_html/projects/pratap/index.php(38): CodeIgniter\CodeIgniter->run()
#6 {main}
ERROR - 2022-12-24 23:13:41 --> Unknown column 'document_list' in 'where clause'
CRITICAL - 2022-12-24 23:13:41 --> Call to a member function getResult() on bool
#0 /home/linuxmilcl/public_html/projects/pratap/system/BaseModel.php(584): CodeIgniter\Model->doFindAll(0, 0)
#1 /home/linuxmilcl/public_html/projects/pratap/app/Controllers/UserDashboardController.php(787): CodeIgniter\BaseModel->findAll()
#2 /home/linuxmilcl/public_html/projects/pratap/system/CodeIgniter.php(825): App\Controllers\UserDashboardController->get_document_list_data()
#3 /home/linuxmilcl/public_html/projects/pratap/system/CodeIgniter.php(412): CodeIgniter\CodeIgniter->runController(Object(App\Controllers\UserDashboardController))
#4 /home/linuxmilcl/public_html/projects/pratap/system/CodeIgniter.php(320): CodeIgniter\CodeIgniter->handleRequest(NULL, Object(Config\Cache), false)
#5 /home/linuxmilcl/public_html/projects/pratap/index.php(38): CodeIgniter\CodeIgniter->run()
#6 {main}
ERROR - 2022-12-24 23:13:45 --> Unknown column 'document_list' in 'where clause'
CRITICAL - 2022-12-24 23:13:45 --> Call to a member function getResult() on bool
#0 /home/linuxmilcl/public_html/projects/pratap/system/BaseModel.php(584): CodeIgniter\Model->doFindAll(0, 0)
#1 /home/linuxmilcl/public_html/projects/pratap/app/Controllers/UserDashboardController.php(787): CodeIgniter\BaseModel->findAll()
#2 /home/linuxmilcl/public_html/projects/pratap/system/CodeIgniter.php(825): App\Controllers\UserDashboardController->get_document_list_data()
#3 /home/linuxmilcl/public_html/projects/pratap/system/CodeIgniter.php(412): CodeIgniter\CodeIgniter->runController(Object(App\Controllers\UserDashboardController))
#4 /home/linuxmilcl/public_html/projects/pratap/system/CodeIgniter.php(320): CodeIgniter\CodeIgniter->handleRequest(NULL, Object(Config\Cache), false)
#5 /home/linuxmilcl/public_html/projects/pratap/index.php(38): CodeIgniter\CodeIgniter->run()
#6 {main}
ERROR - 2022-12-24 23:14:29 --> Unknown column 'document_list' in 'where clause'
CRITICAL - 2022-12-24 23:14:29 --> Call to a member function getResult() on bool
#0 /home/linuxmilcl/public_html/projects/pratap/system/BaseModel.php(584): CodeIgniter\Model->doFindAll(0, 0)
#1 /home/linuxmilcl/public_html/projects/pratap/app/Controllers/UserDashboardController.php(787): CodeIgniter\BaseModel->findAll()
#2 /home/linuxmilcl/public_html/projects/pratap/system/CodeIgniter.php(825): App\Controllers\UserDashboardController->get_document_list_data()
#3 /home/linuxmilcl/public_html/projects/pratap/system/CodeIgniter.php(412): CodeIgniter\CodeIgniter->runController(Object(App\Controllers\UserDashboardController))
#4 /home/linuxmilcl/public_html/projects/pratap/system/CodeIgniter.php(320): CodeIgniter\CodeIgniter->handleRequest(NULL, Object(Config\Cache), false)
#5 /home/linuxmilcl/public_html/projects/pratap/index.php(38): CodeIgniter\CodeIgniter->run()
#6 {main}
ERROR - 2022-12-24 23:15:07 --> Unknown column 'document_list' in 'where clause'
CRITICAL - 2022-12-24 23:15:07 --> Call to a member function getResult() on bool
#0 /home/linuxmilcl/public_html/projects/pratap/system/BaseModel.php(584): CodeIgniter\Model->doFindAll(0, 0)
#1 /home/linuxmilcl/public_html/projects/pratap/app/Controllers/UserDashboardController.php(787): CodeIgniter\BaseModel->findAll()
#2 /home/linuxmilcl/public_html/projects/pratap/system/CodeIgniter.php(825): App\Controllers\UserDashboardController->get_document_list_data()
#3 /home/linuxmilcl/public_html/projects/pratap/system/CodeIgniter.php(412): CodeIgniter\CodeIgniter->runController(Object(App\Controllers\UserDashboardController))
#4 /home/linuxmilcl/public_html/projects/pratap/system/CodeIgniter.php(320): CodeIgniter\CodeIgniter->handleRequest(NULL, Object(Config\Cache), false)
#5 /home/linuxmilcl/public_html/projects/pratap/index.php(38): CodeIgniter\CodeIgniter->run()
#6 {main}
