CRITICAL - 2022-07-04 03:35:17 --> Undefined variable $data
#0 /home/linuxmilcl/public_html/projects/etp/app/Controllers/UserDashboardController.php(88): CodeIgniter\Debug\Exceptions->errorHandler(2, 'Undefined varia...', '/home/linuxmilc...', 88)
#1 /home/linuxmilcl/public_html/projects/etp/system/CodeIgniter.php(825): App\Controllers\UserDashboardController->user_profile()
#2 /home/linuxmilcl/public_html/projects/etp/system/CodeIgniter.php(412): CodeIgniter\CodeIgniter->runController(Object(App\Controllers\UserDashboardController))
#3 /home/linuxmilcl/public_html/projects/etp/system/CodeIgniter.php(320): CodeIgniter\CodeIgniter->handleRequest(NULL, Object(Config\Cache), false)
#4 /home/linuxmilcl/public_html/projects/etp/index.php(37): CodeIgniter\CodeIgniter->run()
#5 {main}
CRITICAL - 2022-07-04 06:57:03 --> Call to a member function getClientName() on null
#0 /home/linuxmilcl/public_html/projects/etp/system/CodeIgniter.php(825): App\Controllers\UserDashboardController->update_userprofile()
#1 /home/linuxmilcl/public_html/projects/etp/system/CodeIgniter.php(412): CodeIgniter\CodeIgniter->runController(Object(App\Controllers\UserDashboardController))
#2 /home/linuxmilcl/public_html/projects/etp/system/CodeIgniter.php(320): CodeIgniter\CodeIgniter->handleRequest(NULL, Object(Config\Cache), false)
#3 /home/linuxmilcl/public_html/projects/etp/index.php(37): CodeIgniter\CodeIgniter->run()
#4 {main}
CRITICAL - 2022-07-04 07:00:48 --> Call to a member function getClientName() on null
#0 /home/linuxmilcl/public_html/projects/etp/system/CodeIgniter.php(825): App\Controllers\UserDashboardController->update_userprofile()
#1 /home/linuxmilcl/public_html/projects/etp/system/CodeIgniter.php(412): CodeIgniter\CodeIgniter->runController(Object(App\Controllers\UserDashboardController))
#2 /home/linuxmilcl/public_html/projects/etp/system/CodeIgniter.php(320): CodeIgniter\CodeIgniter->handleRequest(NULL, Object(Config\Cache), false)
#3 /home/linuxmilcl/public_html/projects/etp/index.php(37): CodeIgniter\CodeIgniter->run()
#4 {main}
CRITICAL - 2022-07-04 07:00:57 --> Call to a member function getClientName() on null
#0 /home/linuxmilcl/public_html/projects/etp/system/CodeIgniter.php(825): App\Controllers\UserDashboardController->update_userprofile()
#1 /home/linuxmilcl/public_html/projects/etp/system/CodeIgniter.php(412): CodeIgniter\CodeIgniter->runController(Object(App\Controllers\UserDashboardController))
#2 /home/linuxmilcl/public_html/projects/etp/system/CodeIgniter.php(320): CodeIgniter\CodeIgniter->handleRequest(NULL, Object(Config\Cache), false)
#3 /home/linuxmilcl/public_html/projects/etp/index.php(37): CodeIgniter\CodeIgniter->run()
#4 {main}
CRITICAL - 2022-07-04 07:03:07 --> Undefined variable $userModel
#0 /home/linuxmilcl/public_html/projects/etp/app/Controllers/UserDashboardController.php(175): CodeIgniter\Debug\Exceptions->errorHandler(2, 'Undefined varia...', '/home/linuxmilc...', 175)
#1 /home/linuxmilcl/public_html/projects/etp/system/CodeIgniter.php(825): App\Controllers\UserDashboardController->update_userprofile()
#2 /home/linuxmilcl/public_html/projects/etp/system/CodeIgniter.php(412): CodeIgniter\CodeIgniter->runController(Object(App\Controllers\UserDashboardController))
#3 /home/linuxmilcl/public_html/projects/etp/system/CodeIgniter.php(320): CodeIgniter\CodeIgniter->handleRequest(NULL, Object(Config\Cache), false)
#4 /home/linuxmilcl/public_html/projects/etp/index.php(37): CodeIgniter\CodeIgniter->run()
#5 {main}
CRITICAL - 2022-07-04 07:50:40 --> Undefined variable $session
#0 /home/linuxmilcl/public_html/projects/etp/app/Controllers/UserDashboardController.php(178): CodeIgniter\Debug\Exceptions->errorHandler(2, 'Undefined varia...', '/home/linuxmilc...', 178)
#1 /home/linuxmilcl/public_html/projects/etp/system/CodeIgniter.php(825): App\Controllers\UserDashboardController->update_userprofile()
#2 /home/linuxmilcl/public_html/projects/etp/system/CodeIgniter.php(412): CodeIgniter\CodeIgniter->runController(Object(App\Controllers\UserDashboardController))
#3 /home/linuxmilcl/public_html/projects/etp/system/CodeIgniter.php(320): CodeIgniter\CodeIgniter->handleRequest(NULL, Object(Config\Cache), false)
#4 /home/linuxmilcl/public_html/projects/etp/index.php(37): CodeIgniter\CodeIgniter->run()
#5 {main}
CRITICAL - 2022-07-04 12:40:03 --> Invalid file: frontend/dashboard/credits.php
#0 /home/linuxmilcl/public_html/projects/etp/system/View/View.php(198): CodeIgniter\Exceptions\FrameworkException::forInvalidFile('frontend/dashbo...')
#1 /home/linuxmilcl/public_html/projects/etp/system/Common.php(1089): CodeIgniter\View\View->render('frontend/dashbo...', Array, true)
#2 /home/linuxmilcl/public_html/projects/etp/app/Controllers/UserDashboardController.php(91): view('frontend/dashbo...')
#3 /home/linuxmilcl/public_html/projects/etp/system/CodeIgniter.php(825): App\Controllers\UserDashboardController->credits()
#4 /home/linuxmilcl/public_html/projects/etp/system/CodeIgniter.php(412): CodeIgniter\CodeIgniter->runController(Object(App\Controllers\UserDashboardController))
#5 /home/linuxmilcl/public_html/projects/etp/system/CodeIgniter.php(320): CodeIgniter\CodeIgniter->handleRequest(NULL, Object(Config\Cache), false)
#6 /home/linuxmilcl/public_html/projects/etp/index.php(37): CodeIgniter\CodeIgniter->run()
#7 {main}
CRITICAL - 2022-07-04 13:17:28 --> Undefined array key "team_image"
#0 /home/linuxmilcl/public_html/projects/etp/app/Views/admin/credits/view_credit.php(51): CodeIgniter\Debug\Exceptions->errorHandler(2, 'Undefined array...', '/home/linuxmilc...', 51)
#1 /home/linuxmilcl/public_html/projects/etp/system/View/View.php(210): include('/home/linuxmilc...')
#2 /home/linuxmilcl/public_html/projects/etp/system/View/View.php(213): CodeIgniter\View\View->CodeIgniter\View\{closure}()
#3 /home/linuxmilcl/public_html/projects/etp/system/Common.php(1089): CodeIgniter\View\View->render('admin/credits/v...', Array, true)
#4 /home/linuxmilcl/public_html/projects/etp/app/Controllers/Credits.php(18): view('admin/credits/v...', Array)
#5 /home/linuxmilcl/public_html/projects/etp/system/CodeIgniter.php(825): App\Controllers\Credits->index()
#6 /home/linuxmilcl/public_html/projects/etp/system/CodeIgniter.php(412): CodeIgniter\CodeIgniter->runController(Object(App\Controllers\Credits))
#7 /home/linuxmilcl/public_html/projects/etp/system/CodeIgniter.php(320): CodeIgniter\CodeIgniter->handleRequest(NULL, Object(Config\Cache), false)
#8 /home/linuxmilcl/public_html/projects/etp/index.php(37): CodeIgniter\CodeIgniter->run()
#9 {main}
