CRITICAL - 2022-06-19 04:24:54 --> The original file is not a valid file.
#0 /home/linuxmilcl/public_html/projects/etp/system/HTTP/Files/UploadedFile.php(137): CodeIgniter\HTTP\Exceptions\HTTPException::forInvalidFile()
#1 /home/linuxmilcl/public_html/projects/etp/app/Controllers/Testimonials.php(34): CodeIgniter\HTTP\Files\UploadedFile->move('/home/linuxmilc...')
#2 /home/linuxmilcl/public_html/projects/etp/system/CodeIgniter.php(825): App\Controllers\Testimonials->store()
#3 /home/linuxmilcl/public_html/projects/etp/system/CodeIgniter.php(412): CodeIgniter\CodeIgniter->runController(Object(App\Controllers\Testimonials))
#4 /home/linuxmilcl/public_html/projects/etp/system/CodeIgniter.php(320): CodeIgniter\CodeIgniter->handleRequest(NULL, Object(Config\Cache), false)
#5 /home/linuxmilcl/public_html/projects/etp/index.php(37): CodeIgniter\CodeIgniter->run()
#6 {main}
CRITICAL - 2022-06-19 04:27:40 --> The original file is not a valid file.
#0 /home/linuxmilcl/public_html/projects/etp/system/HTTP/Files/UploadedFile.php(137): CodeIgniter\HTTP\Exceptions\HTTPException::forInvalidFile()
#1 /home/linuxmilcl/public_html/projects/etp/app/Controllers/Testimonials.php(34): CodeIgniter\HTTP\Files\UploadedFile->move('/home/linuxmilc...')
#2 /home/linuxmilcl/public_html/projects/etp/system/CodeIgniter.php(825): App\Controllers\Testimonials->store()
#3 /home/linuxmilcl/public_html/projects/etp/system/CodeIgniter.php(412): CodeIgniter\CodeIgniter->runController(Object(App\Controllers\Testimonials))
#4 /home/linuxmilcl/public_html/projects/etp/system/CodeIgniter.php(320): CodeIgniter\CodeIgniter->handleRequest(NULL, Object(Config\Cache), false)
#5 /home/linuxmilcl/public_html/projects/etp/index.php(37): CodeIgniter\CodeIgniter->run()
#6 {main}
CRITICAL - 2022-06-19 06:28:59 --> syntax error, unexpected single-quoted string "meta_description", expecting "]"
#0 /home/linuxmilcl/public_html/projects/etp/system/Autoloader/Autoloader.php(241): CodeIgniter\Autoloader\Autoloader->includeFile('/home/linuxmilc...')
#1 /home/linuxmilcl/public_html/projects/etp/system/Autoloader/Autoloader.php(219): CodeIgniter\Autoloader\Autoloader->loadInNamespace('App\\Controllers...')
#2 [internal function]: CodeIgniter\Autoloader\Autoloader->loadClass('App\\Controllers...')
#3 /home/linuxmilcl/public_html/projects/etp/system/CodeIgniter.php(790): class_exists('\\App\\Controller...', true)
#4 /home/linuxmilcl/public_html/projects/etp/system/CodeIgniter.php(399): CodeIgniter\CodeIgniter->startController()
#5 /home/linuxmilcl/public_html/projects/etp/system/CodeIgniter.php(320): CodeIgniter\CodeIgniter->handleRequest(NULL, Object(Config\Cache), false)
#6 /home/linuxmilcl/public_html/projects/etp/index.php(37): CodeIgniter\CodeIgniter->run()
#7 {main}
ERROR - 2022-06-19 06:30:51 --> Unknown column 'designation' in 'field list'
ERROR - 2022-06-19 06:32:01 --> Unknown column 'designation' in 'field list'
ERROR - 2022-06-19 06:33:42 --> Unknown column 'designation' in 'field list'
ERROR - 2022-06-19 06:36:47 --> Unknown column 'designation' in 'field list'
ERROR - 2022-06-19 06:42:48 --> Unknown column 'designation' in 'field list'
ERROR - 2022-06-19 06:51:17 --> Unknown column 'designation1' in 'field list'
ERROR - 2022-06-19 06:57:49 --> Unknown column 'designation1' in 'field list'
ERROR - 2022-06-19 06:57:53 --> Unknown column 'designation1' in 'field list'
ERROR - 2022-06-19 06:57:59 --> Unknown column 'designation1' in 'field list'
ERROR - 2022-06-19 07:00:11 --> Unknown column 'designation1' in 'field list'
ERROR - 2022-06-19 07:00:15 --> Unknown column 'designation1' in 'field list'
ERROR - 2022-06-19 07:00:26 --> Unknown column 'designation1' in 'field list'
ERROR - 2022-06-19 07:10:34 --> Unknown column 'designation1' in 'field list'
ERROR - 2022-06-19 07:11:40 --> Unknown column 'designation1' in 'field list'
CRITICAL - 2022-06-19 11:19:16 --> Call to a member function controllerName() on null
#0 /home/linuxmilcl/public_html/projects/etp/app/Views/admin/testimonials.php(1): require_once()
#1 /home/linuxmilcl/public_html/projects/etp/system/View/View.php(210): include('/home/linuxmilc...')
#2 /home/linuxmilcl/public_html/projects/etp/system/View/View.php(213): CodeIgniter\View\View->CodeIgniter\View\{closure}()
#3 /home/linuxmilcl/public_html/projects/etp/system/Common.php(1089): CodeIgniter\View\View->render('admin/testimoni...', Array, true)
#4 /home/linuxmilcl/public_html/projects/etp/app/Controllers/Testimonials.php(10): view('admin/testimoni...')
#5 /home/linuxmilcl/public_html/projects/etp/system/CodeIgniter.php(825): App\Controllers\Testimonials->index()
#6 /home/linuxmilcl/public_html/projects/etp/system/CodeIgniter.php(412): CodeIgniter\CodeIgniter->runController(Object(App\Controllers\Testimonials))
#7 /home/linuxmilcl/public_html/projects/etp/system/CodeIgniter.php(320): CodeIgniter\CodeIgniter->handleRequest(NULL, Object(Config\Cache), false)
#8 /home/linuxmilcl/public_html/projects/etp/index.php(37): CodeIgniter\CodeIgniter->run()
#9 {main}
CRITICAL - 2022-06-19 11:19:39 --> Call to a member function controllerName() on null
#0 /home/linuxmilcl/public_html/projects/etp/app/Views/admin/testimonials.php(1): require_once()
#1 /home/linuxmilcl/public_html/projects/etp/system/View/View.php(210): include('/home/linuxmilc...')
#2 /home/linuxmilcl/public_html/projects/etp/system/View/View.php(213): CodeIgniter\View\View->CodeIgniter\View\{closure}()
#3 /home/linuxmilcl/public_html/projects/etp/system/Common.php(1089): CodeIgniter\View\View->render('admin/testimoni...', Array, true)
#4 /home/linuxmilcl/public_html/projects/etp/app/Controllers/Testimonials.php(10): view('admin/testimoni...')
#5 /home/linuxmilcl/public_html/projects/etp/system/CodeIgniter.php(825): App\Controllers\Testimonials->index()
#6 /home/linuxmilcl/public_html/projects/etp/system/CodeIgniter.php(412): CodeIgniter\CodeIgniter->runController(Object(App\Controllers\Testimonials))
#7 /home/linuxmilcl/public_html/projects/etp/system/CodeIgniter.php(320): CodeIgniter\CodeIgniter->handleRequest(NULL, Object(Config\Cache), false)
#8 /home/linuxmilcl/public_html/projects/etp/index.php(37): CodeIgniter\CodeIgniter->run()
#9 {main}
CRITICAL - 2022-06-19 11:21:26 --> syntax error, unexpected token ";", expecting ")"
#0 /home/linuxmilcl/public_html/projects/etp/system/View/View.php(210): include()
#1 /home/linuxmilcl/public_html/projects/etp/system/View/View.php(213): CodeIgniter\View\View->CodeIgniter\View\{closure}()
#2 /home/linuxmilcl/public_html/projects/etp/system/Common.php(1089): CodeIgniter\View\View->render('admin/testimoni...', Array, true)
#3 /home/linuxmilcl/public_html/projects/etp/app/Controllers/Testimonials.php(10): view('admin/testimoni...')
#4 /home/linuxmilcl/public_html/projects/etp/system/CodeIgniter.php(825): App\Controllers\Testimonials->index()
#5 /home/linuxmilcl/public_html/projects/etp/system/CodeIgniter.php(412): CodeIgniter\CodeIgniter->runController(Object(App\Controllers\Testimonials))
#6 /home/linuxmilcl/public_html/projects/etp/system/CodeIgniter.php(320): CodeIgniter\CodeIgniter->handleRequest(NULL, Object(Config\Cache), false)
#7 /home/linuxmilcl/public_html/projects/etp/index.php(37): CodeIgniter\CodeIgniter->run()
#8 {main}
CRITICAL - 2022-06-19 12:21:36 --> The original file is not a valid file.
#0 /home/linuxmilcl/public_html/projects/etp/system/HTTP/Files/UploadedFile.php(137): CodeIgniter\HTTP\Exceptions\HTTPException::forInvalidFile()
#1 /home/linuxmilcl/public_html/projects/etp/app/Controllers/Testimonials.php(32): CodeIgniter\HTTP\Files\UploadedFile->move('/home/linuxmilc...')
#2 /home/linuxmilcl/public_html/projects/etp/system/CodeIgniter.php(825): App\Controllers\Testimonials->store()
#3 /home/linuxmilcl/public_html/projects/etp/system/CodeIgniter.php(412): CodeIgniter\CodeIgniter->runController(Object(App\Controllers\Testimonials))
#4 /home/linuxmilcl/public_html/projects/etp/system/CodeIgniter.php(320): CodeIgniter\CodeIgniter->handleRequest(NULL, Object(Config\Cache), false)
#5 /home/linuxmilcl/public_html/projects/etp/index.php(37): CodeIgniter\CodeIgniter->run()
#6 {main}
CRITICAL - 2022-06-19 12:32:07 --> The original file is not a valid file.
#0 /home/linuxmilcl/public_html/projects/etp/system/HTTP/Files/UploadedFile.php(137): CodeIgniter\HTTP\Exceptions\HTTPException::forInvalidFile()
#1 /home/linuxmilcl/public_html/projects/etp/app/Controllers/Testimonials.php(33): CodeIgniter\HTTP\Files\UploadedFile->move('/home/linuxmilc...')
#2 /home/linuxmilcl/public_html/projects/etp/system/CodeIgniter.php(825): App\Controllers\Testimonials->store()
#3 /home/linuxmilcl/public_html/projects/etp/system/CodeIgniter.php(412): CodeIgniter\CodeIgniter->runController(Object(App\Controllers\Testimonials))
#4 /home/linuxmilcl/public_html/projects/etp/system/CodeIgniter.php(320): CodeIgniter\CodeIgniter->handleRequest(NULL, Object(Config\Cache), false)
#5 /home/linuxmilcl/public_html/projects/etp/index.php(37): CodeIgniter\CodeIgniter->run()
#6 {main}
CRITICAL - 2022-06-19 12:40:04 --> The original file is not a valid file.
#0 /home/linuxmilcl/public_html/projects/etp/system/HTTP/Files/UploadedFile.php(137): CodeIgniter\HTTP\Exceptions\HTTPException::forInvalidFile()
#1 /home/linuxmilcl/public_html/projects/etp/app/Controllers/Testimonials.php(42): CodeIgniter\HTTP\Files\UploadedFile->move('/home/linuxmilc...')
#2 /home/linuxmilcl/public_html/projects/etp/system/CodeIgniter.php(825): App\Controllers\Testimonials->store()
#3 /home/linuxmilcl/public_html/projects/etp/system/CodeIgniter.php(412): CodeIgniter\CodeIgniter->runController(Object(App\Controllers\Testimonials))
#4 /home/linuxmilcl/public_html/projects/etp/system/CodeIgniter.php(320): CodeIgniter\CodeIgniter->handleRequest(NULL, Object(Config\Cache), false)
#5 /home/linuxmilcl/public_html/projects/etp/index.php(37): CodeIgniter\CodeIgniter->run()
#6 {main}
CRITICAL - 2022-06-19 12:52:19 --> Trying to access array offset on value of type bool
#0 /home/linuxmilcl/public_html/projects/etp/app/Controllers/Testimonials.php(42): CodeIgniter\Debug\Exceptions->errorHandler(2, 'Trying to acces...', '/home/linuxmilc...', 42)
#1 /home/linuxmilcl/public_html/projects/etp/system/CodeIgniter.php(825): App\Controllers\Testimonials->store()
#2 /home/linuxmilcl/public_html/projects/etp/system/CodeIgniter.php(412): CodeIgniter\CodeIgniter->runController(Object(App\Controllers\Testimonials))
#3 /home/linuxmilcl/public_html/projects/etp/system/CodeIgniter.php(320): CodeIgniter\CodeIgniter->handleRequest(NULL, Object(Config\Cache), false)
#4 /home/linuxmilcl/public_html/projects/etp/index.php(37): CodeIgniter\CodeIgniter->run()
#5 {main}
CRITICAL - 2022-06-19 13:04:39 --> Undefined variable $data
#0 /home/linuxmilcl/public_html/projects/etp/app/Controllers/Testimonials.php(73): CodeIgniter\Debug\Exceptions->errorHandler(2, 'Undefined varia...', '/home/linuxmilc...', 73)
#1 /home/linuxmilcl/public_html/projects/etp/system/CodeIgniter.php(825): App\Controllers\Testimonials->store()
#2 /home/linuxmilcl/public_html/projects/etp/system/CodeIgniter.php(412): CodeIgniter\CodeIgniter->runController(Object(App\Controllers\Testimonials))
#3 /home/linuxmilcl/public_html/projects/etp/system/CodeIgniter.php(320): CodeIgniter\CodeIgniter->handleRequest(NULL, Object(Config\Cache), false)
#4 /home/linuxmilcl/public_html/projects/etp/index.php(37): CodeIgniter\CodeIgniter->run()
#5 {main}
CRITICAL - 2022-06-19 13:07:57 --> Undefined variable $data
#0 /home/linuxmilcl/public_html/projects/etp/app/Controllers/Testimonials.php(75): CodeIgniter\Debug\Exceptions->errorHandler(2, 'Undefined varia...', '/home/linuxmilc...', 75)
#1 /home/linuxmilcl/public_html/projects/etp/system/CodeIgniter.php(825): App\Controllers\Testimonials->store()
#2 /home/linuxmilcl/public_html/projects/etp/system/CodeIgniter.php(412): CodeIgniter\CodeIgniter->runController(Object(App\Controllers\Testimonials))
#3 /home/linuxmilcl/public_html/projects/etp/system/CodeIgniter.php(320): CodeIgniter\CodeIgniter->handleRequest(NULL, Object(Config\Cache), false)
#4 /home/linuxmilcl/public_html/projects/etp/index.php(37): CodeIgniter\CodeIgniter->run()
#5 {main}
CRITICAL - 2022-06-19 13:08:36 --> Undefined variable $data
#0 /home/linuxmilcl/public_html/projects/etp/app/Controllers/Testimonials.php(75): CodeIgniter\Debug\Exceptions->errorHandler(2, 'Undefined varia...', '/home/linuxmilc...', 75)
#1 /home/linuxmilcl/public_html/projects/etp/system/CodeIgniter.php(825): App\Controllers\Testimonials->store()
#2 /home/linuxmilcl/public_html/projects/etp/system/CodeIgniter.php(412): CodeIgniter\CodeIgniter->runController(Object(App\Controllers\Testimonials))
#3 /home/linuxmilcl/public_html/projects/etp/system/CodeIgniter.php(320): CodeIgniter\CodeIgniter->handleRequest(NULL, Object(Config\Cache), false)
#4 /home/linuxmilcl/public_html/projects/etp/index.php(37): CodeIgniter\CodeIgniter->run()
#5 {main}
CRITICAL - 2022-06-19 13:20:19 --> Undefined variable $data
#0 /home/linuxmilcl/public_html/projects/etp/app/Controllers/Testimonials.php(75): CodeIgniter\Debug\Exceptions->errorHandler(2, 'Undefined varia...', '/home/linuxmilc...', 75)
#1 /home/linuxmilcl/public_html/projects/etp/system/CodeIgniter.php(825): App\Controllers\Testimonials->store()
#2 /home/linuxmilcl/public_html/projects/etp/system/CodeIgniter.php(412): CodeIgniter\CodeIgniter->runController(Object(App\Controllers\Testimonials))
#3 /home/linuxmilcl/public_html/projects/etp/system/CodeIgniter.php(320): CodeIgniter\CodeIgniter->handleRequest(NULL, Object(Config\Cache), false)
#4 /home/linuxmilcl/public_html/projects/etp/index.php(37): CodeIgniter\CodeIgniter->run()
#5 {main}
CRITICAL - 2022-06-19 13:20:48 --> Undefined variable $data
#0 /home/linuxmilcl/public_html/projects/etp/app/Controllers/Testimonials.php(75): CodeIgniter\Debug\Exceptions->errorHandler(2, 'Undefined varia...', '/home/linuxmilc...', 75)
#1 /home/linuxmilcl/public_html/projects/etp/system/CodeIgniter.php(825): App\Controllers\Testimonials->store()
#2 /home/linuxmilcl/public_html/projects/etp/system/CodeIgniter.php(412): CodeIgniter\CodeIgniter->runController(Object(App\Controllers\Testimonials))
#3 /home/linuxmilcl/public_html/projects/etp/system/CodeIgniter.php(320): CodeIgniter\CodeIgniter->handleRequest(NULL, Object(Config\Cache), false)
#4 /home/linuxmilcl/public_html/projects/etp/index.php(37): CodeIgniter\CodeIgniter->run()
#5 {main}
CRITICAL - 2022-06-19 13:21:50 --> Undefined variable $data
#0 /home/linuxmilcl/public_html/projects/etp/app/Controllers/Testimonials.php(74): CodeIgniter\Debug\Exceptions->errorHandler(2, 'Undefined varia...', '/home/linuxmilc...', 74)
#1 /home/linuxmilcl/public_html/projects/etp/system/CodeIgniter.php(825): App\Controllers\Testimonials->store()
#2 /home/linuxmilcl/public_html/projects/etp/system/CodeIgniter.php(412): CodeIgniter\CodeIgniter->runController(Object(App\Controllers\Testimonials))
#3 /home/linuxmilcl/public_html/projects/etp/system/CodeIgniter.php(320): CodeIgniter\CodeIgniter->handleRequest(NULL, Object(Config\Cache), false)
#4 /home/linuxmilcl/public_html/projects/etp/index.php(37): CodeIgniter\CodeIgniter->run()
#5 {main}
CRITICAL - 2022-06-19 13:22:11 --> Undefined variable $data
#0 /home/linuxmilcl/public_html/projects/etp/app/Controllers/Testimonials.php(74): CodeIgniter\Debug\Exceptions->errorHandler(2, 'Undefined varia...', '/home/linuxmilc...', 74)
#1 /home/linuxmilcl/public_html/projects/etp/system/CodeIgniter.php(825): App\Controllers\Testimonials->store()
#2 /home/linuxmilcl/public_html/projects/etp/system/CodeIgniter.php(412): CodeIgniter\CodeIgniter->runController(Object(App\Controllers\Testimonials))
#3 /home/linuxmilcl/public_html/projects/etp/system/CodeIgniter.php(320): CodeIgniter\CodeIgniter->handleRequest(NULL, Object(Config\Cache), false)
#4 /home/linuxmilcl/public_html/projects/etp/index.php(37): CodeIgniter\CodeIgniter->run()
#5 {main}
