CRITICAL - 2022-10-25 10:54:46 --> Undefined variable $DocumentModel
#0 /home/linuxmilcl/public_html/projects/pratap/app/Controllers/UserDashboardController.php(462): CodeIgniter\Debug\Exceptions->errorHandler(2, 'Undefined varia...', '/home/linuxmilc...', 462)
#1 /home/linuxmilcl/public_html/projects/pratap/system/CodeIgniter.php(825): App\Controllers\UserDashboardController->tender_update()
#2 /home/linuxmilcl/public_html/projects/pratap/system/CodeIgniter.php(412): CodeIgniter\CodeIgniter->runController(Object(App\Controllers\UserDashboardController))
#3 /home/linuxmilcl/public_html/projects/pratap/system/CodeIgniter.php(320): CodeIgniter\CodeIgniter->handleRequest(NULL, Object(Config\Cache), false)
#4 /home/linuxmilcl/public_html/projects/pratap/index.php(38): CodeIgniter\CodeIgniter->run()
#5 {main}
CRITICAL - 2022-10-25 10:56:23 --> The original file is not a valid file.
#0 /home/linuxmilcl/public_html/projects/pratap/system/HTTP/Files/UploadedFile.php(137): CodeIgniter\HTTP\Exceptions\HTTPException::forInvalidFile()
#1 /home/linuxmilcl/public_html/projects/pratap/app/Controllers/UserDashboardController.php(475): CodeIgniter\HTTP\Files\UploadedFile->move('/home/linuxmilc...', '1666675583_fb3a...')
#2 /home/linuxmilcl/public_html/projects/pratap/system/CodeIgniter.php(825): App\Controllers\UserDashboardController->tender_update()
#3 /home/linuxmilcl/public_html/projects/pratap/system/CodeIgniter.php(412): CodeIgniter\CodeIgniter->runController(Object(App\Controllers\UserDashboardController))
#4 /home/linuxmilcl/public_html/projects/pratap/system/CodeIgniter.php(320): CodeIgniter\CodeIgniter->handleRequest(NULL, Object(Config\Cache), false)
#5 /home/linuxmilcl/public_html/projects/pratap/index.php(38): CodeIgniter\CodeIgniter->run()
#6 {main}
CRITICAL - 2022-10-25 10:58:18 --> The original file is not a valid file.
#0 /home/linuxmilcl/public_html/projects/pratap/system/HTTP/Files/UploadedFile.php(137): CodeIgniter\HTTP\Exceptions\HTTPException::forInvalidFile()
#1 /home/linuxmilcl/public_html/projects/pratap/app/Controllers/UserDashboardController.php(467): CodeIgniter\HTTP\Files\UploadedFile->move('/home/linuxmilc...', '1666675698_e91d...')
#2 /home/linuxmilcl/public_html/projects/pratap/system/CodeIgniter.php(825): App\Controllers\UserDashboardController->tender_update()
#3 /home/linuxmilcl/public_html/projects/pratap/system/CodeIgniter.php(412): CodeIgniter\CodeIgniter->runController(Object(App\Controllers\UserDashboardController))
#4 /home/linuxmilcl/public_html/projects/pratap/system/CodeIgniter.php(320): CodeIgniter\CodeIgniter->handleRequest(NULL, Object(Config\Cache), false)
#5 /home/linuxmilcl/public_html/projects/pratap/index.php(38): CodeIgniter\CodeIgniter->run()
#6 {main}
CRITICAL - 2022-10-25 10:58:50 --> The original file is not a valid file.
#0 /home/linuxmilcl/public_html/projects/pratap/system/HTTP/Files/UploadedFile.php(137): CodeIgniter\HTTP\Exceptions\HTTPException::forInvalidFile()
#1 /home/linuxmilcl/public_html/projects/pratap/app/Controllers/UserDashboardController.php(467): CodeIgniter\HTTP\Files\UploadedFile->move('/home/linuxmilc...', '1666675730_181f...')
#2 /home/linuxmilcl/public_html/projects/pratap/system/CodeIgniter.php(825): App\Controllers\UserDashboardController->tender_update()
#3 /home/linuxmilcl/public_html/projects/pratap/system/CodeIgniter.php(412): CodeIgniter\CodeIgniter->runController(Object(App\Controllers\UserDashboardController))
#4 /home/linuxmilcl/public_html/projects/pratap/system/CodeIgniter.php(320): CodeIgniter\CodeIgniter->handleRequest(NULL, Object(Config\Cache), false)
#5 /home/linuxmilcl/public_html/projects/pratap/index.php(38): CodeIgniter\CodeIgniter->run()
#6 {main}
CRITICAL - 2022-10-25 11:04:17 --> The original file is not a valid file.
#0 /home/linuxmilcl/public_html/projects/pratap/system/HTTP/Files/UploadedFile.php(137): CodeIgniter\HTTP\Exceptions\HTTPException::forInvalidFile()
#1 /home/linuxmilcl/public_html/projects/pratap/app/Controllers/UserDashboardController.php(473): CodeIgniter\HTTP\Files\UploadedFile->move('/home/linuxmilc...', '1666676057_e014...')
#2 /home/linuxmilcl/public_html/projects/pratap/system/CodeIgniter.php(825): App\Controllers\UserDashboardController->tender_update()
#3 /home/linuxmilcl/public_html/projects/pratap/system/CodeIgniter.php(412): CodeIgniter\CodeIgniter->runController(Object(App\Controllers\UserDashboardController))
#4 /home/linuxmilcl/public_html/projects/pratap/system/CodeIgniter.php(320): CodeIgniter\CodeIgniter->handleRequest(NULL, Object(Config\Cache), false)
#5 /home/linuxmilcl/public_html/projects/pratap/index.php(38): CodeIgniter\CodeIgniter->run()
#6 {main}
CRITICAL - 2022-10-25 11:08:34 --> Trying to access array offset on value of type null
#0 /home/linuxmilcl/public_html/projects/pratap/app/Views/frontend/dashboard/document_edit.php(11): CodeIgniter\Debug\Exceptions->errorHandler(2, 'Trying to acces...', '/home/linuxmilc...', 11)
#1 /home/linuxmilcl/public_html/projects/pratap/system/View/View.php(210): include('/home/linuxmilc...')
#2 /home/linuxmilcl/public_html/projects/pratap/system/View/View.php(213): CodeIgniter\View\View->CodeIgniter\View\{closure}()
#3 /home/linuxmilcl/public_html/projects/pratap/system/Common.php(1089): CodeIgniter\View\View->render('frontend/dashbo...', Array, true)
#4 /home/linuxmilcl/public_html/projects/pratap/app/Controllers/UserDashboardController.php(650): view('frontend/dashbo...', Array)
#5 /home/linuxmilcl/public_html/projects/pratap/system/CodeIgniter.php(825): App\Controllers\UserDashboardController->document_edit('9')
#6 /home/linuxmilcl/public_html/projects/pratap/system/CodeIgniter.php(412): CodeIgniter\CodeIgniter->runController(Object(App\Controllers\UserDashboardController))
#7 /home/linuxmilcl/public_html/projects/pratap/system/CodeIgniter.php(320): CodeIgniter\CodeIgniter->handleRequest(NULL, Object(Config\Cache), false)
#8 /home/linuxmilcl/public_html/projects/pratap/index.php(38): CodeIgniter\CodeIgniter->run()
#9 {main}
CRITICAL - 2022-10-25 11:10:34 --> Trying to access array offset on value of type null
#0 /home/linuxmilcl/public_html/projects/pratap/app/Views/frontend/dashboard/document_edit.php(11): CodeIgniter\Debug\Exceptions->errorHandler(2, 'Trying to acces...', '/home/linuxmilc...', 11)
#1 /home/linuxmilcl/public_html/projects/pratap/system/View/View.php(210): include('/home/linuxmilc...')
#2 /home/linuxmilcl/public_html/projects/pratap/system/View/View.php(213): CodeIgniter\View\View->CodeIgniter\View\{closure}()
#3 /home/linuxmilcl/public_html/projects/pratap/system/Common.php(1089): CodeIgniter\View\View->render('frontend/dashbo...', Array, true)
#4 /home/linuxmilcl/public_html/projects/pratap/app/Controllers/UserDashboardController.php(650): view('frontend/dashbo...', Array)
#5 /home/linuxmilcl/public_html/projects/pratap/system/CodeIgniter.php(825): App\Controllers\UserDashboardController->document_edit('15')
#6 /home/linuxmilcl/public_html/projects/pratap/system/CodeIgniter.php(412): CodeIgniter\CodeIgniter->runController(Object(App\Controllers\UserDashboardController))
#7 /home/linuxmilcl/public_html/projects/pratap/system/CodeIgniter.php(320): CodeIgniter\CodeIgniter->handleRequest(NULL, Object(Config\Cache), false)
#8 /home/linuxmilcl/public_html/projects/pratap/index.php(38): CodeIgniter\CodeIgniter->run()
#9 {main}
CRITICAL - 2022-10-25 11:11:57 --> Trying to access array offset on value of type null
#0 /home/linuxmilcl/public_html/projects/pratap/app/Views/frontend/dashboard/document_edit.php(19): CodeIgniter\Debug\Exceptions->errorHandler(2, 'Trying to acces...', '/home/linuxmilc...', 19)
#1 /home/linuxmilcl/public_html/projects/pratap/system/View/View.php(210): include('/home/linuxmilc...')
#2 /home/linuxmilcl/public_html/projects/pratap/system/View/View.php(213): CodeIgniter\View\View->CodeIgniter\View\{closure}()
#3 /home/linuxmilcl/public_html/projects/pratap/system/Common.php(1089): CodeIgniter\View\View->render('frontend/dashbo...', Array, true)
#4 /home/linuxmilcl/public_html/projects/pratap/app/Controllers/UserDashboardController.php(650): view('frontend/dashbo...', Array)
#5 /home/linuxmilcl/public_html/projects/pratap/system/CodeIgniter.php(825): App\Controllers\UserDashboardController->document_edit('15')
#6 /home/linuxmilcl/public_html/projects/pratap/system/CodeIgniter.php(412): CodeIgniter\CodeIgniter->runController(Object(App\Controllers\UserDashboardController))
#7 /home/linuxmilcl/public_html/projects/pratap/system/CodeIgniter.php(320): CodeIgniter\CodeIgniter->handleRequest(NULL, Object(Config\Cache), false)
#8 /home/linuxmilcl/public_html/projects/pratap/index.php(38): CodeIgniter\CodeIgniter->run()
#9 {main}
CRITICAL - 2022-10-25 11:17:11 --> Undefined variable $workCheck
#0 /home/linuxmilcl/public_html/projects/pratap/app/Controllers/UserDashboardController.php(676): CodeIgniter\Debug\Exceptions->errorHandler(2, 'Undefined varia...', '/home/linuxmilc...', 676)
#1 /home/linuxmilcl/public_html/projects/pratap/system/CodeIgniter.php(825): App\Controllers\UserDashboardController->document_update()
#2 /home/linuxmilcl/public_html/projects/pratap/system/CodeIgniter.php(412): CodeIgniter\CodeIgniter->runController(Object(App\Controllers\UserDashboardController))
#3 /home/linuxmilcl/public_html/projects/pratap/system/CodeIgniter.php(320): CodeIgniter\CodeIgniter->handleRequest(NULL, Object(Config\Cache), false)
#4 /home/linuxmilcl/public_html/projects/pratap/index.php(38): CodeIgniter\CodeIgniter->run()
#5 {main}
CRITICAL - 2022-10-25 11:17:50 --> Undefined variable $workCheck
#0 /home/linuxmilcl/public_html/projects/pratap/app/Controllers/UserDashboardController.php(676): CodeIgniter\Debug\Exceptions->errorHandler(2, 'Undefined varia...', '/home/linuxmilc...', 676)
#1 /home/linuxmilcl/public_html/projects/pratap/system/CodeIgniter.php(825): App\Controllers\UserDashboardController->document_update()
#2 /home/linuxmilcl/public_html/projects/pratap/system/CodeIgniter.php(412): CodeIgniter\CodeIgniter->runController(Object(App\Controllers\UserDashboardController))
#3 /home/linuxmilcl/public_html/projects/pratap/system/CodeIgniter.php(320): CodeIgniter\CodeIgniter->handleRequest(NULL, Object(Config\Cache), false)
#4 /home/linuxmilcl/public_html/projects/pratap/index.php(38): CodeIgniter\CodeIgniter->run()
#5 {main}
CRITICAL - 2022-10-25 11:18:58 --> Undefined variable $workCheck
#0 /home/linuxmilcl/public_html/projects/pratap/app/Controllers/UserDashboardController.php(678): CodeIgniter\Debug\Exceptions->errorHandler(2, 'Undefined varia...', '/home/linuxmilc...', 678)
#1 /home/linuxmilcl/public_html/projects/pratap/system/CodeIgniter.php(825): App\Controllers\UserDashboardController->document_update()
#2 /home/linuxmilcl/public_html/projects/pratap/system/CodeIgniter.php(412): CodeIgniter\CodeIgniter->runController(Object(App\Controllers\UserDashboardController))
#3 /home/linuxmilcl/public_html/projects/pratap/system/CodeIgniter.php(320): CodeIgniter\CodeIgniter->handleRequest(NULL, Object(Config\Cache), false)
#4 /home/linuxmilcl/public_html/projects/pratap/index.php(38): CodeIgniter\CodeIgniter->run()
#5 {main}
CRITICAL - 2022-10-25 11:21:48 --> Trying to access array offset on value of type null
#0 /home/linuxmilcl/public_html/projects/pratap/app/Views/frontend/dashboard/price_view.php(12): CodeIgniter\Debug\Exceptions->errorHandler(2, 'Trying to acces...', '/home/linuxmilc...', 12)
#1 /home/linuxmilcl/public_html/projects/pratap/system/View/View.php(210): include('/home/linuxmilc...')
#2 /home/linuxmilcl/public_html/projects/pratap/system/View/View.php(213): CodeIgniter\View\View->CodeIgniter\View\{closure}()
#3 /home/linuxmilcl/public_html/projects/pratap/system/Common.php(1089): CodeIgniter\View\View->render('frontend/dashbo...', Array, true)
#4 /home/linuxmilcl/public_html/projects/pratap/app/Controllers/UserDashboardController.php(1135): view('frontend/dashbo...', Array)
#5 /home/linuxmilcl/public_html/projects/pratap/system/CodeIgniter.php(825): App\Controllers\UserDashboardController->price_views('16')
#6 /home/linuxmilcl/public_html/projects/pratap/system/CodeIgniter.php(412): CodeIgniter\CodeIgniter->runController(Object(App\Controllers\UserDashboardController))
#7 /home/linuxmilcl/public_html/projects/pratap/system/CodeIgniter.php(320): CodeIgniter\CodeIgniter->handleRequest(NULL, Object(Config\Cache), false)
#8 /home/linuxmilcl/public_html/projects/pratap/index.php(38): CodeIgniter\CodeIgniter->run()
#9 {main}
CRITICAL - 2022-10-25 11:28:04 --> Undefined variable $prModel
#0 /home/linuxmilcl/public_html/projects/pratap/app/Controllers/UserDashboardController.php(1116): CodeIgniter\Debug\Exceptions->errorHandler(2, 'Undefined varia...', '/home/linuxmilc...', 1116)
#1 /home/linuxmilcl/public_html/projects/pratap/system/CodeIgniter.php(825): App\Controllers\UserDashboardController->price_views('767654')
#2 /home/linuxmilcl/public_html/projects/pratap/system/CodeIgniter.php(412): CodeIgniter\CodeIgniter->runController(Object(App\Controllers\UserDashboardController))
#3 /home/linuxmilcl/public_html/projects/pratap/system/CodeIgniter.php(320): CodeIgniter\CodeIgniter->handleRequest(NULL, Object(Config\Cache), false)
#4 /home/linuxmilcl/public_html/projects/pratap/index.php(38): CodeIgniter\CodeIgniter->run()
#5 {main}
CRITICAL - 2022-10-25 11:57:30 --> Call to a member function getClientName() on null
#0 /home/linuxmilcl/public_html/projects/pratap/system/CodeIgniter.php(825): App\Controllers\UserDashboardController->add_price()
#1 /home/linuxmilcl/public_html/projects/pratap/system/CodeIgniter.php(412): CodeIgniter\CodeIgniter->runController(Object(App\Controllers\UserDashboardController))
#2 /home/linuxmilcl/public_html/projects/pratap/system/CodeIgniter.php(320): CodeIgniter\CodeIgniter->handleRequest(NULL, Object(Config\Cache), false)
#3 /home/linuxmilcl/public_html/projects/pratap/index.php(38): CodeIgniter\CodeIgniter->run()
#4 {main}
CRITICAL - 2022-10-25 11:59:00 --> Undefined variable $imageCheck
#0 /home/linuxmilcl/public_html/projects/pratap/app/Controllers/UserDashboardController.php(1049): CodeIgniter\Debug\Exceptions->errorHandler(2, 'Undefined varia...', '/home/linuxmilc...', 1049)
#1 /home/linuxmilcl/public_html/projects/pratap/system/CodeIgniter.php(825): App\Controllers\UserDashboardController->add_price()
#2 /home/linuxmilcl/public_html/projects/pratap/system/CodeIgniter.php(412): CodeIgniter\CodeIgniter->runController(Object(App\Controllers\UserDashboardController))
#3 /home/linuxmilcl/public_html/projects/pratap/system/CodeIgniter.php(320): CodeIgniter\CodeIgniter->handleRequest(NULL, Object(Config\Cache), false)
#4 /home/linuxmilcl/public_html/projects/pratap/index.php(38): CodeIgniter\CodeIgniter->run()
#5 {main}
CRITICAL - 2022-10-25 11:59:39 --> Unmatched '}'
#0 /home/linuxmilcl/public_html/projects/pratap/system/Router/Router.php(175): CodeIgniter\Router\Router->autoRoute('UserDashboardCo...')
#1 /home/linuxmilcl/public_html/projects/pratap/system/CodeIgniter.php(719): CodeIgniter\Router\Router->handle('UserDashboardCo...')
#2 /home/linuxmilcl/public_html/projects/pratap/system/CodeIgniter.php(361): CodeIgniter\CodeIgniter->tryToRouteIt(Object(CodeIgniter\Router\RouteCollection))
#3 /home/linuxmilcl/public_html/projects/pratap/system/CodeIgniter.php(320): CodeIgniter\CodeIgniter->handleRequest(NULL, Object(Config\Cache), false)
#4 /home/linuxmilcl/public_html/projects/pratap/index.php(38): CodeIgniter\CodeIgniter->run()
#5 {main}
CRITICAL - 2022-10-25 12:00:06 --> syntax error, unexpected token "return", expecting "function" or "const"
#0 /home/linuxmilcl/public_html/projects/pratap/system/Router/Router.php(175): CodeIgniter\Router\Router->autoRoute('UserDashboardCo...')
#1 /home/linuxmilcl/public_html/projects/pratap/system/CodeIgniter.php(719): CodeIgniter\Router\Router->handle('UserDashboardCo...')
#2 /home/linuxmilcl/public_html/projects/pratap/system/CodeIgniter.php(361): CodeIgniter\CodeIgniter->tryToRouteIt(Object(CodeIgniter\Router\RouteCollection))
#3 /home/linuxmilcl/public_html/projects/pratap/system/CodeIgniter.php(320): CodeIgniter\CodeIgniter->handleRequest(NULL, Object(Config\Cache), false)
#4 /home/linuxmilcl/public_html/projects/pratap/index.php(38): CodeIgniter\CodeIgniter->run()
#5 {main}
CRITICAL - 2022-10-25 12:01:03 --> syntax error, unexpected token "return", expecting "function" or "const"
#0 /home/linuxmilcl/public_html/projects/pratap/system/Router/Router.php(175): CodeIgniter\Router\Router->autoRoute('UserDashboardCo...')
#1 /home/linuxmilcl/public_html/projects/pratap/system/CodeIgniter.php(719): CodeIgniter\Router\Router->handle('UserDashboardCo...')
#2 /home/linuxmilcl/public_html/projects/pratap/system/CodeIgniter.php(361): CodeIgniter\CodeIgniter->tryToRouteIt(Object(CodeIgniter\Router\RouteCollection))
#3 /home/linuxmilcl/public_html/projects/pratap/system/CodeIgniter.php(320): CodeIgniter\CodeIgniter->handleRequest(NULL, Object(Config\Cache), false)
#4 /home/linuxmilcl/public_html/projects/pratap/index.php(38): CodeIgniter\CodeIgniter->run()
#5 {main}
CRITICAL - 2022-10-25 12:02:55 --> Call to a member function getRandomName() on null
#0 /home/linuxmilcl/public_html/projects/pratap/system/CodeIgniter.php(825): App\Controllers\UserDashboardController->add_price()
#1 /home/linuxmilcl/public_html/projects/pratap/system/CodeIgniter.php(412): CodeIgniter\CodeIgniter->runController(Object(App\Controllers\UserDashboardController))
#2 /home/linuxmilcl/public_html/projects/pratap/system/CodeIgniter.php(320): CodeIgniter\CodeIgniter->handleRequest(NULL, Object(Config\Cache), false)
#3 /home/linuxmilcl/public_html/projects/pratap/index.php(38): CodeIgniter\CodeIgniter->run()
#4 {main}
CRITICAL - 2022-10-25 12:09:11 --> Call to a member function getClientName() on null
#0 /home/linuxmilcl/public_html/projects/pratap/system/CodeIgniter.php(825): App\Controllers\UserDashboardController->add_price()
#1 /home/linuxmilcl/public_html/projects/pratap/system/CodeIgniter.php(412): CodeIgniter\CodeIgniter->runController(Object(App\Controllers\UserDashboardController))
#2 /home/linuxmilcl/public_html/projects/pratap/system/CodeIgniter.php(320): CodeIgniter\CodeIgniter->handleRequest(NULL, Object(Config\Cache), false)
#3 /home/linuxmilcl/public_html/projects/pratap/index.php(38): CodeIgniter\CodeIgniter->run()
#4 {main}
CRITICAL - 2022-10-25 12:13:51 --> syntax error, unexpected token "return", expecting "function" or "const"
#0 /home/linuxmilcl/public_html/projects/pratap/system/Router/Router.php(175): CodeIgniter\Router\Router->autoRoute('UserDashboardCo...')
#1 /home/linuxmilcl/public_html/projects/pratap/system/CodeIgniter.php(719): CodeIgniter\Router\Router->handle('UserDashboardCo...')
#2 /home/linuxmilcl/public_html/projects/pratap/system/CodeIgniter.php(361): CodeIgniter\CodeIgniter->tryToRouteIt(Object(CodeIgniter\Router\RouteCollection))
#3 /home/linuxmilcl/public_html/projects/pratap/system/CodeIgniter.php(320): CodeIgniter\CodeIgniter->handleRequest(NULL, Object(Config\Cache), false)
#4 /home/linuxmilcl/public_html/projects/pratap/index.php(38): CodeIgniter\CodeIgniter->run()
#5 {main}
CRITICAL - 2022-10-25 12:14:02 --> syntax error, unexpected token "return", expecting "function" or "const"
#0 /home/linuxmilcl/public_html/projects/pratap/system/Autoloader/Autoloader.php(241): CodeIgniter\Autoloader\Autoloader->includeFile('/home/linuxmilc...')
#1 /home/linuxmilcl/public_html/projects/pratap/system/Autoloader/Autoloader.php(219): CodeIgniter\Autoloader\Autoloader->loadInNamespace('App\\Controllers...')
#2 [internal function]: CodeIgniter\Autoloader\Autoloader->loadClass('App\\Controllers...')
#3 /home/linuxmilcl/public_html/projects/pratap/system/CodeIgniter.php(790): class_exists('\\App\\Controller...', true)
#4 /home/linuxmilcl/public_html/projects/pratap/system/CodeIgniter.php(399): CodeIgniter\CodeIgniter->startController()
#5 /home/linuxmilcl/public_html/projects/pratap/system/CodeIgniter.php(320): CodeIgniter\CodeIgniter->handleRequest(NULL, Object(Config\Cache), false)
#6 /home/linuxmilcl/public_html/projects/pratap/index.php(38): CodeIgniter\CodeIgniter->run()
#7 {main}
CRITICAL - 2022-10-25 12:14:04 --> syntax error, unexpected token "return", expecting "function" or "const"
#0 /home/linuxmilcl/public_html/projects/pratap/system/Autoloader/Autoloader.php(241): CodeIgniter\Autoloader\Autoloader->includeFile('/home/linuxmilc...')
#1 /home/linuxmilcl/public_html/projects/pratap/system/Autoloader/Autoloader.php(219): CodeIgniter\Autoloader\Autoloader->loadInNamespace('App\\Controllers...')
#2 [internal function]: CodeIgniter\Autoloader\Autoloader->loadClass('App\\Controllers...')
#3 /home/linuxmilcl/public_html/projects/pratap/system/CodeIgniter.php(790): class_exists('\\App\\Controller...', true)
#4 /home/linuxmilcl/public_html/projects/pratap/system/CodeIgniter.php(399): CodeIgniter\CodeIgniter->startController()
#5 /home/linuxmilcl/public_html/projects/pratap/system/CodeIgniter.php(320): CodeIgniter\CodeIgniter->handleRequest(NULL, Object(Config\Cache), false)
#6 /home/linuxmilcl/public_html/projects/pratap/index.php(38): CodeIgniter\CodeIgniter->run()
#7 {main}
CRITICAL - 2022-10-25 12:14:05 --> syntax error, unexpected token "return", expecting "function" or "const"
#0 /home/linuxmilcl/public_html/projects/pratap/system/Autoloader/Autoloader.php(241): CodeIgniter\Autoloader\Autoloader->includeFile('/home/linuxmilc...')
#1 /home/linuxmilcl/public_html/projects/pratap/system/Autoloader/Autoloader.php(219): CodeIgniter\Autoloader\Autoloader->loadInNamespace('App\\Controllers...')
#2 [internal function]: CodeIgniter\Autoloader\Autoloader->loadClass('App\\Controllers...')
#3 /home/linuxmilcl/public_html/projects/pratap/system/CodeIgniter.php(790): class_exists('\\App\\Controller...', true)
#4 /home/linuxmilcl/public_html/projects/pratap/system/CodeIgniter.php(399): CodeIgniter\CodeIgniter->startController()
#5 /home/linuxmilcl/public_html/projects/pratap/system/CodeIgniter.php(320): CodeIgniter\CodeIgniter->handleRequest(NULL, Object(Config\Cache), false)
#6 /home/linuxmilcl/public_html/projects/pratap/index.php(38): CodeIgniter\CodeIgniter->run()
#7 {main}
CRITICAL - 2022-10-25 12:14:05 --> syntax error, unexpected token "return", expecting "function" or "const"
#0 /home/linuxmilcl/public_html/projects/pratap/system/Router/Router.php(175): CodeIgniter\Router\Router->autoRoute('UserDashboardCo...')
#1 /home/linuxmilcl/public_html/projects/pratap/system/CodeIgniter.php(719): CodeIgniter\Router\Router->handle('UserDashboardCo...')
#2 /home/linuxmilcl/public_html/projects/pratap/system/CodeIgniter.php(361): CodeIgniter\CodeIgniter->tryToRouteIt(Object(CodeIgniter\Router\RouteCollection))
#3 /home/linuxmilcl/public_html/projects/pratap/system/CodeIgniter.php(320): CodeIgniter\CodeIgniter->handleRequest(NULL, Object(Config\Cache), false)
#4 /home/linuxmilcl/public_html/projects/pratap/index.php(38): CodeIgniter\CodeIgniter->run()
#5 {main}
CRITICAL - 2022-10-25 12:14:06 --> syntax error, unexpected token "return", expecting "function" or "const"
#0 /home/linuxmilcl/public_html/projects/pratap/system/Autoloader/Autoloader.php(241): CodeIgniter\Autoloader\Autoloader->includeFile('/home/linuxmilc...')
#1 /home/linuxmilcl/public_html/projects/pratap/system/Autoloader/Autoloader.php(219): CodeIgniter\Autoloader\Autoloader->loadInNamespace('App\\Controllers...')
#2 [internal function]: CodeIgniter\Autoloader\Autoloader->loadClass('App\\Controllers...')
#3 /home/linuxmilcl/public_html/projects/pratap/system/CodeIgniter.php(790): class_exists('\\App\\Controller...', true)
#4 /home/linuxmilcl/public_html/projects/pratap/system/CodeIgniter.php(399): CodeIgniter\CodeIgniter->startController()
#5 /home/linuxmilcl/public_html/projects/pratap/system/CodeIgniter.php(320): CodeIgniter\CodeIgniter->handleRequest(NULL, Object(Config\Cache), false)
#6 /home/linuxmilcl/public_html/projects/pratap/index.php(38): CodeIgniter\CodeIgniter->run()
#7 {main}
CRITICAL - 2022-10-25 12:14:06 --> syntax error, unexpected token "return", expecting "function" or "const"
#0 /home/linuxmilcl/public_html/projects/pratap/system/Autoloader/Autoloader.php(241): CodeIgniter\Autoloader\Autoloader->includeFile('/home/linuxmilc...')
#1 /home/linuxmilcl/public_html/projects/pratap/system/Autoloader/Autoloader.php(219): CodeIgniter\Autoloader\Autoloader->loadInNamespace('App\\Controllers...')
#2 [internal function]: CodeIgniter\Autoloader\Autoloader->loadClass('App\\Controllers...')
#3 /home/linuxmilcl/public_html/projects/pratap/system/CodeIgniter.php(790): class_exists('\\App\\Controller...', true)
#4 /home/linuxmilcl/public_html/projects/pratap/system/CodeIgniter.php(399): CodeIgniter\CodeIgniter->startController()
#5 /home/linuxmilcl/public_html/projects/pratap/system/CodeIgniter.php(320): CodeIgniter\CodeIgniter->handleRequest(NULL, Object(Config\Cache), false)
#6 /home/linuxmilcl/public_html/projects/pratap/index.php(38): CodeIgniter\CodeIgniter->run()
#7 {main}
CRITICAL - 2022-10-25 12:14:07 --> syntax error, unexpected token "return", expecting "function" or "const"
#0 /home/linuxmilcl/public_html/projects/pratap/system/Autoloader/Autoloader.php(241): CodeIgniter\Autoloader\Autoloader->includeFile('/home/linuxmilc...')
#1 /home/linuxmilcl/public_html/projects/pratap/system/Autoloader/Autoloader.php(219): CodeIgniter\Autoloader\Autoloader->loadInNamespace('App\\Controllers...')
#2 [internal function]: CodeIgniter\Autoloader\Autoloader->loadClass('App\\Controllers...')
#3 /home/linuxmilcl/public_html/projects/pratap/system/CodeIgniter.php(790): class_exists('\\App\\Controller...', true)
#4 /home/linuxmilcl/public_html/projects/pratap/system/CodeIgniter.php(399): CodeIgniter\CodeIgniter->startController()
#5 /home/linuxmilcl/public_html/projects/pratap/system/CodeIgniter.php(320): CodeIgniter\CodeIgniter->handleRequest(NULL, Object(Config\Cache), false)
#6 /home/linuxmilcl/public_html/projects/pratap/index.php(38): CodeIgniter\CodeIgniter->run()
#7 {main}
CRITICAL - 2022-10-25 12:14:07 --> syntax error, unexpected token "return", expecting "function" or "const"
#0 /home/linuxmilcl/public_html/projects/pratap/system/Autoloader/Autoloader.php(241): CodeIgniter\Autoloader\Autoloader->includeFile('/home/linuxmilc...')
#1 /home/linuxmilcl/public_html/projects/pratap/system/Autoloader/Autoloader.php(219): CodeIgniter\Autoloader\Autoloader->loadInNamespace('App\\Controllers...')
#2 [internal function]: CodeIgniter\Autoloader\Autoloader->loadClass('App\\Controllers...')
#3 /home/linuxmilcl/public_html/projects/pratap/system/CodeIgniter.php(790): class_exists('\\App\\Controller...', true)
#4 /home/linuxmilcl/public_html/projects/pratap/system/CodeIgniter.php(399): CodeIgniter\CodeIgniter->startController()
#5 /home/linuxmilcl/public_html/projects/pratap/system/CodeIgniter.php(320): CodeIgniter\CodeIgniter->handleRequest(NULL, Object(Config\Cache), false)
#6 /home/linuxmilcl/public_html/projects/pratap/index.php(38): CodeIgniter\CodeIgniter->run()
#7 {main}
CRITICAL - 2022-10-25 12:14:09 --> syntax error, unexpected token "return", expecting "function" or "const"
#0 /home/linuxmilcl/public_html/projects/pratap/system/Autoloader/Autoloader.php(241): CodeIgniter\Autoloader\Autoloader->includeFile('/home/linuxmilc...')
#1 /home/linuxmilcl/public_html/projects/pratap/system/Autoloader/Autoloader.php(219): CodeIgniter\Autoloader\Autoloader->loadInNamespace('App\\Controllers...')
#2 [internal function]: CodeIgniter\Autoloader\Autoloader->loadClass('App\\Controllers...')
#3 /home/linuxmilcl/public_html/projects/pratap/system/CodeIgniter.php(790): class_exists('\\App\\Controller...', true)
#4 /home/linuxmilcl/public_html/projects/pratap/system/CodeIgniter.php(399): CodeIgniter\CodeIgniter->startController()
#5 /home/linuxmilcl/public_html/projects/pratap/system/CodeIgniter.php(320): CodeIgniter\CodeIgniter->handleRequest(NULL, Object(Config\Cache), false)
#6 /home/linuxmilcl/public_html/projects/pratap/index.php(38): CodeIgniter\CodeIgniter->run()
#7 {main}
CRITICAL - 2022-10-25 12:14:10 --> syntax error, unexpected token "return", expecting "function" or "const"
#0 /home/linuxmilcl/public_html/projects/pratap/system/Autoloader/Autoloader.php(241): CodeIgniter\Autoloader\Autoloader->includeFile('/home/linuxmilc...')
#1 /home/linuxmilcl/public_html/projects/pratap/system/Autoloader/Autoloader.php(219): CodeIgniter\Autoloader\Autoloader->loadInNamespace('App\\Controllers...')
#2 [internal function]: CodeIgniter\Autoloader\Autoloader->loadClass('App\\Controllers...')
#3 /home/linuxmilcl/public_html/projects/pratap/system/CodeIgniter.php(790): class_exists('\\App\\Controller...', true)
#4 /home/linuxmilcl/public_html/projects/pratap/system/CodeIgniter.php(399): CodeIgniter\CodeIgniter->startController()
#5 /home/linuxmilcl/public_html/projects/pratap/system/CodeIgniter.php(320): CodeIgniter\CodeIgniter->handleRequest(NULL, Object(Config\Cache), false)
#6 /home/linuxmilcl/public_html/projects/pratap/index.php(38): CodeIgniter\CodeIgniter->run()
#7 {main}
CRITICAL - 2022-10-25 12:14:14 --> syntax error, unexpected token "return", expecting "function" or "const"
#0 /home/linuxmilcl/public_html/projects/pratap/system/Autoloader/Autoloader.php(241): CodeIgniter\Autoloader\Autoloader->includeFile('/home/linuxmilc...')
#1 /home/linuxmilcl/public_html/projects/pratap/system/Autoloader/Autoloader.php(219): CodeIgniter\Autoloader\Autoloader->loadInNamespace('App\\Controllers...')
#2 [internal function]: CodeIgniter\Autoloader\Autoloader->loadClass('App\\Controllers...')
#3 /home/linuxmilcl/public_html/projects/pratap/system/CodeIgniter.php(790): class_exists('\\App\\Controller...', true)
#4 /home/linuxmilcl/public_html/projects/pratap/system/CodeIgniter.php(399): CodeIgniter\CodeIgniter->startController()
#5 /home/linuxmilcl/public_html/projects/pratap/system/CodeIgniter.php(320): CodeIgniter\CodeIgniter->handleRequest(NULL, Object(Config\Cache), false)
#6 /home/linuxmilcl/public_html/projects/pratap/index.php(38): CodeIgniter\CodeIgniter->run()
#7 {main}
CRITICAL - 2022-10-25 12:14:15 --> syntax error, unexpected token "return", expecting "function" or "const"
#0 /home/linuxmilcl/public_html/projects/pratap/system/Autoloader/Autoloader.php(241): CodeIgniter\Autoloader\Autoloader->includeFile('/home/linuxmilc...')
#1 /home/linuxmilcl/public_html/projects/pratap/system/Autoloader/Autoloader.php(219): CodeIgniter\Autoloader\Autoloader->loadInNamespace('App\\Controllers...')
#2 [internal function]: CodeIgniter\Autoloader\Autoloader->loadClass('App\\Controllers...')
#3 /home/linuxmilcl/public_html/projects/pratap/system/CodeIgniter.php(790): class_exists('\\App\\Controller...', true)
#4 /home/linuxmilcl/public_html/projects/pratap/system/CodeIgniter.php(399): CodeIgniter\CodeIgniter->startController()
#5 /home/linuxmilcl/public_html/projects/pratap/system/CodeIgniter.php(320): CodeIgniter\CodeIgniter->handleRequest(NULL, Object(Config\Cache), false)
#6 /home/linuxmilcl/public_html/projects/pratap/index.php(38): CodeIgniter\CodeIgniter->run()
#7 {main}
CRITICAL - 2022-10-25 12:14:48 --> syntax error, unexpected token "return", expecting "function" or "const"
#0 /home/linuxmilcl/public_html/projects/pratap/system/Autoloader/Autoloader.php(241): CodeIgniter\Autoloader\Autoloader->includeFile('/home/linuxmilc...')
#1 /home/linuxmilcl/public_html/projects/pratap/system/Autoloader/Autoloader.php(219): CodeIgniter\Autoloader\Autoloader->loadInNamespace('App\\Controllers...')
#2 [internal function]: CodeIgniter\Autoloader\Autoloader->loadClass('App\\Controllers...')
#3 /home/linuxmilcl/public_html/projects/pratap/system/CodeIgniter.php(790): class_exists('\\App\\Controller...', true)
#4 /home/linuxmilcl/public_html/projects/pratap/system/CodeIgniter.php(399): CodeIgniter\CodeIgniter->startController()
#5 /home/linuxmilcl/public_html/projects/pratap/system/CodeIgniter.php(320): CodeIgniter\CodeIgniter->handleRequest(NULL, Object(Config\Cache), false)
#6 /home/linuxmilcl/public_html/projects/pratap/index.php(38): CodeIgniter\CodeIgniter->run()
#7 {main}
CRITICAL - 2022-10-25 12:14:57 --> syntax error, unexpected token "return", expecting "function" or "const"
#0 /home/linuxmilcl/public_html/projects/pratap/system/Autoloader/Autoloader.php(241): CodeIgniter\Autoloader\Autoloader->includeFile('/home/linuxmilc...')
#1 /home/linuxmilcl/public_html/projects/pratap/system/Autoloader/Autoloader.php(219): CodeIgniter\Autoloader\Autoloader->loadInNamespace('App\\Controllers...')
#2 [internal function]: CodeIgniter\Autoloader\Autoloader->loadClass('App\\Controllers...')
#3 /home/linuxmilcl/public_html/projects/pratap/system/CodeIgniter.php(790): class_exists('\\App\\Controller...', true)
#4 /home/linuxmilcl/public_html/projects/pratap/system/CodeIgniter.php(399): CodeIgniter\CodeIgniter->startController()
#5 /home/linuxmilcl/public_html/projects/pratap/system/CodeIgniter.php(320): CodeIgniter\CodeIgniter->handleRequest(NULL, Object(Config\Cache), false)
#6 /home/linuxmilcl/public_html/projects/pratap/index.php(38): CodeIgniter\CodeIgniter->run()
#7 {main}
CRITICAL - 2022-10-25 12:15:26 --> syntax error, unexpected token "return", expecting "function" or "const"
#0 /home/linuxmilcl/public_html/projects/pratap/system/Autoloader/Autoloader.php(241): CodeIgniter\Autoloader\Autoloader->includeFile('/home/linuxmilc...')
#1 /home/linuxmilcl/public_html/projects/pratap/system/Autoloader/Autoloader.php(219): CodeIgniter\Autoloader\Autoloader->loadInNamespace('App\\Controllers...')
#2 [internal function]: CodeIgniter\Autoloader\Autoloader->loadClass('App\\Controllers...')
#3 /home/linuxmilcl/public_html/projects/pratap/system/CodeIgniter.php(790): class_exists('\\App\\Controller...', true)
#4 /home/linuxmilcl/public_html/projects/pratap/system/CodeIgniter.php(399): CodeIgniter\CodeIgniter->startController()
#5 /home/linuxmilcl/public_html/projects/pratap/system/CodeIgniter.php(320): CodeIgniter\CodeIgniter->handleRequest(NULL, Object(Config\Cache), false)
#6 /home/linuxmilcl/public_html/projects/pratap/index.php(38): CodeIgniter\CodeIgniter->run()
#7 {main}
CRITICAL - 2022-10-25 12:15:41 --> syntax error, unexpected token "return", expecting "function" or "const"
#0 /home/linuxmilcl/public_html/projects/pratap/system/Autoloader/Autoloader.php(241): CodeIgniter\Autoloader\Autoloader->includeFile('/home/linuxmilc...')
#1 /home/linuxmilcl/public_html/projects/pratap/system/Autoloader/Autoloader.php(219): CodeIgniter\Autoloader\Autoloader->loadInNamespace('App\\Controllers...')
#2 [internal function]: CodeIgniter\Autoloader\Autoloader->loadClass('App\\Controllers...')
#3 /home/linuxmilcl/public_html/projects/pratap/system/CodeIgniter.php(790): class_exists('\\App\\Controller...', true)
#4 /home/linuxmilcl/public_html/projects/pratap/system/CodeIgniter.php(399): CodeIgniter\CodeIgniter->startController()
#5 /home/linuxmilcl/public_html/projects/pratap/system/CodeIgniter.php(320): CodeIgniter\CodeIgniter->handleRequest(NULL, Object(Config\Cache), false)
#6 /home/linuxmilcl/public_html/projects/pratap/index.php(38): CodeIgniter\CodeIgniter->run()
#7 {main}
CRITICAL - 2022-10-25 12:15:44 --> syntax error, unexpected token "return", expecting "function" or "const"
#0 /home/linuxmilcl/public_html/projects/pratap/system/Autoloader/Autoloader.php(241): CodeIgniter\Autoloader\Autoloader->includeFile('/home/linuxmilc...')
#1 /home/linuxmilcl/public_html/projects/pratap/system/Autoloader/Autoloader.php(219): CodeIgniter\Autoloader\Autoloader->loadInNamespace('App\\Controllers...')
#2 [internal function]: CodeIgniter\Autoloader\Autoloader->loadClass('App\\Controllers...')
#3 /home/linuxmilcl/public_html/projects/pratap/system/CodeIgniter.php(790): class_exists('\\App\\Controller...', true)
#4 /home/linuxmilcl/public_html/projects/pratap/system/CodeIgniter.php(399): CodeIgniter\CodeIgniter->startController()
#5 /home/linuxmilcl/public_html/projects/pratap/system/CodeIgniter.php(320): CodeIgniter\CodeIgniter->handleRequest(NULL, Object(Config\Cache), false)
#6 /home/linuxmilcl/public_html/projects/pratap/index.php(38): CodeIgniter\CodeIgniter->run()
#7 {main}
CRITICAL - 2022-10-25 12:18:54 --> syntax error, unexpected token "public"
#0 /home/linuxmilcl/public_html/projects/pratap/system/Autoloader/Autoloader.php(241): CodeIgniter\Autoloader\Autoloader->includeFile('/home/linuxmilc...')
#1 /home/linuxmilcl/public_html/projects/pratap/system/Autoloader/Autoloader.php(219): CodeIgniter\Autoloader\Autoloader->loadInNamespace('App\\Controllers...')
#2 [internal function]: CodeIgniter\Autoloader\Autoloader->loadClass('App\\Controllers...')
#3 /home/linuxmilcl/public_html/projects/pratap/system/CodeIgniter.php(790): class_exists('\\App\\Controller...', true)
#4 /home/linuxmilcl/public_html/projects/pratap/system/CodeIgniter.php(399): CodeIgniter\CodeIgniter->startController()
#5 /home/linuxmilcl/public_html/projects/pratap/system/CodeIgniter.php(320): CodeIgniter\CodeIgniter->handleRequest(NULL, Object(Config\Cache), false)
#6 /home/linuxmilcl/public_html/projects/pratap/index.php(38): CodeIgniter\CodeIgniter->run()
#7 {main}
CRITICAL - 2022-10-25 12:19:41 --> syntax error, unexpected token "return", expecting "function" or "const"
#0 /home/linuxmilcl/public_html/projects/pratap/system/Autoloader/Autoloader.php(241): CodeIgniter\Autoloader\Autoloader->includeFile('/home/linuxmilc...')
#1 /home/linuxmilcl/public_html/projects/pratap/system/Autoloader/Autoloader.php(219): CodeIgniter\Autoloader\Autoloader->loadInNamespace('App\\Controllers...')
#2 [internal function]: CodeIgniter\Autoloader\Autoloader->loadClass('App\\Controllers...')
#3 /home/linuxmilcl/public_html/projects/pratap/system/CodeIgniter.php(790): class_exists('\\App\\Controller...', true)
#4 /home/linuxmilcl/public_html/projects/pratap/system/CodeIgniter.php(399): CodeIgniter\CodeIgniter->startController()
#5 /home/linuxmilcl/public_html/projects/pratap/system/CodeIgniter.php(320): CodeIgniter\CodeIgniter->handleRequest(NULL, Object(Config\Cache), false)
#6 /home/linuxmilcl/public_html/projects/pratap/index.php(38): CodeIgniter\CodeIgniter->run()
#7 {main}
CRITICAL - 2022-10-25 12:20:27 --> Call to a member function getClientName() on null
#0 /home/linuxmilcl/public_html/projects/pratap/system/CodeIgniter.php(825): App\Controllers\UserDashboardController->add_price()
#1 /home/linuxmilcl/public_html/projects/pratap/system/CodeIgniter.php(412): CodeIgniter\CodeIgniter->runController(Object(App\Controllers\UserDashboardController))
#2 /home/linuxmilcl/public_html/projects/pratap/system/CodeIgniter.php(320): CodeIgniter\CodeIgniter->handleRequest(NULL, Object(Config\Cache), false)
#3 /home/linuxmilcl/public_html/projects/pratap/index.php(38): CodeIgniter\CodeIgniter->run()
#4 {main}
CRITICAL - 2022-10-25 12:27:02 --> Call to a member function getClientName() on string
#0 /home/linuxmilcl/public_html/projects/pratap/system/CodeIgniter.php(825): App\Controllers\UserDashboardController->add_price()
#1 /home/linuxmilcl/public_html/projects/pratap/system/CodeIgniter.php(412): CodeIgniter\CodeIgniter->runController(Object(App\Controllers\UserDashboardController))
#2 /home/linuxmilcl/public_html/projects/pratap/system/CodeIgniter.php(320): CodeIgniter\CodeIgniter->handleRequest(NULL, Object(Config\Cache), false)
#3 /home/linuxmilcl/public_html/projects/pratap/index.php(38): CodeIgniter\CodeIgniter->run()
#4 {main}
CRITICAL - 2022-10-25 12:32:26 --> Call to a member function getClientName() on string
#0 /home/linuxmilcl/public_html/projects/pratap/system/CodeIgniter.php(825): App\Controllers\UserDashboardController->add_price()
#1 /home/linuxmilcl/public_html/projects/pratap/system/CodeIgniter.php(412): CodeIgniter\CodeIgniter->runController(Object(App\Controllers\UserDashboardController))
#2 /home/linuxmilcl/public_html/projects/pratap/system/CodeIgniter.php(320): CodeIgniter\CodeIgniter->handleRequest(NULL, Object(Config\Cache), false)
#3 /home/linuxmilcl/public_html/projects/pratap/index.php(38): CodeIgniter\CodeIgniter->run()
#4 {main}
CRITICAL - 2022-10-25 12:33:50 --> Call to a member function getClientName() on null
#0 /home/linuxmilcl/public_html/projects/pratap/system/CodeIgniter.php(825): App\Controllers\UserDashboardController->add_price()
#1 /home/linuxmilcl/public_html/projects/pratap/system/CodeIgniter.php(412): CodeIgniter\CodeIgniter->runController(Object(App\Controllers\UserDashboardController))
#2 /home/linuxmilcl/public_html/projects/pratap/system/CodeIgniter.php(320): CodeIgniter\CodeIgniter->handleRequest(NULL, Object(Config\Cache), false)
#3 /home/linuxmilcl/public_html/projects/pratap/index.php(38): CodeIgniter\CodeIgniter->run()
#4 {main}
CRITICAL - 2022-10-25 12:37:31 --> Call to a member function getClientName() on null
#0 /home/linuxmilcl/public_html/projects/pratap/system/CodeIgniter.php(825): App\Controllers\UserDashboardController->add_price()
#1 /home/linuxmilcl/public_html/projects/pratap/system/CodeIgniter.php(412): CodeIgniter\CodeIgniter->runController(Object(App\Controllers\UserDashboardController))
#2 /home/linuxmilcl/public_html/projects/pratap/system/CodeIgniter.php(320): CodeIgniter\CodeIgniter->handleRequest(NULL, Object(Config\Cache), false)
#3 /home/linuxmilcl/public_html/projects/pratap/index.php(38): CodeIgniter\CodeIgniter->run()
#4 {main}
CRITICAL - 2022-10-25 12:41:45 --> syntax error, unexpected token "public"
#0 /home/linuxmilcl/public_html/projects/pratap/system/Router/Router.php(175): CodeIgniter\Router\Router->autoRoute('UserDashboardCo...')
#1 /home/linuxmilcl/public_html/projects/pratap/system/CodeIgniter.php(719): CodeIgniter\Router\Router->handle('UserDashboardCo...')
#2 /home/linuxmilcl/public_html/projects/pratap/system/CodeIgniter.php(361): CodeIgniter\CodeIgniter->tryToRouteIt(Object(CodeIgniter\Router\RouteCollection))
#3 /home/linuxmilcl/public_html/projects/pratap/system/CodeIgniter.php(320): CodeIgniter\CodeIgniter->handleRequest(NULL, Object(Config\Cache), false)
#4 /home/linuxmilcl/public_html/projects/pratap/index.php(38): CodeIgniter\CodeIgniter->run()
#5 {main}
CRITICAL - 2022-10-25 12:42:12 --> Call to a member function getClientName() on null
#0 /home/linuxmilcl/public_html/projects/pratap/system/CodeIgniter.php(825): App\Controllers\UserDashboardController->add_price()
#1 /home/linuxmilcl/public_html/projects/pratap/system/CodeIgniter.php(412): CodeIgniter\CodeIgniter->runController(Object(App\Controllers\UserDashboardController))
#2 /home/linuxmilcl/public_html/projects/pratap/system/CodeIgniter.php(320): CodeIgniter\CodeIgniter->handleRequest(NULL, Object(Config\Cache), false)
#3 /home/linuxmilcl/public_html/projects/pratap/index.php(38): CodeIgniter\CodeIgniter->run()
#4 {main}
CRITICAL - 2022-10-25 12:44:47 --> Call to a member function getClientName() on null
#0 /home/linuxmilcl/public_html/projects/pratap/system/CodeIgniter.php(825): App\Controllers\UserDashboardController->add_price()
#1 /home/linuxmilcl/public_html/projects/pratap/system/CodeIgniter.php(412): CodeIgniter\CodeIgniter->runController(Object(App\Controllers\UserDashboardController))
#2 /home/linuxmilcl/public_html/projects/pratap/system/CodeIgniter.php(320): CodeIgniter\CodeIgniter->handleRequest(NULL, Object(Config\Cache), false)
#3 /home/linuxmilcl/public_html/projects/pratap/index.php(38): CodeIgniter\CodeIgniter->run()
#4 {main}
CRITICAL - 2022-10-25 12:47:03 --> Call to a member function getClientName() on null
#0 /home/linuxmilcl/public_html/projects/pratap/system/CodeIgniter.php(825): App\Controllers\UserDashboardController->add_price()
#1 /home/linuxmilcl/public_html/projects/pratap/system/CodeIgniter.php(412): CodeIgniter\CodeIgniter->runController(Object(App\Controllers\UserDashboardController))
#2 /home/linuxmilcl/public_html/projects/pratap/system/CodeIgniter.php(320): CodeIgniter\CodeIgniter->handleRequest(NULL, Object(Config\Cache), false)
#3 /home/linuxmilcl/public_html/projects/pratap/index.php(38): CodeIgniter\CodeIgniter->run()
#4 {main}
CRITICAL - 2022-10-25 13:35:18 --> Trying to access array offset on value of type null
#0 /home/linuxmilcl/public_html/projects/pratap/app/Views/frontend/dashboard/document_check.php(9): CodeIgniter\Debug\Exceptions->errorHandler(2, 'Trying to acces...', '/home/linuxmilc...', 9)
#1 /home/linuxmilcl/public_html/projects/pratap/system/View/View.php(210): include('/home/linuxmilc...')
#2 /home/linuxmilcl/public_html/projects/pratap/system/View/View.php(213): CodeIgniter\View\View->CodeIgniter\View\{closure}()
#3 /home/linuxmilcl/public_html/projects/pratap/system/Common.php(1089): CodeIgniter\View\View->render('frontend/dashbo...', Array, true)
#4 /home/linuxmilcl/public_html/projects/pratap/app/Controllers/UserDashboardController.php(800): view('frontend/dashbo...', Array)
#5 /home/linuxmilcl/public_html/projects/pratap/system/CodeIgniter.php(825): App\Controllers\UserDashboardController->document_checkrs('767654')
#6 /home/linuxmilcl/public_html/projects/pratap/system/CodeIgniter.php(412): CodeIgniter\CodeIgniter->runController(Object(App\Controllers\UserDashboardController))
#7 /home/linuxmilcl/public_html/projects/pratap/system/CodeIgniter.php(320): CodeIgniter\CodeIgniter->handleRequest(NULL, Object(Config\Cache), false)
#8 /home/linuxmilcl/public_html/projects/pratap/index.php(38): CodeIgniter\CodeIgniter->run()
#9 {main}
CRITICAL - 2022-10-25 13:37:01 --> Undefined array key "tender_id"
#0 /home/linuxmilcl/public_html/projects/pratap/app/Views/frontend/dashboard/document_check.php(9): CodeIgniter\Debug\Exceptions->errorHandler(2, 'Undefined array...', '/home/linuxmilc...', 9)
#1 /home/linuxmilcl/public_html/projects/pratap/system/View/View.php(210): include('/home/linuxmilc...')
#2 /home/linuxmilcl/public_html/projects/pratap/system/View/View.php(213): CodeIgniter\View\View->CodeIgniter\View\{closure}()
#3 /home/linuxmilcl/public_html/projects/pratap/system/Common.php(1089): CodeIgniter\View\View->render('frontend/dashbo...', Array, true)
#4 /home/linuxmilcl/public_html/projects/pratap/app/Controllers/UserDashboardController.php(800): view('frontend/dashbo...', Array)
#5 /home/linuxmilcl/public_html/projects/pratap/system/CodeIgniter.php(825): App\Controllers\UserDashboardController->document_checkrs('767654')
#6 /home/linuxmilcl/public_html/projects/pratap/system/CodeIgniter.php(412): CodeIgniter\CodeIgniter->runController(Object(App\Controllers\UserDashboardController))
#7 /home/linuxmilcl/public_html/projects/pratap/system/CodeIgniter.php(320): CodeIgniter\CodeIgniter->handleRequest(NULL, Object(Config\Cache), false)
#8 /home/linuxmilcl/public_html/projects/pratap/index.php(38): CodeIgniter\CodeIgniter->run()
#9 {main}
CRITICAL - 2022-10-25 13:40:23 --> Undefined array key "tender_id"
#0 /home/linuxmilcl/public_html/projects/pratap/app/Views/frontend/dashboard/document_check.php(9): CodeIgniter\Debug\Exceptions->errorHandler(2, 'Undefined array...', '/home/linuxmilc...', 9)
#1 /home/linuxmilcl/public_html/projects/pratap/system/View/View.php(210): include('/home/linuxmilc...')
#2 /home/linuxmilcl/public_html/projects/pratap/system/View/View.php(213): CodeIgniter\View\View->CodeIgniter\View\{closure}()
#3 /home/linuxmilcl/public_html/projects/pratap/system/Common.php(1089): CodeIgniter\View\View->render('frontend/dashbo...', Array, true)
#4 /home/linuxmilcl/public_html/projects/pratap/app/Controllers/UserDashboardController.php(797): view('frontend/dashbo...', Array)
#5 /home/linuxmilcl/public_html/projects/pratap/system/CodeIgniter.php(825): App\Controllers\UserDashboardController->document_checkrs('767654')
#6 /home/linuxmilcl/public_html/projects/pratap/system/CodeIgniter.php(412): CodeIgniter\CodeIgniter->runController(Object(App\Controllers\UserDashboardController))
#7 /home/linuxmilcl/public_html/projects/pratap/system/CodeIgniter.php(320): CodeIgniter\CodeIgniter->handleRequest(NULL, Object(Config\Cache), false)
#8 /home/linuxmilcl/public_html/projects/pratap/index.php(38): CodeIgniter\CodeIgniter->run()
#9 {main}
CRITICAL - 2022-10-25 13:44:26 --> Undefined array key "tender_id"
#0 /home/linuxmilcl/public_html/projects/pratap/app/Views/frontend/dashboard/document_check.php(9): CodeIgniter\Debug\Exceptions->errorHandler(2, 'Undefined array...', '/home/linuxmilc...', 9)
#1 /home/linuxmilcl/public_html/projects/pratap/system/View/View.php(210): include('/home/linuxmilc...')
#2 /home/linuxmilcl/public_html/projects/pratap/system/View/View.php(213): CodeIgniter\View\View->CodeIgniter\View\{closure}()
#3 /home/linuxmilcl/public_html/projects/pratap/system/Common.php(1089): CodeIgniter\View\View->render('frontend/dashbo...', Array, true)
#4 /home/linuxmilcl/public_html/projects/pratap/app/Controllers/UserDashboardController.php(797): view('frontend/dashbo...', Array)
#5 /home/linuxmilcl/public_html/projects/pratap/system/CodeIgniter.php(825): App\Controllers\UserDashboardController->document_checkrs('767654')
#6 /home/linuxmilcl/public_html/projects/pratap/system/CodeIgniter.php(412): CodeIgniter\CodeIgniter->runController(Object(App\Controllers\UserDashboardController))
#7 /home/linuxmilcl/public_html/projects/pratap/system/CodeIgniter.php(320): CodeIgniter\CodeIgniter->handleRequest(NULL, Object(Config\Cache), false)
#8 /home/linuxmilcl/public_html/projects/pratap/index.php(38): CodeIgniter\CodeIgniter->run()
#9 {main}
CRITICAL - 2022-10-25 13:46:29 --> Trying to access array offset on value of type null
#0 /home/linuxmilcl/public_html/projects/pratap/app/Views/frontend/dashboard/document_check.php(9): CodeIgniter\Debug\Exceptions->errorHandler(2, 'Trying to acces...', '/home/linuxmilc...', 9)
#1 /home/linuxmilcl/public_html/projects/pratap/system/View/View.php(210): include('/home/linuxmilc...')
#2 /home/linuxmilcl/public_html/projects/pratap/system/View/View.php(213): CodeIgniter\View\View->CodeIgniter\View\{closure}()
#3 /home/linuxmilcl/public_html/projects/pratap/system/Common.php(1089): CodeIgniter\View\View->render('frontend/dashbo...', Array, true)
#4 /home/linuxmilcl/public_html/projects/pratap/app/Controllers/UserDashboardController.php(800): view('frontend/dashbo...', Array)
#5 /home/linuxmilcl/public_html/projects/pratap/system/CodeIgniter.php(825): App\Controllers\UserDashboardController->document_checkrs('767654')
#6 /home/linuxmilcl/public_html/projects/pratap/system/CodeIgniter.php(412): CodeIgniter\CodeIgniter->runController(Object(App\Controllers\UserDashboardController))
#7 /home/linuxmilcl/public_html/projects/pratap/system/CodeIgniter.php(320): CodeIgniter\CodeIgniter->handleRequest(NULL, Object(Config\Cache), false)
#8 /home/linuxmilcl/public_html/projects/pratap/index.php(38): CodeIgniter\CodeIgniter->run()
#9 {main}
CRITICAL - 2022-10-25 13:51:40 --> Undefined array key "tender_id"
#0 /home/linuxmilcl/public_html/projects/pratap/app/Views/frontend/dashboard/document_check.php(9): CodeIgniter\Debug\Exceptions->errorHandler(2, 'Undefined array...', '/home/linuxmilc...', 9)
#1 /home/linuxmilcl/public_html/projects/pratap/system/View/View.php(210): include('/home/linuxmilc...')
#2 /home/linuxmilcl/public_html/projects/pratap/system/View/View.php(213): CodeIgniter\View\View->CodeIgniter\View\{closure}()
#3 /home/linuxmilcl/public_html/projects/pratap/system/Common.php(1089): CodeIgniter\View\View->render('frontend/dashbo...', Array, true)
#4 /home/linuxmilcl/public_html/projects/pratap/app/Controllers/UserDashboardController.php(800): view('frontend/dashbo...', Array)
#5 /home/linuxmilcl/public_html/projects/pratap/system/CodeIgniter.php(825): App\Controllers\UserDashboardController->document_checkrs('767654')
#6 /home/linuxmilcl/public_html/projects/pratap/system/CodeIgniter.php(412): CodeIgniter\CodeIgniter->runController(Object(App\Controllers\UserDashboardController))
#7 /home/linuxmilcl/public_html/projects/pratap/system/CodeIgniter.php(320): CodeIgniter\CodeIgniter->handleRequest(NULL, Object(Config\Cache), false)
#8 /home/linuxmilcl/public_html/projects/pratap/index.php(38): CodeIgniter\CodeIgniter->run()
#9 {main}
CRITICAL - 2022-10-25 13:57:17 --> Trying to access array offset on value of type null
#0 /home/linuxmilcl/public_html/projects/pratap/app/Views/frontend/dashboard/document_check.php(9): CodeIgniter\Debug\Exceptions->errorHandler(2, 'Trying to acces...', '/home/linuxmilc...', 9)
#1 /home/linuxmilcl/public_html/projects/pratap/system/View/View.php(210): include('/home/linuxmilc...')
#2 /home/linuxmilcl/public_html/projects/pratap/system/View/View.php(213): CodeIgniter\View\View->CodeIgniter\View\{closure}()
#3 /home/linuxmilcl/public_html/projects/pratap/system/Common.php(1089): CodeIgniter\View\View->render('frontend/dashbo...', Array, true)
#4 /home/linuxmilcl/public_html/projects/pratap/app/Controllers/UserDashboardController.php(822): view('frontend/dashbo...', Array)
#5 /home/linuxmilcl/public_html/projects/pratap/system/CodeIgniter.php(825): App\Controllers\UserDashboardController->document_checkrs('767654')
#6 /home/linuxmilcl/public_html/projects/pratap/system/CodeIgniter.php(412): CodeIgniter\CodeIgniter->runController(Object(App\Controllers\UserDashboardController))
#7 /home/linuxmilcl/public_html/projects/pratap/system/CodeIgniter.php(320): CodeIgniter\CodeIgniter->handleRequest(NULL, Object(Config\Cache), false)
#8 /home/linuxmilcl/public_html/projects/pratap/index.php(38): CodeIgniter\CodeIgniter->run()
#9 {main}
CRITICAL - 2022-10-25 14:01:28 --> syntax error, unexpected token "<"
#0 /home/linuxmilcl/public_html/projects/pratap/system/View/View.php(213): CodeIgniter\View\View->CodeIgniter\View\{closure}()
#1 /home/linuxmilcl/public_html/projects/pratap/system/Common.php(1089): CodeIgniter\View\View->render('frontend/dashbo...', Array, true)
#2 /home/linuxmilcl/public_html/projects/pratap/app/Controllers/UserDashboardController.php(822): view('frontend/dashbo...', Array)
#3 /home/linuxmilcl/public_html/projects/pratap/system/CodeIgniter.php(825): App\Controllers\UserDashboardController->document_checkrs('767654')
#4 /home/linuxmilcl/public_html/projects/pratap/system/CodeIgniter.php(412): CodeIgniter\CodeIgniter->runController(Object(App\Controllers\UserDashboardController))
#5 /home/linuxmilcl/public_html/projects/pratap/system/CodeIgniter.php(320): CodeIgniter\CodeIgniter->handleRequest(NULL, Object(Config\Cache), false)
#6 /home/linuxmilcl/public_html/projects/pratap/index.php(38): CodeIgniter\CodeIgniter->run()
#7 {main}
CRITICAL - 2022-10-25 14:01:56 --> foreach() argument must be of type array|object, null given
#0 /home/linuxmilcl/public_html/projects/pratap/app/Views/frontend/dashboard/document_check.php(9): CodeIgniter\Debug\Exceptions->errorHandler(2, 'foreach() argum...', '/home/linuxmilc...', 9)
#1 /home/linuxmilcl/public_html/projects/pratap/system/View/View.php(210): include('/home/linuxmilc...')
#2 /home/linuxmilcl/public_html/projects/pratap/system/View/View.php(213): CodeIgniter\View\View->CodeIgniter\View\{closure}()
#3 /home/linuxmilcl/public_html/projects/pratap/system/Common.php(1089): CodeIgniter\View\View->render('frontend/dashbo...', Array, true)
#4 /home/linuxmilcl/public_html/projects/pratap/app/Controllers/UserDashboardController.php(822): view('frontend/dashbo...', Array)
#5 /home/linuxmilcl/public_html/projects/pratap/system/CodeIgniter.php(825): App\Controllers\UserDashboardController->document_checkrs('767654')
#6 /home/linuxmilcl/public_html/projects/pratap/system/CodeIgniter.php(412): CodeIgniter\CodeIgniter->runController(Object(App\Controllers\UserDashboardController))
#7 /home/linuxmilcl/public_html/projects/pratap/system/CodeIgniter.php(320): CodeIgniter\CodeIgniter->handleRequest(NULL, Object(Config\Cache), false)
#8 /home/linuxmilcl/public_html/projects/pratap/index.php(38): CodeIgniter\CodeIgniter->run()
#9 {main}
CRITICAL - 2022-10-25 14:11:21 --> Undefined array key "tender_id"
#0 /home/linuxmilcl/public_html/projects/pratap/app/Views/frontend/dashboard/document_check.php(10): CodeIgniter\Debug\Exceptions->errorHandler(2, 'Undefined array...', '/home/linuxmilc...', 10)
#1 /home/linuxmilcl/public_html/projects/pratap/system/View/View.php(210): include('/home/linuxmilc...')
#2 /home/linuxmilcl/public_html/projects/pratap/system/View/View.php(213): CodeIgniter\View\View->CodeIgniter\View\{closure}()
#3 /home/linuxmilcl/public_html/projects/pratap/system/Common.php(1089): CodeIgniter\View\View->render('frontend/dashbo...', Array, true)
#4 /home/linuxmilcl/public_html/projects/pratap/app/Controllers/UserDashboardController.php(821): view('frontend/dashbo...', Array)
#5 /home/linuxmilcl/public_html/projects/pratap/system/CodeIgniter.php(825): App\Controllers\UserDashboardController->document_checkrs('Tender-101')
#6 /home/linuxmilcl/public_html/projects/pratap/system/CodeIgniter.php(412): CodeIgniter\CodeIgniter->runController(Object(App\Controllers\UserDashboardController))
#7 /home/linuxmilcl/public_html/projects/pratap/system/CodeIgniter.php(320): CodeIgniter\CodeIgniter->handleRequest(NULL, Object(Config\Cache), false)
#8 /home/linuxmilcl/public_html/projects/pratap/index.php(38): CodeIgniter\CodeIgniter->run()
#9 {main}
CRITICAL - 2022-10-25 14:11:37 --> Undefined array key "tender_id"
#0 /home/linuxmilcl/public_html/projects/pratap/app/Views/frontend/dashboard/document_check.php(10): CodeIgniter\Debug\Exceptions->errorHandler(2, 'Undefined array...', '/home/linuxmilc...', 10)
#1 /home/linuxmilcl/public_html/projects/pratap/system/View/View.php(210): include('/home/linuxmilc...')
#2 /home/linuxmilcl/public_html/projects/pratap/system/View/View.php(213): CodeIgniter\View\View->CodeIgniter\View\{closure}()
#3 /home/linuxmilcl/public_html/projects/pratap/system/Common.php(1089): CodeIgniter\View\View->render('frontend/dashbo...', Array, true)
#4 /home/linuxmilcl/public_html/projects/pratap/app/Controllers/UserDashboardController.php(821): view('frontend/dashbo...', Array)
#5 /home/linuxmilcl/public_html/projects/pratap/system/CodeIgniter.php(825): App\Controllers\UserDashboardController->document_checkrs('Tender-101')
#6 /home/linuxmilcl/public_html/projects/pratap/system/CodeIgniter.php(412): CodeIgniter\CodeIgniter->runController(Object(App\Controllers\UserDashboardController))
#7 /home/linuxmilcl/public_html/projects/pratap/system/CodeIgniter.php(320): CodeIgniter\CodeIgniter->handleRequest(NULL, Object(Config\Cache), false)
#8 /home/linuxmilcl/public_html/projects/pratap/index.php(38): CodeIgniter\CodeIgniter->run()
#9 {main}
CRITICAL - 2022-10-25 14:13:35 --> Invalid file: admin/dashboard.php
#0 /home/linuxmilcl/public_html/projects/pratap/system/View/View.php(198): CodeIgniter\Exceptions\FrameworkException::forInvalidFile('admin/dashboard...')
#1 /home/linuxmilcl/public_html/projects/pratap/system/Common.php(1089): CodeIgniter\View\View->render('admin/dashboard', Array, true)
#2 /home/linuxmilcl/public_html/projects/pratap/app/Controllers/DashboardController.php(38): view('admin/dashboard')
#3 /home/linuxmilcl/public_html/projects/pratap/system/CodeIgniter.php(825): App\Controllers\DashboardController->index()
#4 /home/linuxmilcl/public_html/projects/pratap/system/CodeIgniter.php(412): CodeIgniter\CodeIgniter->runController(Object(App\Controllers\DashboardController))
#5 /home/linuxmilcl/public_html/projects/pratap/system/CodeIgniter.php(320): CodeIgniter\CodeIgniter->handleRequest(NULL, Object(Config\Cache), false)
#6 /home/linuxmilcl/public_html/projects/pratap/index.php(38): CodeIgniter\CodeIgniter->run()
#7 {main}
CRITICAL - 2022-10-25 14:15:14 --> Undefined array key "id"
#0 /home/linuxmilcl/public_html/projects/pratap/app/Views/frontend/dashboard/document_check.php(13): CodeIgniter\Debug\Exceptions->errorHandler(2, 'Undefined array...', '/home/linuxmilc...', 13)
#1 /home/linuxmilcl/public_html/projects/pratap/system/View/View.php(210): include('/home/linuxmilc...')
#2 /home/linuxmilcl/public_html/projects/pratap/system/View/View.php(213): CodeIgniter\View\View->CodeIgniter\View\{closure}()
#3 /home/linuxmilcl/public_html/projects/pratap/system/Common.php(1089): CodeIgniter\View\View->render('frontend/dashbo...', Array, true)
#4 /home/linuxmilcl/public_html/projects/pratap/app/Controllers/UserDashboardController.php(821): view('frontend/dashbo...', Array)
#5 /home/linuxmilcl/public_html/projects/pratap/system/CodeIgniter.php(825): App\Controllers\UserDashboardController->document_checkrs('767654')
#6 /home/linuxmilcl/public_html/projects/pratap/system/CodeIgniter.php(412): CodeIgniter\CodeIgniter->runController(Object(App\Controllers\UserDashboardController))
#7 /home/linuxmilcl/public_html/projects/pratap/system/CodeIgniter.php(320): CodeIgniter\CodeIgniter->handleRequest(NULL, Object(Config\Cache), false)
#8 /home/linuxmilcl/public_html/projects/pratap/index.php(38): CodeIgniter\CodeIgniter->run()
#9 {main}
CRITICAL - 2022-10-25 14:58:46 --> implode(): Argument #2 ($array) must be of type ?array, string given
#0 /home/linuxmilcl/public_html/projects/pratap/app/Controllers/UserDashboardController.php(845): implode(', ', 'on')
#1 /home/linuxmilcl/public_html/projects/pratap/system/CodeIgniter.php(825): App\Controllers\UserDashboardController->document_assign()
#2 /home/linuxmilcl/public_html/projects/pratap/system/CodeIgniter.php(412): CodeIgniter\CodeIgniter->runController(Object(App\Controllers\UserDashboardController))
#3 /home/linuxmilcl/public_html/projects/pratap/system/CodeIgniter.php(320): CodeIgniter\CodeIgniter->handleRequest(NULL, Object(Config\Cache), false)
#4 /home/linuxmilcl/public_html/projects/pratap/index.php(38): CodeIgniter\CodeIgniter->run()
#5 {main}
CRITICAL - 2022-10-25 15:02:17 --> implode(): Argument #2 ($array) must be of type ?array, string given
#0 /home/linuxmilcl/public_html/projects/pratap/app/Controllers/UserDashboardController.php(839): implode(', ', 'on')
#1 /home/linuxmilcl/public_html/projects/pratap/system/CodeIgniter.php(825): App\Controllers\UserDashboardController->document_assign()
#2 /home/linuxmilcl/public_html/projects/pratap/system/CodeIgniter.php(412): CodeIgniter\CodeIgniter->runController(Object(App\Controllers\UserDashboardController))
#3 /home/linuxmilcl/public_html/projects/pratap/system/CodeIgniter.php(320): CodeIgniter\CodeIgniter->handleRequest(NULL, Object(Config\Cache), false)
#4 /home/linuxmilcl/public_html/projects/pratap/index.php(38): CodeIgniter\CodeIgniter->run()
#5 {main}
CRITICAL - 2022-10-25 15:09:45 --> implode(): Argument #2 ($array) must be of type ?array, string given
#0 /home/linuxmilcl/public_html/projects/pratap/app/Controllers/UserDashboardController.php(839): implode(', ', 'cropped-small-s...')
#1 /home/linuxmilcl/public_html/projects/pratap/system/CodeIgniter.php(825): App\Controllers\UserDashboardController->document_assign()
#2 /home/linuxmilcl/public_html/projects/pratap/system/CodeIgniter.php(412): CodeIgniter\CodeIgniter->runController(Object(App\Controllers\UserDashboardController))
#3 /home/linuxmilcl/public_html/projects/pratap/system/CodeIgniter.php(320): CodeIgniter\CodeIgniter->handleRequest(NULL, Object(Config\Cache), false)
#4 /home/linuxmilcl/public_html/projects/pratap/index.php(38): CodeIgniter\CodeIgniter->run()
#5 {main}
CRITICAL - 2022-10-25 15:09:52 --> implode(): Argument #2 ($array) must be of type ?array, string given
#0 /home/linuxmilcl/public_html/projects/pratap/app/Controllers/UserDashboardController.php(839): implode(', ', 'cropped-small-s...')
#1 /home/linuxmilcl/public_html/projects/pratap/system/CodeIgniter.php(825): App\Controllers\UserDashboardController->document_assign()
#2 /home/linuxmilcl/public_html/projects/pratap/system/CodeIgniter.php(412): CodeIgniter\CodeIgniter->runController(Object(App\Controllers\UserDashboardController))
#3 /home/linuxmilcl/public_html/projects/pratap/system/CodeIgniter.php(320): CodeIgniter\CodeIgniter->handleRequest(NULL, Object(Config\Cache), false)
#4 /home/linuxmilcl/public_html/projects/pratap/index.php(38): CodeIgniter\CodeIgniter->run()
#5 {main}
CRITICAL - 2022-10-25 15:13:43 --> implode(): Argument #2 ($array) must be of type ?array, string given
#0 /home/linuxmilcl/public_html/projects/pratap/app/Controllers/UserDashboardController.php(839): implode(', ', 'cropped-small-s...')
#1 /home/linuxmilcl/public_html/projects/pratap/system/CodeIgniter.php(825): App\Controllers\UserDashboardController->document_assign()
#2 /home/linuxmilcl/public_html/projects/pratap/system/CodeIgniter.php(412): CodeIgniter\CodeIgniter->runController(Object(App\Controllers\UserDashboardController))
#3 /home/linuxmilcl/public_html/projects/pratap/system/CodeIgniter.php(320): CodeIgniter\CodeIgniter->handleRequest(NULL, Object(Config\Cache), false)
#4 /home/linuxmilcl/public_html/projects/pratap/index.php(38): CodeIgniter\CodeIgniter->run()
#5 {main}
CRITICAL - 2022-10-25 15:15:39 --> implode(): Argument #2 ($array) must be of type ?array, string given
#0 /home/linuxmilcl/public_html/projects/pratap/app/Controllers/UserDashboardController.php(839): implode(', ', 'cropped-small-s...')
#1 /home/linuxmilcl/public_html/projects/pratap/system/CodeIgniter.php(825): App\Controllers\UserDashboardController->document_assign()
#2 /home/linuxmilcl/public_html/projects/pratap/system/CodeIgniter.php(412): CodeIgniter\CodeIgniter->runController(Object(App\Controllers\UserDashboardController))
#3 /home/linuxmilcl/public_html/projects/pratap/system/CodeIgniter.php(320): CodeIgniter\CodeIgniter->handleRequest(NULL, Object(Config\Cache), false)
#4 /home/linuxmilcl/public_html/projects/pratap/index.php(38): CodeIgniter\CodeIgniter->run()
#5 {main}
CRITICAL - 2022-10-25 15:17:03 --> implode(): Argument #2 ($array) must be of type ?array, string given
#0 /home/linuxmilcl/public_html/projects/pratap/app/Controllers/UserDashboardController.php(839): implode(', ', 'cropped-small-s...')
#1 /home/linuxmilcl/public_html/projects/pratap/system/CodeIgniter.php(825): App\Controllers\UserDashboardController->document_assign()
#2 /home/linuxmilcl/public_html/projects/pratap/system/CodeIgniter.php(412): CodeIgniter\CodeIgniter->runController(Object(App\Controllers\UserDashboardController))
#3 /home/linuxmilcl/public_html/projects/pratap/system/CodeIgniter.php(320): CodeIgniter\CodeIgniter->handleRequest(NULL, Object(Config\Cache), false)
#4 /home/linuxmilcl/public_html/projects/pratap/index.php(38): CodeIgniter\CodeIgniter->run()
#5 {main}
CRITICAL - 2022-10-25 15:37:46 --> syntax error, unexpected token ","
#0 /home/linuxmilcl/public_html/projects/pratap/system/Autoloader/Autoloader.php(241): CodeIgniter\Autoloader\Autoloader->includeFile('/home/linuxmilc...')
#1 /home/linuxmilcl/public_html/projects/pratap/system/Autoloader/Autoloader.php(219): CodeIgniter\Autoloader\Autoloader->loadInNamespace('App\\Controllers...')
#2 [internal function]: CodeIgniter\Autoloader\Autoloader->loadClass('App\\Controllers...')
#3 /home/linuxmilcl/public_html/projects/pratap/system/CodeIgniter.php(790): class_exists('\\App\\Controller...', true)
#4 /home/linuxmilcl/public_html/projects/pratap/system/CodeIgniter.php(399): CodeIgniter\CodeIgniter->startController()
#5 /home/linuxmilcl/public_html/projects/pratap/system/CodeIgniter.php(320): CodeIgniter\CodeIgniter->handleRequest(NULL, Object(Config\Cache), false)
#6 /home/linuxmilcl/public_html/projects/pratap/index.php(38): CodeIgniter\CodeIgniter->run()
#7 {main}
CRITICAL - 2022-10-25 16:50:58 --> implode(): Argument #2 ($array) must be of type ?array, string given
#0 /home/linuxmilcl/public_html/projects/pratap/app/Controllers/UserDashboardController.php(847): implode(', ', 'Technical')
#1 /home/linuxmilcl/public_html/projects/pratap/system/CodeIgniter.php(825): App\Controllers\UserDashboardController->document_assign()
#2 /home/linuxmilcl/public_html/projects/pratap/system/CodeIgniter.php(412): CodeIgniter\CodeIgniter->runController(Object(App\Controllers\UserDashboardController))
#3 /home/linuxmilcl/public_html/projects/pratap/system/CodeIgniter.php(320): CodeIgniter\CodeIgniter->handleRequest(NULL, Object(Config\Cache), false)
#4 /home/linuxmilcl/public_html/projects/pratap/index.php(38): CodeIgniter\CodeIgniter->run()
#5 {main}
CRITICAL - 2022-10-25 16:51:56 --> implode(): Argument #2 ($array) must be of type ?array, string given
#0 /home/linuxmilcl/public_html/projects/pratap/app/Controllers/UserDashboardController.php(847): implode(', ', 'Technical')
#1 /home/linuxmilcl/public_html/projects/pratap/system/CodeIgniter.php(825): App\Controllers\UserDashboardController->document_assign()
#2 /home/linuxmilcl/public_html/projects/pratap/system/CodeIgniter.php(412): CodeIgniter\CodeIgniter->runController(Object(App\Controllers\UserDashboardController))
#3 /home/linuxmilcl/public_html/projects/pratap/system/CodeIgniter.php(320): CodeIgniter\CodeIgniter->handleRequest(NULL, Object(Config\Cache), false)
#4 /home/linuxmilcl/public_html/projects/pratap/index.php(38): CodeIgniter\CodeIgniter->run()
#5 {main}
CRITICAL - 2022-10-25 16:53:10 --> implode(): Argument #2 ($array) must be of type ?array, string given
#0 /home/linuxmilcl/public_html/projects/pratap/app/Controllers/UserDashboardController.php(847): implode(', ', 'Technical')
#1 /home/linuxmilcl/public_html/projects/pratap/system/CodeIgniter.php(825): App\Controllers\UserDashboardController->document_assign()
#2 /home/linuxmilcl/public_html/projects/pratap/system/CodeIgniter.php(412): CodeIgniter\CodeIgniter->runController(Object(App\Controllers\UserDashboardController))
#3 /home/linuxmilcl/public_html/projects/pratap/system/CodeIgniter.php(320): CodeIgniter\CodeIgniter->handleRequest(NULL, Object(Config\Cache), false)
#4 /home/linuxmilcl/public_html/projects/pratap/index.php(38): CodeIgniter\CodeIgniter->run()
#5 {main}
CRITICAL - 2022-10-25 17:02:58 --> The original file is not a valid file.
#0 /home/linuxmilcl/public_html/projects/pratap/system/HTTP/Files/UploadedFile.php(137): CodeIgniter\HTTP\Exceptions\HTTPException::forInvalidFile()
#1 /home/linuxmilcl/public_html/projects/pratap/app/Controllers/UserDashboardController.php(475): CodeIgniter\HTTP\Files\UploadedFile->move('/home/linuxmilc...', '1666697578_2d80...')
#2 /home/linuxmilcl/public_html/projects/pratap/system/CodeIgniter.php(825): App\Controllers\UserDashboardController->tender_update()
#3 /home/linuxmilcl/public_html/projects/pratap/system/CodeIgniter.php(412): CodeIgniter\CodeIgniter->runController(Object(App\Controllers\UserDashboardController))
#4 /home/linuxmilcl/public_html/projects/pratap/system/CodeIgniter.php(320): CodeIgniter\CodeIgniter->handleRequest(NULL, Object(Config\Cache), false)
#5 /home/linuxmilcl/public_html/projects/pratap/index.php(38): CodeIgniter\CodeIgniter->run()
#6 {main}
CRITICAL - 2022-10-25 17:03:18 --> The original file is not a valid file.
#0 /home/linuxmilcl/public_html/projects/pratap/system/HTTP/Files/UploadedFile.php(137): CodeIgniter\HTTP\Exceptions\HTTPException::forInvalidFile()
#1 /home/linuxmilcl/public_html/projects/pratap/app/Controllers/UserDashboardController.php(475): CodeIgniter\HTTP\Files\UploadedFile->move('/home/linuxmilc...', '1666697598_68e5...')
#2 /home/linuxmilcl/public_html/projects/pratap/system/CodeIgniter.php(825): App\Controllers\UserDashboardController->tender_update()
#3 /home/linuxmilcl/public_html/projects/pratap/system/CodeIgniter.php(412): CodeIgniter\CodeIgniter->runController(Object(App\Controllers\UserDashboardController))
#4 /home/linuxmilcl/public_html/projects/pratap/system/CodeIgniter.php(320): CodeIgniter\CodeIgniter->handleRequest(NULL, Object(Config\Cache), false)
#5 /home/linuxmilcl/public_html/projects/pratap/index.php(38): CodeIgniter\CodeIgniter->run()
#6 {main}
CRITICAL - 2022-10-25 17:06:17 --> Undefined variable $tend
#0 /home/linuxmilcl/public_html/projects/pratap/app/Views/frontend/dashboard/tender_edit.php(11): CodeIgniter\Debug\Exceptions->errorHandler(2, 'Undefined varia...', '/home/linuxmilc...', 11)
#1 /home/linuxmilcl/public_html/projects/pratap/system/View/View.php(210): include('/home/linuxmilc...')
#2 /home/linuxmilcl/public_html/projects/pratap/system/View/View.php(213): CodeIgniter\View\View->CodeIgniter\View\{closure}()
#3 /home/linuxmilcl/public_html/projects/pratap/system/Common.php(1089): CodeIgniter\View\View->render('frontend/dashbo...', Array, true)
#4 /home/linuxmilcl/public_html/projects/pratap/app/Controllers/UserDashboardController.php(561): view('frontend/dashbo...', Array)
#5 /home/linuxmilcl/public_html/projects/pratap/system/CodeIgniter.php(825): App\Controllers\UserDashboardController->cor_delete('40')
#6 /home/linuxmilcl/public_html/projects/pratap/system/CodeIgniter.php(412): CodeIgniter\CodeIgniter->runController(Object(App\Controllers\UserDashboardController))
#7 /home/linuxmilcl/public_html/projects/pratap/system/CodeIgniter.php(320): CodeIgniter\CodeIgniter->handleRequest(NULL, Object(Config\Cache), false)
#8 /home/linuxmilcl/public_html/projects/pratap/index.php(38): CodeIgniter\CodeIgniter->run()
#9 {main}
CRITICAL - 2022-10-25 17:07:24 --> The original file is not a valid file.
#0 /home/linuxmilcl/public_html/projects/pratap/system/HTTP/Files/UploadedFile.php(137): CodeIgniter\HTTP\Exceptions\HTTPException::forInvalidFile()
#1 /home/linuxmilcl/public_html/projects/pratap/app/Controllers/UserDashboardController.php(475): CodeIgniter\HTTP\Files\UploadedFile->move('/home/linuxmilc...', '1666697844_1a3f...')
#2 /home/linuxmilcl/public_html/projects/pratap/system/CodeIgniter.php(825): App\Controllers\UserDashboardController->tender_update()
#3 /home/linuxmilcl/public_html/projects/pratap/system/CodeIgniter.php(412): CodeIgniter\CodeIgniter->runController(Object(App\Controllers\UserDashboardController))
#4 /home/linuxmilcl/public_html/projects/pratap/system/CodeIgniter.php(320): CodeIgniter\CodeIgniter->handleRequest(NULL, Object(Config\Cache), false)
#5 /home/linuxmilcl/public_html/projects/pratap/index.php(38): CodeIgniter\CodeIgniter->run()
#6 {main}
CRITICAL - 2022-10-25 17:11:56 --> Array to string conversion
#0 /home/linuxmilcl/public_html/projects/pratap/app/Views/frontend/dashboard/document_check.php(10): CodeIgniter\Debug\Exceptions->errorHandler(2, 'Array to string...', '/home/linuxmilc...', 10)
#1 /home/linuxmilcl/public_html/projects/pratap/system/View/View.php(210): include('/home/linuxmilc...')
#2 /home/linuxmilcl/public_html/projects/pratap/system/View/View.php(213): CodeIgniter\View\View->CodeIgniter\View\{closure}()
#3 /home/linuxmilcl/public_html/projects/pratap/system/Common.php(1089): CodeIgniter\View\View->render('frontend/dashbo...', Array, true)
#4 /home/linuxmilcl/public_html/projects/pratap/app/Controllers/UserDashboardController.php(824): view('frontend/dashbo...', Array)
#5 /home/linuxmilcl/public_html/projects/pratap/system/CodeIgniter.php(825): App\Controllers\UserDashboardController->document_checkrs('T000101')
#6 /home/linuxmilcl/public_html/projects/pratap/system/CodeIgniter.php(412): CodeIgniter\CodeIgniter->runController(Object(App\Controllers\UserDashboardController))
#7 /home/linuxmilcl/public_html/projects/pratap/system/CodeIgniter.php(320): CodeIgniter\CodeIgniter->handleRequest(NULL, Object(Config\Cache), false)
#8 /home/linuxmilcl/public_html/projects/pratap/index.php(38): CodeIgniter\CodeIgniter->run()
#9 {main}
CRITICAL - 2022-10-25 17:12:57 --> Undefined array key "tender_id"
#0 /home/linuxmilcl/public_html/projects/pratap/app/Views/frontend/dashboard/document_check.php(10): CodeIgniter\Debug\Exceptions->errorHandler(2, 'Undefined array...', '/home/linuxmilc...', 10)
#1 /home/linuxmilcl/public_html/projects/pratap/system/View/View.php(210): include('/home/linuxmilc...')
#2 /home/linuxmilcl/public_html/projects/pratap/system/View/View.php(213): CodeIgniter\View\View->CodeIgniter\View\{closure}()
#3 /home/linuxmilcl/public_html/projects/pratap/system/Common.php(1089): CodeIgniter\View\View->render('frontend/dashbo...', Array, true)
#4 /home/linuxmilcl/public_html/projects/pratap/app/Controllers/UserDashboardController.php(824): view('frontend/dashbo...', Array)
#5 /home/linuxmilcl/public_html/projects/pratap/system/CodeIgniter.php(825): App\Controllers\UserDashboardController->document_checkrs('T000101')
#6 /home/linuxmilcl/public_html/projects/pratap/system/CodeIgniter.php(412): CodeIgniter\CodeIgniter->runController(Object(App\Controllers\UserDashboardController))
#7 /home/linuxmilcl/public_html/projects/pratap/system/CodeIgniter.php(320): CodeIgniter\CodeIgniter->handleRequest(NULL, Object(Config\Cache), false)
#8 /home/linuxmilcl/public_html/projects/pratap/index.php(38): CodeIgniter\CodeIgniter->run()
#9 {main}
CRITICAL - 2022-10-25 17:13:19 --> syntax error, unexpected token "}", expecting "," or ";"
#0 /home/linuxmilcl/public_html/projects/pratap/system/View/View.php(213): CodeIgniter\View\View->CodeIgniter\View\{closure}()
#1 /home/linuxmilcl/public_html/projects/pratap/system/Common.php(1089): CodeIgniter\View\View->render('frontend/dashbo...', Array, true)
#2 /home/linuxmilcl/public_html/projects/pratap/app/Controllers/UserDashboardController.php(824): view('frontend/dashbo...', Array)
#3 /home/linuxmilcl/public_html/projects/pratap/system/CodeIgniter.php(825): App\Controllers\UserDashboardController->document_checkrs('T000101')
#4 /home/linuxmilcl/public_html/projects/pratap/system/CodeIgniter.php(412): CodeIgniter\CodeIgniter->runController(Object(App\Controllers\UserDashboardController))
#5 /home/linuxmilcl/public_html/projects/pratap/system/CodeIgniter.php(320): CodeIgniter\CodeIgniter->handleRequest(NULL, Object(Config\Cache), false)
#6 /home/linuxmilcl/public_html/projects/pratap/index.php(38): CodeIgniter\CodeIgniter->run()
#7 {main}
CRITICAL - 2022-10-25 17:20:56 --> The original file is not a valid file.
#0 /home/linuxmilcl/public_html/projects/pratap/system/HTTP/Files/UploadedFile.php(137): CodeIgniter\HTTP\Exceptions\HTTPException::forInvalidFile()
#1 /home/linuxmilcl/public_html/projects/pratap/app/Controllers/UserDashboardController.php(475): CodeIgniter\HTTP\Files\UploadedFile->move('/home/linuxmilc...', '1666698656_b9c4...')
#2 /home/linuxmilcl/public_html/projects/pratap/system/CodeIgniter.php(825): App\Controllers\UserDashboardController->tender_update()
#3 /home/linuxmilcl/public_html/projects/pratap/system/CodeIgniter.php(412): CodeIgniter\CodeIgniter->runController(Object(App\Controllers\UserDashboardController))
#4 /home/linuxmilcl/public_html/projects/pratap/system/CodeIgniter.php(320): CodeIgniter\CodeIgniter->handleRequest(NULL, Object(Config\Cache), false)
#5 /home/linuxmilcl/public_html/projects/pratap/index.php(38): CodeIgniter\CodeIgniter->run()
#6 {main}
CRITICAL - 2022-10-25 17:21:31 --> Trying to access array offset on value of type null
#0 /home/linuxmilcl/public_html/projects/pratap/app/Views/frontend/dashboard/tender_edit.php(11): CodeIgniter\Debug\Exceptions->errorHandler(2, 'Trying to acces...', '/home/linuxmilc...', 11)
#1 /home/linuxmilcl/public_html/projects/pratap/system/View/View.php(210): include('/home/linuxmilc...')
#2 /home/linuxmilcl/public_html/projects/pratap/system/View/View.php(213): CodeIgniter\View\View->CodeIgniter\View\{closure}()
#3 /home/linuxmilcl/public_html/projects/pratap/system/Common.php(1089): CodeIgniter\View\View->render('frontend/dashbo...', Array, true)
#4 /home/linuxmilcl/public_html/projects/pratap/app/Controllers/UserDashboardController.php(361): view('frontend/dashbo...', Array)
#5 /home/linuxmilcl/public_html/projects/pratap/system/CodeIgniter.php(825): App\Controllers\UserDashboardController->tender_edit('43')
#6 /home/linuxmilcl/public_html/projects/pratap/system/CodeIgniter.php(412): CodeIgniter\CodeIgniter->runController(Object(App\Controllers\UserDashboardController))
#7 /home/linuxmilcl/public_html/projects/pratap/system/CodeIgniter.php(320): CodeIgniter\CodeIgniter->handleRequest(NULL, Object(Config\Cache), false)
#8 /home/linuxmilcl/public_html/projects/pratap/index.php(38): CodeIgniter\CodeIgniter->run()
#9 {main}
CRITICAL - 2022-10-25 17:22:45 --> The original file is not a valid file.
#0 /home/linuxmilcl/public_html/projects/pratap/system/HTTP/Files/UploadedFile.php(137): CodeIgniter\HTTP\Exceptions\HTTPException::forInvalidFile()
#1 /home/linuxmilcl/public_html/projects/pratap/app/Controllers/UserDashboardController.php(475): CodeIgniter\HTTP\Files\UploadedFile->move('/home/linuxmilc...', '1666698765_70a4...')
#2 /home/linuxmilcl/public_html/projects/pratap/system/CodeIgniter.php(825): App\Controllers\UserDashboardController->tender_update()
#3 /home/linuxmilcl/public_html/projects/pratap/system/CodeIgniter.php(412): CodeIgniter\CodeIgniter->runController(Object(App\Controllers\UserDashboardController))
#4 /home/linuxmilcl/public_html/projects/pratap/system/CodeIgniter.php(320): CodeIgniter\CodeIgniter->handleRequest(NULL, Object(Config\Cache), false)
#5 /home/linuxmilcl/public_html/projects/pratap/index.php(38): CodeIgniter\CodeIgniter->run()
#6 {main}
CRITICAL - 2022-10-25 17:33:49 --> The original file is not a valid file.
#0 /home/linuxmilcl/public_html/projects/pratap/system/HTTP/Files/UploadedFile.php(137): CodeIgniter\HTTP\Exceptions\HTTPException::forInvalidFile()
#1 /home/linuxmilcl/public_html/projects/pratap/app/Controllers/UserDashboardController.php(475): CodeIgniter\HTTP\Files\UploadedFile->move('/home/linuxmilc...', '1666699429_695b...')
#2 /home/linuxmilcl/public_html/projects/pratap/system/CodeIgniter.php(825): App\Controllers\UserDashboardController->tender_update()
#3 /home/linuxmilcl/public_html/projects/pratap/system/CodeIgniter.php(412): CodeIgniter\CodeIgniter->runController(Object(App\Controllers\UserDashboardController))
#4 /home/linuxmilcl/public_html/projects/pratap/system/CodeIgniter.php(320): CodeIgniter\CodeIgniter->handleRequest(NULL, Object(Config\Cache), false)
#5 /home/linuxmilcl/public_html/projects/pratap/index.php(38): CodeIgniter\CodeIgniter->run()
#6 {main}
CRITICAL - 2022-10-25 17:33:57 --> The original file is not a valid file.
#0 /home/linuxmilcl/public_html/projects/pratap/system/HTTP/Files/UploadedFile.php(137): CodeIgniter\HTTP\Exceptions\HTTPException::forInvalidFile()
#1 /home/linuxmilcl/public_html/projects/pratap/app/Controllers/UserDashboardController.php(475): CodeIgniter\HTTP\Files\UploadedFile->move('/home/linuxmilc...', '1666699437_c71c...')
#2 /home/linuxmilcl/public_html/projects/pratap/system/CodeIgniter.php(825): App\Controllers\UserDashboardController->tender_update()
#3 /home/linuxmilcl/public_html/projects/pratap/system/CodeIgniter.php(412): CodeIgniter\CodeIgniter->runController(Object(App\Controllers\UserDashboardController))
#4 /home/linuxmilcl/public_html/projects/pratap/system/CodeIgniter.php(320): CodeIgniter\CodeIgniter->handleRequest(NULL, Object(Config\Cache), false)
#5 /home/linuxmilcl/public_html/projects/pratap/index.php(38): CodeIgniter\CodeIgniter->run()
#6 {main}
CRITICAL - 2022-10-25 17:34:05 --> The original file is not a valid file.
#0 /home/linuxmilcl/public_html/projects/pratap/system/HTTP/Files/UploadedFile.php(137): CodeIgniter\HTTP\Exceptions\HTTPException::forInvalidFile()
#1 /home/linuxmilcl/public_html/projects/pratap/app/Controllers/UserDashboardController.php(475): CodeIgniter\HTTP\Files\UploadedFile->move('/home/linuxmilc...', '1666699445_b670...')
#2 /home/linuxmilcl/public_html/projects/pratap/system/CodeIgniter.php(825): App\Controllers\UserDashboardController->tender_update()
#3 /home/linuxmilcl/public_html/projects/pratap/system/CodeIgniter.php(412): CodeIgniter\CodeIgniter->runController(Object(App\Controllers\UserDashboardController))
#4 /home/linuxmilcl/public_html/projects/pratap/system/CodeIgniter.php(320): CodeIgniter\CodeIgniter->handleRequest(NULL, Object(Config\Cache), false)
#5 /home/linuxmilcl/public_html/projects/pratap/index.php(38): CodeIgniter\CodeIgniter->run()
#6 {main}
CRITICAL - 2022-10-25 17:40:06 --> The original file is not a valid file.
#0 /home/linuxmilcl/public_html/projects/pratap/system/HTTP/Files/UploadedFile.php(137): CodeIgniter\HTTP\Exceptions\HTTPException::forInvalidFile()
#1 /home/linuxmilcl/public_html/projects/pratap/app/Controllers/UserDashboardController.php(440): CodeIgniter\HTTP\Files\UploadedFile->move('/home/linuxmilc...', '1666699806_501b...')
#2 /home/linuxmilcl/public_html/projects/pratap/system/CodeIgniter.php(825): App\Controllers\UserDashboardController->tender_update()
#3 /home/linuxmilcl/public_html/projects/pratap/system/CodeIgniter.php(412): CodeIgniter\CodeIgniter->runController(Object(App\Controllers\UserDashboardController))
#4 /home/linuxmilcl/public_html/projects/pratap/system/CodeIgniter.php(320): CodeIgniter\CodeIgniter->handleRequest(NULL, Object(Config\Cache), false)
#5 /home/linuxmilcl/public_html/projects/pratap/index.php(38): CodeIgniter\CodeIgniter->run()
#6 {main}
CRITICAL - 2022-10-25 18:08:30 --> Call to a member function getClientName() on null
#0 /home/linuxmilcl/public_html/projects/pratap/system/CodeIgniter.php(825): App\Controllers\UserDashboardController->tender_update()
#1 /home/linuxmilcl/public_html/projects/pratap/system/CodeIgniter.php(412): CodeIgniter\CodeIgniter->runController(Object(App\Controllers\UserDashboardController))
#2 /home/linuxmilcl/public_html/projects/pratap/system/CodeIgniter.php(320): CodeIgniter\CodeIgniter->handleRequest(NULL, Object(Config\Cache), false)
#3 /home/linuxmilcl/public_html/projects/pratap/index.php(38): CodeIgniter\CodeIgniter->run()
#4 {main}
CRITICAL - 2022-10-25 18:15:38 --> Array to string conversion
#0 /home/linuxmilcl/public_html/projects/pratap/app/Controllers/UserDashboardController.php(438): CodeIgniter\Debug\Exceptions->errorHandler(2, 'Array to string...', '/home/linuxmilc...', 438)
#1 /home/linuxmilcl/public_html/projects/pratap/system/CodeIgniter.php(825): App\Controllers\UserDashboardController->tender_update()
#2 /home/linuxmilcl/public_html/projects/pratap/system/CodeIgniter.php(412): CodeIgniter\CodeIgniter->runController(Object(App\Controllers\UserDashboardController))
#3 /home/linuxmilcl/public_html/projects/pratap/system/CodeIgniter.php(320): CodeIgniter\CodeIgniter->handleRequest(NULL, Object(Config\Cache), false)
#4 /home/linuxmilcl/public_html/projects/pratap/index.php(38): CodeIgniter\CodeIgniter->run()
#5 {main}
CRITICAL - 2022-10-25 18:16:18 --> Array to string conversion
#0 /home/linuxmilcl/public_html/projects/pratap/app/Controllers/UserDashboardController.php(438): CodeIgniter\Debug\Exceptions->errorHandler(2, 'Array to string...', '/home/linuxmilc...', 438)
#1 /home/linuxmilcl/public_html/projects/pratap/system/CodeIgniter.php(825): App\Controllers\UserDashboardController->tender_update()
#2 /home/linuxmilcl/public_html/projects/pratap/system/CodeIgniter.php(412): CodeIgniter\CodeIgniter->runController(Object(App\Controllers\UserDashboardController))
#3 /home/linuxmilcl/public_html/projects/pratap/system/CodeIgniter.php(320): CodeIgniter\CodeIgniter->handleRequest(NULL, Object(Config\Cache), false)
#4 /home/linuxmilcl/public_html/projects/pratap/index.php(38): CodeIgniter\CodeIgniter->run()
#5 {main}
CRITICAL - 2022-10-25 18:16:54 --> Array to string conversion
#0 /home/linuxmilcl/public_html/projects/pratap/app/Controllers/UserDashboardController.php(438): CodeIgniter\Debug\Exceptions->errorHandler(2, 'Array to string...', '/home/linuxmilc...', 438)
#1 /home/linuxmilcl/public_html/projects/pratap/system/CodeIgniter.php(825): App\Controllers\UserDashboardController->tender_update()
#2 /home/linuxmilcl/public_html/projects/pratap/system/CodeIgniter.php(412): CodeIgniter\CodeIgniter->runController(Object(App\Controllers\UserDashboardController))
#3 /home/linuxmilcl/public_html/projects/pratap/system/CodeIgniter.php(320): CodeIgniter\CodeIgniter->handleRequest(NULL, Object(Config\Cache), false)
#4 /home/linuxmilcl/public_html/projects/pratap/index.php(38): CodeIgniter\CodeIgniter->run()
#5 {main}
CRITICAL - 2022-10-25 18:20:16 --> Array to string conversion
#0 /home/linuxmilcl/public_html/projects/pratap/app/Controllers/UserDashboardController.php(438): CodeIgniter\Debug\Exceptions->errorHandler(2, 'Array to string...', '/home/linuxmilc...', 438)
#1 /home/linuxmilcl/public_html/projects/pratap/system/CodeIgniter.php(825): App\Controllers\UserDashboardController->tender_update()
#2 /home/linuxmilcl/public_html/projects/pratap/system/CodeIgniter.php(412): CodeIgniter\CodeIgniter->runController(Object(App\Controllers\UserDashboardController))
#3 /home/linuxmilcl/public_html/projects/pratap/system/CodeIgniter.php(320): CodeIgniter\CodeIgniter->handleRequest(NULL, Object(Config\Cache), false)
#4 /home/linuxmilcl/public_html/projects/pratap/index.php(38): CodeIgniter\CodeIgniter->run()
#5 {main}
CRITICAL - 2022-10-25 18:20:38 --> Array to string conversion
#0 /home/linuxmilcl/public_html/projects/pratap/app/Controllers/UserDashboardController.php(438): CodeIgniter\Debug\Exceptions->errorHandler(2, 'Array to string...', '/home/linuxmilc...', 438)
#1 /home/linuxmilcl/public_html/projects/pratap/system/CodeIgniter.php(825): App\Controllers\UserDashboardController->tender_update()
#2 /home/linuxmilcl/public_html/projects/pratap/system/CodeIgniter.php(412): CodeIgniter\CodeIgniter->runController(Object(App\Controllers\UserDashboardController))
#3 /home/linuxmilcl/public_html/projects/pratap/system/CodeIgniter.php(320): CodeIgniter\CodeIgniter->handleRequest(NULL, Object(Config\Cache), false)
#4 /home/linuxmilcl/public_html/projects/pratap/index.php(38): CodeIgniter\CodeIgniter->run()
#5 {main}
