CRITICAL - 2022-07-21 21:39:48 --> Invalid file: admin/mentors/view_mentor.php
#0 /home/linuxmilcl/public_html/projects/etp/system/View/View.php(198): CodeIgniter\Exceptions\FrameworkException::forInvalidFile('admin/mentors/v...')
#1 /home/linuxmilcl/public_html/projects/etp/system/Common.php(1089): CodeIgniter\View\View->render('admin/mentors/v...', Array, true)
#2 /home/linuxmilcl/public_html/projects/etp/app/Controllers/Mentor.php(18): view('admin/mentors/v...', Array)
#3 /home/linuxmilcl/public_html/projects/etp/system/CodeIgniter.php(825): App\Controllers\Mentor->index()
#4 /home/linuxmilcl/public_html/projects/etp/system/CodeIgniter.php(412): CodeIgniter\CodeIgniter->runController(Object(App\Controllers\Mentor))
#5 /home/linuxmilcl/public_html/projects/etp/system/CodeIgniter.php(320): CodeIgniter\CodeIgniter->handleRequest(NULL, Object(Config\Cache), false)
#6 /home/linuxmilcl/public_html/projects/etp/index.php(37): CodeIgniter\CodeIgniter->run()
#7 {main}
CRITICAL - 2022-07-21 22:14:10 --> Undefined variable $mentors_data
#0 /home/linuxmilcl/public_html/projects/etp/app/Views/admin/founder/view_founder.php(49): CodeIgniter\Debug\Exceptions->errorHandler(2, 'Undefined varia...', '/home/linuxmilc...', 49)
#1 /home/linuxmilcl/public_html/projects/etp/system/View/View.php(210): include('/home/linuxmilc...')
#2 /home/linuxmilcl/public_html/projects/etp/system/View/View.php(213): CodeIgniter\View\View->CodeIgniter\View\{closure}()
#3 /home/linuxmilcl/public_html/projects/etp/system/Common.php(1089): CodeIgniter\View\View->render('admin/founder/v...', Array, true)
#4 /home/linuxmilcl/public_html/projects/etp/app/Controllers/Founder.php(18): view('admin/founder/v...', Array)
#5 /home/linuxmilcl/public_html/projects/etp/system/CodeIgniter.php(825): App\Controllers\Founder->index()
#6 /home/linuxmilcl/public_html/projects/etp/system/CodeIgniter.php(412): CodeIgniter\CodeIgniter->runController(Object(App\Controllers\Founder))
#7 /home/linuxmilcl/public_html/projects/etp/system/CodeIgniter.php(320): CodeIgniter\CodeIgniter->handleRequest(NULL, Object(Config\Cache), false)
#8 /home/linuxmilcl/public_html/projects/etp/index.php(37): CodeIgniter\CodeIgniter->run()
#9 {main}
CRITICAL - 2022-07-21 22:15:25 --> Undefined variable $mentors_data
#0 /home/linuxmilcl/public_html/projects/etp/app/Views/admin/founder/view_founder.php(49): CodeIgniter\Debug\Exceptions->errorHandler(2, 'Undefined varia...', '/home/linuxmilc...', 49)
#1 /home/linuxmilcl/public_html/projects/etp/system/View/View.php(210): include('/home/linuxmilc...')
#2 /home/linuxmilcl/public_html/projects/etp/system/View/View.php(213): CodeIgniter\View\View->CodeIgniter\View\{closure}()
#3 /home/linuxmilcl/public_html/projects/etp/system/Common.php(1089): CodeIgniter\View\View->render('admin/founder/v...', Array, true)
#4 /home/linuxmilcl/public_html/projects/etp/app/Controllers/Founder.php(18): view('admin/founder/v...', Array)
#5 /home/linuxmilcl/public_html/projects/etp/system/CodeIgniter.php(825): App\Controllers\Founder->index()
#6 /home/linuxmilcl/public_html/projects/etp/system/CodeIgniter.php(412): CodeIgniter\CodeIgniter->runController(Object(App\Controllers\Founder))
#7 /home/linuxmilcl/public_html/projects/etp/system/CodeIgniter.php(320): CodeIgniter\CodeIgniter->handleRequest(NULL, Object(Config\Cache), false)
#8 /home/linuxmilcl/public_html/projects/etp/index.php(37): CodeIgniter\CodeIgniter->run()
#9 {main}
ERROR - 2022-07-21 22:19:36 --> Column 'expertise' cannot be null
CRITICAL - 2022-07-21 22:23:44 --> Undefined array key "mentor_name"
#0 /home/linuxmilcl/public_html/projects/etp/app/Views/admin/founder/view_founder.php(59): CodeIgniter\Debug\Exceptions->errorHandler(2, 'Undefined array...', '/home/linuxmilc...', 59)
#1 /home/linuxmilcl/public_html/projects/etp/system/View/View.php(210): include('/home/linuxmilc...')
#2 /home/linuxmilcl/public_html/projects/etp/system/View/View.php(213): CodeIgniter\View\View->CodeIgniter\View\{closure}()
#3 /home/linuxmilcl/public_html/projects/etp/system/Common.php(1089): CodeIgniter\View\View->render('admin/founder/v...', Array, true)
#4 /home/linuxmilcl/public_html/projects/etp/app/Controllers/Founder.php(18): view('admin/founder/v...', Array)
#5 /home/linuxmilcl/public_html/projects/etp/system/CodeIgniter.php(825): App\Controllers\Founder->index()
#6 /home/linuxmilcl/public_html/projects/etp/system/CodeIgniter.php(412): CodeIgniter\CodeIgniter->runController(Object(App\Controllers\Founder))
#7 /home/linuxmilcl/public_html/projects/etp/system/CodeIgniter.php(320): CodeIgniter\CodeIgniter->handleRequest(NULL, Object(Config\Cache), false)
#8 /home/linuxmilcl/public_html/projects/etp/index.php(37): CodeIgniter\CodeIgniter->run()
#9 {main}
CRITICAL - 2022-07-21 22:24:55 --> Trying to access array offset on value of type null
#0 /home/linuxmilcl/public_html/projects/etp/app/Views/admin/mentors/edit_mentor.php(51): CodeIgniter\Debug\Exceptions->errorHandler(2, 'Trying to acces...', '/home/linuxmilc...', 51)
#1 /home/linuxmilcl/public_html/projects/etp/system/View/View.php(210): include('/home/linuxmilc...')
#2 /home/linuxmilcl/public_html/projects/etp/system/View/View.php(213): CodeIgniter\View\View->CodeIgniter\View\{closure}()
#3 /home/linuxmilcl/public_html/projects/etp/system/Common.php(1089): CodeIgniter\View\View->render('admin/mentors/e...', Array, true)
#4 /home/linuxmilcl/public_html/projects/etp/app/Controllers/Mentor.php(111): view('admin/mentors/e...', Array)
#5 /home/linuxmilcl/public_html/projects/etp/system/CodeIgniter.php(825): App\Controllers\Mentor->singleMentor('5')
#6 /home/linuxmilcl/public_html/projects/etp/system/CodeIgniter.php(412): CodeIgniter\CodeIgniter->runController(Object(App\Controllers\Mentor))
#7 /home/linuxmilcl/public_html/projects/etp/system/CodeIgniter.php(320): CodeIgniter\CodeIgniter->handleRequest(NULL, Object(Config\Cache), false)
#8 /home/linuxmilcl/public_html/projects/etp/index.php(37): CodeIgniter\CodeIgniter->run()
#9 {main}
CRITICAL - 2022-07-21 22:26:25 --> Trying to access array offset on value of type null
#0 /home/linuxmilcl/public_html/projects/etp/app/Views/admin/mentors/edit_mentor.php(51): CodeIgniter\Debug\Exceptions->errorHandler(2, 'Trying to acces...', '/home/linuxmilc...', 51)
#1 /home/linuxmilcl/public_html/projects/etp/system/View/View.php(210): include('/home/linuxmilc...')
#2 /home/linuxmilcl/public_html/projects/etp/system/View/View.php(213): CodeIgniter\View\View->CodeIgniter\View\{closure}()
#3 /home/linuxmilcl/public_html/projects/etp/system/Common.php(1089): CodeIgniter\View\View->render('admin/mentors/e...', Array, true)
#4 /home/linuxmilcl/public_html/projects/etp/app/Controllers/Mentor.php(111): view('admin/mentors/e...', Array)
#5 /home/linuxmilcl/public_html/projects/etp/system/CodeIgniter.php(825): App\Controllers\Mentor->singleMentor('5')
#6 /home/linuxmilcl/public_html/projects/etp/system/CodeIgniter.php(412): CodeIgniter\CodeIgniter->runController(Object(App\Controllers\Mentor))
#7 /home/linuxmilcl/public_html/projects/etp/system/CodeIgniter.php(320): CodeIgniter\CodeIgniter->handleRequest(NULL, Object(Config\Cache), false)
#8 /home/linuxmilcl/public_html/projects/etp/index.php(37): CodeIgniter\CodeIgniter->run()
#9 {main}
CRITICAL - 2022-07-21 22:26:51 --> Trying to access array offset on value of type null
#0 /home/linuxmilcl/public_html/projects/etp/app/Views/admin/mentors/edit_mentor.php(51): CodeIgniter\Debug\Exceptions->errorHandler(2, 'Trying to acces...', '/home/linuxmilc...', 51)
#1 /home/linuxmilcl/public_html/projects/etp/system/View/View.php(210): include('/home/linuxmilc...')
#2 /home/linuxmilcl/public_html/projects/etp/system/View/View.php(213): CodeIgniter\View\View->CodeIgniter\View\{closure}()
#3 /home/linuxmilcl/public_html/projects/etp/system/Common.php(1089): CodeIgniter\View\View->render('admin/mentors/e...', Array, true)
#4 /home/linuxmilcl/public_html/projects/etp/app/Controllers/Mentor.php(111): view('admin/mentors/e...', Array)
#5 /home/linuxmilcl/public_html/projects/etp/system/CodeIgniter.php(825): App\Controllers\Mentor->singleMentor('5')
#6 /home/linuxmilcl/public_html/projects/etp/system/CodeIgniter.php(412): CodeIgniter\CodeIgniter->runController(Object(App\Controllers\Mentor))
#7 /home/linuxmilcl/public_html/projects/etp/system/CodeIgniter.php(320): CodeIgniter\CodeIgniter->handleRequest(NULL, Object(Config\Cache), false)
#8 /home/linuxmilcl/public_html/projects/etp/index.php(37): CodeIgniter\CodeIgniter->run()
#9 {main}
CRITICAL - 2022-07-21 22:26:54 --> Trying to access array offset on value of type null
#0 /home/linuxmilcl/public_html/projects/etp/app/Views/admin/mentors/edit_mentor.php(51): CodeIgniter\Debug\Exceptions->errorHandler(2, 'Trying to acces...', '/home/linuxmilc...', 51)
#1 /home/linuxmilcl/public_html/projects/etp/system/View/View.php(210): include('/home/linuxmilc...')
#2 /home/linuxmilcl/public_html/projects/etp/system/View/View.php(213): CodeIgniter\View\View->CodeIgniter\View\{closure}()
#3 /home/linuxmilcl/public_html/projects/etp/system/Common.php(1089): CodeIgniter\View\View->render('admin/mentors/e...', Array, true)
#4 /home/linuxmilcl/public_html/projects/etp/app/Controllers/Mentor.php(111): view('admin/mentors/e...', Array)
#5 /home/linuxmilcl/public_html/projects/etp/system/CodeIgniter.php(825): App\Controllers\Mentor->singleMentor('5')
#6 /home/linuxmilcl/public_html/projects/etp/system/CodeIgniter.php(412): CodeIgniter\CodeIgniter->runController(Object(App\Controllers\Mentor))
#7 /home/linuxmilcl/public_html/projects/etp/system/CodeIgniter.php(320): CodeIgniter\CodeIgniter->handleRequest(NULL, Object(Config\Cache), false)
#8 /home/linuxmilcl/public_html/projects/etp/index.php(37): CodeIgniter\CodeIgniter->run()
#9 {main}
CRITICAL - 2022-07-21 22:28:37 --> Call to a member function getClientName() on null
#0 /home/linuxmilcl/public_html/projects/etp/system/CodeIgniter.php(825): App\Controllers\Founder->update()
#1 /home/linuxmilcl/public_html/projects/etp/system/CodeIgniter.php(412): CodeIgniter\CodeIgniter->runController(Object(App\Controllers\Founder))
#2 /home/linuxmilcl/public_html/projects/etp/system/CodeIgniter.php(320): CodeIgniter\CodeIgniter->handleRequest(NULL, Object(Config\Cache), false)
#3 /home/linuxmilcl/public_html/projects/etp/index.php(37): CodeIgniter\CodeIgniter->run()
#4 {main}
CRITICAL - 2022-07-21 23:34:45 --> Class "App\Controllers\BookfounderModel" not found
#0 /home/linuxmilcl/public_html/projects/etp/system/CodeIgniter.php(825): App\Controllers\UserDashboardController->book_founder_meeting()
#1 /home/linuxmilcl/public_html/projects/etp/system/CodeIgniter.php(412): CodeIgniter\CodeIgniter->runController(Object(App\Controllers\UserDashboardController))
#2 /home/linuxmilcl/public_html/projects/etp/system/CodeIgniter.php(320): CodeIgniter\CodeIgniter->handleRequest(NULL, Object(Config\Cache), false)
#3 /home/linuxmilcl/public_html/projects/etp/index.php(37): CodeIgniter\CodeIgniter->run()
#4 {main}
CRITICAL - 2022-07-21 23:35:21 --> Undefined array key "mentor_name"
#0 /home/linuxmilcl/public_html/projects/etp/app/Views/frontend/dashboard/founder_grooming.php(54): CodeIgniter\Debug\Exceptions->errorHandler(2, 'Undefined array...', '/home/linuxmilc...', 54)
#1 /home/linuxmilcl/public_html/projects/etp/system/View/View.php(210): include('/home/linuxmilc...')
#2 /home/linuxmilcl/public_html/projects/etp/system/View/View.php(213): CodeIgniter\View\View->CodeIgniter\View\{closure}()
#3 /home/linuxmilcl/public_html/projects/etp/system/Common.php(1089): CodeIgniter\View\View->render('frontend/dashbo...', Array, true)
#4 /home/linuxmilcl/public_html/projects/etp/app/Controllers/UserDashboardController.php(106): view('frontend/dashbo...', Array)
#5 /home/linuxmilcl/public_html/projects/etp/system/CodeIgniter.php(825): App\Controllers\UserDashboardController->book_founder_meeting()
#6 /home/linuxmilcl/public_html/projects/etp/system/CodeIgniter.php(412): CodeIgniter\CodeIgniter->runController(Object(App\Controllers\UserDashboardController))
#7 /home/linuxmilcl/public_html/projects/etp/system/CodeIgniter.php(320): CodeIgniter\CodeIgniter->handleRequest(NULL, Object(Config\Cache), false)
#8 /home/linuxmilcl/public_html/projects/etp/index.php(37): CodeIgniter\CodeIgniter->run()
#9 {main}
CRITICAL - 2022-07-21 23:47:09 --> Undefined variable $mentoring
#0 /home/linuxmilcl/public_html/projects/etp/app/Controllers/UserDashboardController.php(376): CodeIgniter\Debug\Exceptions->errorHandler(2, 'Undefined varia...', '/home/linuxmilc...', 376)
#1 /home/linuxmilcl/public_html/projects/etp/system/CodeIgniter.php(825): App\Controllers\UserDashboardController->insert_meeting_founder()
#2 /home/linuxmilcl/public_html/projects/etp/system/CodeIgniter.php(412): CodeIgniter\CodeIgniter->runController(Object(App\Controllers\UserDashboardController))
#3 /home/linuxmilcl/public_html/projects/etp/system/CodeIgniter.php(320): CodeIgniter\CodeIgniter->handleRequest(NULL, Object(Config\Cache), false)
#4 /home/linuxmilcl/public_html/projects/etp/index.php(37): CodeIgniter\CodeIgniter->run()
#5 {main}
