CRITICAL - 2022-11-18 11:00:04 --> Undefined variable $id
#0 /home/linuxmilcl/public_html/projects/pratap/app/Controllers/UserDashboardController.php(787): CodeIgniter\Debug\Exceptions->errorHandler(2, 'Undefined varia...', '/home/linuxmilc...', 787)
#1 /home/linuxmilcl/public_html/projects/pratap/system/CodeIgniter.php(825): App\Controllers\UserDashboardController->show_document()
#2 /home/linuxmilcl/public_html/projects/pratap/system/CodeIgniter.php(412): CodeIgniter\CodeIgniter->runController(Object(App\Controllers\UserDashboardController))
#3 /home/linuxmilcl/public_html/projects/pratap/system/CodeIgniter.php(320): CodeIgniter\CodeIgniter->handleRequest(NULL, Object(Config\Cache), false)
#4 /home/linuxmilcl/public_html/projects/pratap/index.php(38): CodeIgniter\CodeIgniter->run()
#5 {main}
CRITICAL - 2022-11-18 11:03:53 --> Undefined variable $pd_users_data
#0 /home/linuxmilcl/public_html/projects/pratap/app/Views/admin_user/pd_users/view_user.php(129): CodeIgniter\Debug\Exceptions->errorHandler(2, 'Undefined varia...', '/home/linuxmilc...', 129)
#1 /home/linuxmilcl/public_html/projects/pratap/system/View/View.php(210): include('/home/linuxmilc...')
#2 /home/linuxmilcl/public_html/projects/pratap/system/View/View.php(213): CodeIgniter\View\View->CodeIgniter\View\{closure}()
#3 /home/linuxmilcl/public_html/projects/pratap/system/Common.php(1089): CodeIgniter\View\View->render('admin_user/pd_u...', Array, true)
#4 /home/linuxmilcl/public_html/projects/pratap/app/Controllers/DashboardController.php(40): view('admin_user/pd_u...')
#5 /home/linuxmilcl/public_html/projects/pratap/system/CodeIgniter.php(825): App\Controllers\DashboardController->index()
#6 /home/linuxmilcl/public_html/projects/pratap/system/CodeIgniter.php(412): CodeIgniter\CodeIgniter->runController(Object(App\Controllers\DashboardController))
#7 /home/linuxmilcl/public_html/projects/pratap/system/CodeIgniter.php(320): CodeIgniter\CodeIgniter->handleRequest(NULL, Object(Config\Cache), false)
#8 /home/linuxmilcl/public_html/projects/pratap/index.php(38): CodeIgniter\CodeIgniter->run()
#9 {main}
CRITICAL - 2022-11-18 11:09:10 --> Class "App\Models\BlogModel" not found
#0 /home/linuxmilcl/public_html/projects/pratap/system/CodeIgniter.php(825): App\Controllers\Frontend->index()
#1 /home/linuxmilcl/public_html/projects/pratap/system/CodeIgniter.php(412): CodeIgniter\CodeIgniter->runController(Object(App\Controllers\Frontend))
#2 /home/linuxmilcl/public_html/projects/pratap/system/CodeIgniter.php(320): CodeIgniter\CodeIgniter->handleRequest(NULL, Object(Config\Cache), false)
#3 /home/linuxmilcl/public_html/projects/pratap/index.php(38): CodeIgniter\CodeIgniter->run()
#4 {main}
CRITICAL - 2022-11-18 11:12:50 --> Undefined array key ""
#0 /home/linuxmilcl/public_html/projects/pratap/app/Views/frontend/dashboard/document_check.php(62): CodeIgniter\Debug\Exceptions->errorHandler(2, 'Undefined array...', '/home/linuxmilc...', 62)
#1 /home/linuxmilcl/public_html/projects/pratap/system/View/View.php(210): include('/home/linuxmilc...')
#2 /home/linuxmilcl/public_html/projects/pratap/system/View/View.php(213): CodeIgniter\View\View->CodeIgniter\View\{closure}()
#3 /home/linuxmilcl/public_html/projects/pratap/system/Common.php(1089): CodeIgniter\View\View->render('frontend/dashbo...', Array, true)
#4 /home/linuxmilcl/public_html/projects/pratap/app/Controllers/UserDashboardController.php(1023): view('frontend/dashbo...', Array)
#5 /home/linuxmilcl/public_html/projects/pratap/system/CodeIgniter.php(825): App\Controllers\UserDashboardController->document_checkrs('767654')
#6 /home/linuxmilcl/public_html/projects/pratap/system/CodeIgniter.php(412): CodeIgniter\CodeIgniter->runController(Object(App\Controllers\UserDashboardController))
#7 /home/linuxmilcl/public_html/projects/pratap/system/CodeIgniter.php(320): CodeIgniter\CodeIgniter->handleRequest(NULL, Object(Config\Cache), false)
#8 /home/linuxmilcl/public_html/projects/pratap/index.php(38): CodeIgniter\CodeIgniter->run()
#9 {main}
CRITICAL - 2022-11-18 11:15:42 --> Undefined variable $pd_users_data
#0 /home/linuxmilcl/public_html/projects/pratap/app/Views/admin_user/pd_users/view_user.php(129): CodeIgniter\Debug\Exceptions->errorHandler(2, 'Undefined varia...', '/home/linuxmilc...', 129)
#1 /home/linuxmilcl/public_html/projects/pratap/system/View/View.php(210): include('/home/linuxmilc...')
#2 /home/linuxmilcl/public_html/projects/pratap/system/View/View.php(213): CodeIgniter\View\View->CodeIgniter\View\{closure}()
#3 /home/linuxmilcl/public_html/projects/pratap/system/Common.php(1089): CodeIgniter\View\View->render('admin_user/pd_u...', Array, true)
#4 /home/linuxmilcl/public_html/projects/pratap/app/Controllers/DashboardController.php(40): view('admin_user/pd_u...')
#5 /home/linuxmilcl/public_html/projects/pratap/system/CodeIgniter.php(825): App\Controllers\DashboardController->index()
#6 /home/linuxmilcl/public_html/projects/pratap/system/CodeIgniter.php(412): CodeIgniter\CodeIgniter->runController(Object(App\Controllers\DashboardController))
#7 /home/linuxmilcl/public_html/projects/pratap/system/CodeIgniter.php(320): CodeIgniter\CodeIgniter->handleRequest(NULL, Object(Config\Cache), false)
#8 /home/linuxmilcl/public_html/projects/pratap/index.php(38): CodeIgniter\CodeIgniter->run()
#9 {main}
CRITICAL - 2022-11-18 11:19:22 --> Undefined array key ""
#0 /home/linuxmilcl/public_html/projects/pratap/app/Views/frontend/dashboard/document_check.php(62): CodeIgniter\Debug\Exceptions->errorHandler(2, 'Undefined array...', '/home/linuxmilc...', 62)
#1 /home/linuxmilcl/public_html/projects/pratap/system/View/View.php(210): include('/home/linuxmilc...')
#2 /home/linuxmilcl/public_html/projects/pratap/system/View/View.php(213): CodeIgniter\View\View->CodeIgniter\View\{closure}()
#3 /home/linuxmilcl/public_html/projects/pratap/system/Common.php(1089): CodeIgniter\View\View->render('frontend/dashbo...', Array, true)
#4 /home/linuxmilcl/public_html/projects/pratap/app/Controllers/UserDashboardController.php(1018): view('frontend/dashbo...', Array)
#5 /home/linuxmilcl/public_html/projects/pratap/system/CodeIgniter.php(825): App\Controllers\UserDashboardController->document_checkrs('T000101')
#6 /home/linuxmilcl/public_html/projects/pratap/system/CodeIgniter.php(412): CodeIgniter\CodeIgniter->runController(Object(App\Controllers\UserDashboardController))
#7 /home/linuxmilcl/public_html/projects/pratap/system/CodeIgniter.php(320): CodeIgniter\CodeIgniter->handleRequest(NULL, Object(Config\Cache), false)
#8 /home/linuxmilcl/public_html/projects/pratap/index.php(38): CodeIgniter\CodeIgniter->run()
#9 {main}
CRITICAL - 2022-11-18 11:39:24 --> Undefined variable $workCheck
#0 /home/linuxmilcl/public_html/projects/pratap/app/Controllers/UserDashboardController.php(829): CodeIgniter\Debug\Exceptions->errorHandler(2, 'Undefined varia...', '/home/linuxmilc...', 829)
#1 /home/linuxmilcl/public_html/projects/pratap/system/CodeIgniter.php(825): App\Controllers\UserDashboardController->document_update()
#2 /home/linuxmilcl/public_html/projects/pratap/system/CodeIgniter.php(412): CodeIgniter\CodeIgniter->runController(Object(App\Controllers\UserDashboardController))
#3 /home/linuxmilcl/public_html/projects/pratap/system/CodeIgniter.php(320): CodeIgniter\CodeIgniter->handleRequest(NULL, Object(Config\Cache), false)
#4 /home/linuxmilcl/public_html/projects/pratap/index.php(38): CodeIgniter\CodeIgniter->run()
#5 {main}
CRITICAL - 2022-11-18 12:01:42 --> Undefined variable $doc
#0 /home/linuxmilcl/public_html/projects/pratap/app/Views/frontend/dashboard/rfp_extrctor.php(48): CodeIgniter\Debug\Exceptions->errorHandler(2, 'Undefined varia...', '/home/linuxmilc...', 48)
#1 /home/linuxmilcl/public_html/projects/pratap/system/View/View.php(210): include('/home/linuxmilc...')
#2 /home/linuxmilcl/public_html/projects/pratap/system/View/View.php(213): CodeIgniter\View\View->CodeIgniter\View\{closure}()
#3 /home/linuxmilcl/public_html/projects/pratap/system/Common.php(1089): CodeIgniter\View\View->render('frontend/dashbo...', Array, true)
#4 /home/linuxmilcl/public_html/projects/pratap/app/Controllers/UserDashboardController.php(1535): view('frontend/dashbo...', Array)
#5 /home/linuxmilcl/public_html/projects/pratap/system/CodeIgniter.php(825): App\Controllers\UserDashboardController->rfp_extractor()
#6 /home/linuxmilcl/public_html/projects/pratap/system/CodeIgniter.php(412): CodeIgniter\CodeIgniter->runController(Object(App\Controllers\UserDashboardController))
#7 /home/linuxmilcl/public_html/projects/pratap/system/CodeIgniter.php(320): CodeIgniter\CodeIgniter->handleRequest(NULL, Object(Config\Cache), false)
#8 /home/linuxmilcl/public_html/projects/pratap/index.php(38): CodeIgniter\CodeIgniter->run()
#9 {main}
CRITICAL - 2022-11-18 12:14:38 --> Undefined variable $workCheck
#0 /home/linuxmilcl/public_html/projects/pratap/app/Controllers/UserDashboardController.php(833): CodeIgniter\Debug\Exceptions->errorHandler(2, 'Undefined varia...', '/home/linuxmilc...', 833)
#1 /home/linuxmilcl/public_html/projects/pratap/system/CodeIgniter.php(825): App\Controllers\UserDashboardController->document_update()
#2 /home/linuxmilcl/public_html/projects/pratap/system/CodeIgniter.php(412): CodeIgniter\CodeIgniter->runController(Object(App\Controllers\UserDashboardController))
#3 /home/linuxmilcl/public_html/projects/pratap/system/CodeIgniter.php(320): CodeIgniter\CodeIgniter->handleRequest(NULL, Object(Config\Cache), false)
#4 /home/linuxmilcl/public_html/projects/pratap/index.php(38): CodeIgniter\CodeIgniter->run()
#5 {main}
CRITICAL - 2022-11-18 12:23:23 --> Undefined variable $workCheck
#0 /home/linuxmilcl/public_html/projects/pratap/app/Controllers/UserDashboardController.php(833): CodeIgniter\Debug\Exceptions->errorHandler(2, 'Undefined varia...', '/home/linuxmilc...', 833)
#1 /home/linuxmilcl/public_html/projects/pratap/system/CodeIgniter.php(825): App\Controllers\UserDashboardController->document_update()
#2 /home/linuxmilcl/public_html/projects/pratap/system/CodeIgniter.php(412): CodeIgniter\CodeIgniter->runController(Object(App\Controllers\UserDashboardController))
#3 /home/linuxmilcl/public_html/projects/pratap/system/CodeIgniter.php(320): CodeIgniter\CodeIgniter->handleRequest(NULL, Object(Config\Cache), false)
#4 /home/linuxmilcl/public_html/projects/pratap/index.php(38): CodeIgniter\CodeIgniter->run()
#5 {main}
CRITICAL - 2022-11-18 13:09:13 --> Undefined variable $workCheck
#0 /home/linuxmilcl/public_html/projects/pratap/app/Controllers/UserDashboardController.php(1631): CodeIgniter\Debug\Exceptions->errorHandler(2, 'Undefined varia...', '/home/linuxmilc...', 1631)
#1 /home/linuxmilcl/public_html/projects/pratap/system/CodeIgniter.php(825): App\Controllers\UserDashboardController->rfp_document_update()
#2 /home/linuxmilcl/public_html/projects/pratap/system/CodeIgniter.php(412): CodeIgniter\CodeIgniter->runController(Object(App\Controllers\UserDashboardController))
#3 /home/linuxmilcl/public_html/projects/pratap/system/CodeIgniter.php(320): CodeIgniter\CodeIgniter->handleRequest(NULL, Object(Config\Cache), false)
#4 /home/linuxmilcl/public_html/projects/pratap/index.php(38): CodeIgniter\CodeIgniter->run()
#5 {main}
CRITICAL - 2022-11-18 13:09:54 --> Undefined variable $workCheck
#0 /home/linuxmilcl/public_html/projects/pratap/app/Controllers/UserDashboardController.php(1631): CodeIgniter\Debug\Exceptions->errorHandler(2, 'Undefined varia...', '/home/linuxmilc...', 1631)
#1 /home/linuxmilcl/public_html/projects/pratap/system/CodeIgniter.php(825): App\Controllers\UserDashboardController->rfp_document_update()
#2 /home/linuxmilcl/public_html/projects/pratap/system/CodeIgniter.php(412): CodeIgniter\CodeIgniter->runController(Object(App\Controllers\UserDashboardController))
#3 /home/linuxmilcl/public_html/projects/pratap/system/CodeIgniter.php(320): CodeIgniter\CodeIgniter->handleRequest(NULL, Object(Config\Cache), false)
#4 /home/linuxmilcl/public_html/projects/pratap/index.php(38): CodeIgniter\CodeIgniter->run()
#5 {main}
CRITICAL - 2022-11-18 14:32:09 --> Trying to access array offset on value of type null
#0 /home/linuxmilcl/public_html/projects/pratap/app/Views/frontend/dashboard/rfp_edit.php(11): CodeIgniter\Debug\Exceptions->errorHandler(2, 'Trying to acces...', '/home/linuxmilc...', 11)
#1 /home/linuxmilcl/public_html/projects/pratap/system/View/View.php(210): include('/home/linuxmilc...')
#2 /home/linuxmilcl/public_html/projects/pratap/system/View/View.php(213): CodeIgniter\View\View->CodeIgniter\View\{closure}()
#3 /home/linuxmilcl/public_html/projects/pratap/system/Common.php(1089): CodeIgniter\View\View->render('frontend/dashbo...', Array, true)
#4 /home/linuxmilcl/public_html/projects/pratap/app/Controllers/UserDashboardController.php(1603): view('frontend/dashbo...', Array)
#5 /home/linuxmilcl/public_html/projects/pratap/system/CodeIgniter.php(825): App\Controllers\UserDashboardController->rfp_document_edit('9')
#6 /home/linuxmilcl/public_html/projects/pratap/system/CodeIgniter.php(412): CodeIgniter\CodeIgniter->runController(Object(App\Controllers\UserDashboardController))
#7 /home/linuxmilcl/public_html/projects/pratap/system/CodeIgniter.php(320): CodeIgniter\CodeIgniter->handleRequest(NULL, Object(Config\Cache), false)
#8 /home/linuxmilcl/public_html/projects/pratap/index.php(38): CodeIgniter\CodeIgniter->run()
#9 {main}
CRITICAL - 2022-11-18 14:53:40 --> Cannot redeclare App\Controllers\UserDashboardController::rfp_document_upload()
#0 [internal function]: CodeIgniter\Debug\Exceptions->shutdownHandler()
#1 {main}
CRITICAL - 2022-11-18 14:53:43 --> Cannot redeclare App\Controllers\UserDashboardController::rfp_document_upload()
#0 [internal function]: CodeIgniter\Debug\Exceptions->shutdownHandler()
#1 {main}
CRITICAL - 2022-11-18 14:53:44 --> Cannot redeclare App\Controllers\UserDashboardController::rfp_document_upload()
#0 [internal function]: CodeIgniter\Debug\Exceptions->shutdownHandler()
#1 {main}
CRITICAL - 2022-11-18 14:53:45 --> Cannot redeclare App\Controllers\UserDashboardController::rfp_document_upload()
#0 [internal function]: CodeIgniter\Debug\Exceptions->shutdownHandler()
#1 {main}
CRITICAL - 2022-11-18 14:53:50 --> Cannot redeclare App\Controllers\UserDashboardController::rfp_document_upload()
#0 [internal function]: CodeIgniter\Debug\Exceptions->shutdownHandler()
#1 {main}
CRITICAL - 2022-11-18 15:31:51 --> Undefined variable $pager
#0 /home/linuxmilcl/public_html/projects/pratap/app/Views/frontend/dashboard/rfp_extrctor.php(85): CodeIgniter\Debug\Exceptions->errorHandler(2, 'Undefined varia...', '/home/linuxmilc...', 85)
#1 /home/linuxmilcl/public_html/projects/pratap/system/View/View.php(210): include('/home/linuxmilc...')
#2 /home/linuxmilcl/public_html/projects/pratap/system/View/View.php(213): CodeIgniter\View\View->CodeIgniter\View\{closure}()
#3 /home/linuxmilcl/public_html/projects/pratap/system/Common.php(1089): CodeIgniter\View\View->render('frontend/dashbo...', Array, true)
#4 /home/linuxmilcl/public_html/projects/pratap/app/Controllers/UserDashboardController.php(1566): view('frontend/dashbo...', Array)
#5 /home/linuxmilcl/public_html/projects/pratap/system/CodeIgniter.php(825): App\Controllers\UserDashboardController->rfp_extractor()
#6 /home/linuxmilcl/public_html/projects/pratap/system/CodeIgniter.php(412): CodeIgniter\CodeIgniter->runController(Object(App\Controllers\UserDashboardController))
#7 /home/linuxmilcl/public_html/projects/pratap/system/CodeIgniter.php(320): CodeIgniter\CodeIgniter->handleRequest(NULL, Object(Config\Cache), false)
#8 /home/linuxmilcl/public_html/projects/pratap/index.php(38): CodeIgniter\CodeIgniter->run()
#9 {main}
CRITICAL - 2022-11-18 15:32:52 --> Undefined variable $pager
#0 /home/linuxmilcl/public_html/projects/pratap/app/Views/frontend/dashboard/rfp_extrctor.php(81): CodeIgniter\Debug\Exceptions->errorHandler(2, 'Undefined varia...', '/home/linuxmilc...', 81)
#1 /home/linuxmilcl/public_html/projects/pratap/system/View/View.php(210): include('/home/linuxmilc...')
#2 /home/linuxmilcl/public_html/projects/pratap/system/View/View.php(213): CodeIgniter\View\View->CodeIgniter\View\{closure}()
#3 /home/linuxmilcl/public_html/projects/pratap/system/Common.php(1089): CodeIgniter\View\View->render('frontend/dashbo...', Array, true)
#4 /home/linuxmilcl/public_html/projects/pratap/app/Controllers/UserDashboardController.php(1566): view('frontend/dashbo...', Array)
#5 /home/linuxmilcl/public_html/projects/pratap/system/CodeIgniter.php(825): App\Controllers\UserDashboardController->rfp_extractor()
#6 /home/linuxmilcl/public_html/projects/pratap/system/CodeIgniter.php(412): CodeIgniter\CodeIgniter->runController(Object(App\Controllers\UserDashboardController))
#7 /home/linuxmilcl/public_html/projects/pratap/system/CodeIgniter.php(320): CodeIgniter\CodeIgniter->handleRequest(NULL, Object(Config\Cache), false)
#8 /home/linuxmilcl/public_html/projects/pratap/index.php(38): CodeIgniter\CodeIgniter->run()
#9 {main}
CRITICAL - 2022-11-18 15:37:24 --> Undefined variable $pager
#0 /home/linuxmilcl/public_html/projects/pratap/app/Views/frontend/dashboard/rfp_extrctor.php(85): CodeIgniter\Debug\Exceptions->errorHandler(2, 'Undefined varia...', '/home/linuxmilc...', 85)
#1 /home/linuxmilcl/public_html/projects/pratap/system/View/View.php(210): include('/home/linuxmilc...')
#2 /home/linuxmilcl/public_html/projects/pratap/system/View/View.php(213): CodeIgniter\View\View->CodeIgniter\View\{closure}()
#3 /home/linuxmilcl/public_html/projects/pratap/system/Common.php(1089): CodeIgniter\View\View->render('frontend/dashbo...', Array, true)
#4 /home/linuxmilcl/public_html/projects/pratap/app/Controllers/UserDashboardController.php(1566): view('frontend/dashbo...', Array)
#5 /home/linuxmilcl/public_html/projects/pratap/system/CodeIgniter.php(825): App\Controllers\UserDashboardController->rfp_extractor()
#6 /home/linuxmilcl/public_html/projects/pratap/system/CodeIgniter.php(412): CodeIgniter\CodeIgniter->runController(Object(App\Controllers\UserDashboardController))
#7 /home/linuxmilcl/public_html/projects/pratap/system/CodeIgniter.php(320): CodeIgniter\CodeIgniter->handleRequest(NULL, Object(Config\Cache), false)
#8 /home/linuxmilcl/public_html/projects/pratap/index.php(38): CodeIgniter\CodeIgniter->run()
#9 {main}
CRITICAL - 2022-11-18 15:38:40 --> Undefined variable $doc
#0 /home/linuxmilcl/public_html/projects/pratap/app/Views/frontend/dashboard/rfp_extrctor.php(48): CodeIgniter\Debug\Exceptions->errorHandler(2, 'Undefined varia...', '/home/linuxmilc...', 48)
#1 /home/linuxmilcl/public_html/projects/pratap/system/View/View.php(210): include('/home/linuxmilc...')
#2 /home/linuxmilcl/public_html/projects/pratap/system/View/View.php(213): CodeIgniter\View\View->CodeIgniter\View\{closure}()
#3 /home/linuxmilcl/public_html/projects/pratap/system/Common.php(1089): CodeIgniter\View\View->render('frontend/dashbo...', Array, true)
#4 /home/linuxmilcl/public_html/projects/pratap/app/Controllers/UserDashboardController.php(1534): view('frontend/dashbo...', Array)
#5 /home/linuxmilcl/public_html/projects/pratap/system/CodeIgniter.php(825): App\Controllers\UserDashboardController->rfp_search_show()
#6 /home/linuxmilcl/public_html/projects/pratap/system/CodeIgniter.php(412): CodeIgniter\CodeIgniter->runController(Object(App\Controllers\UserDashboardController))
#7 /home/linuxmilcl/public_html/projects/pratap/system/CodeIgniter.php(320): CodeIgniter\CodeIgniter->handleRequest(NULL, Object(Config\Cache), false)
#8 /home/linuxmilcl/public_html/projects/pratap/index.php(38): CodeIgniter\CodeIgniter->run()
#9 {main}
CRITICAL - 2022-11-18 15:40:02 --> Undefined variable $doc
#0 /home/linuxmilcl/public_html/projects/pratap/app/Views/frontend/dashboard/rfp_extrctor.php(48): CodeIgniter\Debug\Exceptions->errorHandler(2, 'Undefined varia...', '/home/linuxmilc...', 48)
#1 /home/linuxmilcl/public_html/projects/pratap/system/View/View.php(210): include('/home/linuxmilc...')
#2 /home/linuxmilcl/public_html/projects/pratap/system/View/View.php(213): CodeIgniter\View\View->CodeIgniter\View\{closure}()
#3 /home/linuxmilcl/public_html/projects/pratap/system/Common.php(1089): CodeIgniter\View\View->render('frontend/dashbo...', Array, true)
#4 /home/linuxmilcl/public_html/projects/pratap/app/Controllers/UserDashboardController.php(1534): view('frontend/dashbo...', Array)
#5 /home/linuxmilcl/public_html/projects/pratap/system/CodeIgniter.php(825): App\Controllers\UserDashboardController->rfp_search_show()
#6 /home/linuxmilcl/public_html/projects/pratap/system/CodeIgniter.php(412): CodeIgniter\CodeIgniter->runController(Object(App\Controllers\UserDashboardController))
#7 /home/linuxmilcl/public_html/projects/pratap/system/CodeIgniter.php(320): CodeIgniter\CodeIgniter->handleRequest(NULL, Object(Config\Cache), false)
#8 /home/linuxmilcl/public_html/projects/pratap/index.php(38): CodeIgniter\CodeIgniter->run()
#9 {main}
CRITICAL - 2022-11-18 15:40:31 --> Undefined variable $doc
#0 /home/linuxmilcl/public_html/projects/pratap/app/Views/frontend/dashboard/rfp_extrctor.php(48): CodeIgniter\Debug\Exceptions->errorHandler(2, 'Undefined varia...', '/home/linuxmilc...', 48)
#1 /home/linuxmilcl/public_html/projects/pratap/system/View/View.php(210): include('/home/linuxmilc...')
#2 /home/linuxmilcl/public_html/projects/pratap/system/View/View.php(213): CodeIgniter\View\View->CodeIgniter\View\{closure}()
#3 /home/linuxmilcl/public_html/projects/pratap/system/Common.php(1089): CodeIgniter\View\View->render('frontend/dashbo...', Array, true)
#4 /home/linuxmilcl/public_html/projects/pratap/app/Controllers/UserDashboardController.php(1534): view('frontend/dashbo...', Array)
#5 /home/linuxmilcl/public_html/projects/pratap/system/CodeIgniter.php(825): App\Controllers\UserDashboardController->rfp_search_show()
#6 /home/linuxmilcl/public_html/projects/pratap/system/CodeIgniter.php(412): CodeIgniter\CodeIgniter->runController(Object(App\Controllers\UserDashboardController))
#7 /home/linuxmilcl/public_html/projects/pratap/system/CodeIgniter.php(320): CodeIgniter\CodeIgniter->handleRequest(NULL, Object(Config\Cache), false)
#8 /home/linuxmilcl/public_html/projects/pratap/index.php(38): CodeIgniter\CodeIgniter->run()
#9 {main}
CRITICAL - 2022-11-18 15:41:20 --> Undefined variable $doc
#0 /home/linuxmilcl/public_html/projects/pratap/app/Views/frontend/dashboard/rfp_extrctor.php(48): CodeIgniter\Debug\Exceptions->errorHandler(2, 'Undefined varia...', '/home/linuxmilc...', 48)
#1 /home/linuxmilcl/public_html/projects/pratap/system/View/View.php(210): include('/home/linuxmilc...')
#2 /home/linuxmilcl/public_html/projects/pratap/system/View/View.php(213): CodeIgniter\View\View->CodeIgniter\View\{closure}()
#3 /home/linuxmilcl/public_html/projects/pratap/system/Common.php(1089): CodeIgniter\View\View->render('frontend/dashbo...', Array, true)
#4 /home/linuxmilcl/public_html/projects/pratap/app/Controllers/UserDashboardController.php(1534): view('frontend/dashbo...', Array)
#5 /home/linuxmilcl/public_html/projects/pratap/system/CodeIgniter.php(825): App\Controllers\UserDashboardController->rfp_search_show()
#6 /home/linuxmilcl/public_html/projects/pratap/system/CodeIgniter.php(412): CodeIgniter\CodeIgniter->runController(Object(App\Controllers\UserDashboardController))
#7 /home/linuxmilcl/public_html/projects/pratap/system/CodeIgniter.php(320): CodeIgniter\CodeIgniter->handleRequest(NULL, Object(Config\Cache), false)
#8 /home/linuxmilcl/public_html/projects/pratap/index.php(38): CodeIgniter\CodeIgniter->run()
#9 {main}
