CRITICAL - 2022-08-23 10:39:01 --> Trying to access array offset on value of type null
#0 /home/linuxmilcl/public_html/projects/etp/app/Views/frontend/dashboard/validate_idea.php(130): CodeIgniter\Debug\Exceptions->errorHandler(2, 'Trying to acces...', '/home/linuxmilc...', 130)
#1 /home/linuxmilcl/public_html/projects/etp/system/View/View.php(210): include('/home/linuxmilc...')
#2 /home/linuxmilcl/public_html/projects/etp/system/View/View.php(213): CodeIgniter\View\View->CodeIgniter\View\{closure}()
#3 /home/linuxmilcl/public_html/projects/etp/system/Common.php(1089): CodeIgniter\View\View->render('frontend/dashbo...', Array, true)
#4 /home/linuxmilcl/public_html/projects/etp/app/Controllers/UserDashboardController.php(51): view('frontend/dashbo...', Array)
#5 /home/linuxmilcl/public_html/projects/etp/system/CodeIgniter.php(825): App\Controllers\UserDashboardController->validate_idea()
#6 /home/linuxmilcl/public_html/projects/etp/system/CodeIgniter.php(412): CodeIgniter\CodeIgniter->runController(Object(App\Controllers\UserDashboardController))
#7 /home/linuxmilcl/public_html/projects/etp/system/CodeIgniter.php(320): CodeIgniter\CodeIgniter->handleRequest(NULL, Object(Config\Cache), false)
#8 /home/linuxmilcl/public_html/projects/etp/index.php(38): CodeIgniter\CodeIgniter->run()
#9 {main}
CRITICAL - 2022-08-23 10:39:01 --> Trying to access array offset on value of type null
#0 /home/linuxmilcl/public_html/projects/etp/app/Views/frontend/dashboard/validate_idea.php(130): CodeIgniter\Debug\Exceptions->errorHandler(2, 'Trying to acces...', '/home/linuxmilc...', 130)
#1 /home/linuxmilcl/public_html/projects/etp/system/View/View.php(210): include('/home/linuxmilc...')
#2 /home/linuxmilcl/public_html/projects/etp/system/View/View.php(213): CodeIgniter\View\View->CodeIgniter\View\{closure}()
#3 /home/linuxmilcl/public_html/projects/etp/system/Common.php(1089): CodeIgniter\View\View->render('frontend/dashbo...', Array, true)
#4 /home/linuxmilcl/public_html/projects/etp/app/Controllers/UserDashboardController.php(51): view('frontend/dashbo...', Array)
#5 /home/linuxmilcl/public_html/projects/etp/system/CodeIgniter.php(825): App\Controllers\UserDashboardController->validate_idea()
#6 /home/linuxmilcl/public_html/projects/etp/system/CodeIgniter.php(412): CodeIgniter\CodeIgniter->runController(Object(App\Controllers\UserDashboardController))
#7 /home/linuxmilcl/public_html/projects/etp/system/CodeIgniter.php(320): CodeIgniter\CodeIgniter->handleRequest(NULL, Object(Config\Cache), false)
#8 /home/linuxmilcl/public_html/projects/etp/index.php(38): CodeIgniter\CodeIgniter->run()
#9 {main}
CRITICAL - 2022-08-23 11:04:34 --> Trying to access array offset on value of type null
#0 /home/linuxmilcl/public_html/projects/etp/app/Views/frontend/dashboard/build_roadmap.php(90): CodeIgniter\Debug\Exceptions->errorHandler(2, 'Trying to acces...', '/home/linuxmilc...', 90)
#1 /home/linuxmilcl/public_html/projects/etp/system/View/View.php(210): include('/home/linuxmilc...')
#2 /home/linuxmilcl/public_html/projects/etp/system/View/View.php(213): CodeIgniter\View\View->CodeIgniter\View\{closure}()
#3 /home/linuxmilcl/public_html/projects/etp/system/Common.php(1089): CodeIgniter\View\View->render('frontend/dashbo...', Array, true)
#4 /home/linuxmilcl/public_html/projects/etp/app/Controllers/UserDashboardController.php(62): view('frontend/dashbo...', Array)
#5 /home/linuxmilcl/public_html/projects/etp/system/CodeIgniter.php(825): App\Controllers\UserDashboardController->build_roadmap()
#6 /home/linuxmilcl/public_html/projects/etp/system/CodeIgniter.php(412): CodeIgniter\CodeIgniter->runController(Object(App\Controllers\UserDashboardController))
#7 /home/linuxmilcl/public_html/projects/etp/system/CodeIgniter.php(320): CodeIgniter\CodeIgniter->handleRequest(NULL, Object(Config\Cache), false)
#8 /home/linuxmilcl/public_html/projects/etp/index.php(38): CodeIgniter\CodeIgniter->run()
#9 {main}
CRITICAL - 2022-08-23 16:50:02 --> Trying to access array offset on value of type null
#0 /home/linuxmilcl/public_html/projects/etp/app/Controllers/UserDashboardController.php(514): CodeIgniter\Debug\Exceptions->errorHandler(2, 'Trying to acces...', '/home/linuxmilc...', 514)
#1 /home/linuxmilcl/public_html/projects/etp/system/CodeIgniter.php(825): App\Controllers\UserDashboardController->insert_roadmap()
#2 /home/linuxmilcl/public_html/projects/etp/system/CodeIgniter.php(412): CodeIgniter\CodeIgniter->runController(Object(App\Controllers\UserDashboardController))
#3 /home/linuxmilcl/public_html/projects/etp/system/CodeIgniter.php(320): CodeIgniter\CodeIgniter->handleRequest(NULL, Object(Config\Cache), false)
#4 /home/linuxmilcl/public_html/projects/etp/index.php(38): CodeIgniter\CodeIgniter->run()
#5 {main}
CRITICAL - 2022-08-23 16:53:06 --> Trying to access array offset on value of type null
#0 /home/linuxmilcl/public_html/projects/etp/app/Controllers/UserDashboardController.php(514): CodeIgniter\Debug\Exceptions->errorHandler(2, 'Trying to acces...', '/home/linuxmilc...', 514)
#1 /home/linuxmilcl/public_html/projects/etp/system/CodeIgniter.php(825): App\Controllers\UserDashboardController->insert_roadmap()
#2 /home/linuxmilcl/public_html/projects/etp/system/CodeIgniter.php(412): CodeIgniter\CodeIgniter->runController(Object(App\Controllers\UserDashboardController))
#3 /home/linuxmilcl/public_html/projects/etp/system/CodeIgniter.php(320): CodeIgniter\CodeIgniter->handleRequest(NULL, Object(Config\Cache), false)
#4 /home/linuxmilcl/public_html/projects/etp/index.php(38): CodeIgniter\CodeIgniter->run()
#5 {main}
CRITICAL - 2022-08-23 16:53:50 --> Trying to access array offset on value of type null
#0 /home/linuxmilcl/public_html/projects/etp/app/Controllers/UserDashboardController.php(514): CodeIgniter\Debug\Exceptions->errorHandler(2, 'Trying to acces...', '/home/linuxmilc...', 514)
#1 /home/linuxmilcl/public_html/projects/etp/system/CodeIgniter.php(825): App\Controllers\UserDashboardController->insert_roadmap()
#2 /home/linuxmilcl/public_html/projects/etp/system/CodeIgniter.php(412): CodeIgniter\CodeIgniter->runController(Object(App\Controllers\UserDashboardController))
#3 /home/linuxmilcl/public_html/projects/etp/system/CodeIgniter.php(320): CodeIgniter\CodeIgniter->handleRequest(NULL, Object(Config\Cache), false)
#4 /home/linuxmilcl/public_html/projects/etp/index.php(38): CodeIgniter\CodeIgniter->run()
#5 {main}
CRITICAL - 2022-08-23 16:54:38 --> Trying to access array offset on value of type null
#0 /home/linuxmilcl/public_html/projects/etp/app/Controllers/UserDashboardController.php(515): CodeIgniter\Debug\Exceptions->errorHandler(2, 'Trying to acces...', '/home/linuxmilc...', 515)
#1 /home/linuxmilcl/public_html/projects/etp/system/CodeIgniter.php(825): App\Controllers\UserDashboardController->insert_roadmap()
#2 /home/linuxmilcl/public_html/projects/etp/system/CodeIgniter.php(412): CodeIgniter\CodeIgniter->runController(Object(App\Controllers\UserDashboardController))
#3 /home/linuxmilcl/public_html/projects/etp/system/CodeIgniter.php(320): CodeIgniter\CodeIgniter->handleRequest(NULL, Object(Config\Cache), false)
#4 /home/linuxmilcl/public_html/projects/etp/index.php(38): CodeIgniter\CodeIgniter->run()
#5 {main}
CRITICAL - 2022-08-23 16:56:16 --> Trying to access array offset on value of type null
#0 /home/linuxmilcl/public_html/projects/etp/app/Controllers/UserDashboardController.php(515): CodeIgniter\Debug\Exceptions->errorHandler(2, 'Trying to acces...', '/home/linuxmilc...', 515)
#1 /home/linuxmilcl/public_html/projects/etp/system/CodeIgniter.php(825): App\Controllers\UserDashboardController->insert_roadmap()
#2 /home/linuxmilcl/public_html/projects/etp/system/CodeIgniter.php(412): CodeIgniter\CodeIgniter->runController(Object(App\Controllers\UserDashboardController))
#3 /home/linuxmilcl/public_html/projects/etp/system/CodeIgniter.php(320): CodeIgniter\CodeIgniter->handleRequest(NULL, Object(Config\Cache), false)
#4 /home/linuxmilcl/public_html/projects/etp/index.php(38): CodeIgniter\CodeIgniter->run()
#5 {main}
CRITICAL - 2022-08-23 17:07:52 --> syntax error, unexpected token "->"
#0 /home/linuxmilcl/public_html/projects/etp/system/Autoloader/Autoloader.php(241): CodeIgniter\Autoloader\Autoloader->includeFile('/home/linuxmilc...')
#1 /home/linuxmilcl/public_html/projects/etp/system/Autoloader/Autoloader.php(219): CodeIgniter\Autoloader\Autoloader->loadInNamespace('App\\Controllers...')
#2 [internal function]: CodeIgniter\Autoloader\Autoloader->loadClass('App\\Controllers...')
#3 /home/linuxmilcl/public_html/projects/etp/system/CodeIgniter.php(790): class_exists('\\App\\Controller...', true)
#4 /home/linuxmilcl/public_html/projects/etp/system/CodeIgniter.php(399): CodeIgniter\CodeIgniter->startController()
#5 /home/linuxmilcl/public_html/projects/etp/system/CodeIgniter.php(320): CodeIgniter\CodeIgniter->handleRequest(NULL, Object(Config\Cache), false)
#6 /home/linuxmilcl/public_html/projects/etp/index.php(38): CodeIgniter\CodeIgniter->run()
#7 {main}
ERROR - 2022-08-23 17:39:05 --> Unknown column 'roadmap_date' in 'field list'
CRITICAL - 2022-08-23 17:39:05 --> Call to a member function getFirstRow() on bool
#0 /home/linuxmilcl/public_html/projects/etp/system/BaseModel.php(622): CodeIgniter\Model->doFirst()
#1 /home/linuxmilcl/public_html/projects/etp/app/Controllers/UserDashboardController.php(61): CodeIgniter\BaseModel->first()
#2 /home/linuxmilcl/public_html/projects/etp/system/CodeIgniter.php(825): App\Controllers\UserDashboardController->build_roadmap()
#3 /home/linuxmilcl/public_html/projects/etp/system/CodeIgniter.php(412): CodeIgniter\CodeIgniter->runController(Object(App\Controllers\UserDashboardController))
#4 /home/linuxmilcl/public_html/projects/etp/system/CodeIgniter.php(320): CodeIgniter\CodeIgniter->handleRequest(NULL, Object(Config\Cache), false)
#5 /home/linuxmilcl/public_html/projects/etp/index.php(38): CodeIgniter\CodeIgniter->run()
#6 {main}
CRITICAL - 2022-08-23 17:54:26 --> strtotime(): Argument #1 ($datetime) must be of type string, array given
#0 /home/linuxmilcl/public_html/projects/etp/app/Views/frontend/dashboard/build_roadmap.php(7): strtotime(Array)
#1 /home/linuxmilcl/public_html/projects/etp/system/View/View.php(210): include('/home/linuxmilc...')
#2 /home/linuxmilcl/public_html/projects/etp/system/View/View.php(213): CodeIgniter\View\View->CodeIgniter\View\{closure}()
#3 /home/linuxmilcl/public_html/projects/etp/system/Common.php(1089): CodeIgniter\View\View->render('frontend/dashbo...', Array, true)
#4 /home/linuxmilcl/public_html/projects/etp/app/Controllers/UserDashboardController.php(63): view('frontend/dashbo...', Array)
#5 /home/linuxmilcl/public_html/projects/etp/system/CodeIgniter.php(825): App\Controllers\UserDashboardController->build_roadmap()
#6 /home/linuxmilcl/public_html/projects/etp/system/CodeIgniter.php(412): CodeIgniter\CodeIgniter->runController(Object(App\Controllers\UserDashboardController))
#7 /home/linuxmilcl/public_html/projects/etp/system/CodeIgniter.php(320): CodeIgniter\CodeIgniter->handleRequest(NULL, Object(Config\Cache), false)
#8 /home/linuxmilcl/public_html/projects/etp/index.php(38): CodeIgniter\CodeIgniter->run()
#9 {main}
CRITICAL - 2022-08-23 17:54:54 --> strtotime(): Argument #1 ($datetime) must be of type string, array given
#0 /home/linuxmilcl/public_html/projects/etp/app/Views/frontend/dashboard/build_roadmap.php(7): strtotime(Array)
#1 /home/linuxmilcl/public_html/projects/etp/system/View/View.php(210): include('/home/linuxmilc...')
#2 /home/linuxmilcl/public_html/projects/etp/system/View/View.php(213): CodeIgniter\View\View->CodeIgniter\View\{closure}()
#3 /home/linuxmilcl/public_html/projects/etp/system/Common.php(1089): CodeIgniter\View\View->render('frontend/dashbo...', Array, true)
#4 /home/linuxmilcl/public_html/projects/etp/app/Controllers/UserDashboardController.php(63): view('frontend/dashbo...', Array)
#5 /home/linuxmilcl/public_html/projects/etp/system/CodeIgniter.php(825): App\Controllers\UserDashboardController->build_roadmap()
#6 /home/linuxmilcl/public_html/projects/etp/system/CodeIgniter.php(412): CodeIgniter\CodeIgniter->runController(Object(App\Controllers\UserDashboardController))
#7 /home/linuxmilcl/public_html/projects/etp/system/CodeIgniter.php(320): CodeIgniter\CodeIgniter->handleRequest(NULL, Object(Config\Cache), false)
#8 /home/linuxmilcl/public_html/projects/etp/index.php(38): CodeIgniter\CodeIgniter->run()
#9 {main}
CRITICAL - 2022-08-23 17:55:26 --> Undefined array key "roadmap_date"
#0 /home/linuxmilcl/public_html/projects/etp/app/Views/frontend/dashboard/build_roadmap.php(7): CodeIgniter\Debug\Exceptions->errorHandler(2, 'Undefined array...', '/home/linuxmilc...', 7)
#1 /home/linuxmilcl/public_html/projects/etp/system/View/View.php(210): include('/home/linuxmilc...')
#2 /home/linuxmilcl/public_html/projects/etp/system/View/View.php(213): CodeIgniter\View\View->CodeIgniter\View\{closure}()
#3 /home/linuxmilcl/public_html/projects/etp/system/Common.php(1089): CodeIgniter\View\View->render('frontend/dashbo...', Array, true)
#4 /home/linuxmilcl/public_html/projects/etp/app/Controllers/UserDashboardController.php(63): view('frontend/dashbo...', Array)
#5 /home/linuxmilcl/public_html/projects/etp/system/CodeIgniter.php(825): App\Controllers\UserDashboardController->build_roadmap()
#6 /home/linuxmilcl/public_html/projects/etp/system/CodeIgniter.php(412): CodeIgniter\CodeIgniter->runController(Object(App\Controllers\UserDashboardController))
#7 /home/linuxmilcl/public_html/projects/etp/system/CodeIgniter.php(320): CodeIgniter\CodeIgniter->handleRequest(NULL, Object(Config\Cache), false)
#8 /home/linuxmilcl/public_html/projects/etp/index.php(38): CodeIgniter\CodeIgniter->run()
#9 {main}
CRITICAL - 2022-08-23 17:58:03 --> Undefined variable $dateValue
#0 /home/linuxmilcl/public_html/projects/etp/app/Views/frontend/dashboard/build_roadmap.php(8): CodeIgniter\Debug\Exceptions->errorHandler(2, 'Undefined varia...', '/home/linuxmilc...', 8)
#1 /home/linuxmilcl/public_html/projects/etp/system/View/View.php(210): include('/home/linuxmilc...')
#2 /home/linuxmilcl/public_html/projects/etp/system/View/View.php(213): CodeIgniter\View\View->CodeIgniter\View\{closure}()
#3 /home/linuxmilcl/public_html/projects/etp/system/Common.php(1089): CodeIgniter\View\View->render('frontend/dashbo...', Array, true)
#4 /home/linuxmilcl/public_html/projects/etp/app/Controllers/UserDashboardController.php(63): view('frontend/dashbo...', Array)
#5 /home/linuxmilcl/public_html/projects/etp/system/CodeIgniter.php(825): App\Controllers\UserDashboardController->build_roadmap()
#6 /home/linuxmilcl/public_html/projects/etp/system/CodeIgniter.php(412): CodeIgniter\CodeIgniter->runController(Object(App\Controllers\UserDashboardController))
#7 /home/linuxmilcl/public_html/projects/etp/system/CodeIgniter.php(320): CodeIgniter\CodeIgniter->handleRequest(NULL, Object(Config\Cache), false)
#8 /home/linuxmilcl/public_html/projects/etp/index.php(38): CodeIgniter\CodeIgniter->run()
#9 {main}
CRITICAL - 2022-08-23 18:18:15 --> Cannot use isset() on the result of an expression (you can use "null !== expression" instead)
#0 [internal function]: CodeIgniter\Debug\Exceptions->shutdownHandler()
#1 {main}
CRITICAL - 2022-08-23 18:37:53 --> Undefined variable $build_roadmaps
#0 /home/linuxmilcl/public_html/projects/etp/app/Views/frontend/dashboard/build_roadmap.php(8): CodeIgniter\Debug\Exceptions->errorHandler(2, 'Undefined varia...', '/home/linuxmilc...', 8)
#1 /home/linuxmilcl/public_html/projects/etp/system/View/View.php(210): include('/home/linuxmilc...')
#2 /home/linuxmilcl/public_html/projects/etp/system/View/View.php(213): CodeIgniter\View\View->CodeIgniter\View\{closure}()
#3 /home/linuxmilcl/public_html/projects/etp/system/Common.php(1089): CodeIgniter\View\View->render('frontend/dashbo...', Array, true)
#4 /home/linuxmilcl/public_html/projects/etp/app/Controllers/UserDashboardController.php(63): view('frontend/dashbo...', Array)
#5 /home/linuxmilcl/public_html/projects/etp/system/CodeIgniter.php(825): App\Controllers\UserDashboardController->build_roadmap()
#6 /home/linuxmilcl/public_html/projects/etp/system/CodeIgniter.php(412): CodeIgniter\CodeIgniter->runController(Object(App\Controllers\UserDashboardController))
#7 /home/linuxmilcl/public_html/projects/etp/system/CodeIgniter.php(320): CodeIgniter\CodeIgniter->handleRequest(NULL, Object(Config\Cache), false)
#8 /home/linuxmilcl/public_html/projects/etp/index.php(38): CodeIgniter\CodeIgniter->run()
#9 {main}
CRITICAL - 2022-08-23 18:38:37 --> Undefined array key "roadmap_date"
#0 /home/linuxmilcl/public_html/projects/etp/app/Views/frontend/dashboard/build_roadmap.php(8): CodeIgniter\Debug\Exceptions->errorHandler(2, 'Undefined array...', '/home/linuxmilc...', 8)
#1 /home/linuxmilcl/public_html/projects/etp/system/View/View.php(210): include('/home/linuxmilc...')
#2 /home/linuxmilcl/public_html/projects/etp/system/View/View.php(213): CodeIgniter\View\View->CodeIgniter\View\{closure}()
#3 /home/linuxmilcl/public_html/projects/etp/system/Common.php(1089): CodeIgniter\View\View->render('frontend/dashbo...', Array, true)
#4 /home/linuxmilcl/public_html/projects/etp/app/Controllers/UserDashboardController.php(63): view('frontend/dashbo...', Array)
#5 /home/linuxmilcl/public_html/projects/etp/system/CodeIgniter.php(825): App\Controllers\UserDashboardController->build_roadmap()
#6 /home/linuxmilcl/public_html/projects/etp/system/CodeIgniter.php(412): CodeIgniter\CodeIgniter->runController(Object(App\Controllers\UserDashboardController))
#7 /home/linuxmilcl/public_html/projects/etp/system/CodeIgniter.php(320): CodeIgniter\CodeIgniter->handleRequest(NULL, Object(Config\Cache), false)
#8 /home/linuxmilcl/public_html/projects/etp/index.php(38): CodeIgniter\CodeIgniter->run()
#9 {main}
CRITICAL - 2022-08-23 18:48:34 --> Unclosed '{' on line 7
#0 /home/linuxmilcl/public_html/projects/etp/system/View/View.php(213): CodeIgniter\View\View->CodeIgniter\View\{closure}()
#1 /home/linuxmilcl/public_html/projects/etp/system/Common.php(1089): CodeIgniter\View\View->render('frontend/dashbo...', Array, true)
#2 /home/linuxmilcl/public_html/projects/etp/app/Controllers/UserDashboardController.php(63): view('frontend/dashbo...', Array)
#3 /home/linuxmilcl/public_html/projects/etp/system/CodeIgniter.php(825): App\Controllers\UserDashboardController->build_roadmap()
#4 /home/linuxmilcl/public_html/projects/etp/system/CodeIgniter.php(412): CodeIgniter\CodeIgniter->runController(Object(App\Controllers\UserDashboardController))
#5 /home/linuxmilcl/public_html/projects/etp/system/CodeIgniter.php(320): CodeIgniter\CodeIgniter->handleRequest(NULL, Object(Config\Cache), false)
#6 /home/linuxmilcl/public_html/projects/etp/index.php(38): CodeIgniter\CodeIgniter->run()
#7 {main}
CRITICAL - 2022-08-23 18:48:58 --> Unclosed '{' on line 7
#0 /home/linuxmilcl/public_html/projects/etp/system/View/View.php(213): CodeIgniter\View\View->CodeIgniter\View\{closure}()
#1 /home/linuxmilcl/public_html/projects/etp/system/Common.php(1089): CodeIgniter\View\View->render('frontend/dashbo...', Array, true)
#2 /home/linuxmilcl/public_html/projects/etp/app/Controllers/UserDashboardController.php(63): view('frontend/dashbo...', Array)
#3 /home/linuxmilcl/public_html/projects/etp/system/CodeIgniter.php(825): App\Controllers\UserDashboardController->build_roadmap()
#4 /home/linuxmilcl/public_html/projects/etp/system/CodeIgniter.php(412): CodeIgniter\CodeIgniter->runController(Object(App\Controllers\UserDashboardController))
#5 /home/linuxmilcl/public_html/projects/etp/system/CodeIgniter.php(320): CodeIgniter\CodeIgniter->handleRequest(NULL, Object(Config\Cache), false)
#6 /home/linuxmilcl/public_html/projects/etp/index.php(38): CodeIgniter\CodeIgniter->run()
#7 {main}
CRITICAL - 2022-08-23 18:49:02 --> Unclosed '{' on line 7
#0 /home/linuxmilcl/public_html/projects/etp/system/View/View.php(213): CodeIgniter\View\View->CodeIgniter\View\{closure}()
#1 /home/linuxmilcl/public_html/projects/etp/system/Common.php(1089): CodeIgniter\View\View->render('frontend/dashbo...', Array, true)
#2 /home/linuxmilcl/public_html/projects/etp/app/Controllers/UserDashboardController.php(63): view('frontend/dashbo...', Array)
#3 /home/linuxmilcl/public_html/projects/etp/system/CodeIgniter.php(825): App\Controllers\UserDashboardController->build_roadmap()
#4 /home/linuxmilcl/public_html/projects/etp/system/CodeIgniter.php(412): CodeIgniter\CodeIgniter->runController(Object(App\Controllers\UserDashboardController))
#5 /home/linuxmilcl/public_html/projects/etp/system/CodeIgniter.php(320): CodeIgniter\CodeIgniter->handleRequest(NULL, Object(Config\Cache), false)
#6 /home/linuxmilcl/public_html/projects/etp/index.php(38): CodeIgniter\CodeIgniter->run()
#7 {main}
CRITICAL - 2022-08-23 18:50:09 --> Unclosed '{' on line 7
#0 /home/linuxmilcl/public_html/projects/etp/system/View/View.php(213): CodeIgniter\View\View->CodeIgniter\View\{closure}()
#1 /home/linuxmilcl/public_html/projects/etp/system/Common.php(1089): CodeIgniter\View\View->render('frontend/dashbo...', Array, true)
#2 /home/linuxmilcl/public_html/projects/etp/app/Controllers/UserDashboardController.php(63): view('frontend/dashbo...', Array)
#3 /home/linuxmilcl/public_html/projects/etp/system/CodeIgniter.php(825): App\Controllers\UserDashboardController->build_roadmap()
#4 /home/linuxmilcl/public_html/projects/etp/system/CodeIgniter.php(412): CodeIgniter\CodeIgniter->runController(Object(App\Controllers\UserDashboardController))
#5 /home/linuxmilcl/public_html/projects/etp/system/CodeIgniter.php(320): CodeIgniter\CodeIgniter->handleRequest(NULL, Object(Config\Cache), false)
#6 /home/linuxmilcl/public_html/projects/etp/index.php(38): CodeIgniter\CodeIgniter->run()
#7 {main}
CRITICAL - 2022-08-23 18:52:59 --> array_unique(): Argument #1 ($array) must be of type array, string given
#0 /home/linuxmilcl/public_html/projects/etp/app/Views/frontend/dashboard/build_roadmap.php(9): array_unique('2022-08-18')
#1 /home/linuxmilcl/public_html/projects/etp/system/View/View.php(210): include('/home/linuxmilc...')
#2 /home/linuxmilcl/public_html/projects/etp/system/View/View.php(213): CodeIgniter\View\View->CodeIgniter\View\{closure}()
#3 /home/linuxmilcl/public_html/projects/etp/system/Common.php(1089): CodeIgniter\View\View->render('frontend/dashbo...', Array, true)
#4 /home/linuxmilcl/public_html/projects/etp/app/Controllers/UserDashboardController.php(63): view('frontend/dashbo...', Array)
#5 /home/linuxmilcl/public_html/projects/etp/system/CodeIgniter.php(825): App\Controllers\UserDashboardController->build_roadmap()
#6 /home/linuxmilcl/public_html/projects/etp/system/CodeIgniter.php(412): CodeIgniter\CodeIgniter->runController(Object(App\Controllers\UserDashboardController))
#7 /home/linuxmilcl/public_html/projects/etp/system/CodeIgniter.php(320): CodeIgniter\CodeIgniter->handleRequest(NULL, Object(Config\Cache), false)
#8 /home/linuxmilcl/public_html/projects/etp/index.php(38): CodeIgniter\CodeIgniter->run()
#9 {main}
CRITICAL - 2022-08-23 22:08:13 --> Unmatched '}'
#0 /home/linuxmilcl/public_html/projects/etp/system/View/View.php(213): CodeIgniter\View\View->CodeIgniter\View\{closure}()
#1 /home/linuxmilcl/public_html/projects/etp/system/Common.php(1089): CodeIgniter\View\View->render('frontend/dashbo...', Array, true)
#2 /home/linuxmilcl/public_html/projects/etp/app/Controllers/UserDashboardController.php(63): view('frontend/dashbo...', Array)
#3 /home/linuxmilcl/public_html/projects/etp/system/CodeIgniter.php(825): App\Controllers\UserDashboardController->build_roadmap()
#4 /home/linuxmilcl/public_html/projects/etp/system/CodeIgniter.php(412): CodeIgniter\CodeIgniter->runController(Object(App\Controllers\UserDashboardController))
#5 /home/linuxmilcl/public_html/projects/etp/system/CodeIgniter.php(320): CodeIgniter\CodeIgniter->handleRequest(NULL, Object(Config\Cache), false)
#6 /home/linuxmilcl/public_html/projects/etp/index.php(38): CodeIgniter\CodeIgniter->run()
#7 {main}
