CRITICAL - 2022-09-01 01:08:18 --> Undefined variable $data
#0 /home/linuxmilcl/public_html/projects/etp/app/Controllers/UserDashboardController.php(585): CodeIgniter\Debug\Exceptions->errorHandler(2, 'Undefined varia...', '/home/linuxmilc...', 585)
#1 /home/linuxmilcl/public_html/projects/etp/system/CodeIgniter.php(825): App\Controllers\UserDashboardController->validate_idea_store()
#2 /home/linuxmilcl/public_html/projects/etp/system/CodeIgniter.php(412): CodeIgniter\CodeIgniter->runController(Object(App\Controllers\UserDashboardController))
#3 /home/linuxmilcl/public_html/projects/etp/system/CodeIgniter.php(320): CodeIgniter\CodeIgniter->handleRequest(NULL, Object(Config\Cache), false)
#4 /home/linuxmilcl/public_html/projects/etp/index.php(38): CodeIgniter\CodeIgniter->run()
#5 {main}
CRITICAL - 2022-09-01 01:10:00 --> Undefined variable $data
#0 /home/linuxmilcl/public_html/projects/etp/app/Controllers/UserDashboardController.php(585): CodeIgniter\Debug\Exceptions->errorHandler(2, 'Undefined varia...', '/home/linuxmilc...', 585)
#1 /home/linuxmilcl/public_html/projects/etp/system/CodeIgniter.php(825): App\Controllers\UserDashboardController->validate_idea_store()
#2 /home/linuxmilcl/public_html/projects/etp/system/CodeIgniter.php(412): CodeIgniter\CodeIgniter->runController(Object(App\Controllers\UserDashboardController))
#3 /home/linuxmilcl/public_html/projects/etp/system/CodeIgniter.php(320): CodeIgniter\CodeIgniter->handleRequest(NULL, Object(Config\Cache), false)
#4 /home/linuxmilcl/public_html/projects/etp/index.php(38): CodeIgniter\CodeIgniter->run()
#5 {main}
CRITICAL - 2022-09-01 01:10:17 --> Undefined variable $data
#0 /home/linuxmilcl/public_html/projects/etp/app/Controllers/UserDashboardController.php(585): CodeIgniter\Debug\Exceptions->errorHandler(2, 'Undefined varia...', '/home/linuxmilc...', 585)
#1 /home/linuxmilcl/public_html/projects/etp/system/CodeIgniter.php(825): App\Controllers\UserDashboardController->validate_idea_store()
#2 /home/linuxmilcl/public_html/projects/etp/system/CodeIgniter.php(412): CodeIgniter\CodeIgniter->runController(Object(App\Controllers\UserDashboardController))
#3 /home/linuxmilcl/public_html/projects/etp/system/CodeIgniter.php(320): CodeIgniter\CodeIgniter->handleRequest(NULL, Object(Config\Cache), false)
#4 /home/linuxmilcl/public_html/projects/etp/index.php(38): CodeIgniter\CodeIgniter->run()
#5 {main}
CRITICAL - 2022-09-01 01:11:19 --> Undefined variable $data
#0 /home/linuxmilcl/public_html/projects/etp/app/Controllers/UserDashboardController.php(585): CodeIgniter\Debug\Exceptions->errorHandler(2, 'Undefined varia...', '/home/linuxmilc...', 585)
#1 /home/linuxmilcl/public_html/projects/etp/system/CodeIgniter.php(825): App\Controllers\UserDashboardController->validate_idea_store()
#2 /home/linuxmilcl/public_html/projects/etp/system/CodeIgniter.php(412): CodeIgniter\CodeIgniter->runController(Object(App\Controllers\UserDashboardController))
#3 /home/linuxmilcl/public_html/projects/etp/system/CodeIgniter.php(320): CodeIgniter\CodeIgniter->handleRequest(NULL, Object(Config\Cache), false)
#4 /home/linuxmilcl/public_html/projects/etp/index.php(38): CodeIgniter\CodeIgniter->run()
#5 {main}
CRITICAL - 2022-09-01 01:11:26 --> Undefined variable $data
#0 /home/linuxmilcl/public_html/projects/etp/app/Controllers/UserDashboardController.php(585): CodeIgniter\Debug\Exceptions->errorHandler(2, 'Undefined varia...', '/home/linuxmilc...', 585)
#1 /home/linuxmilcl/public_html/projects/etp/system/CodeIgniter.php(825): App\Controllers\UserDashboardController->validate_idea_store()
#2 /home/linuxmilcl/public_html/projects/etp/system/CodeIgniter.php(412): CodeIgniter\CodeIgniter->runController(Object(App\Controllers\UserDashboardController))
#3 /home/linuxmilcl/public_html/projects/etp/system/CodeIgniter.php(320): CodeIgniter\CodeIgniter->handleRequest(NULL, Object(Config\Cache), false)
#4 /home/linuxmilcl/public_html/projects/etp/index.php(38): CodeIgniter\CodeIgniter->run()
#5 {main}
CRITICAL - 2022-09-01 01:19:35 --> implode(): Argument #1 ($pieces) must be of type array, string given
#0 /home/linuxmilcl/public_html/projects/etp/app/Controllers/UserDashboardController.php(873): implode(',', NULL)
#1 /home/linuxmilcl/public_html/projects/etp/system/CodeIgniter.php(825): App\Controllers\UserDashboardController->request_sendMail()
#2 /home/linuxmilcl/public_html/projects/etp/system/CodeIgniter.php(412): CodeIgniter\CodeIgniter->runController(Object(App\Controllers\UserDashboardController))
#3 /home/linuxmilcl/public_html/projects/etp/system/CodeIgniter.php(320): CodeIgniter\CodeIgniter->handleRequest(NULL, Object(Config\Cache), false)
#4 /home/linuxmilcl/public_html/projects/etp/index.php(38): CodeIgniter\CodeIgniter->run()
#5 {main}
CRITICAL - 2022-09-01 10:00:23 --> implode(): Argument #1 ($pieces) must be of type array, string given
#0 /home/linuxmilcl/public_html/projects/etp/app/Controllers/UserDashboardController.php(873): implode(',', NULL)
#1 /home/linuxmilcl/public_html/projects/etp/system/CodeIgniter.php(825): App\Controllers\UserDashboardController->request_sendMail()
#2 /home/linuxmilcl/public_html/projects/etp/system/CodeIgniter.php(412): CodeIgniter\CodeIgniter->runController(Object(App\Controllers\UserDashboardController))
#3 /home/linuxmilcl/public_html/projects/etp/system/CodeIgniter.php(320): CodeIgniter\CodeIgniter->handleRequest(NULL, Object(Config\Cache), false)
#4 /home/linuxmilcl/public_html/projects/etp/index.php(38): CodeIgniter\CodeIgniter->run()
#5 {main}
CRITICAL - 2022-09-01 10:38:29 --> Undefined variable $data
#0 /home/linuxmilcl/public_html/projects/etp/app/Controllers/UserDashboardController.php(585): CodeIgniter\Debug\Exceptions->errorHandler(2, 'Undefined varia...', '/home/linuxmilc...', 585)
#1 /home/linuxmilcl/public_html/projects/etp/system/CodeIgniter.php(825): App\Controllers\UserDashboardController->validate_idea_store()
#2 /home/linuxmilcl/public_html/projects/etp/system/CodeIgniter.php(412): CodeIgniter\CodeIgniter->runController(Object(App\Controllers\UserDashboardController))
#3 /home/linuxmilcl/public_html/projects/etp/system/CodeIgniter.php(320): CodeIgniter\CodeIgniter->handleRequest(NULL, Object(Config\Cache), false)
#4 /home/linuxmilcl/public_html/projects/etp/index.php(38): CodeIgniter\CodeIgniter->run()
#5 {main}
CRITICAL - 2022-09-01 10:38:29 --> Undefined variable $data
#0 /home/linuxmilcl/public_html/projects/etp/app/Controllers/UserDashboardController.php(585): CodeIgniter\Debug\Exceptions->errorHandler(2, 'Undefined varia...', '/home/linuxmilc...', 585)
#1 /home/linuxmilcl/public_html/projects/etp/system/CodeIgniter.php(825): App\Controllers\UserDashboardController->validate_idea_store()
#2 /home/linuxmilcl/public_html/projects/etp/system/CodeIgniter.php(412): CodeIgniter\CodeIgniter->runController(Object(App\Controllers\UserDashboardController))
#3 /home/linuxmilcl/public_html/projects/etp/system/CodeIgniter.php(320): CodeIgniter\CodeIgniter->handleRequest(NULL, Object(Config\Cache), false)
#4 /home/linuxmilcl/public_html/projects/etp/index.php(38): CodeIgniter\CodeIgniter->run()
#5 {main}
CRITICAL - 2022-09-01 10:39:00 --> Undefined variable $data
#0 /home/linuxmilcl/public_html/projects/etp/app/Controllers/UserDashboardController.php(585): CodeIgniter\Debug\Exceptions->errorHandler(2, 'Undefined varia...', '/home/linuxmilc...', 585)
#1 /home/linuxmilcl/public_html/projects/etp/system/CodeIgniter.php(825): App\Controllers\UserDashboardController->validate_idea_store()
#2 /home/linuxmilcl/public_html/projects/etp/system/CodeIgniter.php(412): CodeIgniter\CodeIgniter->runController(Object(App\Controllers\UserDashboardController))
#3 /home/linuxmilcl/public_html/projects/etp/system/CodeIgniter.php(320): CodeIgniter\CodeIgniter->handleRequest(NULL, Object(Config\Cache), false)
#4 /home/linuxmilcl/public_html/projects/etp/index.php(38): CodeIgniter\CodeIgniter->run()
#5 {main}
CRITICAL - 2022-09-01 10:42:22 --> Undefined variable $data
#0 /home/linuxmilcl/public_html/projects/etp/app/Controllers/UserDashboardController.php(585): CodeIgniter\Debug\Exceptions->errorHandler(2, 'Undefined varia...', '/home/linuxmilc...', 585)
#1 /home/linuxmilcl/public_html/projects/etp/system/CodeIgniter.php(825): App\Controllers\UserDashboardController->validate_idea_store()
#2 /home/linuxmilcl/public_html/projects/etp/system/CodeIgniter.php(412): CodeIgniter\CodeIgniter->runController(Object(App\Controllers\UserDashboardController))
#3 /home/linuxmilcl/public_html/projects/etp/system/CodeIgniter.php(320): CodeIgniter\CodeIgniter->handleRequest(NULL, Object(Config\Cache), false)
#4 /home/linuxmilcl/public_html/projects/etp/index.php(38): CodeIgniter\CodeIgniter->run()
#5 {main}
