CRITICAL - 2022-07-23 06:31:11 --> Cannot redeclare site_url() (previously declared in /home/linuxmilcl/public_html/projects/etp/system/Helpers/url_helper.php:80)
#0 [internal function]: CodeIgniter\Debug\Exceptions->shutdownHandler()
#1 {main}
CRITICAL - 2022-07-23 06:31:17 --> Cannot redeclare site_url() (previously declared in /home/linuxmilcl/public_html/projects/etp/system/Helpers/url_helper.php:80)
#0 [internal function]: CodeIgniter\Debug\Exceptions->shutdownHandler()
#1 {main}
CRITICAL - 2022-07-23 06:31:21 --> Cannot redeclare site_url() (previously declared in /home/linuxmilcl/public_html/projects/etp/system/Helpers/url_helper.php:80)
#0 [internal function]: CodeIgniter\Debug\Exceptions->shutdownHandler()
#1 {main}
CRITICAL - 2022-07-23 06:33:40 --> Cannot redeclare site_url() (previously declared in /home/linuxmilcl/public_html/projects/etp/system/Helpers/url_helper.php:80)
#0 [internal function]: CodeIgniter\Debug\Exceptions->shutdownHandler()
#1 {main}
CRITICAL - 2022-07-23 06:33:52 --> Cannot redeclare site_url() (previously declared in /home/linuxmilcl/public_html/projects/etp/system/Helpers/url_helper.php:80)
#0 [internal function]: CodeIgniter\Debug\Exceptions->shutdownHandler()
#1 {main}
CRITICAL - 2022-07-23 06:33:52 --> Cannot redeclare site_url() (previously declared in /home/linuxmilcl/public_html/projects/etp/system/Helpers/url_helper.php:80)
#0 [internal function]: CodeIgniter\Debug\Exceptions->shutdownHandler()
#1 {main}
CRITICAL - 2022-07-23 06:41:06 --> Cannot redeclare site_url() (previously declared in /home/linuxmilcl/public_html/projects/etp/system/Helpers/url_helper.php:80)
#0 [internal function]: CodeIgniter\Debug\Exceptions->shutdownHandler()
#1 {main}
CRITICAL - 2022-07-23 06:51:02 --> Cannot redeclare site_url() (previously declared in /home/linuxmilcl/public_html/projects/etp/system/Helpers/url_helper.php:80)
#0 [internal function]: CodeIgniter\Debug\Exceptions->shutdownHandler()
#1 {main}
CRITICAL - 2022-07-23 06:52:24 --> Cannot redeclare site_url() (previously declared in /home/linuxmilcl/public_html/projects/etp/system/Helpers/url_helper.php:80)
#0 [internal function]: CodeIgniter\Debug\Exceptions->shutdownHandler()
#1 {main}
CRITICAL - 2022-07-23 06:52:45 --> Cannot redeclare site_url() (previously declared in /home/linuxmilcl/public_html/projects/etp/system/Helpers/url_helper.php:80)
#0 [internal function]: CodeIgniter\Debug\Exceptions->shutdownHandler()
#1 {main}
CRITICAL - 2022-07-23 17:08:25 --> Undefined variable $index_userdata
#0 /home/linuxmilcl/public_html/projects/etp/app/Views/templates/public_dash_header.php(158): CodeIgniter\Debug\Exceptions->errorHandler(2, 'Undefined varia...', '/home/linuxmilc...', 158)
#1 /home/linuxmilcl/public_html/projects/etp/system/View/View.php(210): include('/home/linuxmilc...')
#2 /home/linuxmilcl/public_html/projects/etp/system/View/View.php(213): CodeIgniter\View\View->CodeIgniter\View\{closure}()
#3 /home/linuxmilcl/public_html/projects/etp/system/Common.php(1089): CodeIgniter\View\View->render('templates/publi...', Array, true)
#4 /home/linuxmilcl/public_html/projects/etp/app/Controllers/UserDashboardController.php(25): view('templates/publi...')
#5 /home/linuxmilcl/public_html/projects/etp/system/CodeIgniter.php(825): App\Controllers\UserDashboardController->index()
#6 /home/linuxmilcl/public_html/projects/etp/system/CodeIgniter.php(412): CodeIgniter\CodeIgniter->runController(Object(App\Controllers\UserDashboardController))
#7 /home/linuxmilcl/public_html/projects/etp/system/CodeIgniter.php(320): CodeIgniter\CodeIgniter->handleRequest(NULL, Object(Config\Cache), false)
#8 /home/linuxmilcl/public_html/projects/etp/index.php(38): CodeIgniter\CodeIgniter->run()
#9 {main}
CRITICAL - 2022-07-23 17:10:53 --> Undefined variable $index_userdata
#0 /home/linuxmilcl/public_html/projects/etp/app/Views/templates/public_dash_header.php(158): CodeIgniter\Debug\Exceptions->errorHandler(2, 'Undefined varia...', '/home/linuxmilc...', 158)
#1 /home/linuxmilcl/public_html/projects/etp/system/View/View.php(210): include('/home/linuxmilc...')
#2 /home/linuxmilcl/public_html/projects/etp/system/View/View.php(213): CodeIgniter\View\View->CodeIgniter\View\{closure}()
#3 /home/linuxmilcl/public_html/projects/etp/system/Common.php(1089): CodeIgniter\View\View->render('templates/publi...', Array, true)
#4 /home/linuxmilcl/public_html/projects/etp/app/Controllers/UserDashboardController.php(25): view('templates/publi...')
#5 /home/linuxmilcl/public_html/projects/etp/system/CodeIgniter.php(825): App\Controllers\UserDashboardController->index()
#6 /home/linuxmilcl/public_html/projects/etp/system/CodeIgniter.php(412): CodeIgniter\CodeIgniter->runController(Object(App\Controllers\UserDashboardController))
#7 /home/linuxmilcl/public_html/projects/etp/system/CodeIgniter.php(320): CodeIgniter\CodeIgniter->handleRequest(NULL, Object(Config\Cache), false)
#8 /home/linuxmilcl/public_html/projects/etp/index.php(38): CodeIgniter\CodeIgniter->run()
#9 {main}
CRITICAL - 2022-07-23 21:30:34 --> Undefined variable $user_id
#0 /home/linuxmilcl/public_html/projects/etp/app/Controllers/UserDashboardController.php(40): CodeIgniter\Debug\Exceptions->errorHandler(2, 'Undefined varia...', '/home/linuxmilc...', 40)
#1 /home/linuxmilcl/public_html/projects/etp/system/CodeIgniter.php(825): App\Controllers\UserDashboardController->startup()
#2 /home/linuxmilcl/public_html/projects/etp/system/CodeIgniter.php(412): CodeIgniter\CodeIgniter->runController(Object(App\Controllers\UserDashboardController))
#3 /home/linuxmilcl/public_html/projects/etp/system/CodeIgniter.php(320): CodeIgniter\CodeIgniter->handleRequest(NULL, Object(Config\Cache), false)
#4 /home/linuxmilcl/public_html/projects/etp/index.php(38): CodeIgniter\CodeIgniter->run()
#5 {main}
CRITICAL - 2022-07-23 21:54:54 --> Undefined array key "industry"
#0 /home/linuxmilcl/public_html/projects/etp/app/Views/frontend/dashboard/startup.php(139): CodeIgniter\Debug\Exceptions->errorHandler(2, 'Undefined array...', '/home/linuxmilc...', 139)
#1 /home/linuxmilcl/public_html/projects/etp/system/View/View.php(210): include('/home/linuxmilc...')
#2 /home/linuxmilcl/public_html/projects/etp/system/View/View.php(213): CodeIgniter\View\View->CodeIgniter\View\{closure}()
#3 /home/linuxmilcl/public_html/projects/etp/system/Common.php(1089): CodeIgniter\View\View->render('frontend/dashbo...', Array, true)
#4 /home/linuxmilcl/public_html/projects/etp/app/Controllers/UserDashboardController.php(43): view('frontend/dashbo...', Array)
#5 /home/linuxmilcl/public_html/projects/etp/system/CodeIgniter.php(825): App\Controllers\UserDashboardController->startup()
#6 /home/linuxmilcl/public_html/projects/etp/system/CodeIgniter.php(412): CodeIgniter\CodeIgniter->runController(Object(App\Controllers\UserDashboardController))
#7 /home/linuxmilcl/public_html/projects/etp/system/CodeIgniter.php(320): CodeIgniter\CodeIgniter->handleRequest(NULL, Object(Config\Cache), false)
#8 /home/linuxmilcl/public_html/projects/etp/index.php(38): CodeIgniter\CodeIgniter->run()
#9 {main}
CRITICAL - 2022-07-23 21:55:14 --> Undefined array key "industry"
#0 /home/linuxmilcl/public_html/projects/etp/app/Views/frontend/dashboard/startup.php(139): CodeIgniter\Debug\Exceptions->errorHandler(2, 'Undefined array...', '/home/linuxmilc...', 139)
#1 /home/linuxmilcl/public_html/projects/etp/system/View/View.php(210): include('/home/linuxmilc...')
#2 /home/linuxmilcl/public_html/projects/etp/system/View/View.php(213): CodeIgniter\View\View->CodeIgniter\View\{closure}()
#3 /home/linuxmilcl/public_html/projects/etp/system/Common.php(1089): CodeIgniter\View\View->render('frontend/dashbo...', Array, true)
#4 /home/linuxmilcl/public_html/projects/etp/app/Controllers/UserDashboardController.php(43): view('frontend/dashbo...', Array)
#5 /home/linuxmilcl/public_html/projects/etp/system/CodeIgniter.php(825): App\Controllers\UserDashboardController->startup()
#6 /home/linuxmilcl/public_html/projects/etp/system/CodeIgniter.php(412): CodeIgniter\CodeIgniter->runController(Object(App\Controllers\UserDashboardController))
#7 /home/linuxmilcl/public_html/projects/etp/system/CodeIgniter.php(320): CodeIgniter\CodeIgniter->handleRequest(NULL, Object(Config\Cache), false)
#8 /home/linuxmilcl/public_html/projects/etp/index.php(38): CodeIgniter\CodeIgniter->run()
#9 {main}
CRITICAL - 2022-07-23 22:12:40 --> Undefined variable $active1
#0 /home/linuxmilcl/public_html/projects/etp/app/Views/frontend/dashboard/startup.php(110): CodeIgniter\Debug\Exceptions->errorHandler(2, 'Undefined varia...', '/home/linuxmilc...', 110)
#1 /home/linuxmilcl/public_html/projects/etp/system/View/View.php(210): include('/home/linuxmilc...')
#2 /home/linuxmilcl/public_html/projects/etp/system/View/View.php(213): CodeIgniter\View\View->CodeIgniter\View\{closure}()
#3 /home/linuxmilcl/public_html/projects/etp/system/Common.php(1089): CodeIgniter\View\View->render('frontend/dashbo...', Array, true)
#4 /home/linuxmilcl/public_html/projects/etp/app/Controllers/UserDashboardController.php(43): view('frontend/dashbo...', Array)
#5 /home/linuxmilcl/public_html/projects/etp/system/CodeIgniter.php(825): App\Controllers\UserDashboardController->startup()
#6 /home/linuxmilcl/public_html/projects/etp/system/CodeIgniter.php(412): CodeIgniter\CodeIgniter->runController(Object(App\Controllers\UserDashboardController))
#7 /home/linuxmilcl/public_html/projects/etp/system/CodeIgniter.php(320): CodeIgniter\CodeIgniter->handleRequest(NULL, Object(Config\Cache), false)
#8 /home/linuxmilcl/public_html/projects/etp/index.php(38): CodeIgniter\CodeIgniter->run()
#9 {main}
CRITICAL - 2022-07-23 22:21:21 --> Unclosed '{' on line 89
#0 /home/linuxmilcl/public_html/projects/etp/system/View/View.php(213): CodeIgniter\View\View->CodeIgniter\View\{closure}()
#1 /home/linuxmilcl/public_html/projects/etp/system/Common.php(1089): CodeIgniter\View\View->render('frontend/dashbo...', Array, true)
#2 /home/linuxmilcl/public_html/projects/etp/app/Controllers/UserDashboardController.php(43): view('frontend/dashbo...', Array)
#3 /home/linuxmilcl/public_html/projects/etp/system/CodeIgniter.php(825): App\Controllers\UserDashboardController->startup()
#4 /home/linuxmilcl/public_html/projects/etp/system/CodeIgniter.php(412): CodeIgniter\CodeIgniter->runController(Object(App\Controllers\UserDashboardController))
#5 /home/linuxmilcl/public_html/projects/etp/system/CodeIgniter.php(320): CodeIgniter\CodeIgniter->handleRequest(NULL, Object(Config\Cache), false)
#6 /home/linuxmilcl/public_html/projects/etp/index.php(38): CodeIgniter\CodeIgniter->run()
#7 {main}
CRITICAL - 2022-07-23 22:25:50 --> Unclosed '{' on line 90
#0 /home/linuxmilcl/public_html/projects/etp/system/View/View.php(213): CodeIgniter\View\View->CodeIgniter\View\{closure}()
#1 /home/linuxmilcl/public_html/projects/etp/system/Common.php(1089): CodeIgniter\View\View->render('frontend/dashbo...', Array, true)
#2 /home/linuxmilcl/public_html/projects/etp/app/Controllers/UserDashboardController.php(43): view('frontend/dashbo...', Array)
#3 /home/linuxmilcl/public_html/projects/etp/system/CodeIgniter.php(825): App\Controllers\UserDashboardController->startup()
#4 /home/linuxmilcl/public_html/projects/etp/system/CodeIgniter.php(412): CodeIgniter\CodeIgniter->runController(Object(App\Controllers\UserDashboardController))
#5 /home/linuxmilcl/public_html/projects/etp/system/CodeIgniter.php(320): CodeIgniter\CodeIgniter->handleRequest(NULL, Object(Config\Cache), false)
#6 /home/linuxmilcl/public_html/projects/etp/index.php(38): CodeIgniter\CodeIgniter->run()
#7 {main}
CRITICAL - 2022-07-23 22:26:19 --> Unclosed '{' on line 90
#0 /home/linuxmilcl/public_html/projects/etp/system/View/View.php(213): CodeIgniter\View\View->CodeIgniter\View\{closure}()
#1 /home/linuxmilcl/public_html/projects/etp/system/Common.php(1089): CodeIgniter\View\View->render('frontend/dashbo...', Array, true)
#2 /home/linuxmilcl/public_html/projects/etp/app/Controllers/UserDashboardController.php(43): view('frontend/dashbo...', Array)
#3 /home/linuxmilcl/public_html/projects/etp/system/CodeIgniter.php(825): App\Controllers\UserDashboardController->startup()
#4 /home/linuxmilcl/public_html/projects/etp/system/CodeIgniter.php(412): CodeIgniter\CodeIgniter->runController(Object(App\Controllers\UserDashboardController))
#5 /home/linuxmilcl/public_html/projects/etp/system/CodeIgniter.php(320): CodeIgniter\CodeIgniter->handleRequest(NULL, Object(Config\Cache), false)
#6 /home/linuxmilcl/public_html/projects/etp/index.php(38): CodeIgniter\CodeIgniter->run()
#7 {main}
CRITICAL - 2022-07-23 22:26:25 --> Unclosed '{' on line 90
#0 /home/linuxmilcl/public_html/projects/etp/system/View/View.php(213): CodeIgniter\View\View->CodeIgniter\View\{closure}()
#1 /home/linuxmilcl/public_html/projects/etp/system/Common.php(1089): CodeIgniter\View\View->render('frontend/dashbo...', Array, true)
#2 /home/linuxmilcl/public_html/projects/etp/app/Controllers/UserDashboardController.php(43): view('frontend/dashbo...', Array)
#3 /home/linuxmilcl/public_html/projects/etp/system/CodeIgniter.php(825): App\Controllers\UserDashboardController->startup()
#4 /home/linuxmilcl/public_html/projects/etp/system/CodeIgniter.php(412): CodeIgniter\CodeIgniter->runController(Object(App\Controllers\UserDashboardController))
#5 /home/linuxmilcl/public_html/projects/etp/system/CodeIgniter.php(320): CodeIgniter\CodeIgniter->handleRequest(NULL, Object(Config\Cache), false)
#6 /home/linuxmilcl/public_html/projects/etp/index.php(38): CodeIgniter\CodeIgniter->run()
#7 {main}
CRITICAL - 2022-07-23 22:26:52 --> Unclosed '{' on line 90
#0 /home/linuxmilcl/public_html/projects/etp/system/View/View.php(213): CodeIgniter\View\View->CodeIgniter\View\{closure}()
#1 /home/linuxmilcl/public_html/projects/etp/system/Common.php(1089): CodeIgniter\View\View->render('frontend/dashbo...', Array, true)
#2 /home/linuxmilcl/public_html/projects/etp/app/Controllers/UserDashboardController.php(43): view('frontend/dashbo...', Array)
#3 /home/linuxmilcl/public_html/projects/etp/system/CodeIgniter.php(825): App\Controllers\UserDashboardController->startup()
#4 /home/linuxmilcl/public_html/projects/etp/system/CodeIgniter.php(412): CodeIgniter\CodeIgniter->runController(Object(App\Controllers\UserDashboardController))
#5 /home/linuxmilcl/public_html/projects/etp/system/CodeIgniter.php(320): CodeIgniter\CodeIgniter->handleRequest(NULL, Object(Config\Cache), false)
#6 /home/linuxmilcl/public_html/projects/etp/index.php(38): CodeIgniter\CodeIgniter->run()
#7 {main}
CRITICAL - 2022-07-23 22:27:19 --> Unclosed '{' on line 90
#0 /home/linuxmilcl/public_html/projects/etp/system/View/View.php(213): CodeIgniter\View\View->CodeIgniter\View\{closure}()
#1 /home/linuxmilcl/public_html/projects/etp/system/Common.php(1089): CodeIgniter\View\View->render('frontend/dashbo...', Array, true)
#2 /home/linuxmilcl/public_html/projects/etp/app/Controllers/UserDashboardController.php(43): view('frontend/dashbo...', Array)
#3 /home/linuxmilcl/public_html/projects/etp/system/CodeIgniter.php(825): App\Controllers\UserDashboardController->startup()
#4 /home/linuxmilcl/public_html/projects/etp/system/CodeIgniter.php(412): CodeIgniter\CodeIgniter->runController(Object(App\Controllers\UserDashboardController))
#5 /home/linuxmilcl/public_html/projects/etp/system/CodeIgniter.php(320): CodeIgniter\CodeIgniter->handleRequest(NULL, Object(Config\Cache), false)
#6 /home/linuxmilcl/public_html/projects/etp/index.php(38): CodeIgniter\CodeIgniter->run()
#7 {main}
CRITICAL - 2022-07-23 22:28:13 --> Unmatched '}'
#0 /home/linuxmilcl/public_html/projects/etp/system/View/View.php(213): CodeIgniter\View\View->CodeIgniter\View\{closure}()
#1 /home/linuxmilcl/public_html/projects/etp/system/Common.php(1089): CodeIgniter\View\View->render('frontend/dashbo...', Array, true)
#2 /home/linuxmilcl/public_html/projects/etp/app/Controllers/UserDashboardController.php(43): view('frontend/dashbo...', Array)
#3 /home/linuxmilcl/public_html/projects/etp/system/CodeIgniter.php(825): App\Controllers\UserDashboardController->startup()
#4 /home/linuxmilcl/public_html/projects/etp/system/CodeIgniter.php(412): CodeIgniter\CodeIgniter->runController(Object(App\Controllers\UserDashboardController))
#5 /home/linuxmilcl/public_html/projects/etp/system/CodeIgniter.php(320): CodeIgniter\CodeIgniter->handleRequest(NULL, Object(Config\Cache), false)
#6 /home/linuxmilcl/public_html/projects/etp/index.php(38): CodeIgniter\CodeIgniter->run()
#7 {main}
CRITICAL - 2022-07-23 22:48:00 --> Trying to access array offset on value of type null
#0 /home/linuxmilcl/public_html/projects/etp/app/Views/frontend/dashboard/index.php(419): CodeIgniter\Debug\Exceptions->errorHandler(2, 'Trying to acces...', '/home/linuxmilc...', 419)
#1 /home/linuxmilcl/public_html/projects/etp/system/View/View.php(210): include('/home/linuxmilc...')
#2 /home/linuxmilcl/public_html/projects/etp/system/View/View.php(213): CodeIgniter\View\View->CodeIgniter\View\{closure}()
#3 /home/linuxmilcl/public_html/projects/etp/system/Common.php(1089): CodeIgniter\View\View->render('frontend/dashbo...', Array, true)
#4 /home/linuxmilcl/public_html/projects/etp/app/Controllers/UserDashboardController.php(26): view('frontend/dashbo...', Array)
#5 /home/linuxmilcl/public_html/projects/etp/system/CodeIgniter.php(825): App\Controllers\UserDashboardController->index()
#6 /home/linuxmilcl/public_html/projects/etp/system/CodeIgniter.php(412): CodeIgniter\CodeIgniter->runController(Object(App\Controllers\UserDashboardController))
#7 /home/linuxmilcl/public_html/projects/etp/system/CodeIgniter.php(320): CodeIgniter\CodeIgniter->handleRequest(NULL, Object(Config\Cache), false)
#8 /home/linuxmilcl/public_html/projects/etp/index.php(38): CodeIgniter\CodeIgniter->run()
#9 {main}
CRITICAL - 2022-07-23 22:50:42 --> Trying to access array offset on value of type null
#0 /home/linuxmilcl/public_html/projects/etp/app/Views/frontend/dashboard/startup.php(162): CodeIgniter\Debug\Exceptions->errorHandler(2, 'Trying to acces...', '/home/linuxmilc...', 162)
#1 /home/linuxmilcl/public_html/projects/etp/system/View/View.php(210): include('/home/linuxmilc...')
#2 /home/linuxmilcl/public_html/projects/etp/system/View/View.php(213): CodeIgniter\View\View->CodeIgniter\View\{closure}()
#3 /home/linuxmilcl/public_html/projects/etp/system/Common.php(1089): CodeIgniter\View\View->render('frontend/dashbo...', Array, true)
#4 /home/linuxmilcl/public_html/projects/etp/app/Controllers/UserDashboardController.php(43): view('frontend/dashbo...', Array)
#5 /home/linuxmilcl/public_html/projects/etp/system/CodeIgniter.php(825): App\Controllers\UserDashboardController->startup()
#6 /home/linuxmilcl/public_html/projects/etp/system/CodeIgniter.php(412): CodeIgniter\CodeIgniter->runController(Object(App\Controllers\UserDashboardController))
#7 /home/linuxmilcl/public_html/projects/etp/system/CodeIgniter.php(320): CodeIgniter\CodeIgniter->handleRequest(NULL, Object(Config\Cache), false)
#8 /home/linuxmilcl/public_html/projects/etp/index.php(38): CodeIgniter\CodeIgniter->run()
#9 {main}
CRITICAL - 2022-07-23 22:51:16 --> Trying to access array offset on value of type null
#0 /home/linuxmilcl/public_html/projects/etp/app/Views/frontend/dashboard/startup.php(273): CodeIgniter\Debug\Exceptions->errorHandler(2, 'Trying to acces...', '/home/linuxmilc...', 273)
#1 /home/linuxmilcl/public_html/projects/etp/system/View/View.php(210): include('/home/linuxmilc...')
#2 /home/linuxmilcl/public_html/projects/etp/system/View/View.php(213): CodeIgniter\View\View->CodeIgniter\View\{closure}()
#3 /home/linuxmilcl/public_html/projects/etp/system/Common.php(1089): CodeIgniter\View\View->render('frontend/dashbo...', Array, true)
#4 /home/linuxmilcl/public_html/projects/etp/app/Controllers/UserDashboardController.php(43): view('frontend/dashbo...', Array)
#5 /home/linuxmilcl/public_html/projects/etp/system/CodeIgniter.php(825): App\Controllers\UserDashboardController->startup()
#6 /home/linuxmilcl/public_html/projects/etp/system/CodeIgniter.php(412): CodeIgniter\CodeIgniter->runController(Object(App\Controllers\UserDashboardController))
#7 /home/linuxmilcl/public_html/projects/etp/system/CodeIgniter.php(320): CodeIgniter\CodeIgniter->handleRequest(NULL, Object(Config\Cache), false)
#8 /home/linuxmilcl/public_html/projects/etp/index.php(38): CodeIgniter\CodeIgniter->run()
#9 {main}
CRITICAL - 2022-07-23 22:55:24 --> Unmatched '}'
#0 /home/linuxmilcl/public_html/projects/etp/system/View/View.php(213): CodeIgniter\View\View->CodeIgniter\View\{closure}()
#1 /home/linuxmilcl/public_html/projects/etp/system/Common.php(1089): CodeIgniter\View\View->render('frontend/dashbo...', Array, true)
#2 /home/linuxmilcl/public_html/projects/etp/app/Controllers/UserDashboardController.php(43): view('frontend/dashbo...', Array)
#3 /home/linuxmilcl/public_html/projects/etp/system/CodeIgniter.php(825): App\Controllers\UserDashboardController->startup()
#4 /home/linuxmilcl/public_html/projects/etp/system/CodeIgniter.php(412): CodeIgniter\CodeIgniter->runController(Object(App\Controllers\UserDashboardController))
#5 /home/linuxmilcl/public_html/projects/etp/system/CodeIgniter.php(320): CodeIgniter\CodeIgniter->handleRequest(NULL, Object(Config\Cache), false)
#6 /home/linuxmilcl/public_html/projects/etp/index.php(38): CodeIgniter\CodeIgniter->run()
#7 {main}
CRITICAL - 2022-07-23 22:57:34 --> Unmatched '}'
#0 /home/linuxmilcl/public_html/projects/etp/system/View/View.php(213): CodeIgniter\View\View->CodeIgniter\View\{closure}()
#1 /home/linuxmilcl/public_html/projects/etp/system/Common.php(1089): CodeIgniter\View\View->render('frontend/dashbo...', Array, true)
#2 /home/linuxmilcl/public_html/projects/etp/app/Controllers/UserDashboardController.php(43): view('frontend/dashbo...', Array)
#3 /home/linuxmilcl/public_html/projects/etp/system/CodeIgniter.php(825): App\Controllers\UserDashboardController->startup()
#4 /home/linuxmilcl/public_html/projects/etp/system/CodeIgniter.php(412): CodeIgniter\CodeIgniter->runController(Object(App\Controllers\UserDashboardController))
#5 /home/linuxmilcl/public_html/projects/etp/system/CodeIgniter.php(320): CodeIgniter\CodeIgniter->handleRequest(NULL, Object(Config\Cache), false)
#6 /home/linuxmilcl/public_html/projects/etp/index.php(38): CodeIgniter\CodeIgniter->run()
#7 {main}
CRITICAL - 2022-07-23 22:58:01 --> Unmatched '}'
#0 /home/linuxmilcl/public_html/projects/etp/system/View/View.php(213): CodeIgniter\View\View->CodeIgniter\View\{closure}()
#1 /home/linuxmilcl/public_html/projects/etp/system/Common.php(1089): CodeIgniter\View\View->render('frontend/dashbo...', Array, true)
#2 /home/linuxmilcl/public_html/projects/etp/app/Controllers/UserDashboardController.php(43): view('frontend/dashbo...', Array)
#3 /home/linuxmilcl/public_html/projects/etp/system/CodeIgniter.php(825): App\Controllers\UserDashboardController->startup()
#4 /home/linuxmilcl/public_html/projects/etp/system/CodeIgniter.php(412): CodeIgniter\CodeIgniter->runController(Object(App\Controllers\UserDashboardController))
#5 /home/linuxmilcl/public_html/projects/etp/system/CodeIgniter.php(320): CodeIgniter\CodeIgniter->handleRequest(NULL, Object(Config\Cache), false)
#6 /home/linuxmilcl/public_html/projects/etp/index.php(38): CodeIgniter\CodeIgniter->run()
#7 {main}
ERROR - 2022-07-23 23:02:59 --> Column 'other_industry' cannot be null
ERROR - 2022-07-23 23:04:44 --> Column 'other_industry' cannot be null
ERROR - 2022-07-23 23:07:33 --> Column 'other_industry' cannot be null
ERROR - 2022-07-23 23:11:56 --> Column 'other_industry' cannot be null
ERROR - 2022-07-23 23:16:36 --> Column 'other_industry' cannot be null
ERROR - 2022-07-23 23:17:06 --> Column 'other_industry' cannot be null
CRITICAL - 2022-07-23 23:18:57 --> Undefined variable $user_id
#0 /home/linuxmilcl/public_html/projects/etp/app/Controllers/UserDashboardController.php(40): CodeIgniter\Debug\Exceptions->errorHandler(2, 'Undefined varia...', '/home/linuxmilc...', 40)
#1 /home/linuxmilcl/public_html/projects/etp/system/CodeIgniter.php(825): App\Controllers\UserDashboardController->startup()
#2 /home/linuxmilcl/public_html/projects/etp/system/CodeIgniter.php(412): CodeIgniter\CodeIgniter->runController(Object(App\Controllers\UserDashboardController))
#3 /home/linuxmilcl/public_html/projects/etp/system/CodeIgniter.php(320): CodeIgniter\CodeIgniter->handleRequest(NULL, Object(Config\Cache), false)
#4 /home/linuxmilcl/public_html/projects/etp/index.php(38): CodeIgniter\CodeIgniter->run()
#5 {main}
CRITICAL - 2022-07-23 23:19:13 --> Undefined variable $user_id
#0 /home/linuxmilcl/public_html/projects/etp/app/Controllers/UserDashboardController.php(40): CodeIgniter\Debug\Exceptions->errorHandler(2, 'Undefined varia...', '/home/linuxmilc...', 40)
#1 /home/linuxmilcl/public_html/projects/etp/system/CodeIgniter.php(825): App\Controllers\UserDashboardController->startup()
#2 /home/linuxmilcl/public_html/projects/etp/system/CodeIgniter.php(412): CodeIgniter\CodeIgniter->runController(Object(App\Controllers\UserDashboardController))
#3 /home/linuxmilcl/public_html/projects/etp/system/CodeIgniter.php(320): CodeIgniter\CodeIgniter->handleRequest(NULL, Object(Config\Cache), false)
#4 /home/linuxmilcl/public_html/projects/etp/index.php(38): CodeIgniter\CodeIgniter->run()
#5 {main}
CRITICAL - 2022-07-23 23:19:16 --> Undefined variable $user_id
#0 /home/linuxmilcl/public_html/projects/etp/app/Controllers/UserDashboardController.php(40): CodeIgniter\Debug\Exceptions->errorHandler(2, 'Undefined varia...', '/home/linuxmilc...', 40)
#1 /home/linuxmilcl/public_html/projects/etp/system/CodeIgniter.php(825): App\Controllers\UserDashboardController->startup()
#2 /home/linuxmilcl/public_html/projects/etp/system/CodeIgniter.php(412): CodeIgniter\CodeIgniter->runController(Object(App\Controllers\UserDashboardController))
#3 /home/linuxmilcl/public_html/projects/etp/system/CodeIgniter.php(320): CodeIgniter\CodeIgniter->handleRequest(NULL, Object(Config\Cache), false)
#4 /home/linuxmilcl/public_html/projects/etp/index.php(38): CodeIgniter\CodeIgniter->run()
#5 {main}
ERROR - 2022-07-23 23:20:31 --> Column 'other_industry' cannot be null
ERROR - 2022-07-23 23:26:40 --> Column 'other_industry' cannot be null
ERROR - 2022-07-23 23:27:13 --> Column 'other_industry' cannot be null
ERROR - 2022-07-23 23:30:44 --> Column 'other_industry' cannot be null
