CRITICAL - 2022-12-05 00:26:11 --> Class "App\Controllers\DocumentUserModel" not found
#0 /home/linuxmilcl/public_html/projects/pratap/system/CodeIgniter.php(825): App\Controllers\Usersignin->loginAuthfront()
#1 /home/linuxmilcl/public_html/projects/pratap/system/CodeIgniter.php(412): CodeIgniter\CodeIgniter->runController(Object(App\Controllers\Usersignin))
#2 /home/linuxmilcl/public_html/projects/pratap/system/CodeIgniter.php(320): CodeIgniter\CodeIgniter->handleRequest(NULL, Object(Config\Cache), false)
#3 /home/linuxmilcl/public_html/projects/pratap/index.php(38): CodeIgniter\CodeIgniter->run()
#4 {main}
CRITICAL - 2022-12-05 00:26:57 --> Undefined variable $ses_data
#0 /home/linuxmilcl/public_html/projects/pratap/app/Views/frontend/dashboard/index.php(7): CodeIgniter\Debug\Exceptions->errorHandler(2, 'Undefined varia...', '/home/linuxmilc...', 7)
#1 /home/linuxmilcl/public_html/projects/pratap/system/View/View.php(210): include('/home/linuxmilc...')
#2 /home/linuxmilcl/public_html/projects/pratap/system/View/View.php(213): CodeIgniter\View\View->CodeIgniter\View\{closure}()
#3 /home/linuxmilcl/public_html/projects/pratap/system/Common.php(1089): CodeIgniter\View\View->render('frontend/dashbo...', Array, true)
#4 /home/linuxmilcl/public_html/projects/pratap/app/Controllers/UserDashboardController.php(25): view('frontend/dashbo...')
#5 /home/linuxmilcl/public_html/projects/pratap/system/CodeIgniter.php(825): App\Controllers\UserDashboardController->index()
#6 /home/linuxmilcl/public_html/projects/pratap/system/CodeIgniter.php(412): CodeIgniter\CodeIgniter->runController(Object(App\Controllers\UserDashboardController))
#7 /home/linuxmilcl/public_html/projects/pratap/system/CodeIgniter.php(320): CodeIgniter\CodeIgniter->handleRequest(NULL, Object(Config\Cache), false)
#8 /home/linuxmilcl/public_html/projects/pratap/index.php(38): CodeIgniter\CodeIgniter->run()
#9 {main}
CRITICAL - 2022-12-05 11:18:42 --> implode(): Argument #1 ($pieces) must be of type array, string given
#0 /home/linuxmilcl/public_html/projects/pratap/app/Controllers/AdminUserlist.php(236): implode(', ', NULL)
#1 /home/linuxmilcl/public_html/projects/pratap/system/CodeIgniter.php(825): App\Controllers\AdminUserlist->update()
#2 /home/linuxmilcl/public_html/projects/pratap/system/CodeIgniter.php(412): CodeIgniter\CodeIgniter->runController(Object(App\Controllers\AdminUserlist))
#3 /home/linuxmilcl/public_html/projects/pratap/system/CodeIgniter.php(320): CodeIgniter\CodeIgniter->handleRequest(NULL, Object(Config\Cache), false)
#4 /home/linuxmilcl/public_html/projects/pratap/index.php(38): CodeIgniter\CodeIgniter->run()
#5 {main}
CRITICAL - 2022-12-05 14:17:52 --> Undefined array key "tender_creater "
#0 /home/linuxmilcl/public_html/projects/pratap/app/Views/templates/public_dash_header.php(275): CodeIgniter\Debug\Exceptions->errorHandler(2, 'Undefined array...', '/home/linuxmilc...', 275)
#1 /home/linuxmilcl/public_html/projects/pratap/system/View/View.php(210): include('/home/linuxmilc...')
#2 /home/linuxmilcl/public_html/projects/pratap/system/View/View.php(213): CodeIgniter\View\View->CodeIgniter\View\{closure}()
#3 /home/linuxmilcl/public_html/projects/pratap/system/Common.php(1089): CodeIgniter\View\View->render('templates/publi...', Array, true)
#4 /home/linuxmilcl/public_html/projects/pratap/app/Controllers/UserDashboardController.php(24): view('templates/publi...')
#5 /home/linuxmilcl/public_html/projects/pratap/system/CodeIgniter.php(825): App\Controllers\UserDashboardController->index()
#6 /home/linuxmilcl/public_html/projects/pratap/system/CodeIgniter.php(412): CodeIgniter\CodeIgniter->runController(Object(App\Controllers\UserDashboardController))
#7 /home/linuxmilcl/public_html/projects/pratap/system/CodeIgniter.php(320): CodeIgniter\CodeIgniter->handleRequest(NULL, Object(Config\Cache), false)
#8 /home/linuxmilcl/public_html/projects/pratap/index.php(38): CodeIgniter\CodeIgniter->run()
#9 {main}
CRITICAL - 2022-12-05 17:15:52 --> Undefined array key "role"
#0 /home/linuxmilcl/public_html/projects/pratap/app/Views/templates/public_dash_header.php(217): CodeIgniter\Debug\Exceptions->errorHandler(2, 'Undefined array...', '/home/linuxmilc...', 217)
#1 /home/linuxmilcl/public_html/projects/pratap/system/View/View.php(210): include('/home/linuxmilc...')
#2 /home/linuxmilcl/public_html/projects/pratap/system/View/View.php(213): CodeIgniter\View\View->CodeIgniter\View\{closure}()
#3 /home/linuxmilcl/public_html/projects/pratap/system/Common.php(1089): CodeIgniter\View\View->render('templates/publi...', Array, true)
#4 /home/linuxmilcl/public_html/projects/pratap/app/Controllers/UserDashboardController.php(668): view('templates/publi...')
#5 /home/linuxmilcl/public_html/projects/pratap/system/CodeIgniter.php(825): App\Controllers\UserDashboardController->tender_view_show('18')
#6 /home/linuxmilcl/public_html/projects/pratap/system/CodeIgniter.php(412): CodeIgniter\CodeIgniter->runController(Object(App\Controllers\UserDashboardController))
#7 /home/linuxmilcl/public_html/projects/pratap/system/CodeIgniter.php(320): CodeIgniter\CodeIgniter->handleRequest(NULL, Object(Config\Cache), false)
#8 /home/linuxmilcl/public_html/projects/pratap/index.php(38): CodeIgniter\CodeIgniter->run()
#9 {main}
CRITICAL - 2022-12-05 17:16:26 --> Undefined array key "role"
#0 /home/linuxmilcl/public_html/projects/pratap/app/Views/templates/public_dash_header.php(217): CodeIgniter\Debug\Exceptions->errorHandler(2, 'Undefined array...', '/home/linuxmilc...', 217)
#1 /home/linuxmilcl/public_html/projects/pratap/system/View/View.php(210): include('/home/linuxmilc...')
#2 /home/linuxmilcl/public_html/projects/pratap/system/View/View.php(213): CodeIgniter\View\View->CodeIgniter\View\{closure}()
#3 /home/linuxmilcl/public_html/projects/pratap/system/Common.php(1089): CodeIgniter\View\View->render('templates/publi...', Array, true)
#4 /home/linuxmilcl/public_html/projects/pratap/app/Controllers/UserDashboardController.php(668): view('templates/publi...')
#5 /home/linuxmilcl/public_html/projects/pratap/system/CodeIgniter.php(825): App\Controllers\UserDashboardController->tender_view_show('18')
#6 /home/linuxmilcl/public_html/projects/pratap/system/CodeIgniter.php(412): CodeIgniter\CodeIgniter->runController(Object(App\Controllers\UserDashboardController))
#7 /home/linuxmilcl/public_html/projects/pratap/system/CodeIgniter.php(320): CodeIgniter\CodeIgniter->handleRequest(NULL, Object(Config\Cache), false)
#8 /home/linuxmilcl/public_html/projects/pratap/index.php(38): CodeIgniter\CodeIgniter->run()
#9 {main}
CRITICAL - 2022-12-05 17:16:29 --> Undefined array key "role"
#0 /home/linuxmilcl/public_html/projects/pratap/app/Views/templates/public_dash_header.php(217): CodeIgniter\Debug\Exceptions->errorHandler(2, 'Undefined array...', '/home/linuxmilc...', 217)
#1 /home/linuxmilcl/public_html/projects/pratap/system/View/View.php(210): include('/home/linuxmilc...')
#2 /home/linuxmilcl/public_html/projects/pratap/system/View/View.php(213): CodeIgniter\View\View->CodeIgniter\View\{closure}()
#3 /home/linuxmilcl/public_html/projects/pratap/system/Common.php(1089): CodeIgniter\View\View->render('templates/publi...', Array, true)
#4 /home/linuxmilcl/public_html/projects/pratap/app/Controllers/UserDashboardController.php(668): view('templates/publi...')
#5 /home/linuxmilcl/public_html/projects/pratap/system/CodeIgniter.php(825): App\Controllers\UserDashboardController->tender_view_show('18')
#6 /home/linuxmilcl/public_html/projects/pratap/system/CodeIgniter.php(412): CodeIgniter\CodeIgniter->runController(Object(App\Controllers\UserDashboardController))
#7 /home/linuxmilcl/public_html/projects/pratap/system/CodeIgniter.php(320): CodeIgniter\CodeIgniter->handleRequest(NULL, Object(Config\Cache), false)
#8 /home/linuxmilcl/public_html/projects/pratap/index.php(38): CodeIgniter\CodeIgniter->run()
#9 {main}
CRITICAL - 2022-12-05 17:16:29 --> Undefined array key "role"
#0 /home/linuxmilcl/public_html/projects/pratap/app/Views/templates/public_dash_header.php(217): CodeIgniter\Debug\Exceptions->errorHandler(2, 'Undefined array...', '/home/linuxmilc...', 217)
#1 /home/linuxmilcl/public_html/projects/pratap/system/View/View.php(210): include('/home/linuxmilc...')
#2 /home/linuxmilcl/public_html/projects/pratap/system/View/View.php(213): CodeIgniter\View\View->CodeIgniter\View\{closure}()
#3 /home/linuxmilcl/public_html/projects/pratap/system/Common.php(1089): CodeIgniter\View\View->render('templates/publi...', Array, true)
#4 /home/linuxmilcl/public_html/projects/pratap/app/Controllers/UserDashboardController.php(668): view('templates/publi...')
#5 /home/linuxmilcl/public_html/projects/pratap/system/CodeIgniter.php(825): App\Controllers\UserDashboardController->tender_view_show('18')
#6 /home/linuxmilcl/public_html/projects/pratap/system/CodeIgniter.php(412): CodeIgniter\CodeIgniter->runController(Object(App\Controllers\UserDashboardController))
#7 /home/linuxmilcl/public_html/projects/pratap/system/CodeIgniter.php(320): CodeIgniter\CodeIgniter->handleRequest(NULL, Object(Config\Cache), false)
#8 /home/linuxmilcl/public_html/projects/pratap/index.php(38): CodeIgniter\CodeIgniter->run()
#9 {main}
CRITICAL - 2022-12-05 17:17:07 --> Undefined array key "role"
#0 /home/linuxmilcl/public_html/projects/pratap/app/Views/templates/public_dash_header.php(217): CodeIgniter\Debug\Exceptions->errorHandler(2, 'Undefined array...', '/home/linuxmilc...', 217)
#1 /home/linuxmilcl/public_html/projects/pratap/system/View/View.php(210): include('/home/linuxmilc...')
#2 /home/linuxmilcl/public_html/projects/pratap/system/View/View.php(213): CodeIgniter\View\View->CodeIgniter\View\{closure}()
#3 /home/linuxmilcl/public_html/projects/pratap/system/Common.php(1089): CodeIgniter\View\View->render('templates/publi...', Array, true)
#4 /home/linuxmilcl/public_html/projects/pratap/app/Controllers/UserDashboardController.php(668): view('templates/publi...')
#5 /home/linuxmilcl/public_html/projects/pratap/system/CodeIgniter.php(825): App\Controllers\UserDashboardController->tender_view_show('18')
#6 /home/linuxmilcl/public_html/projects/pratap/system/CodeIgniter.php(412): CodeIgniter\CodeIgniter->runController(Object(App\Controllers\UserDashboardController))
#7 /home/linuxmilcl/public_html/projects/pratap/system/CodeIgniter.php(320): CodeIgniter\CodeIgniter->handleRequest(NULL, Object(Config\Cache), false)
#8 /home/linuxmilcl/public_html/projects/pratap/index.php(38): CodeIgniter\CodeIgniter->run()
#9 {main}
CRITICAL - 2022-12-05 17:17:28 --> Undefined array key "role"
#0 /home/linuxmilcl/public_html/projects/pratap/app/Views/templates/public_dash_header.php(217): CodeIgniter\Debug\Exceptions->errorHandler(2, 'Undefined array...', '/home/linuxmilc...', 217)
#1 /home/linuxmilcl/public_html/projects/pratap/system/View/View.php(210): include('/home/linuxmilc...')
#2 /home/linuxmilcl/public_html/projects/pratap/system/View/View.php(213): CodeIgniter\View\View->CodeIgniter\View\{closure}()
#3 /home/linuxmilcl/public_html/projects/pratap/system/Common.php(1089): CodeIgniter\View\View->render('templates/publi...', Array, true)
#4 /home/linuxmilcl/public_html/projects/pratap/app/Controllers/UserDashboardController.php(668): view('templates/publi...')
#5 /home/linuxmilcl/public_html/projects/pratap/system/CodeIgniter.php(825): App\Controllers\UserDashboardController->tender_view_show('18')
#6 /home/linuxmilcl/public_html/projects/pratap/system/CodeIgniter.php(412): CodeIgniter\CodeIgniter->runController(Object(App\Controllers\UserDashboardController))
#7 /home/linuxmilcl/public_html/projects/pratap/system/CodeIgniter.php(320): CodeIgniter\CodeIgniter->handleRequest(NULL, Object(Config\Cache), false)
#8 /home/linuxmilcl/public_html/projects/pratap/index.php(38): CodeIgniter\CodeIgniter->run()
#9 {main}
CRITICAL - 2022-12-05 17:33:35 --> Undefined array key "role"
#0 /home/linuxmilcl/public_html/projects/pratap/app/Views/templates/public_dash_header.php(217): CodeIgniter\Debug\Exceptions->errorHandler(2, 'Undefined array...', '/home/linuxmilc...', 217)
#1 /home/linuxmilcl/public_html/projects/pratap/system/View/View.php(210): include('/home/linuxmilc...')
#2 /home/linuxmilcl/public_html/projects/pratap/system/View/View.php(213): CodeIgniter\View\View->CodeIgniter\View\{closure}()
#3 /home/linuxmilcl/public_html/projects/pratap/system/Common.php(1089): CodeIgniter\View\View->render('templates/publi...', Array, true)
#4 /home/linuxmilcl/public_html/projects/pratap/app/Controllers/UserDashboardController.php(668): view('templates/publi...')
#5 /home/linuxmilcl/public_html/projects/pratap/system/CodeIgniter.php(825): App\Controllers\UserDashboardController->tender_view_show('18')
#6 /home/linuxmilcl/public_html/projects/pratap/system/CodeIgniter.php(412): CodeIgniter\CodeIgniter->runController(Object(App\Controllers\UserDashboardController))
#7 /home/linuxmilcl/public_html/projects/pratap/system/CodeIgniter.php(320): CodeIgniter\CodeIgniter->handleRequest(NULL, Object(Config\Cache), false)
#8 /home/linuxmilcl/public_html/projects/pratap/index.php(38): CodeIgniter\CodeIgniter->run()
#9 {main}
CRITICAL - 2022-12-05 18:37:58 --> Undefined array key "role"
#0 /home/linuxmilcl/public_html/projects/pratap/app/Views/templates/public_dash_header.php(217): CodeIgniter\Debug\Exceptions->errorHandler(2, 'Undefined array...', '/home/linuxmilc...', 217)
#1 /home/linuxmilcl/public_html/projects/pratap/system/View/View.php(210): include('/home/linuxmilc...')
#2 /home/linuxmilcl/public_html/projects/pratap/system/View/View.php(213): CodeIgniter\View\View->CodeIgniter\View\{closure}()
#3 /home/linuxmilcl/public_html/projects/pratap/system/Common.php(1089): CodeIgniter\View\View->render('templates/publi...', Array, true)
#4 /home/linuxmilcl/public_html/projects/pratap/app/Controllers/UserDashboardController.php(668): view('templates/publi...')
#5 /home/linuxmilcl/public_html/projects/pratap/system/CodeIgniter.php(825): App\Controllers\UserDashboardController->tender_view_show('1')
#6 /home/linuxmilcl/public_html/projects/pratap/system/CodeIgniter.php(412): CodeIgniter\CodeIgniter->runController(Object(App\Controllers\UserDashboardController))
#7 /home/linuxmilcl/public_html/projects/pratap/system/CodeIgniter.php(320): CodeIgniter\CodeIgniter->handleRequest(NULL, Object(Config\Cache), false)
#8 /home/linuxmilcl/public_html/projects/pratap/index.php(38): CodeIgniter\CodeIgniter->run()
#9 {main}
CRITICAL - 2022-12-05 18:38:04 --> Class "App\Models\BlogModel" not found
#0 /home/linuxmilcl/public_html/projects/pratap/system/CodeIgniter.php(825): App\Controllers\Frontend->index()
#1 /home/linuxmilcl/public_html/projects/pratap/system/CodeIgniter.php(412): CodeIgniter\CodeIgniter->runController(Object(App\Controllers\Frontend))
#2 /home/linuxmilcl/public_html/projects/pratap/system/CodeIgniter.php(320): CodeIgniter\CodeIgniter->handleRequest(NULL, Object(Config\Cache), false)
#3 /home/linuxmilcl/public_html/projects/pratap/index.php(38): CodeIgniter\CodeIgniter->run()
#4 {main}
