CRITICAL - 2022-11-15 12:49:17 --> Undefined variable $pd_users_data
#0 /home/linuxmilcl/public_html/projects/pratap/app/Views/admin_user/pd_users/view_user.php(129): CodeIgniter\Debug\Exceptions->errorHandler(2, 'Undefined varia...', '/home/linuxmilc...', 129)
#1 /home/linuxmilcl/public_html/projects/pratap/system/View/View.php(210): include('/home/linuxmilc...')
#2 /home/linuxmilcl/public_html/projects/pratap/system/View/View.php(213): CodeIgniter\View\View->CodeIgniter\View\{closure}()
#3 /home/linuxmilcl/public_html/projects/pratap/system/Common.php(1089): CodeIgniter\View\View->render('admin_user/pd_u...', Array, true)
#4 /home/linuxmilcl/public_html/projects/pratap/app/Controllers/DashboardController.php(40): view('admin_user/pd_u...')
#5 /home/linuxmilcl/public_html/projects/pratap/system/CodeIgniter.php(825): App\Controllers\DashboardController->index()
#6 /home/linuxmilcl/public_html/projects/pratap/system/CodeIgniter.php(412): CodeIgniter\CodeIgniter->runController(Object(App\Controllers\DashboardController))
#7 /home/linuxmilcl/public_html/projects/pratap/system/CodeIgniter.php(320): CodeIgniter\CodeIgniter->handleRequest(NULL, Object(Config\Cache), false)
#8 /home/linuxmilcl/public_html/projects/pratap/index.php(38): CodeIgniter\CodeIgniter->run()
#9 {main}
CRITICAL - 2022-11-15 12:49:18 --> Undefined variable $pd_users_data
#0 /home/linuxmilcl/public_html/projects/pratap/app/Views/admin_user/pd_users/view_user.php(129): CodeIgniter\Debug\Exceptions->errorHandler(2, 'Undefined varia...', '/home/linuxmilc...', 129)
#1 /home/linuxmilcl/public_html/projects/pratap/system/View/View.php(210): include('/home/linuxmilc...')
#2 /home/linuxmilcl/public_html/projects/pratap/system/View/View.php(213): CodeIgniter\View\View->CodeIgniter\View\{closure}()
#3 /home/linuxmilcl/public_html/projects/pratap/system/Common.php(1089): CodeIgniter\View\View->render('admin_user/pd_u...', Array, true)
#4 /home/linuxmilcl/public_html/projects/pratap/app/Controllers/DashboardController.php(40): view('admin_user/pd_u...')
#5 /home/linuxmilcl/public_html/projects/pratap/system/CodeIgniter.php(825): App\Controllers\DashboardController->index()
#6 /home/linuxmilcl/public_html/projects/pratap/system/CodeIgniter.php(412): CodeIgniter\CodeIgniter->runController(Object(App\Controllers\DashboardController))
#7 /home/linuxmilcl/public_html/projects/pratap/system/CodeIgniter.php(320): CodeIgniter\CodeIgniter->handleRequest(NULL, Object(Config\Cache), false)
#8 /home/linuxmilcl/public_html/projects/pratap/index.php(38): CodeIgniter\CodeIgniter->run()
#9 {main}
CRITICAL - 2022-11-15 14:33:37 --> Undefined variable $TenderMode
#0 /home/linuxmilcl/public_html/projects/pratap/app/Controllers/AdminUserlist.php(51): CodeIgniter\Debug\Exceptions->errorHandler(2, 'Undefined varia...', '/home/linuxmilc...', 51)
#1 /home/linuxmilcl/public_html/projects/pratap/system/CodeIgniter.php(825): App\Controllers\AdminUserlist->detilsuser('2')
#2 /home/linuxmilcl/public_html/projects/pratap/system/CodeIgniter.php(412): CodeIgniter\CodeIgniter->runController(Object(App\Controllers\AdminUserlist))
#3 /home/linuxmilcl/public_html/projects/pratap/system/CodeIgniter.php(320): CodeIgniter\CodeIgniter->handleRequest(NULL, Object(Config\Cache), false)
#4 /home/linuxmilcl/public_html/projects/pratap/index.php(38): CodeIgniter\CodeIgniter->run()
#5 {main}
CRITICAL - 2022-11-15 14:40:41 --> Undefined variable $pre
#0 /home/linuxmilcl/public_html/projects/pratap/app/Views/admin_user/pd_users/view_review_user.php(181): CodeIgniter\Debug\Exceptions->errorHandler(2, 'Undefined varia...', '/home/linuxmilc...', 181)
#1 /home/linuxmilcl/public_html/projects/pratap/system/View/View.php(210): include('/home/linuxmilc...')
#2 /home/linuxmilcl/public_html/projects/pratap/system/View/View.php(213): CodeIgniter\View\View->CodeIgniter\View\{closure}()
#3 /home/linuxmilcl/public_html/projects/pratap/system/Common.php(1089): CodeIgniter\View\View->render('admin_user/pd_u...', Array, true)
#4 /home/linuxmilcl/public_html/projects/pratap/app/Controllers/AdminUserlist.php(61): view('admin_user/pd_u...', Array)
#5 /home/linuxmilcl/public_html/projects/pratap/system/CodeIgniter.php(825): App\Controllers\AdminUserlist->detilsuser('2')
#6 /home/linuxmilcl/public_html/projects/pratap/system/CodeIgniter.php(412): CodeIgniter\CodeIgniter->runController(Object(App\Controllers\AdminUserlist))
#7 /home/linuxmilcl/public_html/projects/pratap/system/CodeIgniter.php(320): CodeIgniter\CodeIgniter->handleRequest(NULL, Object(Config\Cache), false)
#8 /home/linuxmilcl/public_html/projects/pratap/index.php(38): CodeIgniter\CodeIgniter->run()
#9 {main}
CRITICAL - 2022-11-15 14:42:53 --> Undefined variable $pre
#0 /home/linuxmilcl/public_html/projects/pratap/app/Views/admin_user/pd_users/view_review_user.php(180): CodeIgniter\Debug\Exceptions->errorHandler(2, 'Undefined varia...', '/home/linuxmilc...', 180)
#1 /home/linuxmilcl/public_html/projects/pratap/system/View/View.php(210): include('/home/linuxmilc...')
#2 /home/linuxmilcl/public_html/projects/pratap/system/View/View.php(213): CodeIgniter\View\View->CodeIgniter\View\{closure}()
#3 /home/linuxmilcl/public_html/projects/pratap/system/Common.php(1089): CodeIgniter\View\View->render('admin_user/pd_u...', Array, true)
#4 /home/linuxmilcl/public_html/projects/pratap/app/Controllers/AdminUserlist.php(61): view('admin_user/pd_u...', Array)
#5 /home/linuxmilcl/public_html/projects/pratap/system/CodeIgniter.php(825): App\Controllers\AdminUserlist->detilsuser('2')
#6 /home/linuxmilcl/public_html/projects/pratap/system/CodeIgniter.php(412): CodeIgniter\CodeIgniter->runController(Object(App\Controllers\AdminUserlist))
#7 /home/linuxmilcl/public_html/projects/pratap/system/CodeIgniter.php(320): CodeIgniter\CodeIgniter->handleRequest(NULL, Object(Config\Cache), false)
#8 /home/linuxmilcl/public_html/projects/pratap/index.php(38): CodeIgniter\CodeIgniter->run()
#9 {main}
CRITICAL - 2022-11-15 15:02:21 --> Undefined array key "tender_id"
#0 /home/linuxmilcl/public_html/projects/pratap/app/Views/admin_user/pd_users/view_review_user.php(181): CodeIgniter\Debug\Exceptions->errorHandler(2, 'Undefined array...', '/home/linuxmilc...', 181)
#1 /home/linuxmilcl/public_html/projects/pratap/system/View/View.php(210): include('/home/linuxmilc...')
#2 /home/linuxmilcl/public_html/projects/pratap/system/View/View.php(213): CodeIgniter\View\View->CodeIgniter\View\{closure}()
#3 /home/linuxmilcl/public_html/projects/pratap/system/Common.php(1089): CodeIgniter\View\View->render('admin_user/pd_u...', Array, true)
#4 /home/linuxmilcl/public_html/projects/pratap/app/Controllers/AdminUserlist.php(61): view('admin_user/pd_u...', Array)
#5 /home/linuxmilcl/public_html/projects/pratap/system/CodeIgniter.php(825): App\Controllers\AdminUserlist->detilsuser('2')
#6 /home/linuxmilcl/public_html/projects/pratap/system/CodeIgniter.php(412): CodeIgniter\CodeIgniter->runController(Object(App\Controllers\AdminUserlist))
#7 /home/linuxmilcl/public_html/projects/pratap/system/CodeIgniter.php(320): CodeIgniter\CodeIgniter->handleRequest(NULL, Object(Config\Cache), false)
#8 /home/linuxmilcl/public_html/projects/pratap/index.php(38): CodeIgniter\CodeIgniter->run()
#9 {main}
CRITICAL - 2022-11-15 15:03:29 --> Undefined array key "tender_id"
#0 /home/linuxmilcl/public_html/projects/pratap/app/Views/admin_user/pd_users/view_review_user.php(181): CodeIgniter\Debug\Exceptions->errorHandler(2, 'Undefined array...', '/home/linuxmilc...', 181)
#1 /home/linuxmilcl/public_html/projects/pratap/system/View/View.php(210): include('/home/linuxmilc...')
#2 /home/linuxmilcl/public_html/projects/pratap/system/View/View.php(213): CodeIgniter\View\View->CodeIgniter\View\{closure}()
#3 /home/linuxmilcl/public_html/projects/pratap/system/Common.php(1089): CodeIgniter\View\View->render('admin_user/pd_u...', Array, true)
#4 /home/linuxmilcl/public_html/projects/pratap/app/Controllers/AdminUserlist.php(61): view('admin_user/pd_u...', Array)
#5 /home/linuxmilcl/public_html/projects/pratap/system/CodeIgniter.php(825): App\Controllers\AdminUserlist->detilsuser('2')
#6 /home/linuxmilcl/public_html/projects/pratap/system/CodeIgniter.php(412): CodeIgniter\CodeIgniter->runController(Object(App\Controllers\AdminUserlist))
#7 /home/linuxmilcl/public_html/projects/pratap/system/CodeIgniter.php(320): CodeIgniter\CodeIgniter->handleRequest(NULL, Object(Config\Cache), false)
#8 /home/linuxmilcl/public_html/projects/pratap/index.php(38): CodeIgniter\CodeIgniter->run()
#9 {main}
CRITICAL - 2022-11-15 15:28:04 --> Undefined variable $nit
#0 /home/linuxmilcl/public_html/projects/pratap/app/Views/frontend/dashboard/document_check.php(14): CodeIgniter\Debug\Exceptions->errorHandler(2, 'Undefined varia...', '/home/linuxmilc...', 14)
#1 /home/linuxmilcl/public_html/projects/pratap/system/View/View.php(210): include('/home/linuxmilc...')
#2 /home/linuxmilcl/public_html/projects/pratap/system/View/View.php(213): CodeIgniter\View\View->CodeIgniter\View\{closure}()
#3 /home/linuxmilcl/public_html/projects/pratap/system/Common.php(1089): CodeIgniter\View\View->render('frontend/dashbo...', Array, true)
#4 /home/linuxmilcl/public_html/projects/pratap/app/Controllers/UserDashboardController.php(1010): view('frontend/dashbo...', Array)
#5 /home/linuxmilcl/public_html/projects/pratap/system/CodeIgniter.php(825): App\Controllers\UserDashboardController->document_checkrs('T000101')
#6 /home/linuxmilcl/public_html/projects/pratap/system/CodeIgniter.php(412): CodeIgniter\CodeIgniter->runController(Object(App\Controllers\UserDashboardController))
#7 /home/linuxmilcl/public_html/projects/pratap/system/CodeIgniter.php(320): CodeIgniter\CodeIgniter->handleRequest(NULL, Object(Config\Cache), false)
#8 /home/linuxmilcl/public_html/projects/pratap/index.php(38): CodeIgniter\CodeIgniter->run()
#9 {main}
CRITICAL - 2022-11-15 15:29:10 --> Undefined variable $nit
#0 /home/linuxmilcl/public_html/projects/pratap/app/Views/frontend/dashboard/document_check.php(14): CodeIgniter\Debug\Exceptions->errorHandler(2, 'Undefined varia...', '/home/linuxmilc...', 14)
#1 /home/linuxmilcl/public_html/projects/pratap/system/View/View.php(210): include('/home/linuxmilc...')
#2 /home/linuxmilcl/public_html/projects/pratap/system/View/View.php(213): CodeIgniter\View\View->CodeIgniter\View\{closure}()
#3 /home/linuxmilcl/public_html/projects/pratap/system/Common.php(1089): CodeIgniter\View\View->render('frontend/dashbo...', Array, true)
#4 /home/linuxmilcl/public_html/projects/pratap/app/Controllers/UserDashboardController.php(1010): view('frontend/dashbo...', Array)
#5 /home/linuxmilcl/public_html/projects/pratap/system/CodeIgniter.php(825): App\Controllers\UserDashboardController->document_checkrs('T000101')
#6 /home/linuxmilcl/public_html/projects/pratap/system/CodeIgniter.php(412): CodeIgniter\CodeIgniter->runController(Object(App\Controllers\UserDashboardController))
#7 /home/linuxmilcl/public_html/projects/pratap/system/CodeIgniter.php(320): CodeIgniter\CodeIgniter->handleRequest(NULL, Object(Config\Cache), false)
#8 /home/linuxmilcl/public_html/projects/pratap/index.php(38): CodeIgniter\CodeIgniter->run()
#9 {main}
CRITICAL - 2022-11-15 15:30:10 --> Unmatched '}'
#0 /home/linuxmilcl/public_html/projects/pratap/system/View/View.php(213): CodeIgniter\View\View->CodeIgniter\View\{closure}()
#1 /home/linuxmilcl/public_html/projects/pratap/system/Common.php(1089): CodeIgniter\View\View->render('admin_user/pd_u...', Array, true)
#2 /home/linuxmilcl/public_html/projects/pratap/app/Controllers/AdminUserlist.php(61): view('admin_user/pd_u...', Array)
#3 /home/linuxmilcl/public_html/projects/pratap/system/CodeIgniter.php(825): App\Controllers\AdminUserlist->detilsuser('2')
#4 /home/linuxmilcl/public_html/projects/pratap/system/CodeIgniter.php(412): CodeIgniter\CodeIgniter->runController(Object(App\Controllers\AdminUserlist))
#5 /home/linuxmilcl/public_html/projects/pratap/system/CodeIgniter.php(320): CodeIgniter\CodeIgniter->handleRequest(NULL, Object(Config\Cache), false)
#6 /home/linuxmilcl/public_html/projects/pratap/index.php(38): CodeIgniter\CodeIgniter->run()
#7 {main}
CRITICAL - 2022-11-15 15:31:00 --> Unmatched '}'
#0 /home/linuxmilcl/public_html/projects/pratap/system/View/View.php(213): CodeIgniter\View\View->CodeIgniter\View\{closure}()
#1 /home/linuxmilcl/public_html/projects/pratap/system/Common.php(1089): CodeIgniter\View\View->render('admin_user/pd_u...', Array, true)
#2 /home/linuxmilcl/public_html/projects/pratap/app/Controllers/AdminUserlist.php(61): view('admin_user/pd_u...', Array)
#3 /home/linuxmilcl/public_html/projects/pratap/system/CodeIgniter.php(825): App\Controllers\AdminUserlist->detilsuser('2')
#4 /home/linuxmilcl/public_html/projects/pratap/system/CodeIgniter.php(412): CodeIgniter\CodeIgniter->runController(Object(App\Controllers\AdminUserlist))
#5 /home/linuxmilcl/public_html/projects/pratap/system/CodeIgniter.php(320): CodeIgniter\CodeIgniter->handleRequest(NULL, Object(Config\Cache), false)
#6 /home/linuxmilcl/public_html/projects/pratap/index.php(38): CodeIgniter\CodeIgniter->run()
#7 {main}
CRITICAL - 2022-11-15 15:37:27 --> Unclosed '{' on line 101
#0 /home/linuxmilcl/public_html/projects/pratap/system/View/View.php(213): CodeIgniter\View\View->CodeIgniter\View\{closure}()
#1 /home/linuxmilcl/public_html/projects/pratap/system/Common.php(1089): CodeIgniter\View\View->render('admin_user/pd_u...', Array, true)
#2 /home/linuxmilcl/public_html/projects/pratap/app/Controllers/AdminUserlist.php(61): view('admin_user/pd_u...', Array)
#3 /home/linuxmilcl/public_html/projects/pratap/system/CodeIgniter.php(825): App\Controllers\AdminUserlist->detilsuser('2')
#4 /home/linuxmilcl/public_html/projects/pratap/system/CodeIgniter.php(412): CodeIgniter\CodeIgniter->runController(Object(App\Controllers\AdminUserlist))
#5 /home/linuxmilcl/public_html/projects/pratap/system/CodeIgniter.php(320): CodeIgniter\CodeIgniter->handleRequest(NULL, Object(Config\Cache), false)
#6 /home/linuxmilcl/public_html/projects/pratap/index.php(38): CodeIgniter\CodeIgniter->run()
#7 {main}
CRITICAL - 2022-11-15 15:40:06 --> Attempt to read property "tender_id" on string
#0 /home/linuxmilcl/public_html/projects/pratap/app/Views/admin_user/pd_users/view_review_user.php(115): CodeIgniter\Debug\Exceptions->errorHandler(2, 'Attempt to read...', '/home/linuxmilc...', 115)
#1 /home/linuxmilcl/public_html/projects/pratap/system/View/View.php(210): include('/home/linuxmilc...')
#2 /home/linuxmilcl/public_html/projects/pratap/system/View/View.php(213): CodeIgniter\View\View->CodeIgniter\View\{closure}()
#3 /home/linuxmilcl/public_html/projects/pratap/system/Common.php(1089): CodeIgniter\View\View->render('admin_user/pd_u...', Array, true)
#4 /home/linuxmilcl/public_html/projects/pratap/app/Controllers/AdminUserlist.php(61): view('admin_user/pd_u...', Array)
#5 /home/linuxmilcl/public_html/projects/pratap/system/CodeIgniter.php(825): App\Controllers\AdminUserlist->detilsuser('2')
#6 /home/linuxmilcl/public_html/projects/pratap/system/CodeIgniter.php(412): CodeIgniter\CodeIgniter->runController(Object(App\Controllers\AdminUserlist))
#7 /home/linuxmilcl/public_html/projects/pratap/system/CodeIgniter.php(320): CodeIgniter\CodeIgniter->handleRequest(NULL, Object(Config\Cache), false)
#8 /home/linuxmilcl/public_html/projects/pratap/index.php(38): CodeIgniter\CodeIgniter->run()
#9 {main}
CRITICAL - 2022-11-15 15:41:05 --> Cannot access offset of type string on string
#0 /home/linuxmilcl/public_html/projects/pratap/system/View/View.php(210): include()
#1 /home/linuxmilcl/public_html/projects/pratap/system/View/View.php(213): CodeIgniter\View\View->CodeIgniter\View\{closure}()
#2 /home/linuxmilcl/public_html/projects/pratap/system/Common.php(1089): CodeIgniter\View\View->render('admin_user/pd_u...', Array, true)
#3 /home/linuxmilcl/public_html/projects/pratap/app/Controllers/AdminUserlist.php(61): view('admin_user/pd_u...', Array)
#4 /home/linuxmilcl/public_html/projects/pratap/system/CodeIgniter.php(825): App\Controllers\AdminUserlist->detilsuser('2')
#5 /home/linuxmilcl/public_html/projects/pratap/system/CodeIgniter.php(412): CodeIgniter\CodeIgniter->runController(Object(App\Controllers\AdminUserlist))
#6 /home/linuxmilcl/public_html/projects/pratap/system/CodeIgniter.php(320): CodeIgniter\CodeIgniter->handleRequest(NULL, Object(Config\Cache), false)
#7 /home/linuxmilcl/public_html/projects/pratap/index.php(38): CodeIgniter\CodeIgniter->run()
#8 {main}
CRITICAL - 2022-11-15 15:42:01 --> Cannot access offset of type string on string
#0 /home/linuxmilcl/public_html/projects/pratap/system/View/View.php(210): include()
#1 /home/linuxmilcl/public_html/projects/pratap/system/View/View.php(213): CodeIgniter\View\View->CodeIgniter\View\{closure}()
#2 /home/linuxmilcl/public_html/projects/pratap/system/Common.php(1089): CodeIgniter\View\View->render('admin_user/pd_u...', Array, true)
#3 /home/linuxmilcl/public_html/projects/pratap/app/Controllers/AdminUserlist.php(61): view('admin_user/pd_u...', Array)
#4 /home/linuxmilcl/public_html/projects/pratap/system/CodeIgniter.php(825): App\Controllers\AdminUserlist->detilsuser('2')
#5 /home/linuxmilcl/public_html/projects/pratap/system/CodeIgniter.php(412): CodeIgniter\CodeIgniter->runController(Object(App\Controllers\AdminUserlist))
#6 /home/linuxmilcl/public_html/projects/pratap/system/CodeIgniter.php(320): CodeIgniter\CodeIgniter->handleRequest(NULL, Object(Config\Cache), false)
#7 /home/linuxmilcl/public_html/projects/pratap/index.php(38): CodeIgniter\CodeIgniter->run()
#8 {main}
CRITICAL - 2022-11-15 15:44:24 --> Cannot access offset of type string on string
#0 /home/linuxmilcl/public_html/projects/pratap/system/View/View.php(210): include()
#1 /home/linuxmilcl/public_html/projects/pratap/system/View/View.php(213): CodeIgniter\View\View->CodeIgniter\View\{closure}()
#2 /home/linuxmilcl/public_html/projects/pratap/system/Common.php(1089): CodeIgniter\View\View->render('admin_user/pd_u...', Array, true)
#3 /home/linuxmilcl/public_html/projects/pratap/app/Controllers/AdminUserlist.php(61): view('admin_user/pd_u...', Array)
#4 /home/linuxmilcl/public_html/projects/pratap/system/CodeIgniter.php(825): App\Controllers\AdminUserlist->detilsuser('2')
#5 /home/linuxmilcl/public_html/projects/pratap/system/CodeIgniter.php(412): CodeIgniter\CodeIgniter->runController(Object(App\Controllers\AdminUserlist))
#6 /home/linuxmilcl/public_html/projects/pratap/system/CodeIgniter.php(320): CodeIgniter\CodeIgniter->handleRequest(NULL, Object(Config\Cache), false)
#7 /home/linuxmilcl/public_html/projects/pratap/index.php(38): CodeIgniter\CodeIgniter->run()
#8 {main}
CRITICAL - 2022-11-15 15:51:38 --> Cannot access offset of type string on string
#0 /home/linuxmilcl/public_html/projects/pratap/system/View/View.php(210): include()
#1 /home/linuxmilcl/public_html/projects/pratap/system/View/View.php(213): CodeIgniter\View\View->CodeIgniter\View\{closure}()
#2 /home/linuxmilcl/public_html/projects/pratap/system/Common.php(1089): CodeIgniter\View\View->render('admin_user/pd_u...', Array, true)
#3 /home/linuxmilcl/public_html/projects/pratap/app/Controllers/AdminUserlist.php(61): view('admin_user/pd_u...', Array)
#4 /home/linuxmilcl/public_html/projects/pratap/system/CodeIgniter.php(825): App\Controllers\AdminUserlist->detilsuser('2')
#5 /home/linuxmilcl/public_html/projects/pratap/system/CodeIgniter.php(412): CodeIgniter\CodeIgniter->runController(Object(App\Controllers\AdminUserlist))
#6 /home/linuxmilcl/public_html/projects/pratap/system/CodeIgniter.php(320): CodeIgniter\CodeIgniter->handleRequest(NULL, Object(Config\Cache), false)
#7 /home/linuxmilcl/public_html/projects/pratap/index.php(38): CodeIgniter\CodeIgniter->run()
#8 {main}
CRITICAL - 2022-11-15 15:51:57 --> Cannot access offset of type string on string
#0 /home/linuxmilcl/public_html/projects/pratap/system/View/View.php(210): include()
#1 /home/linuxmilcl/public_html/projects/pratap/system/View/View.php(213): CodeIgniter\View\View->CodeIgniter\View\{closure}()
#2 /home/linuxmilcl/public_html/projects/pratap/system/Common.php(1089): CodeIgniter\View\View->render('admin_user/pd_u...', Array, true)
#3 /home/linuxmilcl/public_html/projects/pratap/app/Controllers/AdminUserlist.php(61): view('admin_user/pd_u...', Array)
#4 /home/linuxmilcl/public_html/projects/pratap/system/CodeIgniter.php(825): App\Controllers\AdminUserlist->detilsuser('2')
#5 /home/linuxmilcl/public_html/projects/pratap/system/CodeIgniter.php(412): CodeIgniter\CodeIgniter->runController(Object(App\Controllers\AdminUserlist))
#6 /home/linuxmilcl/public_html/projects/pratap/system/CodeIgniter.php(320): CodeIgniter\CodeIgniter->handleRequest(NULL, Object(Config\Cache), false)
#7 /home/linuxmilcl/public_html/projects/pratap/index.php(38): CodeIgniter\CodeIgniter->run()
#8 {main}
CRITICAL - 2022-11-15 15:52:06 --> Cannot access offset of type string on string
#0 /home/linuxmilcl/public_html/projects/pratap/system/View/View.php(210): include()
#1 /home/linuxmilcl/public_html/projects/pratap/system/View/View.php(213): CodeIgniter\View\View->CodeIgniter\View\{closure}()
#2 /home/linuxmilcl/public_html/projects/pratap/system/Common.php(1089): CodeIgniter\View\View->render('admin_user/pd_u...', Array, true)
#3 /home/linuxmilcl/public_html/projects/pratap/app/Controllers/AdminUserlist.php(61): view('admin_user/pd_u...', Array)
#4 /home/linuxmilcl/public_html/projects/pratap/system/CodeIgniter.php(825): App\Controllers\AdminUserlist->detilsuser('2')
#5 /home/linuxmilcl/public_html/projects/pratap/system/CodeIgniter.php(412): CodeIgniter\CodeIgniter->runController(Object(App\Controllers\AdminUserlist))
#6 /home/linuxmilcl/public_html/projects/pratap/system/CodeIgniter.php(320): CodeIgniter\CodeIgniter->handleRequest(NULL, Object(Config\Cache), false)
#7 /home/linuxmilcl/public_html/projects/pratap/index.php(38): CodeIgniter\CodeIgniter->run()
#8 {main}
CRITICAL - 2022-11-15 16:44:02 --> Cannot access offset of type string on string
#0 /home/linuxmilcl/public_html/projects/pratap/system/View/View.php(210): include()
#1 /home/linuxmilcl/public_html/projects/pratap/system/View/View.php(213): CodeIgniter\View\View->CodeIgniter\View\{closure}()
#2 /home/linuxmilcl/public_html/projects/pratap/system/Common.php(1089): CodeIgniter\View\View->render('admin_user/pd_u...', Array, true)
#3 /home/linuxmilcl/public_html/projects/pratap/app/Controllers/AdminUserlist.php(61): view('admin_user/pd_u...', Array)
#4 /home/linuxmilcl/public_html/projects/pratap/system/CodeIgniter.php(825): App\Controllers\AdminUserlist->detilsuser('2')
#5 /home/linuxmilcl/public_html/projects/pratap/system/CodeIgniter.php(412): CodeIgniter\CodeIgniter->runController(Object(App\Controllers\AdminUserlist))
#6 /home/linuxmilcl/public_html/projects/pratap/system/CodeIgniter.php(320): CodeIgniter\CodeIgniter->handleRequest(NULL, Object(Config\Cache), false)
#7 /home/linuxmilcl/public_html/projects/pratap/index.php(38): CodeIgniter\CodeIgniter->run()
#8 {main}
CRITICAL - 2022-11-15 16:44:36 --> Cannot access offset of type string on string
#0 /home/linuxmilcl/public_html/projects/pratap/system/View/View.php(210): include()
#1 /home/linuxmilcl/public_html/projects/pratap/system/View/View.php(213): CodeIgniter\View\View->CodeIgniter\View\{closure}()
#2 /home/linuxmilcl/public_html/projects/pratap/system/Common.php(1089): CodeIgniter\View\View->render('admin_user/pd_u...', Array, true)
#3 /home/linuxmilcl/public_html/projects/pratap/app/Controllers/AdminUserlist.php(61): view('admin_user/pd_u...', Array)
#4 /home/linuxmilcl/public_html/projects/pratap/system/CodeIgniter.php(825): App\Controllers\AdminUserlist->detilsuser('2')
#5 /home/linuxmilcl/public_html/projects/pratap/system/CodeIgniter.php(412): CodeIgniter\CodeIgniter->runController(Object(App\Controllers\AdminUserlist))
#6 /home/linuxmilcl/public_html/projects/pratap/system/CodeIgniter.php(320): CodeIgniter\CodeIgniter->handleRequest(NULL, Object(Config\Cache), false)
#7 /home/linuxmilcl/public_html/projects/pratap/index.php(38): CodeIgniter\CodeIgniter->run()
#8 {main}
CRITICAL - 2022-11-15 16:44:48 --> Cannot access offset of type string on string
#0 /home/linuxmilcl/public_html/projects/pratap/system/View/View.php(210): include()
#1 /home/linuxmilcl/public_html/projects/pratap/system/View/View.php(213): CodeIgniter\View\View->CodeIgniter\View\{closure}()
#2 /home/linuxmilcl/public_html/projects/pratap/system/Common.php(1089): CodeIgniter\View\View->render('admin_user/pd_u...', Array, true)
#3 /home/linuxmilcl/public_html/projects/pratap/app/Controllers/AdminUserlist.php(61): view('admin_user/pd_u...', Array)
#4 /home/linuxmilcl/public_html/projects/pratap/system/CodeIgniter.php(825): App\Controllers\AdminUserlist->detilsuser('2')
#5 /home/linuxmilcl/public_html/projects/pratap/system/CodeIgniter.php(412): CodeIgniter\CodeIgniter->runController(Object(App\Controllers\AdminUserlist))
#6 /home/linuxmilcl/public_html/projects/pratap/system/CodeIgniter.php(320): CodeIgniter\CodeIgniter->handleRequest(NULL, Object(Config\Cache), false)
#7 /home/linuxmilcl/public_html/projects/pratap/index.php(38): CodeIgniter\CodeIgniter->run()
#8 {main}
CRITICAL - 2022-11-15 16:51:01 --> Cannot access offset of type string on string
#0 /home/linuxmilcl/public_html/projects/pratap/system/View/View.php(210): include()
#1 /home/linuxmilcl/public_html/projects/pratap/system/View/View.php(213): CodeIgniter\View\View->CodeIgniter\View\{closure}()
#2 /home/linuxmilcl/public_html/projects/pratap/system/Common.php(1089): CodeIgniter\View\View->render('admin_user/pd_u...', Array, true)
#3 /home/linuxmilcl/public_html/projects/pratap/app/Controllers/AdminUserlist.php(61): view('admin_user/pd_u...', Array)
#4 /home/linuxmilcl/public_html/projects/pratap/system/CodeIgniter.php(825): App\Controllers\AdminUserlist->detilsuser('2')
#5 /home/linuxmilcl/public_html/projects/pratap/system/CodeIgniter.php(412): CodeIgniter\CodeIgniter->runController(Object(App\Controllers\AdminUserlist))
#6 /home/linuxmilcl/public_html/projects/pratap/system/CodeIgniter.php(320): CodeIgniter\CodeIgniter->handleRequest(NULL, Object(Config\Cache), false)
#7 /home/linuxmilcl/public_html/projects/pratap/index.php(38): CodeIgniter\CodeIgniter->run()
#8 {main}
CRITICAL - 2022-11-15 16:53:08 --> Cannot access offset of type string on string
#0 /home/linuxmilcl/public_html/projects/pratap/system/View/View.php(210): include()
#1 /home/linuxmilcl/public_html/projects/pratap/system/View/View.php(213): CodeIgniter\View\View->CodeIgniter\View\{closure}()
#2 /home/linuxmilcl/public_html/projects/pratap/system/Common.php(1089): CodeIgniter\View\View->render('admin_user/pd_u...', Array, true)
#3 /home/linuxmilcl/public_html/projects/pratap/app/Controllers/AdminUserlist.php(61): view('admin_user/pd_u...', Array)
#4 /home/linuxmilcl/public_html/projects/pratap/system/CodeIgniter.php(825): App\Controllers\AdminUserlist->detilsuser('2')
#5 /home/linuxmilcl/public_html/projects/pratap/system/CodeIgniter.php(412): CodeIgniter\CodeIgniter->runController(Object(App\Controllers\AdminUserlist))
#6 /home/linuxmilcl/public_html/projects/pratap/system/CodeIgniter.php(320): CodeIgniter\CodeIgniter->handleRequest(NULL, Object(Config\Cache), false)
#7 /home/linuxmilcl/public_html/projects/pratap/index.php(38): CodeIgniter\CodeIgniter->run()
#8 {main}
CRITICAL - 2022-11-15 16:53:25 --> Undefined variable $pager
#0 /home/linuxmilcl/public_html/projects/pratap/app/Views/admin_user/pd_users/view_review_user.php(166): CodeIgniter\Debug\Exceptions->errorHandler(2, 'Undefined varia...', '/home/linuxmilc...', 166)
#1 /home/linuxmilcl/public_html/projects/pratap/system/View/View.php(210): include('/home/linuxmilc...')
#2 /home/linuxmilcl/public_html/projects/pratap/system/View/View.php(213): CodeIgniter\View\View->CodeIgniter\View\{closure}()
#3 /home/linuxmilcl/public_html/projects/pratap/system/Common.php(1089): CodeIgniter\View\View->render('admin_user/pd_u...', Array, true)
#4 /home/linuxmilcl/public_html/projects/pratap/app/Controllers/AdminUserlist.php(61): view('admin_user/pd_u...', Array)
#5 /home/linuxmilcl/public_html/projects/pratap/system/CodeIgniter.php(825): App\Controllers\AdminUserlist->detilsuser('2')
#6 /home/linuxmilcl/public_html/projects/pratap/system/CodeIgniter.php(412): CodeIgniter\CodeIgniter->runController(Object(App\Controllers\AdminUserlist))
#7 /home/linuxmilcl/public_html/projects/pratap/system/CodeIgniter.php(320): CodeIgniter\CodeIgniter->handleRequest(NULL, Object(Config\Cache), false)
#8 /home/linuxmilcl/public_html/projects/pratap/index.php(38): CodeIgniter\CodeIgniter->run()
#9 {main}
CRITICAL - 2022-11-15 16:54:04 --> syntax error, unexpected token ";", expecting variable or "{" or "$"
#0 /home/linuxmilcl/public_html/projects/pratap/system/View/View.php(213): CodeIgniter\View\View->CodeIgniter\View\{closure}()
#1 /home/linuxmilcl/public_html/projects/pratap/system/Common.php(1089): CodeIgniter\View\View->render('admin_user/pd_u...', Array, true)
#2 /home/linuxmilcl/public_html/projects/pratap/app/Controllers/AdminUserlist.php(61): view('admin_user/pd_u...', Array)
#3 /home/linuxmilcl/public_html/projects/pratap/system/CodeIgniter.php(825): App\Controllers\AdminUserlist->detilsuser('2')
#4 /home/linuxmilcl/public_html/projects/pratap/system/CodeIgniter.php(412): CodeIgniter\CodeIgniter->runController(Object(App\Controllers\AdminUserlist))
#5 /home/linuxmilcl/public_html/projects/pratap/system/CodeIgniter.php(320): CodeIgniter\CodeIgniter->handleRequest(NULL, Object(Config\Cache), false)
#6 /home/linuxmilcl/public_html/projects/pratap/index.php(38): CodeIgniter\CodeIgniter->run()
#7 {main}
CRITICAL - 2022-11-15 16:54:16 --> syntax error, unexpected token ";", expecting variable or "{" or "$"
#0 /home/linuxmilcl/public_html/projects/pratap/system/View/View.php(213): CodeIgniter\View\View->CodeIgniter\View\{closure}()
#1 /home/linuxmilcl/public_html/projects/pratap/system/Common.php(1089): CodeIgniter\View\View->render('admin_user/pd_u...', Array, true)
#2 /home/linuxmilcl/public_html/projects/pratap/app/Controllers/AdminUserlist.php(61): view('admin_user/pd_u...', Array)
#3 /home/linuxmilcl/public_html/projects/pratap/system/CodeIgniter.php(825): App\Controllers\AdminUserlist->detilsuser('3')
#4 /home/linuxmilcl/public_html/projects/pratap/system/CodeIgniter.php(412): CodeIgniter\CodeIgniter->runController(Object(App\Controllers\AdminUserlist))
#5 /home/linuxmilcl/public_html/projects/pratap/system/CodeIgniter.php(320): CodeIgniter\CodeIgniter->handleRequest(NULL, Object(Config\Cache), false)
#6 /home/linuxmilcl/public_html/projects/pratap/index.php(38): CodeIgniter\CodeIgniter->run()
#7 {main}
CRITICAL - 2022-11-15 16:54:33 --> syntax error, unexpected token ";"
#0 /home/linuxmilcl/public_html/projects/pratap/system/View/View.php(213): CodeIgniter\View\View->CodeIgniter\View\{closure}()
#1 /home/linuxmilcl/public_html/projects/pratap/system/Common.php(1089): CodeIgniter\View\View->render('admin_user/pd_u...', Array, true)
#2 /home/linuxmilcl/public_html/projects/pratap/app/Controllers/AdminUserlist.php(61): view('admin_user/pd_u...', Array)
#3 /home/linuxmilcl/public_html/projects/pratap/system/CodeIgniter.php(825): App\Controllers\AdminUserlist->detilsuser('3')
#4 /home/linuxmilcl/public_html/projects/pratap/system/CodeIgniter.php(412): CodeIgniter\CodeIgniter->runController(Object(App\Controllers\AdminUserlist))
#5 /home/linuxmilcl/public_html/projects/pratap/system/CodeIgniter.php(320): CodeIgniter\CodeIgniter->handleRequest(NULL, Object(Config\Cache), false)
#6 /home/linuxmilcl/public_html/projects/pratap/index.php(38): CodeIgniter\CodeIgniter->run()
#7 {main}
CRITICAL - 2022-11-15 16:59:40 --> Array to string conversion
#0 /home/linuxmilcl/public_html/projects/pratap/app/Views/admin_user/pd_users/view_review_user.php(131): CodeIgniter\Debug\Exceptions->errorHandler(2, 'Array to string...', '/home/linuxmilc...', 131)
#1 /home/linuxmilcl/public_html/projects/pratap/system/View/View.php(210): include('/home/linuxmilc...')
#2 /home/linuxmilcl/public_html/projects/pratap/system/View/View.php(213): CodeIgniter\View\View->CodeIgniter\View\{closure}()
#3 /home/linuxmilcl/public_html/projects/pratap/system/Common.php(1089): CodeIgniter\View\View->render('admin_user/pd_u...', Array, true)
#4 /home/linuxmilcl/public_html/projects/pratap/app/Controllers/AdminUserlist.php(61): view('admin_user/pd_u...', Array)
#5 /home/linuxmilcl/public_html/projects/pratap/system/CodeIgniter.php(825): App\Controllers\AdminUserlist->detilsuser('3')
#6 /home/linuxmilcl/public_html/projects/pratap/system/CodeIgniter.php(412): CodeIgniter\CodeIgniter->runController(Object(App\Controllers\AdminUserlist))
#7 /home/linuxmilcl/public_html/projects/pratap/system/CodeIgniter.php(320): CodeIgniter\CodeIgniter->handleRequest(NULL, Object(Config\Cache), false)
#8 /home/linuxmilcl/public_html/projects/pratap/index.php(38): CodeIgniter\CodeIgniter->run()
#9 {main}
CRITICAL - 2022-11-15 17:00:59 --> Cannot access offset of type string on string
#0 /home/linuxmilcl/public_html/projects/pratap/system/View/View.php(210): include()
#1 /home/linuxmilcl/public_html/projects/pratap/system/View/View.php(213): CodeIgniter\View\View->CodeIgniter\View\{closure}()
#2 /home/linuxmilcl/public_html/projects/pratap/system/Common.php(1089): CodeIgniter\View\View->render('admin_user/pd_u...', Array, true)
#3 /home/linuxmilcl/public_html/projects/pratap/app/Controllers/AdminUserlist.php(61): view('admin_user/pd_u...', Array)
#4 /home/linuxmilcl/public_html/projects/pratap/system/CodeIgniter.php(825): App\Controllers\AdminUserlist->detilsuser('3')
#5 /home/linuxmilcl/public_html/projects/pratap/system/CodeIgniter.php(412): CodeIgniter\CodeIgniter->runController(Object(App\Controllers\AdminUserlist))
#6 /home/linuxmilcl/public_html/projects/pratap/system/CodeIgniter.php(320): CodeIgniter\CodeIgniter->handleRequest(NULL, Object(Config\Cache), false)
#7 /home/linuxmilcl/public_html/projects/pratap/index.php(38): CodeIgniter\CodeIgniter->run()
#8 {main}
