CRITICAL - 2022-06-20 01:51:26 --> Invalid file: admin/testimonials.php
#0 /home/linuxmilcl/public_html/projects/etp/system/View/View.php(198): CodeIgniter\Exceptions\FrameworkException::forInvalidFile('admin/testimoni...')
#1 /home/linuxmilcl/public_html/projects/etp/system/Common.php(1089): CodeIgniter\View\View->render('admin/testimoni...', Array, true)
#2 /home/linuxmilcl/public_html/projects/etp/app/Controllers/Testimonials.php(10): view('admin/testimoni...')
#3 /home/linuxmilcl/public_html/projects/etp/system/CodeIgniter.php(825): App\Controllers\Testimonials->index()
#4 /home/linuxmilcl/public_html/projects/etp/system/CodeIgniter.php(412): CodeIgniter\CodeIgniter->runController(Object(App\Controllers\Testimonials))
#5 /home/linuxmilcl/public_html/projects/etp/system/CodeIgniter.php(320): CodeIgniter\CodeIgniter->handleRequest(NULL, Object(Config\Cache), false)
#6 /home/linuxmilcl/public_html/projects/etp/index.php(37): CodeIgniter\CodeIgniter->run()
#7 {main}
CRITICAL - 2022-06-20 01:54:16 --> include(admin_header.php): Failed to open stream: No such file or directory
#0 /home/linuxmilcl/public_html/projects/etp/app/Views/admin/testimonial/add_testimonials.php(1): CodeIgniter\Debug\Exceptions->errorHandler(2, 'include(admin_h...', '/home/linuxmilc...', 1)
#1 /home/linuxmilcl/public_html/projects/etp/app/Views/admin/testimonial/add_testimonials.php(1): include()
#2 /home/linuxmilcl/public_html/projects/etp/system/View/View.php(210): include('/home/linuxmilc...')
#3 /home/linuxmilcl/public_html/projects/etp/system/View/View.php(213): CodeIgniter\View\View->CodeIgniter\View\{closure}()
#4 /home/linuxmilcl/public_html/projects/etp/system/Common.php(1089): CodeIgniter\View\View->render('admin/testimoni...', Array, true)
#5 /home/linuxmilcl/public_html/projects/etp/app/Controllers/Testimonials.php(10): view('admin/testimoni...')
#6 /home/linuxmilcl/public_html/projects/etp/system/CodeIgniter.php(825): App\Controllers\Testimonials->index()
#7 /home/linuxmilcl/public_html/projects/etp/system/CodeIgniter.php(412): CodeIgniter\CodeIgniter->runController(Object(App\Controllers\Testimonials))
#8 /home/linuxmilcl/public_html/projects/etp/system/CodeIgniter.php(320): CodeIgniter\CodeIgniter->handleRequest(NULL, Object(Config\Cache), false)
#9 /home/linuxmilcl/public_html/projects/etp/index.php(37): CodeIgniter\CodeIgniter->run()
#10 {main}
CRITICAL - 2022-06-20 01:54:59 --> include(../admin_header.php): Failed to open stream: No such file or directory
#0 /home/linuxmilcl/public_html/projects/etp/app/Views/admin/testimonial/add_testimonials.php(1): CodeIgniter\Debug\Exceptions->errorHandler(2, 'include(../admi...', '/home/linuxmilc...', 1)
#1 /home/linuxmilcl/public_html/projects/etp/app/Views/admin/testimonial/add_testimonials.php(1): include()
#2 /home/linuxmilcl/public_html/projects/etp/system/View/View.php(210): include('/home/linuxmilc...')
#3 /home/linuxmilcl/public_html/projects/etp/system/View/View.php(213): CodeIgniter\View\View->CodeIgniter\View\{closure}()
#4 /home/linuxmilcl/public_html/projects/etp/system/Common.php(1089): CodeIgniter\View\View->render('admin/testimoni...', Array, true)
#5 /home/linuxmilcl/public_html/projects/etp/app/Controllers/Testimonials.php(10): view('admin/testimoni...')
#6 /home/linuxmilcl/public_html/projects/etp/system/CodeIgniter.php(825): App\Controllers\Testimonials->index()
#7 /home/linuxmilcl/public_html/projects/etp/system/CodeIgniter.php(412): CodeIgniter\CodeIgniter->runController(Object(App\Controllers\Testimonials))
#8 /home/linuxmilcl/public_html/projects/etp/system/CodeIgniter.php(320): CodeIgniter\CodeIgniter->handleRequest(NULL, Object(Config\Cache), false)
#9 /home/linuxmilcl/public_html/projects/etp/index.php(37): CodeIgniter\CodeIgniter->run()
#10 {main}
CRITICAL - 2022-06-20 01:55:44 --> include(../admin/admin_header.php): Failed to open stream: No such file or directory
#0 /home/linuxmilcl/public_html/projects/etp/app/Views/admin/testimonial/add_testimonials.php(1): CodeIgniter\Debug\Exceptions->errorHandler(2, 'include(../admi...', '/home/linuxmilc...', 1)
#1 /home/linuxmilcl/public_html/projects/etp/app/Views/admin/testimonial/add_testimonials.php(1): include()
#2 /home/linuxmilcl/public_html/projects/etp/system/View/View.php(210): include('/home/linuxmilc...')
#3 /home/linuxmilcl/public_html/projects/etp/system/View/View.php(213): CodeIgniter\View\View->CodeIgniter\View\{closure}()
#4 /home/linuxmilcl/public_html/projects/etp/system/Common.php(1089): CodeIgniter\View\View->render('admin/testimoni...', Array, true)
#5 /home/linuxmilcl/public_html/projects/etp/app/Controllers/Testimonials.php(10): view('admin/testimoni...')
#6 /home/linuxmilcl/public_html/projects/etp/system/CodeIgniter.php(825): App\Controllers\Testimonials->index()
#7 /home/linuxmilcl/public_html/projects/etp/system/CodeIgniter.php(412): CodeIgniter\CodeIgniter->runController(Object(App\Controllers\Testimonials))
#8 /home/linuxmilcl/public_html/projects/etp/system/CodeIgniter.php(320): CodeIgniter\CodeIgniter->handleRequest(NULL, Object(Config\Cache), false)
#9 /home/linuxmilcl/public_html/projects/etp/index.php(37): CodeIgniter\CodeIgniter->run()
#10 {main}
CRITICAL - 2022-06-20 01:55:57 --> include(./admin_header.php): Failed to open stream: No such file or directory
#0 /home/linuxmilcl/public_html/projects/etp/app/Views/admin/testimonial/add_testimonials.php(1): CodeIgniter\Debug\Exceptions->errorHandler(2, 'include(./admin...', '/home/linuxmilc...', 1)
#1 /home/linuxmilcl/public_html/projects/etp/app/Views/admin/testimonial/add_testimonials.php(1): include()
#2 /home/linuxmilcl/public_html/projects/etp/system/View/View.php(210): include('/home/linuxmilc...')
#3 /home/linuxmilcl/public_html/projects/etp/system/View/View.php(213): CodeIgniter\View\View->CodeIgniter\View\{closure}()
#4 /home/linuxmilcl/public_html/projects/etp/system/Common.php(1089): CodeIgniter\View\View->render('admin/testimoni...', Array, true)
#5 /home/linuxmilcl/public_html/projects/etp/app/Controllers/Testimonials.php(10): view('admin/testimoni...')
#6 /home/linuxmilcl/public_html/projects/etp/system/CodeIgniter.php(825): App\Controllers\Testimonials->index()
#7 /home/linuxmilcl/public_html/projects/etp/system/CodeIgniter.php(412): CodeIgniter\CodeIgniter->runController(Object(App\Controllers\Testimonials))
#8 /home/linuxmilcl/public_html/projects/etp/system/CodeIgniter.php(320): CodeIgniter\CodeIgniter->handleRequest(NULL, Object(Config\Cache), false)
#9 /home/linuxmilcl/public_html/projects/etp/index.php(37): CodeIgniter\CodeIgniter->run()
#10 {main}
CRITICAL - 2022-06-20 01:58:41 --> include(./admin_header.php): Failed to open stream: No such file or directory
#0 /home/linuxmilcl/public_html/projects/etp/app/Views/admin/testimonial/add_testimonials.php(1): CodeIgniter\Debug\Exceptions->errorHandler(2, 'include(./admin...', '/home/linuxmilc...', 1)
#1 /home/linuxmilcl/public_html/projects/etp/app/Views/admin/testimonial/add_testimonials.php(1): include()
#2 /home/linuxmilcl/public_html/projects/etp/system/View/View.php(210): include('/home/linuxmilc...')
#3 /home/linuxmilcl/public_html/projects/etp/system/View/View.php(213): CodeIgniter\View\View->CodeIgniter\View\{closure}()
#4 /home/linuxmilcl/public_html/projects/etp/system/Common.php(1089): CodeIgniter\View\View->render('admin/testimoni...', Array, true)
#5 /home/linuxmilcl/public_html/projects/etp/app/Controllers/Testimonials.php(10): view('admin/testimoni...')
#6 /home/linuxmilcl/public_html/projects/etp/system/CodeIgniter.php(825): App\Controllers\Testimonials->index()
#7 /home/linuxmilcl/public_html/projects/etp/system/CodeIgniter.php(412): CodeIgniter\CodeIgniter->runController(Object(App\Controllers\Testimonials))
#8 /home/linuxmilcl/public_html/projects/etp/system/CodeIgniter.php(320): CodeIgniter\CodeIgniter->handleRequest(NULL, Object(Config\Cache), false)
#9 /home/linuxmilcl/public_html/projects/etp/index.php(37): CodeIgniter\CodeIgniter->run()
#10 {main}
CRITICAL - 2022-06-20 01:58:54 --> include(./admin_header.php): Failed to open stream: No such file or directory
#0 /home/linuxmilcl/public_html/projects/etp/app/Views/admin/testimonial/add_testimonials.php(1): CodeIgniter\Debug\Exceptions->errorHandler(2, 'include(./admin...', '/home/linuxmilc...', 1)
#1 /home/linuxmilcl/public_html/projects/etp/app/Views/admin/testimonial/add_testimonials.php(1): include()
#2 /home/linuxmilcl/public_html/projects/etp/system/View/View.php(210): include('/home/linuxmilc...')
#3 /home/linuxmilcl/public_html/projects/etp/system/View/View.php(213): CodeIgniter\View\View->CodeIgniter\View\{closure}()
#4 /home/linuxmilcl/public_html/projects/etp/system/Common.php(1089): CodeIgniter\View\View->render('admin/testimoni...', Array, true)
#5 /home/linuxmilcl/public_html/projects/etp/app/Controllers/Testimonials.php(10): view('admin/testimoni...')
#6 /home/linuxmilcl/public_html/projects/etp/system/CodeIgniter.php(825): App\Controllers\Testimonials->index()
#7 /home/linuxmilcl/public_html/projects/etp/system/CodeIgniter.php(412): CodeIgniter\CodeIgniter->runController(Object(App\Controllers\Testimonials))
#8 /home/linuxmilcl/public_html/projects/etp/system/CodeIgniter.php(320): CodeIgniter\CodeIgniter->handleRequest(NULL, Object(Config\Cache), false)
#9 /home/linuxmilcl/public_html/projects/etp/index.php(37): CodeIgniter\CodeIgniter->run()
#10 {main}
CRITICAL - 2022-06-20 01:59:16 --> include(topbar.php): Failed to open stream: No such file or directory
#0 /home/linuxmilcl/public_html/projects/etp/app/Views/admin/testimonial/add_testimonials.php(6): CodeIgniter\Debug\Exceptions->errorHandler(2, 'include(topbar....', '/home/linuxmilc...', 6)
#1 /home/linuxmilcl/public_html/projects/etp/app/Views/admin/testimonial/add_testimonials.php(6): include()
#2 /home/linuxmilcl/public_html/projects/etp/system/View/View.php(210): include('/home/linuxmilc...')
#3 /home/linuxmilcl/public_html/projects/etp/system/View/View.php(213): CodeIgniter\View\View->CodeIgniter\View\{closure}()
#4 /home/linuxmilcl/public_html/projects/etp/system/Common.php(1089): CodeIgniter\View\View->render('admin/testimoni...', Array, true)
#5 /home/linuxmilcl/public_html/projects/etp/app/Controllers/Testimonials.php(10): view('admin/testimoni...')
#6 /home/linuxmilcl/public_html/projects/etp/system/CodeIgniter.php(825): App\Controllers\Testimonials->index()
#7 /home/linuxmilcl/public_html/projects/etp/system/CodeIgniter.php(412): CodeIgniter\CodeIgniter->runController(Object(App\Controllers\Testimonials))
#8 /home/linuxmilcl/public_html/projects/etp/system/CodeIgniter.php(320): CodeIgniter\CodeIgniter->handleRequest(NULL, Object(Config\Cache), false)
#9 /home/linuxmilcl/public_html/projects/etp/index.php(37): CodeIgniter\CodeIgniter->run()
#10 {main}
CRITICAL - 2022-06-20 02:00:26 --> include(../admin_header.php): Failed to open stream: No such file or directory
#0 /home/linuxmilcl/public_html/projects/etp/app/Views/admin/testimonial/add_testimonials.php(1): CodeIgniter\Debug\Exceptions->errorHandler(2, 'include(../admi...', '/home/linuxmilc...', 1)
#1 /home/linuxmilcl/public_html/projects/etp/app/Views/admin/testimonial/add_testimonials.php(1): include()
#2 /home/linuxmilcl/public_html/projects/etp/system/View/View.php(210): include('/home/linuxmilc...')
#3 /home/linuxmilcl/public_html/projects/etp/system/View/View.php(213): CodeIgniter\View\View->CodeIgniter\View\{closure}()
#4 /home/linuxmilcl/public_html/projects/etp/system/Common.php(1089): CodeIgniter\View\View->render('admin/testimoni...', Array, true)
#5 /home/linuxmilcl/public_html/projects/etp/app/Controllers/Testimonials.php(10): view('admin/testimoni...')
#6 /home/linuxmilcl/public_html/projects/etp/system/CodeIgniter.php(825): App\Controllers\Testimonials->index()
#7 /home/linuxmilcl/public_html/projects/etp/system/CodeIgniter.php(412): CodeIgniter\CodeIgniter->runController(Object(App\Controllers\Testimonials))
#8 /home/linuxmilcl/public_html/projects/etp/system/CodeIgniter.php(320): CodeIgniter\CodeIgniter->handleRequest(NULL, Object(Config\Cache), false)
#9 /home/linuxmilcl/public_html/projects/etp/index.php(37): CodeIgniter\CodeIgniter->run()
#10 {main}
CRITICAL - 2022-06-20 02:03:12 --> include(../../admin_header.php): Failed to open stream: No such file or directory
#0 /home/linuxmilcl/public_html/projects/etp/app/Views/admin/testimonial/add_testimonials.php(1): CodeIgniter\Debug\Exceptions->errorHandler(2, 'include(../../a...', '/home/linuxmilc...', 1)
#1 /home/linuxmilcl/public_html/projects/etp/app/Views/admin/testimonial/add_testimonials.php(1): include()
#2 /home/linuxmilcl/public_html/projects/etp/system/View/View.php(210): include('/home/linuxmilc...')
#3 /home/linuxmilcl/public_html/projects/etp/system/View/View.php(213): CodeIgniter\View\View->CodeIgniter\View\{closure}()
#4 /home/linuxmilcl/public_html/projects/etp/system/Common.php(1089): CodeIgniter\View\View->render('admin/testimoni...', Array, true)
#5 /home/linuxmilcl/public_html/projects/etp/app/Controllers/Testimonials.php(10): view('admin/testimoni...')
#6 /home/linuxmilcl/public_html/projects/etp/system/CodeIgniter.php(825): App\Controllers\Testimonials->index()
#7 /home/linuxmilcl/public_html/projects/etp/system/CodeIgniter.php(412): CodeIgniter\CodeIgniter->runController(Object(App\Controllers\Testimonials))
#8 /home/linuxmilcl/public_html/projects/etp/system/CodeIgniter.php(320): CodeIgniter\CodeIgniter->handleRequest(NULL, Object(Config\Cache), false)
#9 /home/linuxmilcl/public_html/projects/etp/index.php(37): CodeIgniter\CodeIgniter->run()
#10 {main}
CRITICAL - 2022-06-20 02:04:12 --> require_once(/home/linuxmilcl/public_htmladmin/admin_header.php): Failed to open stream: No such file or directory
#0 /home/linuxmilcl/public_html/projects/etp/app/Views/admin/testimonial/add_testimonials.php(1): CodeIgniter\Debug\Exceptions->errorHandler(2, 'require_once(/h...', '/home/linuxmilc...', 1)
#1 /home/linuxmilcl/public_html/projects/etp/app/Views/admin/testimonial/add_testimonials.php(1): require_once()
#2 /home/linuxmilcl/public_html/projects/etp/system/View/View.php(210): include('/home/linuxmilc...')
#3 /home/linuxmilcl/public_html/projects/etp/system/View/View.php(213): CodeIgniter\View\View->CodeIgniter\View\{closure}()
#4 /home/linuxmilcl/public_html/projects/etp/system/Common.php(1089): CodeIgniter\View\View->render('admin/testimoni...', Array, true)
#5 /home/linuxmilcl/public_html/projects/etp/app/Controllers/Testimonials.php(10): view('admin/testimoni...')
#6 /home/linuxmilcl/public_html/projects/etp/system/CodeIgniter.php(825): App\Controllers\Testimonials->index()
#7 /home/linuxmilcl/public_html/projects/etp/system/CodeIgniter.php(412): CodeIgniter\CodeIgniter->runController(Object(App\Controllers\Testimonials))
#8 /home/linuxmilcl/public_html/projects/etp/system/CodeIgniter.php(320): CodeIgniter\CodeIgniter->handleRequest(NULL, Object(Config\Cache), false)
#9 /home/linuxmilcl/public_html/projects/etp/index.php(37): CodeIgniter\CodeIgniter->run()
#10 {main}
CRITICAL - 2022-06-20 02:04:16 --> require_once(/home/linuxmilcl/public_htmladmin/admin_header.php): Failed to open stream: No such file or directory
#0 /home/linuxmilcl/public_html/projects/etp/app/Views/admin/testimonial/add_testimonials.php(1): CodeIgniter\Debug\Exceptions->errorHandler(2, 'require_once(/h...', '/home/linuxmilc...', 1)
#1 /home/linuxmilcl/public_html/projects/etp/app/Views/admin/testimonial/add_testimonials.php(1): require_once()
#2 /home/linuxmilcl/public_html/projects/etp/system/View/View.php(210): include('/home/linuxmilc...')
#3 /home/linuxmilcl/public_html/projects/etp/system/View/View.php(213): CodeIgniter\View\View->CodeIgniter\View\{closure}()
#4 /home/linuxmilcl/public_html/projects/etp/system/Common.php(1089): CodeIgniter\View\View->render('admin/testimoni...', Array, true)
#5 /home/linuxmilcl/public_html/projects/etp/app/Controllers/Testimonials.php(10): view('admin/testimoni...')
#6 /home/linuxmilcl/public_html/projects/etp/system/CodeIgniter.php(825): App\Controllers\Testimonials->index()
#7 /home/linuxmilcl/public_html/projects/etp/system/CodeIgniter.php(412): CodeIgniter\CodeIgniter->runController(Object(App\Controllers\Testimonials))
#8 /home/linuxmilcl/public_html/projects/etp/system/CodeIgniter.php(320): CodeIgniter\CodeIgniter->handleRequest(NULL, Object(Config\Cache), false)
#9 /home/linuxmilcl/public_html/projects/etp/index.php(37): CodeIgniter\CodeIgniter->run()
#10 {main}
CRITICAL - 2022-06-20 02:05:34 --> require_once(/home/linuxmilcl/public_html/admin/admin_header.php): Failed to open stream: No such file or directory
#0 /home/linuxmilcl/public_html/projects/etp/app/Views/admin/testimonial/add_testimonials.php(1): CodeIgniter\Debug\Exceptions->errorHandler(2, 'require_once(/h...', '/home/linuxmilc...', 1)
#1 /home/linuxmilcl/public_html/projects/etp/app/Views/admin/testimonial/add_testimonials.php(1): require_once()
#2 /home/linuxmilcl/public_html/projects/etp/system/View/View.php(210): include('/home/linuxmilc...')
#3 /home/linuxmilcl/public_html/projects/etp/system/View/View.php(213): CodeIgniter\View\View->CodeIgniter\View\{closure}()
#4 /home/linuxmilcl/public_html/projects/etp/system/Common.php(1089): CodeIgniter\View\View->render('admin/testimoni...', Array, true)
#5 /home/linuxmilcl/public_html/projects/etp/app/Controllers/Testimonials.php(10): view('admin/testimoni...')
#6 /home/linuxmilcl/public_html/projects/etp/system/CodeIgniter.php(825): App\Controllers\Testimonials->index()
#7 /home/linuxmilcl/public_html/projects/etp/system/CodeIgniter.php(412): CodeIgniter\CodeIgniter->runController(Object(App\Controllers\Testimonials))
#8 /home/linuxmilcl/public_html/projects/etp/system/CodeIgniter.php(320): CodeIgniter\CodeIgniter->handleRequest(NULL, Object(Config\Cache), false)
#9 /home/linuxmilcl/public_html/projects/etp/index.php(37): CodeIgniter\CodeIgniter->run()
#10 {main}
CRITICAL - 2022-06-20 02:06:21 --> require_once(/home/linuxmilcl/public_html/projects/etp/app/Views/admin/testimonial/admin/admin_header.php): Failed to open stream: No such file or directory
#0 /home/linuxmilcl/public_html/projects/etp/app/Views/admin/testimonial/add_testimonials.php(1): CodeIgniter\Debug\Exceptions->errorHandler(2, 'require_once(/h...', '/home/linuxmilc...', 1)
#1 /home/linuxmilcl/public_html/projects/etp/app/Views/admin/testimonial/add_testimonials.php(1): require_once()
#2 /home/linuxmilcl/public_html/projects/etp/system/View/View.php(210): include('/home/linuxmilc...')
#3 /home/linuxmilcl/public_html/projects/etp/system/View/View.php(213): CodeIgniter\View\View->CodeIgniter\View\{closure}()
#4 /home/linuxmilcl/public_html/projects/etp/system/Common.php(1089): CodeIgniter\View\View->render('admin/testimoni...', Array, true)
#5 /home/linuxmilcl/public_html/projects/etp/app/Controllers/Testimonials.php(10): view('admin/testimoni...')
#6 /home/linuxmilcl/public_html/projects/etp/system/CodeIgniter.php(825): App\Controllers\Testimonials->index()
#7 /home/linuxmilcl/public_html/projects/etp/system/CodeIgniter.php(412): CodeIgniter\CodeIgniter->runController(Object(App\Controllers\Testimonials))
#8 /home/linuxmilcl/public_html/projects/etp/system/CodeIgniter.php(320): CodeIgniter\CodeIgniter->handleRequest(NULL, Object(Config\Cache), false)
#9 /home/linuxmilcl/public_html/projects/etp/index.php(37): CodeIgniter\CodeIgniter->run()
#10 {main}
CRITICAL - 2022-06-20 02:07:30 --> require_once(admin_header.php): Failed to open stream: No such file or directory
#0 /home/linuxmilcl/public_html/projects/etp/app/Views/admin/testimonial/add_testimonials.php(1): CodeIgniter\Debug\Exceptions->errorHandler(2, 'require_once(ad...', '/home/linuxmilc...', 1)
#1 /home/linuxmilcl/public_html/projects/etp/app/Views/admin/testimonial/add_testimonials.php(1): require_once()
#2 /home/linuxmilcl/public_html/projects/etp/system/View/View.php(210): include('/home/linuxmilc...')
#3 /home/linuxmilcl/public_html/projects/etp/system/View/View.php(213): CodeIgniter\View\View->CodeIgniter\View\{closure}()
#4 /home/linuxmilcl/public_html/projects/etp/system/Common.php(1089): CodeIgniter\View\View->render('admin/testimoni...', Array, true)
#5 /home/linuxmilcl/public_html/projects/etp/app/Controllers/Testimonials.php(10): view('admin/testimoni...')
#6 /home/linuxmilcl/public_html/projects/etp/system/CodeIgniter.php(825): App\Controllers\Testimonials->index()
#7 /home/linuxmilcl/public_html/projects/etp/system/CodeIgniter.php(412): CodeIgniter\CodeIgniter->runController(Object(App\Controllers\Testimonials))
#8 /home/linuxmilcl/public_html/projects/etp/system/CodeIgniter.php(320): CodeIgniter\CodeIgniter->handleRequest(NULL, Object(Config\Cache), false)
#9 /home/linuxmilcl/public_html/projects/etp/index.php(37): CodeIgniter\CodeIgniter->run()
#10 {main}
CRITICAL - 2022-06-20 02:07:42 --> require_once(../admin_header.php): Failed to open stream: No such file or directory
#0 /home/linuxmilcl/public_html/projects/etp/app/Views/admin/testimonial/add_testimonials.php(1): CodeIgniter\Debug\Exceptions->errorHandler(2, 'require_once(.....', '/home/linuxmilc...', 1)
#1 /home/linuxmilcl/public_html/projects/etp/app/Views/admin/testimonial/add_testimonials.php(1): require_once()
#2 /home/linuxmilcl/public_html/projects/etp/system/View/View.php(210): include('/home/linuxmilc...')
#3 /home/linuxmilcl/public_html/projects/etp/system/View/View.php(213): CodeIgniter\View\View->CodeIgniter\View\{closure}()
#4 /home/linuxmilcl/public_html/projects/etp/system/Common.php(1089): CodeIgniter\View\View->render('admin/testimoni...', Array, true)
#5 /home/linuxmilcl/public_html/projects/etp/app/Controllers/Testimonials.php(10): view('admin/testimoni...')
#6 /home/linuxmilcl/public_html/projects/etp/system/CodeIgniter.php(825): App\Controllers\Testimonials->index()
#7 /home/linuxmilcl/public_html/projects/etp/system/CodeIgniter.php(412): CodeIgniter\CodeIgniter->runController(Object(App\Controllers\Testimonials))
#8 /home/linuxmilcl/public_html/projects/etp/system/CodeIgniter.php(320): CodeIgniter\CodeIgniter->handleRequest(NULL, Object(Config\Cache), false)
#9 /home/linuxmilcl/public_html/projects/etp/index.php(37): CodeIgniter\CodeIgniter->run()
#10 {main}
CRITICAL - 2022-06-20 02:10:36 --> require_once(/admin_header.php): Failed to open stream: No such file or directory
#0 /home/linuxmilcl/public_html/projects/etp/app/Views/admin/testimonial/add_testimonials.php(1): CodeIgniter\Debug\Exceptions->errorHandler(2, 'require_once(/a...', '/home/linuxmilc...', 1)
#1 /home/linuxmilcl/public_html/projects/etp/app/Views/admin/testimonial/add_testimonials.php(1): require_once()
#2 /home/linuxmilcl/public_html/projects/etp/system/View/View.php(210): include('/home/linuxmilc...')
#3 /home/linuxmilcl/public_html/projects/etp/system/View/View.php(213): CodeIgniter\View\View->CodeIgniter\View\{closure}()
#4 /home/linuxmilcl/public_html/projects/etp/system/Common.php(1089): CodeIgniter\View\View->render('admin/testimoni...', Array, true)
#5 /home/linuxmilcl/public_html/projects/etp/app/Controllers/Testimonials.php(10): view('admin/testimoni...')
#6 /home/linuxmilcl/public_html/projects/etp/system/CodeIgniter.php(825): App\Controllers\Testimonials->index()
#7 /home/linuxmilcl/public_html/projects/etp/system/CodeIgniter.php(412): CodeIgniter\CodeIgniter->runController(Object(App\Controllers\Testimonials))
#8 /home/linuxmilcl/public_html/projects/etp/system/CodeIgniter.php(320): CodeIgniter\CodeIgniter->handleRequest(NULL, Object(Config\Cache), false)
#9 /home/linuxmilcl/public_html/projects/etp/index.php(37): CodeIgniter\CodeIgniter->run()
#10 {main}
CRITICAL - 2022-06-20 02:16:50 --> require_once(): https:// wrapper is disabled in the server configuration by allow_url_fopen=0
#0 /home/linuxmilcl/public_html/projects/etp/app/Views/admin/testimonial/add_testimonials.php(1): CodeIgniter\Debug\Exceptions->errorHandler(2, 'require_once():...', '/home/linuxmilc...', 1)
#1 /home/linuxmilcl/public_html/projects/etp/app/Views/admin/testimonial/add_testimonials.php(1): require_once()
#2 /home/linuxmilcl/public_html/projects/etp/system/View/View.php(210): include('/home/linuxmilc...')
#3 /home/linuxmilcl/public_html/projects/etp/system/View/View.php(213): CodeIgniter\View\View->CodeIgniter\View\{closure}()
#4 /home/linuxmilcl/public_html/projects/etp/system/Common.php(1089): CodeIgniter\View\View->render('admin/testimoni...', Array, true)
#5 /home/linuxmilcl/public_html/projects/etp/app/Controllers/Testimonials.php(10): view('admin/testimoni...')
#6 /home/linuxmilcl/public_html/projects/etp/system/CodeIgniter.php(825): App\Controllers\Testimonials->index()
#7 /home/linuxmilcl/public_html/projects/etp/system/CodeIgniter.php(412): CodeIgniter\CodeIgniter->runController(Object(App\Controllers\Testimonials))
#8 /home/linuxmilcl/public_html/projects/etp/system/CodeIgniter.php(320): CodeIgniter\CodeIgniter->handleRequest(NULL, Object(Config\Cache), false)
#9 /home/linuxmilcl/public_html/projects/etp/index.php(37): CodeIgniter\CodeIgniter->run()
#10 {main}
CRITICAL - 2022-06-20 02:24:06 --> Invalid file: admin/testimonial/add_testimonials.php
#0 /home/linuxmilcl/public_html/projects/etp/system/View/View.php(198): CodeIgniter\Exceptions\FrameworkException::forInvalidFile('admin/testimoni...')
#1 /home/linuxmilcl/public_html/projects/etp/system/Common.php(1089): CodeIgniter\View\View->render('admin/testimoni...', Array, true)
#2 /home/linuxmilcl/public_html/projects/etp/app/Controllers/Testimonials.php(10): view('admin/testimoni...')
#3 /home/linuxmilcl/public_html/projects/etp/system/CodeIgniter.php(825): App\Controllers\Testimonials->index()
#4 /home/linuxmilcl/public_html/projects/etp/system/CodeIgniter.php(412): CodeIgniter\CodeIgniter->runController(Object(App\Controllers\Testimonials))
#5 /home/linuxmilcl/public_html/projects/etp/system/CodeIgniter.php(320): CodeIgniter\CodeIgniter->handleRequest(NULL, Object(Config\Cache), false)
#6 /home/linuxmilcl/public_html/projects/etp/index.php(37): CodeIgniter\CodeIgniter->run()
#7 {main}
CRITICAL - 2022-06-20 02:24:25 --> Invalid file: admin/testimonial/add_testimonials.php
#0 /home/linuxmilcl/public_html/projects/etp/system/View/View.php(198): CodeIgniter\Exceptions\FrameworkException::forInvalidFile('admin/testimoni...')
#1 /home/linuxmilcl/public_html/projects/etp/system/Common.php(1089): CodeIgniter\View\View->render('admin/testimoni...', Array, true)
#2 /home/linuxmilcl/public_html/projects/etp/app/Controllers/Testimonials.php(10): view('admin/testimoni...')
#3 /home/linuxmilcl/public_html/projects/etp/system/CodeIgniter.php(825): App\Controllers\Testimonials->index()
#4 /home/linuxmilcl/public_html/projects/etp/system/CodeIgniter.php(412): CodeIgniter\CodeIgniter->runController(Object(App\Controllers\Testimonials))
#5 /home/linuxmilcl/public_html/projects/etp/system/CodeIgniter.php(320): CodeIgniter\CodeIgniter->handleRequest(NULL, Object(Config\Cache), false)
#6 /home/linuxmilcl/public_html/projects/etp/index.php(37): CodeIgniter\CodeIgniter->run()
#7 {main}
CRITICAL - 2022-06-20 02:34:38 --> Call to undefined method App\Controllers\Testimonials::orderBy()
#0 /home/linuxmilcl/public_html/projects/etp/system/CodeIgniter.php(825): App\Controllers\Testimonials->index()
#1 /home/linuxmilcl/public_html/projects/etp/system/CodeIgniter.php(412): CodeIgniter\CodeIgniter->runController(Object(App\Controllers\Testimonials))
#2 /home/linuxmilcl/public_html/projects/etp/system/CodeIgniter.php(320): CodeIgniter\CodeIgniter->handleRequest(NULL, Object(Config\Cache), false)
#3 /home/linuxmilcl/public_html/projects/etp/index.php(37): CodeIgniter\CodeIgniter->run()
#4 {main}
CRITICAL - 2022-06-20 02:43:51 --> Call to undefined method App\Controllers\Testimonials::orderBy()
#0 /home/linuxmilcl/public_html/projects/etp/system/CodeIgniter.php(825): App\Controllers\Testimonials->index()
#1 /home/linuxmilcl/public_html/projects/etp/system/CodeIgniter.php(412): CodeIgniter\CodeIgniter->runController(Object(App\Controllers\Testimonials))
#2 /home/linuxmilcl/public_html/projects/etp/system/CodeIgniter.php(320): CodeIgniter\CodeIgniter->handleRequest(NULL, Object(Config\Cache), false)
#3 /home/linuxmilcl/public_html/projects/etp/index.php(37): CodeIgniter\CodeIgniter->run()
#4 {main}
CRITICAL - 2022-06-20 02:44:49 --> Cannot declare class App\Controllers\Testimonials because the name is already in use
#0 [internal function]: CodeIgniter\Debug\Exceptions->shutdownHandler()
#1 {main}
CRITICAL - 2022-06-20 02:46:36 --> Invalid file: admin/testimonial_view.php
#0 /home/linuxmilcl/public_html/projects/etp/system/View/View.php(198): CodeIgniter\Exceptions\FrameworkException::forInvalidFile('admin/testimoni...')
#1 /home/linuxmilcl/public_html/projects/etp/system/Common.php(1089): CodeIgniter\View\View->render('admin/testimoni...', Array, true)
#2 /home/linuxmilcl/public_html/projects/etp/app/Controllers/Testimonials.php(12): view('admin/testimoni...', Array)
#3 /home/linuxmilcl/public_html/projects/etp/system/CodeIgniter.php(825): App\Controllers\Testimonials->index()
#4 /home/linuxmilcl/public_html/projects/etp/system/CodeIgniter.php(412): CodeIgniter\CodeIgniter->runController(Object(App\Controllers\Testimonials))
#5 /home/linuxmilcl/public_html/projects/etp/system/CodeIgniter.php(320): CodeIgniter\CodeIgniter->handleRequest(NULL, Object(Config\Cache), false)
#6 /home/linuxmilcl/public_html/projects/etp/index.php(37): CodeIgniter\CodeIgniter->run()
#7 {main}
CRITICAL - 2022-06-20 02:51:36 --> Undefined variable $conn
#0 /home/linuxmilcl/public_html/projects/etp/app/Views/admin/view_testimonials.php(51): CodeIgniter\Debug\Exceptions->errorHandler(2, 'Undefined varia...', '/home/linuxmilc...', 51)
#1 /home/linuxmilcl/public_html/projects/etp/system/View/View.php(210): include('/home/linuxmilc...')
#2 /home/linuxmilcl/public_html/projects/etp/system/View/View.php(213): CodeIgniter\View\View->CodeIgniter\View\{closure}()
#3 /home/linuxmilcl/public_html/projects/etp/system/Common.php(1089): CodeIgniter\View\View->render('admin/view_test...', Array, true)
#4 /home/linuxmilcl/public_html/projects/etp/app/Controllers/Testimonials.php(12): view('admin/view_test...', Array)
#5 /home/linuxmilcl/public_html/projects/etp/system/CodeIgniter.php(825): App\Controllers\Testimonials->index()
#6 /home/linuxmilcl/public_html/projects/etp/system/CodeIgniter.php(412): CodeIgniter\CodeIgniter->runController(Object(App\Controllers\Testimonials))
#7 /home/linuxmilcl/public_html/projects/etp/system/CodeIgniter.php(320): CodeIgniter\CodeIgniter->handleRequest(NULL, Object(Config\Cache), false)
#8 /home/linuxmilcl/public_html/projects/etp/index.php(37): CodeIgniter\CodeIgniter->run()
#9 {main}
CRITICAL - 2022-06-20 02:53:39 --> syntax error, unexpected token "endwhile", expecting end of file
#0 /home/linuxmilcl/public_html/projects/etp/system/View/View.php(213): CodeIgniter\View\View->CodeIgniter\View\{closure}()
#1 /home/linuxmilcl/public_html/projects/etp/system/Common.php(1089): CodeIgniter\View\View->render('admin/view_test...', Array, true)
#2 /home/linuxmilcl/public_html/projects/etp/app/Controllers/Testimonials.php(12): view('admin/view_test...', Array)
#3 /home/linuxmilcl/public_html/projects/etp/system/CodeIgniter.php(825): App\Controllers\Testimonials->index()
#4 /home/linuxmilcl/public_html/projects/etp/system/CodeIgniter.php(412): CodeIgniter\CodeIgniter->runController(Object(App\Controllers\Testimonials))
#5 /home/linuxmilcl/public_html/projects/etp/system/CodeIgniter.php(320): CodeIgniter\CodeIgniter->handleRequest(NULL, Object(Config\Cache), false)
#6 /home/linuxmilcl/public_html/projects/etp/index.php(37): CodeIgniter\CodeIgniter->run()
#7 {main}
CRITICAL - 2022-06-20 03:19:25 --> finfo_file(/tmp/phpQ9ljYP): Failed to open stream: No such file or directory
#0 [internal function]: CodeIgniter\Debug\Exceptions->errorHandler(2, 'finfo_file(/tmp...', '/home/linuxmilc...', 109)
#1 /home/linuxmilcl/public_html/projects/etp/system/Files/File.php(109): finfo_file(Resource id #119, '/tmp/phpQ9ljYP')
#2 /home/linuxmilcl/public_html/projects/etp/system/HTTP/Files/UploadedFile.php(302): CodeIgniter\Files\File->getMimeType()
#3 /home/linuxmilcl/public_html/projects/etp/system/HTTP/Files/UploadedFile.php(291): CodeIgniter\HTTP\Files\UploadedFile->guessExtension()
#4 /home/linuxmilcl/public_html/projects/etp/system/Files/File.php(121): CodeIgniter\HTTP\Files\UploadedFile->getExtension()
#5 /home/linuxmilcl/public_html/projects/etp/app/Controllers/Testimonials.php(55): CodeIgniter\Files\File->getRandomName()
#6 /home/linuxmilcl/public_html/projects/etp/system/CodeIgniter.php(825): App\Controllers\Testimonials->store()
#7 /home/linuxmilcl/public_html/projects/etp/system/CodeIgniter.php(412): CodeIgniter\CodeIgniter->runController(Object(App\Controllers\Testimonials))
#8 /home/linuxmilcl/public_html/projects/etp/system/CodeIgniter.php(320): CodeIgniter\CodeIgniter->handleRequest(NULL, Object(Config\Cache), false)
#9 /home/linuxmilcl/public_html/projects/etp/index.php(37): CodeIgniter\CodeIgniter->run()
#10 {main}
CRITICAL - 2022-06-20 03:52:40 --> Invalid file: edit_testimonial.php
#0 /home/linuxmilcl/public_html/projects/etp/system/View/View.php(198): CodeIgniter\Exceptions\FrameworkException::forInvalidFile('edit_testimonia...')
#1 /home/linuxmilcl/public_html/projects/etp/system/Common.php(1089): CodeIgniter\View\View->render('edit_testimonia...', Array, true)
#2 /home/linuxmilcl/public_html/projects/etp/app/Controllers/Testimonials.php(99): view('edit_testimonia...', Array)
#3 /home/linuxmilcl/public_html/projects/etp/system/CodeIgniter.php(825): App\Controllers\Testimonials->singleTestimonial('26')
#4 /home/linuxmilcl/public_html/projects/etp/system/CodeIgniter.php(412): CodeIgniter\CodeIgniter->runController(Object(App\Controllers\Testimonials))
#5 /home/linuxmilcl/public_html/projects/etp/system/CodeIgniter.php(320): CodeIgniter\CodeIgniter->handleRequest(NULL, Object(Config\Cache), false)
#6 /home/linuxmilcl/public_html/projects/etp/index.php(37): CodeIgniter\CodeIgniter->run()
#7 {main}
CRITICAL - 2022-06-20 03:53:44 --> Invalid file: edit_testimonials.php
#0 /home/linuxmilcl/public_html/projects/etp/system/View/View.php(198): CodeIgniter\Exceptions\FrameworkException::forInvalidFile('edit_testimonia...')
#1 /home/linuxmilcl/public_html/projects/etp/system/Common.php(1089): CodeIgniter\View\View->render('edit_testimonia...', Array, true)
#2 /home/linuxmilcl/public_html/projects/etp/app/Controllers/Testimonials.php(99): view('edit_testimonia...', Array)
#3 /home/linuxmilcl/public_html/projects/etp/system/CodeIgniter.php(825): App\Controllers\Testimonials->singleTestimonial('26')
#4 /home/linuxmilcl/public_html/projects/etp/system/CodeIgniter.php(412): CodeIgniter\CodeIgniter->runController(Object(App\Controllers\Testimonials))
#5 /home/linuxmilcl/public_html/projects/etp/system/CodeIgniter.php(320): CodeIgniter\CodeIgniter->handleRequest(NULL, Object(Config\Cache), false)
#6 /home/linuxmilcl/public_html/projects/etp/index.php(37): CodeIgniter\CodeIgniter->run()
#7 {main}
CRITICAL - 2022-06-20 03:55:24 --> Invalid file: edit_testimonials.php
#0 /home/linuxmilcl/public_html/projects/etp/system/View/View.php(198): CodeIgniter\Exceptions\FrameworkException::forInvalidFile('edit_testimonia...')
#1 /home/linuxmilcl/public_html/projects/etp/system/Common.php(1089): CodeIgniter\View\View->render('edit_testimonia...', Array, true)
#2 /home/linuxmilcl/public_html/projects/etp/app/Controllers/Testimonials.php(99): view('edit_testimonia...', Array)
#3 /home/linuxmilcl/public_html/projects/etp/system/CodeIgniter.php(825): App\Controllers\Testimonials->singleTestimonial('26')
#4 /home/linuxmilcl/public_html/projects/etp/system/CodeIgniter.php(412): CodeIgniter\CodeIgniter->runController(Object(App\Controllers\Testimonials))
#5 /home/linuxmilcl/public_html/projects/etp/system/CodeIgniter.php(320): CodeIgniter\CodeIgniter->handleRequest(NULL, Object(Config\Cache), false)
#6 /home/linuxmilcl/public_html/projects/etp/index.php(37): CodeIgniter\CodeIgniter->run()
#7 {main}
CRITICAL - 2022-06-20 04:45:54 --> Undefined variable $save
#0 /home/linuxmilcl/public_html/projects/etp/app/Controllers/Testimonials.php(187): CodeIgniter\Debug\Exceptions->errorHandler(2, 'Undefined varia...', '/home/linuxmilc...', 187)
#1 /home/linuxmilcl/public_html/projects/etp/system/CodeIgniter.php(825): App\Controllers\Testimonials->delete('1')
#2 /home/linuxmilcl/public_html/projects/etp/system/CodeIgniter.php(412): CodeIgniter\CodeIgniter->runController(Object(App\Controllers\Testimonials))
#3 /home/linuxmilcl/public_html/projects/etp/system/CodeIgniter.php(320): CodeIgniter\CodeIgniter->handleRequest(NULL, Object(Config\Cache), false)
#4 /home/linuxmilcl/public_html/projects/etp/index.php(37): CodeIgniter\CodeIgniter->run()
#5 {main}
CRITICAL - 2022-06-20 08:04:46 --> bootstrap4_pagination is not a valid Pager template.
#0 /home/linuxmilcl/public_html/projects/etp/system/Pager/Pager.php(120): CodeIgniter\Pager\Exceptions\PagerException::forInvalidTemplate('bootstrap4_pagi...')
#1 /home/linuxmilcl/public_html/projects/etp/system/Pager/Pager.php(83): CodeIgniter\Pager\Pager->displayLinks('bootstrap', 'bootstrap4_pagi...')
#2 /home/linuxmilcl/public_html/projects/etp/app/Views/admin/view_testimonials.php(88): CodeIgniter\Pager\Pager->links('bootstrap', 'bootstrap4_pagi...')
#3 /home/linuxmilcl/public_html/projects/etp/system/View/View.php(210): include('/home/linuxmilc...')
#4 /home/linuxmilcl/public_html/projects/etp/system/View/View.php(213): CodeIgniter\View\View->CodeIgniter\View\{closure}()
#5 /home/linuxmilcl/public_html/projects/etp/system/Common.php(1089): CodeIgniter\View\View->render('admin/view_test...', Array, true)
#6 /home/linuxmilcl/public_html/projects/etp/app/Controllers/Testimonials.php(16): view('admin/view_test...', Array)
#7 /home/linuxmilcl/public_html/projects/etp/system/CodeIgniter.php(825): App\Controllers\Testimonials->index()
#8 /home/linuxmilcl/public_html/projects/etp/system/CodeIgniter.php(412): CodeIgniter\CodeIgniter->runController(Object(App\Controllers\Testimonials))
#9 /home/linuxmilcl/public_html/projects/etp/system/CodeIgniter.php(320): CodeIgniter\CodeIgniter->handleRequest(NULL, Object(Config\Cache), false)
#10 /home/linuxmilcl/public_html/projects/etp/index.php(37): CodeIgniter\CodeIgniter->run()
#11 {main}
CRITICAL - 2022-06-20 08:04:51 --> bootstrap4_pagination is not a valid Pager template.
#0 /home/linuxmilcl/public_html/projects/etp/system/Pager/Pager.php(120): CodeIgniter\Pager\Exceptions\PagerException::forInvalidTemplate('bootstrap4_pagi...')
#1 /home/linuxmilcl/public_html/projects/etp/system/Pager/Pager.php(83): CodeIgniter\Pager\Pager->displayLinks('bootstrap', 'bootstrap4_pagi...')
#2 /home/linuxmilcl/public_html/projects/etp/app/Views/admin/view_testimonials.php(88): CodeIgniter\Pager\Pager->links('bootstrap', 'bootstrap4_pagi...')
#3 /home/linuxmilcl/public_html/projects/etp/system/View/View.php(210): include('/home/linuxmilc...')
#4 /home/linuxmilcl/public_html/projects/etp/system/View/View.php(213): CodeIgniter\View\View->CodeIgniter\View\{closure}()
#5 /home/linuxmilcl/public_html/projects/etp/system/Common.php(1089): CodeIgniter\View\View->render('admin/view_test...', Array, true)
#6 /home/linuxmilcl/public_html/projects/etp/app/Controllers/Testimonials.php(16): view('admin/view_test...', Array)
#7 /home/linuxmilcl/public_html/projects/etp/system/CodeIgniter.php(825): App\Controllers\Testimonials->index()
#8 /home/linuxmilcl/public_html/projects/etp/system/CodeIgniter.php(412): CodeIgniter\CodeIgniter->runController(Object(App\Controllers\Testimonials))
#9 /home/linuxmilcl/public_html/projects/etp/system/CodeIgniter.php(320): CodeIgniter\CodeIgniter->handleRequest(NULL, Object(Config\Cache), false)
#10 /home/linuxmilcl/public_html/projects/etp/index.php(37): CodeIgniter\CodeIgniter->run()
#11 {main}
CRITICAL - 2022-06-20 08:04:56 --> bootstrap4_pagination is not a valid Pager template.
#0 /home/linuxmilcl/public_html/projects/etp/system/Pager/Pager.php(120): CodeIgniter\Pager\Exceptions\PagerException::forInvalidTemplate('bootstrap4_pagi...')
#1 /home/linuxmilcl/public_html/projects/etp/system/Pager/Pager.php(83): CodeIgniter\Pager\Pager->displayLinks('bootstrap', 'bootstrap4_pagi...')
#2 /home/linuxmilcl/public_html/projects/etp/app/Views/admin/view_testimonials.php(88): CodeIgniter\Pager\Pager->links('bootstrap', 'bootstrap4_pagi...')
#3 /home/linuxmilcl/public_html/projects/etp/system/View/View.php(210): include('/home/linuxmilc...')
#4 /home/linuxmilcl/public_html/projects/etp/system/View/View.php(213): CodeIgniter\View\View->CodeIgniter\View\{closure}()
#5 /home/linuxmilcl/public_html/projects/etp/system/Common.php(1089): CodeIgniter\View\View->render('admin/view_test...', Array, true)
#6 /home/linuxmilcl/public_html/projects/etp/app/Controllers/Testimonials.php(16): view('admin/view_test...', Array)
#7 /home/linuxmilcl/public_html/projects/etp/system/CodeIgniter.php(825): App\Controllers\Testimonials->index()
#8 /home/linuxmilcl/public_html/projects/etp/system/CodeIgniter.php(412): CodeIgniter\CodeIgniter->runController(Object(App\Controllers\Testimonials))
#9 /home/linuxmilcl/public_html/projects/etp/system/CodeIgniter.php(320): CodeIgniter\CodeIgniter->handleRequest(NULL, Object(Config\Cache), false)
#10 /home/linuxmilcl/public_html/projects/etp/index.php(37): CodeIgniter\CodeIgniter->run()
#11 {main}
