CRITICAL - 2022-10-14 11:44:13 --> Invalid file: admin/dashboard.php
#0 /home/linuxmilcl/public_html/projects/pratap/system/View/View.php(198): CodeIgniter\Exceptions\FrameworkException::forInvalidFile('admin/dashboard...')
#1 /home/linuxmilcl/public_html/projects/pratap/system/Common.php(1089): CodeIgniter\View\View->render('admin/dashboard', Array, true)
#2 /home/linuxmilcl/public_html/projects/pratap/app/Controllers/DashboardController.php(38): view('admin/dashboard')
#3 /home/linuxmilcl/public_html/projects/pratap/system/CodeIgniter.php(825): App\Controllers\DashboardController->index()
#4 /home/linuxmilcl/public_html/projects/pratap/system/CodeIgniter.php(412): CodeIgniter\CodeIgniter->runController(Object(App\Controllers\DashboardController))
#5 /home/linuxmilcl/public_html/projects/pratap/system/CodeIgniter.php(320): CodeIgniter\CodeIgniter->handleRequest(NULL, Object(Config\Cache), false)
#6 /home/linuxmilcl/public_html/projects/pratap/index.php(38): CodeIgniter\CodeIgniter->run()
#7 {main}
CRITICAL - 2022-10-14 12:21:10 --> Invalid file: admin/dashboard.php
#0 /home/linuxmilcl/public_html/projects/pratap/system/View/View.php(198): CodeIgniter\Exceptions\FrameworkException::forInvalidFile('admin/dashboard...')
#1 /home/linuxmilcl/public_html/projects/pratap/system/Common.php(1089): CodeIgniter\View\View->render('admin/dashboard', Array, true)
#2 /home/linuxmilcl/public_html/projects/pratap/app/Controllers/DashboardController.php(38): view('admin/dashboard')
#3 /home/linuxmilcl/public_html/projects/pratap/system/CodeIgniter.php(825): App\Controllers\DashboardController->index()
#4 /home/linuxmilcl/public_html/projects/pratap/system/CodeIgniter.php(412): CodeIgniter\CodeIgniter->runController(Object(App\Controllers\DashboardController))
#5 /home/linuxmilcl/public_html/projects/pratap/system/CodeIgniter.php(320): CodeIgniter\CodeIgniter->handleRequest(NULL, Object(Config\Cache), false)
#6 /home/linuxmilcl/public_html/projects/pratap/index.php(38): CodeIgniter\CodeIgniter->run()
#7 {main}
CRITICAL - 2022-10-14 13:02:51 --> Undefined property: App\Controllers\AdminUserlist::$input
#0 /home/linuxmilcl/public_html/projects/pratap/app/Controllers/AdminUserlist.php(105): CodeIgniter\Debug\Exceptions->errorHandler(2, 'Undefined prope...', '/home/linuxmilc...', 105)
#1 /home/linuxmilcl/public_html/projects/pratap/system/CodeIgniter.php(825): App\Controllers\AdminUserlist->store()
#2 /home/linuxmilcl/public_html/projects/pratap/system/CodeIgniter.php(412): CodeIgniter\CodeIgniter->runController(Object(App\Controllers\AdminUserlist))
#3 /home/linuxmilcl/public_html/projects/pratap/system/CodeIgniter.php(320): CodeIgniter\CodeIgniter->handleRequest(NULL, Object(Config\Cache), false)
#4 /home/linuxmilcl/public_html/projects/pratap/index.php(38): CodeIgniter\CodeIgniter->run()
#5 {main}
ERROR - 2022-10-14 13:03:42 --> Operand should contain 1 column(s)
CRITICAL - 2022-10-14 13:30:13 --> Undefined variable $id
#0 /home/linuxmilcl/public_html/projects/pratap/app/Controllers/UserDashboardController.php(798): CodeIgniter\Debug\Exceptions->errorHandler(2, 'Undefined varia...', '/home/linuxmilc...', 798)
#1 /home/linuxmilcl/public_html/projects/pratap/system/CodeIgniter.php(825): App\Controllers\UserDashboardController->tender_assign('1')
#2 /home/linuxmilcl/public_html/projects/pratap/system/CodeIgniter.php(412): CodeIgniter\CodeIgniter->runController(Object(App\Controllers\UserDashboardController))
#3 /home/linuxmilcl/public_html/projects/pratap/system/CodeIgniter.php(320): CodeIgniter\CodeIgniter->handleRequest(NULL, Object(Config\Cache), false)
#4 /home/linuxmilcl/public_html/projects/pratap/index.php(38): CodeIgniter\CodeIgniter->run()
#5 {main}
CRITICAL - 2022-10-14 13:31:34 --> Undefined variable $id
#0 /home/linuxmilcl/public_html/projects/pratap/app/Controllers/UserDashboardController.php(798): CodeIgniter\Debug\Exceptions->errorHandler(2, 'Undefined varia...', '/home/linuxmilc...', 798)
#1 /home/linuxmilcl/public_html/projects/pratap/system/CodeIgniter.php(825): App\Controllers\UserDashboardController->tender_assign('1')
#2 /home/linuxmilcl/public_html/projects/pratap/system/CodeIgniter.php(412): CodeIgniter\CodeIgniter->runController(Object(App\Controllers\UserDashboardController))
#3 /home/linuxmilcl/public_html/projects/pratap/system/CodeIgniter.php(320): CodeIgniter\CodeIgniter->handleRequest(NULL, Object(Config\Cache), false)
#4 /home/linuxmilcl/public_html/projects/pratap/index.php(38): CodeIgniter\CodeIgniter->run()
#5 {main}
ERROR - 2022-10-14 13:34:17 --> Column 'user_type' cannot be null
ERROR - 2022-10-14 13:39:33 --> Column 'user_type' cannot be null
ERROR - 2022-10-14 13:43:14 --> Column 'user_type' cannot be null
ERROR - 2022-10-14 14:33:39 --> Column 'user_type' cannot be null
ERROR - 2022-10-14 14:43:17 --> Column 'user_type' cannot be null
ERROR - 2022-10-14 14:44:16 --> Column 'user_type' cannot be null
ERROR - 2022-10-14 15:08:06 --> Column 'tender_id' cannot be null
ERROR - 2022-10-14 15:09:15 --> Column 'tender_id' cannot be null
CRITICAL - 2022-10-14 15:22:32 --> Trying to access array offset on value of type null
#0 /home/linuxmilcl/public_html/projects/pratap/app/Views/frontend/dashboard/price_show.php(30): CodeIgniter\Debug\Exceptions->errorHandler(2, 'Trying to acces...', '/home/linuxmilc...', 30)
#1 /home/linuxmilcl/public_html/projects/pratap/system/View/View.php(210): include('/home/linuxmilc...')
#2 /home/linuxmilcl/public_html/projects/pratap/system/View/View.php(213): CodeIgniter\View\View->CodeIgniter\View\{closure}()
#3 /home/linuxmilcl/public_html/projects/pratap/system/Common.php(1089): CodeIgniter\View\View->render('frontend/dashbo...', Array, true)
#4 /home/linuxmilcl/public_html/projects/pratap/app/Controllers/UserDashboardController.php(996): view('frontend/dashbo...', Array)
#5 /home/linuxmilcl/public_html/projects/pratap/system/CodeIgniter.php(825): App\Controllers\UserDashboardController->tender_price_show('3')
#6 /home/linuxmilcl/public_html/projects/pratap/system/CodeIgniter.php(412): CodeIgniter\CodeIgniter->runController(Object(App\Controllers\UserDashboardController))
#7 /home/linuxmilcl/public_html/projects/pratap/system/CodeIgniter.php(320): CodeIgniter\CodeIgniter->handleRequest(NULL, Object(Config\Cache), false)
#8 /home/linuxmilcl/public_html/projects/pratap/index.php(38): CodeIgniter\CodeIgniter->run()
#9 {main}
CRITICAL - 2022-10-14 15:24:19 --> Trying to access array offset on value of type null
#0 /home/linuxmilcl/public_html/projects/pratap/app/Views/frontend/dashboard/price_show.php(10): CodeIgniter\Debug\Exceptions->errorHandler(2, 'Trying to acces...', '/home/linuxmilc...', 10)
#1 /home/linuxmilcl/public_html/projects/pratap/system/View/View.php(210): include('/home/linuxmilc...')
#2 /home/linuxmilcl/public_html/projects/pratap/system/View/View.php(213): CodeIgniter\View\View->CodeIgniter\View\{closure}()
#3 /home/linuxmilcl/public_html/projects/pratap/system/Common.php(1089): CodeIgniter\View\View->render('frontend/dashbo...', Array, true)
#4 /home/linuxmilcl/public_html/projects/pratap/app/Controllers/UserDashboardController.php(996): view('frontend/dashbo...', Array)
#5 /home/linuxmilcl/public_html/projects/pratap/system/CodeIgniter.php(825): App\Controllers\UserDashboardController->tender_price_show('3')
#6 /home/linuxmilcl/public_html/projects/pratap/system/CodeIgniter.php(412): CodeIgniter\CodeIgniter->runController(Object(App\Controllers\UserDashboardController))
#7 /home/linuxmilcl/public_html/projects/pratap/system/CodeIgniter.php(320): CodeIgniter\CodeIgniter->handleRequest(NULL, Object(Config\Cache), false)
#8 /home/linuxmilcl/public_html/projects/pratap/index.php(38): CodeIgniter\CodeIgniter->run()
#9 {main}
CRITICAL - 2022-10-14 15:26:29 --> syntax error, unexpected token "<"
#0 /home/linuxmilcl/public_html/projects/pratap/system/View/View.php(213): CodeIgniter\View\View->CodeIgniter\View\{closure}()
#1 /home/linuxmilcl/public_html/projects/pratap/system/Common.php(1089): CodeIgniter\View\View->render('frontend/dashbo...', Array, true)
#2 /home/linuxmilcl/public_html/projects/pratap/app/Controllers/UserDashboardController.php(996): view('frontend/dashbo...', Array)
#3 /home/linuxmilcl/public_html/projects/pratap/system/CodeIgniter.php(825): App\Controllers\UserDashboardController->tender_price_show('3')
#4 /home/linuxmilcl/public_html/projects/pratap/system/CodeIgniter.php(412): CodeIgniter\CodeIgniter->runController(Object(App\Controllers\UserDashboardController))
#5 /home/linuxmilcl/public_html/projects/pratap/system/CodeIgniter.php(320): CodeIgniter\CodeIgniter->handleRequest(NULL, Object(Config\Cache), false)
#6 /home/linuxmilcl/public_html/projects/pratap/index.php(38): CodeIgniter\CodeIgniter->run()
#7 {main}
CRITICAL - 2022-10-14 15:27:30 --> Cannot access offset of type string on string
#0 /home/linuxmilcl/public_html/projects/pratap/system/View/View.php(210): include()
#1 /home/linuxmilcl/public_html/projects/pratap/system/View/View.php(213): CodeIgniter\View\View->CodeIgniter\View\{closure}()
#2 /home/linuxmilcl/public_html/projects/pratap/system/Common.php(1089): CodeIgniter\View\View->render('frontend/dashbo...', Array, true)
#3 /home/linuxmilcl/public_html/projects/pratap/app/Controllers/UserDashboardController.php(996): view('frontend/dashbo...', Array)
#4 /home/linuxmilcl/public_html/projects/pratap/system/CodeIgniter.php(825): App\Controllers\UserDashboardController->tender_price_show('1')
#5 /home/linuxmilcl/public_html/projects/pratap/system/CodeIgniter.php(412): CodeIgniter\CodeIgniter->runController(Object(App\Controllers\UserDashboardController))
#6 /home/linuxmilcl/public_html/projects/pratap/system/CodeIgniter.php(320): CodeIgniter\CodeIgniter->handleRequest(NULL, Object(Config\Cache), false)
#7 /home/linuxmilcl/public_html/projects/pratap/index.php(38): CodeIgniter\CodeIgniter->run()
#8 {main}
CRITICAL - 2022-10-14 15:29:28 --> Cannot access offset of type string on string
#0 /home/linuxmilcl/public_html/projects/pratap/system/View/View.php(210): include()
#1 /home/linuxmilcl/public_html/projects/pratap/system/View/View.php(213): CodeIgniter\View\View->CodeIgniter\View\{closure}()
#2 /home/linuxmilcl/public_html/projects/pratap/system/Common.php(1089): CodeIgniter\View\View->render('frontend/dashbo...', Array, true)
#3 /home/linuxmilcl/public_html/projects/pratap/app/Controllers/UserDashboardController.php(996): view('frontend/dashbo...', Array)
#4 /home/linuxmilcl/public_html/projects/pratap/system/CodeIgniter.php(825): App\Controllers\UserDashboardController->tender_price_show('1')
#5 /home/linuxmilcl/public_html/projects/pratap/system/CodeIgniter.php(412): CodeIgniter\CodeIgniter->runController(Object(App\Controllers\UserDashboardController))
#6 /home/linuxmilcl/public_html/projects/pratap/system/CodeIgniter.php(320): CodeIgniter\CodeIgniter->handleRequest(NULL, Object(Config\Cache), false)
#7 /home/linuxmilcl/public_html/projects/pratap/index.php(38): CodeIgniter\CodeIgniter->run()
#8 {main}
CRITICAL - 2022-10-14 15:30:46 --> Cannot access offset of type string on string
#0 /home/linuxmilcl/public_html/projects/pratap/system/View/View.php(210): include()
#1 /home/linuxmilcl/public_html/projects/pratap/system/View/View.php(213): CodeIgniter\View\View->CodeIgniter\View\{closure}()
#2 /home/linuxmilcl/public_html/projects/pratap/system/Common.php(1089): CodeIgniter\View\View->render('frontend/dashbo...', Array, true)
#3 /home/linuxmilcl/public_html/projects/pratap/app/Controllers/UserDashboardController.php(997): view('frontend/dashbo...', Array)
#4 /home/linuxmilcl/public_html/projects/pratap/system/CodeIgniter.php(825): App\Controllers\UserDashboardController->tender_price_show('1')
#5 /home/linuxmilcl/public_html/projects/pratap/system/CodeIgniter.php(412): CodeIgniter\CodeIgniter->runController(Object(App\Controllers\UserDashboardController))
#6 /home/linuxmilcl/public_html/projects/pratap/system/CodeIgniter.php(320): CodeIgniter\CodeIgniter->handleRequest(NULL, Object(Config\Cache), false)
#7 /home/linuxmilcl/public_html/projects/pratap/index.php(38): CodeIgniter\CodeIgniter->run()
#8 {main}
CRITICAL - 2022-10-14 15:31:15 --> Cannot access offset of type string on string
#0 /home/linuxmilcl/public_html/projects/pratap/system/View/View.php(210): include()
#1 /home/linuxmilcl/public_html/projects/pratap/system/View/View.php(213): CodeIgniter\View\View->CodeIgniter\View\{closure}()
#2 /home/linuxmilcl/public_html/projects/pratap/system/Common.php(1089): CodeIgniter\View\View->render('frontend/dashbo...', Array, true)
#3 /home/linuxmilcl/public_html/projects/pratap/app/Controllers/UserDashboardController.php(997): view('frontend/dashbo...', Array)
#4 /home/linuxmilcl/public_html/projects/pratap/system/CodeIgniter.php(825): App\Controllers\UserDashboardController->tender_price_show('1')
#5 /home/linuxmilcl/public_html/projects/pratap/system/CodeIgniter.php(412): CodeIgniter\CodeIgniter->runController(Object(App\Controllers\UserDashboardController))
#6 /home/linuxmilcl/public_html/projects/pratap/system/CodeIgniter.php(320): CodeIgniter\CodeIgniter->handleRequest(NULL, Object(Config\Cache), false)
#7 /home/linuxmilcl/public_html/projects/pratap/index.php(38): CodeIgniter\CodeIgniter->run()
#8 {main}
CRITICAL - 2022-10-14 15:36:08 --> syntax error, unexpected token "endforeach", expecting end of file
#0 /home/linuxmilcl/public_html/projects/pratap/system/View/View.php(213): CodeIgniter\View\View->CodeIgniter\View\{closure}()
#1 /home/linuxmilcl/public_html/projects/pratap/system/Common.php(1089): CodeIgniter\View\View->render('frontend/dashbo...', Array, true)
#2 /home/linuxmilcl/public_html/projects/pratap/app/Controllers/UserDashboardController.php(997): view('frontend/dashbo...', Array)
#3 /home/linuxmilcl/public_html/projects/pratap/system/CodeIgniter.php(825): App\Controllers\UserDashboardController->tender_price_show('1')
#4 /home/linuxmilcl/public_html/projects/pratap/system/CodeIgniter.php(412): CodeIgniter\CodeIgniter->runController(Object(App\Controllers\UserDashboardController))
#5 /home/linuxmilcl/public_html/projects/pratap/system/CodeIgniter.php(320): CodeIgniter\CodeIgniter->handleRequest(NULL, Object(Config\Cache), false)
#6 /home/linuxmilcl/public_html/projects/pratap/index.php(38): CodeIgniter\CodeIgniter->run()
#7 {main}
ERROR - 2022-10-14 15:44:22 --> Operand should contain 1 column(s)
CRITICAL - 2022-10-14 17:13:08 --> foreach() argument must be of type array|object, null given
#0 /home/linuxmilcl/public_html/projects/pratap/app/Controllers/UserDashboardController.php(441): CodeIgniter\Debug\Exceptions->errorHandler(2, 'foreach() argum...', '/home/linuxmilc...', 441)
#1 /home/linuxmilcl/public_html/projects/pratap/system/CodeIgniter.php(825): App\Controllers\UserDashboardController->tender_update()
#2 /home/linuxmilcl/public_html/projects/pratap/system/CodeIgniter.php(412): CodeIgniter\CodeIgniter->runController(Object(App\Controllers\UserDashboardController))
#3 /home/linuxmilcl/public_html/projects/pratap/system/CodeIgniter.php(320): CodeIgniter\CodeIgniter->handleRequest(NULL, Object(Config\Cache), false)
#4 /home/linuxmilcl/public_html/projects/pratap/index.php(38): CodeIgniter\CodeIgniter->run()
#5 {main}
CRITICAL - 2022-10-14 17:15:38 --> Cannot access offset of type string on string
#0 /home/linuxmilcl/public_html/projects/pratap/system/View/View.php(210): include()
#1 /home/linuxmilcl/public_html/projects/pratap/system/View/View.php(213): CodeIgniter\View\View->CodeIgniter\View\{closure}()
#2 /home/linuxmilcl/public_html/projects/pratap/system/Common.php(1089): CodeIgniter\View\View->render('frontend/dashbo...', Array, true)
#3 /home/linuxmilcl/public_html/projects/pratap/app/Controllers/UserDashboardController.php(978): view('frontend/dashbo...', Array)
#4 /home/linuxmilcl/public_html/projects/pratap/system/CodeIgniter.php(825): App\Controllers\UserDashboardController->tender_price_show('1')
#5 /home/linuxmilcl/public_html/projects/pratap/system/CodeIgniter.php(412): CodeIgniter\CodeIgniter->runController(Object(App\Controllers\UserDashboardController))
#6 /home/linuxmilcl/public_html/projects/pratap/system/CodeIgniter.php(320): CodeIgniter\CodeIgniter->handleRequest(NULL, Object(Config\Cache), false)
#7 /home/linuxmilcl/public_html/projects/pratap/index.php(38): CodeIgniter\CodeIgniter->run()
#8 {main}
CRITICAL - 2022-10-14 17:18:00 --> Cannot access offset of type string on string
#0 /home/linuxmilcl/public_html/projects/pratap/system/View/View.php(210): include()
#1 /home/linuxmilcl/public_html/projects/pratap/system/View/View.php(213): CodeIgniter\View\View->CodeIgniter\View\{closure}()
#2 /home/linuxmilcl/public_html/projects/pratap/system/Common.php(1089): CodeIgniter\View\View->render('frontend/dashbo...', Array, true)
#3 /home/linuxmilcl/public_html/projects/pratap/app/Controllers/UserDashboardController.php(978): view('frontend/dashbo...', Array)
#4 /home/linuxmilcl/public_html/projects/pratap/system/CodeIgniter.php(825): App\Controllers\UserDashboardController->tender_price_show('1')
#5 /home/linuxmilcl/public_html/projects/pratap/system/CodeIgniter.php(412): CodeIgniter\CodeIgniter->runController(Object(App\Controllers\UserDashboardController))
#6 /home/linuxmilcl/public_html/projects/pratap/system/CodeIgniter.php(320): CodeIgniter\CodeIgniter->handleRequest(NULL, Object(Config\Cache), false)
#7 /home/linuxmilcl/public_html/projects/pratap/index.php(38): CodeIgniter\CodeIgniter->run()
#8 {main}
CRITICAL - 2022-10-14 17:21:11 --> Cannot redeclare App\Controllers\UserDashboardController::tender_view_show()
#0 [internal function]: CodeIgniter\Debug\Exceptions->shutdownHandler()
#1 {main}
CRITICAL - 2022-10-14 17:22:42 --> Trying to access array offset on value of type null
#0 /home/linuxmilcl/public_html/projects/pratap/app/Views/frontend/dashboard/price_show.php(71): CodeIgniter\Debug\Exceptions->errorHandler(2, 'Trying to acces...', '/home/linuxmilc...', 71)
#1 /home/linuxmilcl/public_html/projects/pratap/system/View/View.php(210): include('/home/linuxmilc...')
#2 /home/linuxmilcl/public_html/projects/pratap/system/View/View.php(213): CodeIgniter\View\View->CodeIgniter\View\{closure}()
#3 /home/linuxmilcl/public_html/projects/pratap/system/Common.php(1089): CodeIgniter\View\View->render('frontend/dashbo...', Array, true)
#4 /home/linuxmilcl/public_html/projects/pratap/app/Controllers/UserDashboardController.php(980): view('frontend/dashbo...', Array)
#5 /home/linuxmilcl/public_html/projects/pratap/system/CodeIgniter.php(825): App\Controllers\UserDashboardController->tender_price_show('16')
#6 /home/linuxmilcl/public_html/projects/pratap/system/CodeIgniter.php(412): CodeIgniter\CodeIgniter->runController(Object(App\Controllers\UserDashboardController))
#7 /home/linuxmilcl/public_html/projects/pratap/system/CodeIgniter.php(320): CodeIgniter\CodeIgniter->handleRequest(NULL, Object(Config\Cache), false)
#8 /home/linuxmilcl/public_html/projects/pratap/index.php(38): CodeIgniter\CodeIgniter->run()
#9 {main}
