CRITICAL - 2022-10-28 13:48:48 --> Invalid file: admin/dashboard.php
#0 /home/linuxmilcl/public_html/projects/pratap/system/View/View.php(198): CodeIgniter\Exceptions\FrameworkException::forInvalidFile('admin/dashboard...')
#1 /home/linuxmilcl/public_html/projects/pratap/system/Common.php(1089): CodeIgniter\View\View->render('admin/dashboard', Array, true)
#2 /home/linuxmilcl/public_html/projects/pratap/app/Controllers/DashboardController.php(38): view('admin/dashboard')
#3 /home/linuxmilcl/public_html/projects/pratap/system/CodeIgniter.php(825): App\Controllers\DashboardController->index()
#4 /home/linuxmilcl/public_html/projects/pratap/system/CodeIgniter.php(412): CodeIgniter\CodeIgniter->runController(Object(App\Controllers\DashboardController))
#5 /home/linuxmilcl/public_html/projects/pratap/system/CodeIgniter.php(320): CodeIgniter\CodeIgniter->handleRequest(NULL, Object(Config\Cache), false)
#6 /home/linuxmilcl/public_html/projects/pratap/index.php(38): CodeIgniter\CodeIgniter->run()
#7 {main}
CRITICAL - 2022-10-28 14:04:02 --> Undefined variable $pd_users_data
#0 /home/linuxmilcl/public_html/projects/pratap/app/Views/admin_user/pd_users/view_user.php(127): CodeIgniter\Debug\Exceptions->errorHandler(2, 'Undefined varia...', '/home/linuxmilc...', 127)
#1 /home/linuxmilcl/public_html/projects/pratap/system/View/View.php(210): include('/home/linuxmilc...')
#2 /home/linuxmilcl/public_html/projects/pratap/system/View/View.php(213): CodeIgniter\View\View->CodeIgniter\View\{closure}()
#3 /home/linuxmilcl/public_html/projects/pratap/system/Common.php(1089): CodeIgniter\View\View->render('admin_user/pd_u...', Array, true)
#4 /home/linuxmilcl/public_html/projects/pratap/app/Controllers/DashboardController.php(38): view('admin_user/pd_u...')
#5 /home/linuxmilcl/public_html/projects/pratap/system/CodeIgniter.php(825): App\Controllers\DashboardController->index()
#6 /home/linuxmilcl/public_html/projects/pratap/system/CodeIgniter.php(412): CodeIgniter\CodeIgniter->runController(Object(App\Controllers\DashboardController))
#7 /home/linuxmilcl/public_html/projects/pratap/system/CodeIgniter.php(320): CodeIgniter\CodeIgniter->handleRequest(NULL, Object(Config\Cache), false)
#8 /home/linuxmilcl/public_html/projects/pratap/index.php(38): CodeIgniter\CodeIgniter->run()
#9 {main}
CRITICAL - 2022-10-28 14:07:53 --> Undefined variable $pd_users_data
#0 /home/linuxmilcl/public_html/projects/pratap/app/Views/admin_user/pd_users/view_user.php(127): CodeIgniter\Debug\Exceptions->errorHandler(2, 'Undefined varia...', '/home/linuxmilc...', 127)
#1 /home/linuxmilcl/public_html/projects/pratap/system/View/View.php(210): include('/home/linuxmilc...')
#2 /home/linuxmilcl/public_html/projects/pratap/system/View/View.php(213): CodeIgniter\View\View->CodeIgniter\View\{closure}()
#3 /home/linuxmilcl/public_html/projects/pratap/system/Common.php(1089): CodeIgniter\View\View->render('admin_user/pd_u...', Array, true)
#4 /home/linuxmilcl/public_html/projects/pratap/app/Controllers/DashboardController.php(38): view('admin_user/pd_u...')
#5 /home/linuxmilcl/public_html/projects/pratap/system/CodeIgniter.php(825): App\Controllers\DashboardController->index()
#6 /home/linuxmilcl/public_html/projects/pratap/system/CodeIgniter.php(412): CodeIgniter\CodeIgniter->runController(Object(App\Controllers\DashboardController))
#7 /home/linuxmilcl/public_html/projects/pratap/system/CodeIgniter.php(320): CodeIgniter\CodeIgniter->handleRequest(NULL, Object(Config\Cache), false)
#8 /home/linuxmilcl/public_html/projects/pratap/index.php(38): CodeIgniter\CodeIgniter->run()
#9 {main}
CRITICAL - 2022-10-28 14:07:54 --> Undefined variable $pd_users_data
#0 /home/linuxmilcl/public_html/projects/pratap/app/Views/admin_user/pd_users/view_user.php(127): CodeIgniter\Debug\Exceptions->errorHandler(2, 'Undefined varia...', '/home/linuxmilc...', 127)
#1 /home/linuxmilcl/public_html/projects/pratap/system/View/View.php(210): include('/home/linuxmilc...')
#2 /home/linuxmilcl/public_html/projects/pratap/system/View/View.php(213): CodeIgniter\View\View->CodeIgniter\View\{closure}()
#3 /home/linuxmilcl/public_html/projects/pratap/system/Common.php(1089): CodeIgniter\View\View->render('admin_user/pd_u...', Array, true)
#4 /home/linuxmilcl/public_html/projects/pratap/app/Controllers/DashboardController.php(38): view('admin_user/pd_u...')
#5 /home/linuxmilcl/public_html/projects/pratap/system/CodeIgniter.php(825): App\Controllers\DashboardController->index()
#6 /home/linuxmilcl/public_html/projects/pratap/system/CodeIgniter.php(412): CodeIgniter\CodeIgniter->runController(Object(App\Controllers\DashboardController))
#7 /home/linuxmilcl/public_html/projects/pratap/system/CodeIgniter.php(320): CodeIgniter\CodeIgniter->handleRequest(NULL, Object(Config\Cache), false)
#8 /home/linuxmilcl/public_html/projects/pratap/index.php(38): CodeIgniter\CodeIgniter->run()
#9 {main}
CRITICAL - 2022-10-28 14:10:52 --> Undefined array key "password"
#0 /home/linuxmilcl/public_html/projects/pratap/app/Controllers/SigninController.php(73): CodeIgniter\Debug\Exceptions->errorHandler(2, 'Undefined array...', '/home/linuxmilc...', 73)
#1 /home/linuxmilcl/public_html/projects/pratap/system/CodeIgniter.php(825): App\Controllers\SigninController->loginAuth()
#2 /home/linuxmilcl/public_html/projects/pratap/system/CodeIgniter.php(412): CodeIgniter\CodeIgniter->runController(Object(App\Controllers\SigninController))
#3 /home/linuxmilcl/public_html/projects/pratap/system/CodeIgniter.php(320): CodeIgniter\CodeIgniter->handleRequest(NULL, Object(Config\Cache), false)
#4 /home/linuxmilcl/public_html/projects/pratap/index.php(38): CodeIgniter\CodeIgniter->run()
#5 {main}
CRITICAL - 2022-10-28 14:11:50 --> Undefined variable $pd_users_data
#0 /home/linuxmilcl/public_html/projects/pratap/app/Views/admin_user/pd_users/view_user.php(127): CodeIgniter\Debug\Exceptions->errorHandler(2, 'Undefined varia...', '/home/linuxmilc...', 127)
#1 /home/linuxmilcl/public_html/projects/pratap/system/View/View.php(210): include('/home/linuxmilc...')
#2 /home/linuxmilcl/public_html/projects/pratap/system/View/View.php(213): CodeIgniter\View\View->CodeIgniter\View\{closure}()
#3 /home/linuxmilcl/public_html/projects/pratap/system/Common.php(1089): CodeIgniter\View\View->render('admin_user/pd_u...', Array, true)
#4 /home/linuxmilcl/public_html/projects/pratap/app/Controllers/DashboardController.php(38): view('admin_user/pd_u...')
#5 /home/linuxmilcl/public_html/projects/pratap/system/CodeIgniter.php(825): App\Controllers\DashboardController->index()
#6 /home/linuxmilcl/public_html/projects/pratap/system/CodeIgniter.php(412): CodeIgniter\CodeIgniter->runController(Object(App\Controllers\DashboardController))
#7 /home/linuxmilcl/public_html/projects/pratap/system/CodeIgniter.php(320): CodeIgniter\CodeIgniter->handleRequest(NULL, Object(Config\Cache), false)
#8 /home/linuxmilcl/public_html/projects/pratap/index.php(38): CodeIgniter\CodeIgniter->run()
#9 {main}
CRITICAL - 2022-10-28 14:43:26 --> Undefined variable $pd_users_data
#0 /home/linuxmilcl/public_html/projects/pratap/app/Views/admin_user/pd_users/view_user.php(127): CodeIgniter\Debug\Exceptions->errorHandler(2, 'Undefined varia...', '/home/linuxmilc...', 127)
#1 /home/linuxmilcl/public_html/projects/pratap/system/View/View.php(210): include('/home/linuxmilc...')
#2 /home/linuxmilcl/public_html/projects/pratap/system/View/View.php(213): CodeIgniter\View\View->CodeIgniter\View\{closure}()
#3 /home/linuxmilcl/public_html/projects/pratap/system/Common.php(1089): CodeIgniter\View\View->render('admin_user/pd_u...', Array, true)
#4 /home/linuxmilcl/public_html/projects/pratap/app/Controllers/DashboardController.php(38): view('admin_user/pd_u...')
#5 /home/linuxmilcl/public_html/projects/pratap/system/CodeIgniter.php(825): App\Controllers\DashboardController->index()
#6 /home/linuxmilcl/public_html/projects/pratap/system/CodeIgniter.php(412): CodeIgniter\CodeIgniter->runController(Object(App\Controllers\DashboardController))
#7 /home/linuxmilcl/public_html/projects/pratap/system/CodeIgniter.php(320): CodeIgniter\CodeIgniter->handleRequest(NULL, Object(Config\Cache), false)
#8 /home/linuxmilcl/public_html/projects/pratap/index.php(38): CodeIgniter\CodeIgniter->run()
#9 {main}
CRITICAL - 2022-10-28 14:43:29 --> Undefined array key "password"
#0 /home/linuxmilcl/public_html/projects/pratap/app/Controllers/SigninController.php(73): CodeIgniter\Debug\Exceptions->errorHandler(2, 'Undefined array...', '/home/linuxmilc...', 73)
#1 /home/linuxmilcl/public_html/projects/pratap/system/CodeIgniter.php(825): App\Controllers\SigninController->loginAuth()
#2 /home/linuxmilcl/public_html/projects/pratap/system/CodeIgniter.php(412): CodeIgniter\CodeIgniter->runController(Object(App\Controllers\SigninController))
#3 /home/linuxmilcl/public_html/projects/pratap/system/CodeIgniter.php(320): CodeIgniter\CodeIgniter->handleRequest(NULL, Object(Config\Cache), false)
#4 /home/linuxmilcl/public_html/projects/pratap/index.php(38): CodeIgniter\CodeIgniter->run()
#5 {main}
CRITICAL - 2022-10-28 14:44:57 --> Undefined variable $pd_users_data
#0 /home/linuxmilcl/public_html/projects/pratap/app/Views/admin_user/pd_users/view_user.php(127): CodeIgniter\Debug\Exceptions->errorHandler(2, 'Undefined varia...', '/home/linuxmilc...', 127)
#1 /home/linuxmilcl/public_html/projects/pratap/system/View/View.php(210): include('/home/linuxmilc...')
#2 /home/linuxmilcl/public_html/projects/pratap/system/View/View.php(213): CodeIgniter\View\View->CodeIgniter\View\{closure}()
#3 /home/linuxmilcl/public_html/projects/pratap/system/Common.php(1089): CodeIgniter\View\View->render('admin_user/pd_u...', Array, true)
#4 /home/linuxmilcl/public_html/projects/pratap/app/Controllers/DashboardController.php(38): view('admin_user/pd_u...')
#5 /home/linuxmilcl/public_html/projects/pratap/system/CodeIgniter.php(825): App\Controllers\DashboardController->index()
#6 /home/linuxmilcl/public_html/projects/pratap/system/CodeIgniter.php(412): CodeIgniter\CodeIgniter->runController(Object(App\Controllers\DashboardController))
#7 /home/linuxmilcl/public_html/projects/pratap/system/CodeIgniter.php(320): CodeIgniter\CodeIgniter->handleRequest(NULL, Object(Config\Cache), false)
#8 /home/linuxmilcl/public_html/projects/pratap/index.php(38): CodeIgniter\CodeIgniter->run()
#9 {main}
CRITICAL - 2022-10-28 14:48:45 --> Undefined variable $pd_users_data
#0 /home/linuxmilcl/public_html/projects/pratap/app/Views/admin_user/pd_users/view_user.php(127): CodeIgniter\Debug\Exceptions->errorHandler(2, 'Undefined varia...', '/home/linuxmilc...', 127)
#1 /home/linuxmilcl/public_html/projects/pratap/system/View/View.php(210): include('/home/linuxmilc...')
#2 /home/linuxmilcl/public_html/projects/pratap/system/View/View.php(213): CodeIgniter\View\View->CodeIgniter\View\{closure}()
#3 /home/linuxmilcl/public_html/projects/pratap/system/Common.php(1089): CodeIgniter\View\View->render('admin_user/pd_u...', Array, true)
#4 /home/linuxmilcl/public_html/projects/pratap/app/Controllers/DashboardController.php(38): view('admin_user/pd_u...')
#5 /home/linuxmilcl/public_html/projects/pratap/system/CodeIgniter.php(825): App\Controllers\DashboardController->index()
#6 /home/linuxmilcl/public_html/projects/pratap/system/CodeIgniter.php(412): CodeIgniter\CodeIgniter->runController(Object(App\Controllers\DashboardController))
#7 /home/linuxmilcl/public_html/projects/pratap/system/CodeIgniter.php(320): CodeIgniter\CodeIgniter->handleRequest(NULL, Object(Config\Cache), false)
#8 /home/linuxmilcl/public_html/projects/pratap/index.php(38): CodeIgniter\CodeIgniter->run()
#9 {main}
CRITICAL - 2022-10-28 14:52:22 --> Undefined variable $pd_users_data
#0 /home/linuxmilcl/public_html/projects/pratap/app/Views/admin_user/pd_users/view_user.php(127): CodeIgniter\Debug\Exceptions->errorHandler(2, 'Undefined varia...', '/home/linuxmilc...', 127)
#1 /home/linuxmilcl/public_html/projects/pratap/system/View/View.php(210): include('/home/linuxmilc...')
#2 /home/linuxmilcl/public_html/projects/pratap/system/View/View.php(213): CodeIgniter\View\View->CodeIgniter\View\{closure}()
#3 /home/linuxmilcl/public_html/projects/pratap/system/Common.php(1089): CodeIgniter\View\View->render('admin_user/pd_u...', Array, true)
#4 /home/linuxmilcl/public_html/projects/pratap/app/Controllers/DashboardController.php(38): view('admin_user/pd_u...')
#5 /home/linuxmilcl/public_html/projects/pratap/system/CodeIgniter.php(825): App\Controllers\DashboardController->index()
#6 /home/linuxmilcl/public_html/projects/pratap/system/CodeIgniter.php(412): CodeIgniter\CodeIgniter->runController(Object(App\Controllers\DashboardController))
#7 /home/linuxmilcl/public_html/projects/pratap/system/CodeIgniter.php(320): CodeIgniter\CodeIgniter->handleRequest(NULL, Object(Config\Cache), false)
#8 /home/linuxmilcl/public_html/projects/pratap/index.php(38): CodeIgniter\CodeIgniter->run()
#9 {main}
CRITICAL - 2022-10-28 14:54:07 --> Undefined variable $pd_users_data
#0 /home/linuxmilcl/public_html/projects/pratap/app/Views/admin_user/pd_users/view_user.php(127): CodeIgniter\Debug\Exceptions->errorHandler(2, 'Undefined varia...', '/home/linuxmilc...', 127)
#1 /home/linuxmilcl/public_html/projects/pratap/system/View/View.php(210): include('/home/linuxmilc...')
#2 /home/linuxmilcl/public_html/projects/pratap/system/View/View.php(213): CodeIgniter\View\View->CodeIgniter\View\{closure}()
#3 /home/linuxmilcl/public_html/projects/pratap/system/Common.php(1089): CodeIgniter\View\View->render('admin_user/pd_u...', Array, true)
#4 /home/linuxmilcl/public_html/projects/pratap/app/Controllers/DashboardController.php(38): view('admin_user/pd_u...')
#5 /home/linuxmilcl/public_html/projects/pratap/system/CodeIgniter.php(825): App\Controllers\DashboardController->index()
#6 /home/linuxmilcl/public_html/projects/pratap/system/CodeIgniter.php(412): CodeIgniter\CodeIgniter->runController(Object(App\Controllers\DashboardController))
#7 /home/linuxmilcl/public_html/projects/pratap/system/CodeIgniter.php(320): CodeIgniter\CodeIgniter->handleRequest(NULL, Object(Config\Cache), false)
#8 /home/linuxmilcl/public_html/projects/pratap/index.php(38): CodeIgniter\CodeIgniter->run()
#9 {main}
CRITICAL - 2022-10-28 14:54:11 --> Undefined variable $pd_users_data
#0 /home/linuxmilcl/public_html/projects/pratap/app/Views/admin_user/pd_users/view_user.php(127): CodeIgniter\Debug\Exceptions->errorHandler(2, 'Undefined varia...', '/home/linuxmilc...', 127)
#1 /home/linuxmilcl/public_html/projects/pratap/system/View/View.php(210): include('/home/linuxmilc...')
#2 /home/linuxmilcl/public_html/projects/pratap/system/View/View.php(213): CodeIgniter\View\View->CodeIgniter\View\{closure}()
#3 /home/linuxmilcl/public_html/projects/pratap/system/Common.php(1089): CodeIgniter\View\View->render('admin_user/pd_u...', Array, true)
#4 /home/linuxmilcl/public_html/projects/pratap/app/Controllers/DashboardController.php(38): view('admin_user/pd_u...')
#5 /home/linuxmilcl/public_html/projects/pratap/system/CodeIgniter.php(825): App\Controllers\DashboardController->index()
#6 /home/linuxmilcl/public_html/projects/pratap/system/CodeIgniter.php(412): CodeIgniter\CodeIgniter->runController(Object(App\Controllers\DashboardController))
#7 /home/linuxmilcl/public_html/projects/pratap/system/CodeIgniter.php(320): CodeIgniter\CodeIgniter->handleRequest(NULL, Object(Config\Cache), false)
#8 /home/linuxmilcl/public_html/projects/pratap/index.php(38): CodeIgniter\CodeIgniter->run()
#9 {main}
CRITICAL - 2022-10-28 14:54:19 --> Undefined variable $pd_users_data
#0 /home/linuxmilcl/public_html/projects/pratap/app/Views/admin_user/pd_users/view_user.php(127): CodeIgniter\Debug\Exceptions->errorHandler(2, 'Undefined varia...', '/home/linuxmilc...', 127)
#1 /home/linuxmilcl/public_html/projects/pratap/system/View/View.php(210): include('/home/linuxmilc...')
#2 /home/linuxmilcl/public_html/projects/pratap/system/View/View.php(213): CodeIgniter\View\View->CodeIgniter\View\{closure}()
#3 /home/linuxmilcl/public_html/projects/pratap/system/Common.php(1089): CodeIgniter\View\View->render('admin_user/pd_u...', Array, true)
#4 /home/linuxmilcl/public_html/projects/pratap/app/Controllers/DashboardController.php(38): view('admin_user/pd_u...')
#5 /home/linuxmilcl/public_html/projects/pratap/system/CodeIgniter.php(825): App\Controllers\DashboardController->index()
#6 /home/linuxmilcl/public_html/projects/pratap/system/CodeIgniter.php(412): CodeIgniter\CodeIgniter->runController(Object(App\Controllers\DashboardController))
#7 /home/linuxmilcl/public_html/projects/pratap/system/CodeIgniter.php(320): CodeIgniter\CodeIgniter->handleRequest(NULL, Object(Config\Cache), false)
#8 /home/linuxmilcl/public_html/projects/pratap/index.php(38): CodeIgniter\CodeIgniter->run()
#9 {main}
