ERROR - 2022-09-06 14:15:44 --> Table 'linuxmilcl_pratap.testimonials' doesn't exist
CRITICAL - 2022-09-06 14:15:44 --> Call to a member function getResult() on bool
#0 /home/linuxmilcl/public_html/projects/pratap/system/BaseModel.php(584): CodeIgniter\Model->doFindAll(0, 0)
#1 /home/linuxmilcl/public_html/projects/pratap/app/Controllers/Frontend.php(29): CodeIgniter\BaseModel->findAll()
#2 /home/linuxmilcl/public_html/projects/pratap/system/CodeIgniter.php(825): App\Controllers\Frontend->index()
#3 /home/linuxmilcl/public_html/projects/pratap/system/CodeIgniter.php(412): CodeIgniter\CodeIgniter->runController(Object(App\Controllers\Frontend))
#4 /home/linuxmilcl/public_html/projects/pratap/system/CodeIgniter.php(320): CodeIgniter\CodeIgniter->handleRequest(NULL, Object(Config\Cache), false)
#5 /home/linuxmilcl/public_html/projects/pratap/index.php(38): CodeIgniter\CodeIgniter->run()
#6 {main}
ERROR - 2022-09-06 14:16:50 --> Table 'linuxmilcl_pratap.testimonials' doesn't exist
CRITICAL - 2022-09-06 14:16:50 --> Call to a member function getResult() on bool
#0 /home/linuxmilcl/public_html/projects/pratap/system/BaseModel.php(584): CodeIgniter\Model->doFindAll(0, 0)
#1 /home/linuxmilcl/public_html/projects/pratap/app/Controllers/Frontend.php(29): CodeIgniter\BaseModel->findAll()
#2 /home/linuxmilcl/public_html/projects/pratap/system/CodeIgniter.php(825): App\Controllers\Frontend->index()
#3 /home/linuxmilcl/public_html/projects/pratap/system/CodeIgniter.php(412): CodeIgniter\CodeIgniter->runController(Object(App\Controllers\Frontend))
#4 /home/linuxmilcl/public_html/projects/pratap/system/CodeIgniter.php(320): CodeIgniter\CodeIgniter->handleRequest(NULL, Object(Config\Cache), false)
#5 /home/linuxmilcl/public_html/projects/pratap/index.php(38): CodeIgniter\CodeIgniter->run()
#6 {main}
ERROR - 2022-09-06 14:17:44 --> Table 'linuxmilcl_pratap.testimonials' doesn't exist
CRITICAL - 2022-09-06 14:17:44 --> Call to a member function getResult() on bool
#0 /home/linuxmilcl/public_html/projects/pratap/system/BaseModel.php(584): CodeIgniter\Model->doFindAll(0, 0)
#1 /home/linuxmilcl/public_html/projects/pratap/app/Controllers/Frontend.php(29): CodeIgniter\BaseModel->findAll()
#2 /home/linuxmilcl/public_html/projects/pratap/system/CodeIgniter.php(825): App\Controllers\Frontend->index()
#3 /home/linuxmilcl/public_html/projects/pratap/system/CodeIgniter.php(412): CodeIgniter\CodeIgniter->runController(Object(App\Controllers\Frontend))
#4 /home/linuxmilcl/public_html/projects/pratap/system/CodeIgniter.php(320): CodeIgniter\CodeIgniter->handleRequest(NULL, Object(Config\Cache), false)
#5 /home/linuxmilcl/public_html/projects/pratap/index.php(38): CodeIgniter\CodeIgniter->run()
#6 {main}
ERROR - 2022-09-06 22:31:03 --> Table 'linuxmilcl_pratap.testimonials' doesn't exist
CRITICAL - 2022-09-06 22:31:03 --> Call to a member function getResult() on bool
#0 /home/linuxmilcl/public_html/projects/pratap/system/BaseModel.php(584): CodeIgniter\Model->doFindAll(0, 0)
#1 /home/linuxmilcl/public_html/projects/pratap/app/Controllers/Frontend.php(29): CodeIgniter\BaseModel->findAll()
#2 /home/linuxmilcl/public_html/projects/pratap/system/CodeIgniter.php(825): App\Controllers\Frontend->index()
#3 /home/linuxmilcl/public_html/projects/pratap/system/CodeIgniter.php(412): CodeIgniter\CodeIgniter->runController(Object(App\Controllers\Frontend))
#4 /home/linuxmilcl/public_html/projects/pratap/system/CodeIgniter.php(320): CodeIgniter\CodeIgniter->handleRequest(NULL, Object(Config\Cache), false)
#5 /home/linuxmilcl/public_html/projects/pratap/index.php(38): CodeIgniter\CodeIgniter->run()
#6 {main}
ERROR - 2022-09-06 23:01:38 --> Table 'linuxmilcl_pratap.testimonials' doesn't exist
CRITICAL - 2022-09-06 23:01:38 --> Call to a member function getResult() on bool
#0 /home/linuxmilcl/public_html/projects/pratap/system/BaseModel.php(584): CodeIgniter\Model->doFindAll(0, 0)
#1 /home/linuxmilcl/public_html/projects/pratap/app/Controllers/Frontend.php(29): CodeIgniter\BaseModel->findAll()
#2 /home/linuxmilcl/public_html/projects/pratap/system/CodeIgniter.php(825): App\Controllers\Frontend->index()
#3 /home/linuxmilcl/public_html/projects/pratap/system/CodeIgniter.php(412): CodeIgniter\CodeIgniter->runController(Object(App\Controllers\Frontend))
#4 /home/linuxmilcl/public_html/projects/pratap/system/CodeIgniter.php(320): CodeIgniter\CodeIgniter->handleRequest(NULL, Object(Config\Cache), false)
#5 /home/linuxmilcl/public_html/projects/pratap/index.php(38): CodeIgniter\CodeIgniter->run()
#6 {main}
